Start optimization.
start listen on 10.110.42.38:9091
@tracker All of 4 nodes getting started
@tracker All nodes finishes job
@tracker 430.64544200897217 secs between node start and job finish
Trial 8 finished with value: 0.92510125 and parameters: {'objective': 'multi:softprob', 'num_class': 6, 'tree_method': 'gpu_hist', 'lambda': 0.038191381005930884, 'alpha': 0.05062446210568234, 'colsample_bytree': 0.5437952662902598, 'subsample': 0.8743947028834211, 'learning_rate': 0.0011200861348258397, 'max_depth': 11, 'min_child_weight': 4, 'eval_metric': 'mlogloss'}. Best is trial 1 with value: 0.9618475.
start listen on 10.110.42.38:9091
@tracker All of 4 nodes getting started
@tracker All nodes finishes job
@tracker 294.57973527908325 secs between node start and job finish
Trial 9 finished with value: 0.96132125 and parameters: {'objective': 'multi:softprob', 'num_class': 6, 'tree_method': 'gpu_hist', 'lambda': 0.0026971738191549593, 'alpha': 0.47571599706692574, 'colsample_bytree': 0.6150777754004519, 'subsample': 0.8999043267794977, 'learning_rate': 0.019011138618420513, 'max_depth': 20, 'min_child_weight': 145, 'eval_metric': 'mlogloss'}. Best is trial 1 with value: 0.9618475.
start listen on 10.110.42.38:9091
@tracker All of 4 nodes getting started
@tracker All nodes finishes job
@tracker 33.02612519264221 secs between node start and job finish
Trial 10 finished with value: 0.9490625 and parameters: {'objective': 'multi:softprob', 'num_class': 6, 'tree_method': 'gpu_hist', 'lambda': 0.0022232043841404064, 'alpha': 0.004088513646931925, 'colsample_bytree': 0.624733937826449, 'subsample': 0.9471920785131612, 'learning_rate': 0.013767419301578519, 'max_depth': 5, 'min_child_weight': 74, 'eval_metric': 'mlogloss'}. Best is trial 1 with value: 0.9618475.
start listen on 10.110.42.38:9091
@tracker All of 4 nodes getting started
@tracker All nodes finishes job
@tracker 64.9282112121582 secs between node start and job finish
Trial 11 finished with value: 0.96043375 and parameters: {'objective': 'multi:softprob', 'num_class': 6, 'tree_method': 'gpu_hist', 'lambda': 0.43203411762197064, 'alpha': 7.0015976510767235, 'colsample_bytree': 0.9935713732117746, 'subsample': 0.4792196918795575, 'learning_rate': 0.028892632480935408, 'max_depth': 13, 'min_child_weight': 280, 'eval_metric': 'mlogloss'}. Best is trial 1 with value: 0.9618475.
start listen on 10.110.42.38:9091
@tracker All of 4 nodes getting started
@tracker All nodes finishes job
@tracker 112.53974914550781 secs between node start and job finish
Trial 12 finished with value: 0.96151375 and parameters: {'objective': 'multi:softprob', 'num_class': 6, 'tree_method': 'gpu_hist', 'lambda': 0.0010685897010474048, 'alpha': 0.6788538043065628, 'colsample_bytree': 0.8329932419236243, 'subsample': 0.4260696218051805, 'learning_rate': 0.03802093229753771, 'max_depth': 13, 'min_child_weight': 72, 'eval_metric': 'mlogloss'}. Best is trial 1 with value: 0.9618475.
start listen on 10.110.42.38:9091
@tracker All of 4 nodes getting started
@tracker All nodes finishes job
@tracker 99.20900368690491 secs between node start and job finish
Trial 13 finished with value: 0.96139 and parameters: {'objective': 'multi:softprob', 'num_class': 6, 'tree_method': 'gpu_hist', 'lambda': 0.001015468159144359, 'alpha': 1.2494598010369709, 'colsample_bytree': 0.9644561025708218, 'subsample': 0.40507241033836616, 'learning_rate': 0.0339272184473748, 'max_depth': 13, 'min_child_weight': 87, 'eval_metric': 'mlogloss'}. Best is trial 1 with value: 0.9618475.
start listen on 10.110.42.38:9091
@tracker All of 4 nodes getting started
@tracker All nodes finishes job
@tracker 118.36125707626343 secs between node start and job finish
Trial 14 finished with value: 0.96175375 and parameters: {'objective': 'multi:softprob', 'num_class': 6, 'tree_method': 'gpu_hist', 'lambda': 0.0010258474305298525, 'alpha': 0.7527340347822574, 'colsample_bytree': 0.8436981731053387, 'subsample': 0.6618203491787799, 'learning_rate': 0.03604827493394751, 'max_depth': 13, 'min_child_weight': 95, 'eval_metric': 'mlogloss'}. Best is trial 1 with value: 0.9618475.
start listen on 10.110.42.38:9091
@tracker All of 4 nodes getting started
@tracker All nodes finishes job
@tracker 47.18891477584839 secs between node start and job finish
Trial 15 finished with value: 0.95297875 and parameters: {'objective': 'multi:softprob', 'num_class': 6, 'tree_method': 'gpu_hist', 'lambda': 0.017413689114912093, 'alpha': 5.1956810007991265, 'colsample_bytree': 0.8795835324824081, 'subsample': 0.6843490496113975, 'learning_rate': 0.008494683152679679, 'max_depth': 7, 'min_child_weight': 117, 'eval_metric': 'mlogloss'}. Best is trial 1 with value: 0.9618475.
start listen on 10.110.42.38:9091
@tracker All of 4 nodes getting started
@tracker All nodes finishes job
@tracker 491.6442003250122 secs between node start and job finish
Trial 16 finished with value: 0.95365125 and parameters: {'objective': 'multi:softprob', 'num_class': 6, 'tree_method': 'gpu_hist', 'lambda': 1.8871754609825055, 'alpha': 0.1581804230609472, 'colsample_bytree': 0.713557930645529, 'subsample': 0.6152861131608574, 'learning_rate': 0.0028385576923282796, 'max_depth': 15, 'min_child_weight': 38, 'eval_metric': 'mlogloss'}. Best is trial 1 with value: 0.9618475.
start listen on 10.110.42.38:9091
@tracker All of 4 nodes getting started
@tracker All nodes finishes job
@tracker 111.57932186126709 secs between node start and job finish
Trial 17 finished with value: 0.9617875 and parameters: {'objective': 'multi:softprob', 'num_class': 6, 'tree_method': 'gpu_hist', 'lambda': 0.06568283184062171, 'alpha': 2.34411195572544, 'colsample_bytree': 0.9146158285355763, 'subsample': 0.7988319155251338, 'learning_rate': 0.045637400019525494, 'max_depth': 13, 'min_child_weight': 112, 'eval_metric': 'mlogloss'}. Best is trial 1 with value: 0.9618475.
start listen on 10.110.42.38:9091
@tracker All of 4 nodes getting started
@tracker All nodes finishes job
@tracker 89.84269857406616 secs between node start and job finish
Trial 18 finished with value: 0.96050625 and parameters: {'objective': 'multi:softprob', 'num_class': 6, 'tree_method': 'gpu_hist', 'lambda': 0.7230943818304914, 'alpha': 0.0010170147144059332, 'colsample_bytree': 0.9215182146838713, 'subsample': 0.7691269423164462, 'learning_rate': 0.019217217474033852, 'max_depth': 13, 'min_child_weight': 288, 'eval_metric': 'mlogloss'}. Best is trial 1 with value: 0.9618475.
start listen on 10.110.42.38:9091
@tracker All of 4 nodes getting started
@tracker All nodes finishes job
@tracker 96.34981393814087 secs between node start and job finish
Trial 19 finished with value: 0.96166875 and parameters: {'objective': 'multi:softprob', 'num_class': 6, 'tree_method': 'gpu_hist', 'lambda': 0.11859788867556718, 'alpha': 2.4057309779957516, 'colsample_bytree': 0.7172306397949949, 'subsample': 0.7779165741793453, 'learning_rate': 0.05045514724031027, 'max_depth': 15, 'min_child_weight': 234, 'eval_metric': 'mlogloss'}. Best is trial 1 with value: 0.9618475.
start listen on 10.110.42.38:9091
@tracker All of 4 nodes getting started
@tracker All nodes finishes job
@tracker 49.075711488723755 secs between node start and job finish
Trial 20 finished with value: 0.95837125 and parameters: {'objective': 'multi:softprob', 'num_class': 6, 'tree_method': 'gpu_hist', 'lambda': 0.0603566283725928, 'alpha': 0.013202921617301017, 'colsample_bytree': 0.9018834976423802, 'subsample': 0.7814655336915273, 'learning_rate': 0.017546363728531467, 'max_depth': 7, 'min_child_weight': 124, 'eval_metric': 'mlogloss'}. Best is trial 1 with value: 0.9618475.
start listen on 10.110.42.38:9091
@tracker All of 4 nodes getting started
@tracker All nodes finishes job
@tracker 174.62229681015015 secs between node start and job finish
Trial 21 finished with value: 0.9467825 and parameters: {'objective': 'multi:softprob', 'num_class': 6, 'tree_method': 'gpu_hist', 'lambda': 0.010550232460372748, 'alpha': 0.289552035576114, 'colsample_bytree': 0.3050102647178813, 'subsample': 0.8236873027709652, 'learning_rate': 0.011919442193677255, 'max_depth': 11, 'min_child_weight': 40, 'eval_metric': 'mlogloss'}. Best is trial 1 with value: 0.9618475.
start listen on 10.110.42.38:9091
@tracker All of 4 nodes getting started
@tracker All nodes finishes job
@tracker 106.64085221290588 secs between node start and job finish
Trial 22 finished with value: 0.96157625 and parameters: {'objective': 'multi:softprob', 'num_class': 6, 'tree_method': 'gpu_hist', 'lambda': 0.0029961401909264136, 'alpha': 2.898416696617736, 'colsample_bytree': 0.8557446357723025, 'subsample': 0.6489895634215886, 'learning_rate': 0.05214709562257083, 'max_depth': 13, 'min_child_weight': 109, 'eval_metric': 'mlogloss'}. Best is trial 1 with value: 0.9618475.
start listen on 10.110.42.38:9091
@tracker All of 4 nodes getting started
@tracker All nodes finishes job
@tracker 111.2035140991211 secs between node start and job finish
Trial 23 finished with value: 0.9615375 and parameters: {'objective': 'multi:softprob', 'num_class': 6, 'tree_method': 'gpu_hist', 'lambda': 8.180400928500983, 'alpha': 1.2326373704329028, 'colsample_bytree': 0.9369354982531612, 'subsample': 0.5942875328935187, 'learning_rate': 0.028080361001036645, 'max_depth': 13, 'min_child_weight': 95, 'eval_metric': 'mlogloss'}. Best is trial 1 with value: 0.9618475.
start listen on 10.110.42.38:9091
@tracker All of 4 nodes getting started
@tracker All nodes finishes job
@tracker 88.0010278224945 secs between node start and job finish
Trial 24 finished with value: 0.96140125 and parameters: {'objective': 'multi:softprob', 'num_class': 6, 'tree_method': 'gpu_hist', 'lambda': 0.00532623796235146, 'alpha': 0.043760397028960105, 'colsample_bytree': 0.7534177951809515, 'subsample': 0.49816316368992175, 'learning_rate': 0.04418499349840331, 'max_depth': 13, 'min_child_weight': 147, 'eval_metric': 'mlogloss'}. Best is trial 1 with value: 0.9618475.
start listen on 10.110.42.38:9091
@tracker All of 4 nodes getting started
@tracker All nodes finishes job
@tracker 78.80932974815369 secs between node start and job finish
Trial 25 finished with value: 0.961435 and parameters: {'objective': 'multi:softprob', 'num_class': 6, 'tree_method': 'gpu_hist', 'lambda': 0.0010592808555125054, 'alpha': 0.30850468449004065, 'colsample_bytree': 0.8408906867153864, 'subsample': 0.7435547409498282, 'learning_rate': 0.027311380017375327, 'max_depth': 9, 'min_child_weight': 52, 'eval_metric': 'mlogloss'}. Best is trial 1 with value: 0.9618475.
start listen on 10.110.42.38:9091
@tracker All of 4 nodes getting started
@tracker All nodes finishes job
@tracker 21.490784883499146 secs between node start and job finish
Trial 26 finished with value: 0.95355125 and parameters: {'objective': 'multi:softprob', 'num_class': 6, 'tree_method': 'gpu_hist', 'lambda': 0.01804754007279991, 'alpha': 1.206639688021768, 'colsample_bytree': 0.9976525988993113, 'subsample': 0.836152532797472, 'learning_rate': 0.05680029506104426, 'max_depth': 3, 'min_child_weight': 18, 'eval_metric': 'mlogloss'}. Best is trial 1 with value: 0.9618475.
start listen on 10.110.42.38:9091
@tracker All of 4 nodes getting started
@tracker All nodes finishes job
@tracker 92.43302869796753 secs between node start and job finish
Trial 27 finished with value: 0.96154125 and parameters: {'objective': 'multi:softprob', 'num_class': 6, 'tree_method': 'gpu_hist', 'lambda': 0.1072199785118476, 'alpha': 8.906092408744598, 'colsample_bytree': 0.6771576603537467, 'subsample': 0.7287328933934079, 'learning_rate': 0.09834820145094599, 'max_depth': 13, 'min_child_weight': 175, 'eval_metric': 'mlogloss'}. Best is trial 1 with value: 0.9618475.
start listen on 10.110.42.38:9091
@tracker All of 4 nodes getting started
@tracker All nodes finishes job
@tracker 136.82417464256287 secs between node start and job finish
Trial 28 finished with value: 0.9614775 and parameters: {'objective': 'multi:softprob', 'num_class': 6, 'tree_method': 'gpu_hist', 'lambda': 1.101969879340625, 'alpha': 0.02078068595280146, 'colsample_bytree': 0.8045635332274919, 'subsample': 0.4738871168099546, 'learning_rate': 0.022475859778989055, 'max_depth': 13, 'min_child_weight': 67, 'eval_metric': 'mlogloss'}. Best is trial 1 with value: 0.9618475.
start listen on 10.110.42.38:9091
@tracker All of 4 nodes getting started
@tracker All nodes finishes job
@tracker 109.90410161018372 secs between node start and job finish
Trial 29 finished with value: 0.961575 and parameters: {'objective': 'multi:softprob', 'num_class': 6, 'tree_method': 'gpu_hist', 'lambda': 0.2559158734168961, 'alpha': 3.143118115145711, 'colsample_bytree': 0.9256333094919575, 'subsample': 0.6348334651602364, 'learning_rate': 0.03855302083495827, 'max_depth': 13, 'min_child_weight': 99, 'eval_metric': 'mlogloss'}. Best is trial 1 with value: 0.9618475.
start listen on 10.110.42.38:9091
@tracker All of 4 nodes getting started
@tracker All nodes finishes job
@tracker 260.2492389678955 secs between node start and job finish
Trial 30 finished with value: 0.92521625 and parameters: {'objective': 'multi:softprob', 'num_class': 6, 'tree_method': 'gpu_hist', 'lambda': 0.0019801083685399954, 'alpha': 0.21553572213861275, 'colsample_bytree': 0.41482011958537646, 'subsample': 0.5720690194695824, 'learning_rate': 0.0033587631041717353, 'max_depth': 17, 'min_child_weight': 195, 'eval_metric': 'mlogloss'}. Best is trial 1 with value: 0.9618475.
start listen on 10.110.42.38:9091
@tracker All of 4 nodes getting started
@tracker All nodes finishes job
@tracker 123.90739274024963 secs between node start and job finish
Trial 31 finished with value: 0.959375 and parameters: {'objective': 'multi:softprob', 'num_class': 6, 'tree_method': 'gpu_hist', 'lambda': 3.74276906700934, 'alpha': 0.002051992354074427, 'colsample_bytree': 0.8759429759052796, 'subsample': 0.5293132170829951, 'learning_rate': 0.010465470285652003, 'max_depth': 13, 'min_child_weight': 139, 'eval_metric': 'mlogloss'}. Best is trial 1 with value: 0.9618475.
start listen on 10.110.42.38:9091
@tracker All of 4 nodes getting started
@tracker All nodes finishes job
@tracker 89.44741487503052 secs between node start and job finish
Trial 32 finished with value: 0.961565 and parameters: {'objective': 'multi:softprob', 'num_class': 6, 'tree_method': 'gpu_hist', 'lambda': 0.1292588423963953, 'alpha': 2.2901680610976967, 'colsample_bytree': 0.7129935971725193, 'subsample': 0.828218097579639, 'learning_rate': 0.05795372296071596, 'max_depth': 15, 'min_child_weight': 266, 'eval_metric': 'mlogloss'}. Best is trial 1 with value: 0.9618475.
start listen on 10.110.42.38:9091
@tracker All of 4 nodes getting started
@tracker All nodes finishes job
@tracker 98.67552208900452 secs between node start and job finish
Trial 33 finished with value: 0.96151125 and parameters: {'objective': 'multi:softprob', 'num_class': 6, 'tree_method': 'gpu_hist', 'lambda': 0.05712915701824594, 'alpha': 0.8675083525904436, 'colsample_bytree': 0.746259348148561, 'subsample': 0.7850007477419068, 'learning_rate': 0.044949364736333666, 'max_depth': 15, 'min_child_weight': 231, 'eval_metric': 'mlogloss'}. Best is trial 1 with value: 0.9618475.
start listen on 10.110.42.38:9091
@tracker All of 4 nodes getting started
@tracker All nodes finishes job
@tracker 135.80734181404114 secs between node start and job finish
Trial 34 finished with value: 0.9576725 and parameters: {'objective': 'multi:softprob', 'num_class': 6, 'tree_method': 'gpu_hist', 'lambda': 0.33243305608403667, 'alpha': 4.321863012365965, 'colsample_bytree': 0.831950604866363, 'subsample': 0.7209864685600045, 'learning_rate': 0.007018920527185683, 'max_depth': 15, 'min_child_weight': 234, 'eval_metric': 'mlogloss'}. Best is trial 1 with value: 0.9618475.
start listen on 10.110.42.38:9091
@tracker All of 4 nodes getting started
@tracker All nodes finishes job
@tracker 20.317864656448364 secs between node start and job finish
Trial 35 finished with value: 0.95351125 and parameters: {'objective': 'multi:softprob', 'num_class': 6, 'tree_method': 'gpu_hist', 'lambda': 0.0046620195669697245, 'alpha': 1.8812702405502186, 'colsample_bytree': 0.7789736407755812, 'subsample': 0.6758798571628319, 'learning_rate': 0.07117676803134927, 'max_depth': 3, 'min_child_weight': 213, 'eval_metric': 'mlogloss'}. Best is trial 1 with value: 0.9618475.
start listen on 10.110.42.38:9091
@tracker All of 4 nodes getting started
@tracker All nodes finishes job
@tracker 195.56532406806946 secs between node start and job finish
Trial 36 finished with value: 0.96183375 and parameters: {'objective': 'multi:softprob', 'num_class': 6, 'tree_method': 'gpu_hist', 'lambda': 0.1601327648562743, 'alpha': 1.8006958008672065, 'colsample_bytree': 0.6870067125680749, 'subsample': 0.8087261786633421, 'learning_rate': 0.047857488523804066, 'max_depth': 20, 'min_child_weight': 162, 'eval_metric': 'mlogloss'}. Best is trial 1 with value: 0.9618475.
start listen on 10.110.42.38:9091
@tracker All of 4 nodes getting started
@tracker All nodes finishes job
@tracker 264.96020674705505 secs between node start and job finish
Trial 37 finished with value: 0.96123625 and parameters: {'objective': 'multi:softprob', 'num_class': 6, 'tree_method': 'gpu_hist', 'lambda': 0.01622482846689876, 'alpha': 0.5432678318409311, 'colsample_bytree': 0.5470574322956372, 'subsample': 0.9971902232262762, 'learning_rate': 0.023707815930104573, 'max_depth': 20, 'min_child_weight': 178, 'eval_metric': 'mlogloss'}. Best is trial 1 with value: 0.9618475.
start listen on 10.110.42.38:9091
@tracker All of 4 nodes getting started
@tracker All nodes finishes job
@tracker 177.84899854660034 secs between node start and job finish
Trial 38 finished with value: 0.96172125 and parameters: {'objective': 'multi:softprob', 'num_class': 6, 'tree_method': 'gpu_hist', 'lambda': 0.031677379348448456, 'alpha': 0.3817962506379313, 'colsample_bytree': 0.9513782695031017, 'subsample': 0.8571408039675764, 'learning_rate': 0.07664990052806625, 'max_depth': 20, 'min_child_weight': 159, 'eval_metric': 'mlogloss'}. Best is trial 1 with value: 0.9618475.
start listen on 10.110.42.38:9091
@tracker All of 4 nodes getting started
@tracker All nodes finishes job
@tracker 367.6013720035553 secs between node start and job finish
Trial 39 finished with value: 0.96124125 and parameters: {'objective': 'multi:softprob', 'num_class': 6, 'tree_method': 'gpu_hist', 'lambda': 0.008033360710367275, 'alpha': 0.06921331935020893, 'colsample_bytree': 0.6589783955197255, 'subsample': 0.924864888087698, 'learning_rate': 0.015159180615778018, 'max_depth': 20, 'min_child_weight': 126, 'eval_metric': 'mlogloss'}. Best is trial 1 with value: 0.9618475.
start listen on 10.110.42.38:9091
@tracker All of 4 nodes getting started
@tracker All nodes finishes job
@tracker 100.80363035202026 secs between node start and job finish
Trial 40 finished with value: 0.96164125 and parameters: {'objective': 'multi:softprob', 'num_class': 6, 'tree_method': 'gpu_hist', 'lambda': 0.0015994091600924861, 'alpha': 0.1259626852870396, 'colsample_bytree': 0.6005603308227054, 'subsample': 0.8005423557035622, 'learning_rate': 0.03413353552505703, 'max_depth': 9, 'min_child_weight': 18, 'eval_metric': 'mlogloss'}. Best is trial 1 with value: 0.9618475.
start listen on 10.110.42.38:9091
@tracker All of 4 nodes getting started
@tracker All nodes finishes job
@tracker 28.270190954208374 secs between node start and job finish
Trial 41 finished with value: 0.9593125 and parameters: {'objective': 'multi:softprob', 'num_class': 6, 'tree_method': 'gpu_hist', 'lambda': 0.17105781025706313, 'alpha': 4.862488108746994, 'colsample_bytree': 0.8067863722653821, 'subsample': 0.6584902375075044, 'learning_rate': 0.0646476700231842, 'max_depth': 5, 'min_child_weight': 165, 'eval_metric': 'mlogloss'}. Best is trial 1 with value: 0.9618475.
start listen on 10.110.42.38:9091
@tracker All of 4 nodes getting started
@tracker All nodes finishes job
@tracker 156.42995071411133 secs between node start and job finish
Trial 42 finished with value: 0.9616225 and parameters: {'objective': 'multi:softprob', 'num_class': 6, 'tree_method': 'gpu_hist', 'lambda': 0.06155522348220086, 'alpha': 0.3139602932995065, 'colsample_bytree': 0.9652682698673821, 'subsample': 0.8597480779554217, 'learning_rate': 0.08259281593557115, 'max_depth': 20, 'min_child_weight': 203, 'eval_metric': 'mlogloss'}. Best is trial 1 with value: 0.9618475.
start listen on 10.110.42.38:9091
@tracker All of 4 nodes getting started
@tracker All nodes finishes job
@tracker 177.18163394927979 secs between node start and job finish
Trial 43 finished with value: 0.9614625 and parameters: {'objective': 'multi:softprob', 'num_class': 6, 'tree_method': 'gpu_hist', 'lambda': 0.024628799322399607, 'alpha': 0.7849668722544915, 'colsample_bytree': 0.8861463516376136, 'subsample': 0.8597890340853888, 'learning_rate': 0.0999895557209744, 'max_depth': 20, 'min_child_weight': 156, 'eval_metric': 'mlogloss'}. Best is trial 1 with value: 0.9618475.
start listen on 10.110.42.38:9091
@tracker All of 4 nodes getting started
@tracker All nodes finishes job
@tracker 202.66317057609558 secs between node start and job finish
Trial 44 finished with value: 0.96173375 and parameters: {'objective': 'multi:softprob', 'num_class': 6, 'tree_method': 'gpu_hist', 'lambda': 0.03825413486815833, 'alpha': 1.593154620325143, 'colsample_bytree': 0.9645301149419643, 'subsample': 0.9108658086536937, 'learning_rate': 0.07598993934904845, 'max_depth': 20, 'min_child_weight': 131, 'eval_metric': 'mlogloss'}. Best is trial 1 with value: 0.9618475.
start listen on 10.110.42.38:9091
@tracker All of 4 nodes getting started
@tracker All nodes finishes job
@tracker 153.67526483535767 secs between node start and job finish
