Trial 45 finished with value: 0.96180625 and parameters: {'objective': 'multi:softprob', 'num_class': 6, 'tree_method': 'gpu_hist', 'lambda': 0.5830692883481172, 'alpha': 0.0020275946925316923, 'colsample_bytree': 0.9161000616558603, 'subsample': 0.9659376776380331, 'learning_rate': 0.043458690177657806, 'max_depth': 17, 'min_child_weight': 135, 'eval_metric': 'mlogloss'}. Best is trial 1 with value: 0.9618475.
start listen on 10.110.42.38:9091
@tracker All of 4 nodes getting started
@tracker All nodes finishes job
@tracker 246.84812879562378 secs between node start and job finish
Trial 46 finished with value: 0.9614925 and parameters: {'objective': 'multi:softprob', 'num_class': 6, 'tree_method': 'gpu_hist', 'lambda': 0.6130760522855181, 'alpha': 0.0028440804694724745, 'colsample_bytree': 0.44081089100198206, 'subsample': 0.9550956786581304, 'learning_rate': 0.039212470661077005, 'max_depth': 17, 'min_child_weight': 104, 'eval_metric': 'mlogloss'}. Best is trial 1 with value: 0.9618475.
start listen on 10.110.42.38:9091
@tracker All of 4 nodes getting started
@tracker All nodes finishes job
@tracker 191.57640147209167 secs between node start and job finish
Trial 47 finished with value: 0.96186625 and parameters: {'objective': 'multi:softprob', 'num_class': 6, 'tree_method': 'gpu_hist', 'lambda': 1.2824073597706303, 'alpha': 0.0017118871566921782, 'colsample_bytree': 0.9073157391816552, 'subsample': 0.7488156002802726, 'learning_rate': 0.03145737431462082, 'max_depth': 17, 'min_child_weight': 87, 'eval_metric': 'mlogloss'}. Best is trial 47 with value: 0.96186625.
start listen on 10.110.42.38:9091
@tracker All of 4 nodes getting started
@tracker All nodes finishes job
@tracker 485.8516855239868 secs between node start and job finish
Trial 48 finished with value: 0.95106625 and parameters: {'objective': 'multi:softprob', 'num_class': 6, 'tree_method': 'gpu_hist', 'lambda': 1.121988913064148, 'alpha': 0.0017452032393967206, 'colsample_bytree': 0.9166524767901106, 'subsample': 0.7443766011264809, 'learning_rate': 0.0014976924990883261, 'max_depth': 17, 'min_child_weight': 83, 'eval_metric': 'mlogloss'}. Best is trial 47 with value: 0.96186625.
start listen on 10.110.42.38:9091
@tracker All of 4 nodes getting started
@tracker All nodes finishes job
@tracker 225.05682802200317 secs between node start and job finish
Trial 49 finished with value: 0.96184625 and parameters: {'objective': 'multi:softprob', 'num_class': 6, 'tree_method': 'gpu_hist', 'lambda': 1.4235555656128118, 'alpha': 0.006215543071833973, 'colsample_bytree': 0.8784309574354628, 'subsample': 0.7117031472708278, 'learning_rate': 0.029975309608450018, 'max_depth': 17, 'min_child_weight': 66, 'eval_metric': 'mlogloss'}. Best is trial 47 with value: 0.96186625.
start listen on 10.110.42.38:9091
@tracker All of 4 nodes getting started
@tracker All nodes finishes job
@tracker 251.70653104782104 secs between node start and job finish
Trial 50 finished with value: 0.96193375 and parameters: {'objective': 'multi:softprob', 'num_class': 6, 'tree_method': 'gpu_hist', 'lambda': 1.5143319830170905, 'alpha': 0.006013245412991147, 'colsample_bytree': 0.8698326015539021, 'subsample': 0.7181986777668882, 'learning_rate': 0.030577004978762336, 'max_depth': 17, 'min_child_weight': 54, 'eval_metric': 'mlogloss'}. Best is trial 50 with value: 0.96193375.
start listen on 10.110.42.38:9091
@tracker All of 4 nodes getting started
@tracker All nodes finishes job
@tracker 270.49698972702026 secs between node start and job finish
Trial 51 finished with value: 0.96191375 and parameters: {'objective': 'multi:softprob', 'num_class': 6, 'tree_method': 'gpu_hist', 'lambda': 2.685771308045721, 'alpha': 0.007468704336243512, 'colsample_bytree': 0.8675256853947948, 'subsample': 0.7107780071522062, 'learning_rate': 0.022847004180600983, 'max_depth': 17, 'min_child_weight': 52, 'eval_metric': 'mlogloss'}. Best is trial 50 with value: 0.96193375.
start listen on 10.110.42.38:9091
@tracker All of 4 nodes getting started
@tracker All nodes finishes job
@tracker 253.86952900886536 secs between node start and job finish
Trial 52 finished with value: 0.96187375 and parameters: {'objective': 'multi:softprob', 'num_class': 6, 'tree_method': 'gpu_hist', 'lambda': 2.8486599175768714, 'alpha': 0.005808640338054633, 'colsample_bytree': 0.8692796348642485, 'subsample': 0.7022603203508138, 'learning_rate': 0.023111448183585466, 'max_depth': 17, 'min_child_weight': 57, 'eval_metric': 'mlogloss'}. Best is trial 50 with value: 0.96193375.
start listen on 10.110.42.38:9091
@tracker All of 4 nodes getting started
@tracker All nodes finishes job
@tracker 252.3053891658783 secs between node start and job finish
Trial 53 finished with value: 0.9619325 and parameters: {'objective': 'multi:softprob', 'num_class': 6, 'tree_method': 'gpu_hist', 'lambda': 2.697181449330761, 'alpha': 0.006777644255674221, 'colsample_bytree': 0.8693132618253779, 'subsample': 0.7086928056436335, 'learning_rate': 0.02320484737829891, 'max_depth': 17, 'min_child_weight': 58, 'eval_metric': 'mlogloss'}. Best is trial 50 with value: 0.96193375.
start listen on 10.110.42.38:9091
@tracker All of 4 nodes getting started
@tracker All nodes finishes job
@tracker 378.752685546875 secs between node start and job finish
Trial 54 finished with value: 0.9619925 and parameters: {'objective': 'multi:softprob', 'num_class': 6, 'tree_method': 'gpu_hist', 'lambda': 2.940277960700519, 'alpha': 0.007609457975584565, 'colsample_bytree': 0.8160278370924182, 'subsample': 0.693223328692193, 'learning_rate': 0.02257178510488173, 'max_depth': 17, 'min_child_weight': 30, 'eval_metric': 'mlogloss'}. Best is trial 54 with value: 0.9619925.
start listen on 10.110.42.38:9091
@tracker All of 4 nodes getting started
@tracker All nodes finishes job
@tracker 279.0869617462158 secs between node start and job finish
Trial 55 finished with value: 0.9618925 and parameters: {'objective': 'multi:softprob', 'num_class': 6, 'tree_method': 'gpu_hist', 'lambda': 2.8635722819333664, 'alpha': 0.010137954372183823, 'colsample_bytree': 0.823833272608218, 'subsample': 0.6901599386654832, 'learning_rate': 0.02126115534416013, 'max_depth': 17, 'min_child_weight': 53, 'eval_metric': 'mlogloss'}. Best is trial 54 with value: 0.9619925.
start listen on 10.110.42.38:9091
@tracker All of 4 nodes getting started
@tracker All nodes finishes job
@tracker 372.8588876724243 secs between node start and job finish
Trial 56 finished with value: 0.96194125 and parameters: {'objective': 'multi:softprob', 'num_class': 6, 'tree_method': 'gpu_hist', 'lambda': 3.77102236784429, 'alpha': 0.010821530827129531, 'colsample_bytree': 0.8107462539162887, 'subsample': 0.6831033872528007, 'learning_rate': 0.021894181131522226, 'max_depth': 17, 'min_child_weight': 30, 'eval_metric': 'mlogloss'}. Best is trial 54 with value: 0.9619925.
start listen on 10.110.42.38:9091
@tracker All of 4 nodes getting started
@tracker All nodes finishes job
@tracker 363.17630195617676 secs between node start and job finish
Trial 57 finished with value: 0.96187625 and parameters: {'objective': 'multi:softprob', 'num_class': 6, 'tree_method': 'gpu_hist', 'lambda': 6.973871613205054, 'alpha': 0.012396340662127492, 'colsample_bytree': 0.8116266993776502, 'subsample': 0.6259675577422811, 'learning_rate': 0.01592318435570348, 'max_depth': 17, 'min_child_weight': 31, 'eval_metric': 'mlogloss'}. Best is trial 54 with value: 0.9619925.
start listen on 10.110.42.38:9091
@tracker All of 4 nodes getting started
@tracker All nodes finishes job
@tracker 494.17603516578674 secs between node start and job finish
Trial 58 finished with value: 0.96160875 and parameters: {'objective': 'multi:softprob', 'num_class': 6, 'tree_method': 'gpu_hist', 'lambda': 5.427410324761683, 'alpha': 0.01984586568845957, 'colsample_bytree': 0.7468739343149677, 'subsample': 0.6860490192404975, 'learning_rate': 0.012118061129664568, 'max_depth': 17, 'min_child_weight': 26, 'eval_metric': 'mlogloss'}. Best is trial 54 with value: 0.9619925.
start listen on 10.110.42.38:9091
@tracker All of 4 nodes getting started
@tracker All nodes finishes job
@tracker 849.7357416152954 secs between node start and job finish
Trial 59 finished with value: 0.96195625 and parameters: {'objective': 'multi:softprob', 'num_class': 6, 'tree_method': 'gpu_hist', 'lambda': 2.3794417932605634, 'alpha': 0.007992233760606407, 'colsample_bytree': 0.7817517740293707, 'subsample': 0.6715658319982133, 'learning_rate': 0.020586350653541082, 'max_depth': 17, 'min_child_weight': 7, 'eval_metric': 'mlogloss'}. Best is trial 54 with value: 0.9619925.
start listen on 10.110.42.38:9091
@tracker All of 4 nodes getting started
@tracker All nodes finishes job
@tracker 1862.7365872859955 secs between node start and job finish
Trial 60 finished with value: 0.96172125 and parameters: {'objective': 'multi:softprob', 'num_class': 6, 'tree_method': 'gpu_hist', 'lambda': 2.067848866379246, 'alpha': 0.0040215488984261406, 'colsample_bytree': 0.7748570761086753, 'subsample': 0.5873616772755776, 'learning_rate': 0.01834314832463504, 'max_depth': 17, 'min_child_weight': 1, 'eval_metric': 'mlogloss'}. Best is trial 54 with value: 0.9619925.
start listen on 10.110.42.38:9091
@tracker All of 4 nodes getting started
@tracker All nodes finishes job
@tracker 186.1765775680542 secs between node start and job finish
Trial 61 finished with value: 0.9609325 and parameters: {'objective': 'multi:softprob', 'num_class': 6, 'tree_method': 'gpu_hist', 'lambda': 9.671040356966131, 'alpha': 0.023502732116847086, 'colsample_bytree': 0.8537269788430988, 'subsample': 0.7600425816575828, 'learning_rate': 0.013323616170830943, 'max_depth': 11, 'min_child_weight': 14, 'eval_metric': 'mlogloss'}. Best is trial 54 with value: 0.9619925.
start listen on 10.110.42.38:9091
@tracker All of 4 nodes getting started
@tracker All nodes finishes job
@tracker 291.65315222740173 secs between node start and job finish
Trial 62 finished with value: 0.9618625 and parameters: {'objective': 'multi:softprob', 'num_class': 6, 'tree_method': 'gpu_hist', 'lambda': 3.319538512284025, 'alpha': 0.008711742469239411, 'colsample_bytree': 0.8219899008586922, 'subsample': 0.6651605436616667, 'learning_rate': 0.02175588124469507, 'max_depth': 17, 'min_child_weight': 46, 'eval_metric': 'mlogloss'}. Best is trial 54 with value: 0.9619925.
start listen on 10.110.42.38:9091
@tracker All of 4 nodes getting started
@tracker All nodes finishes job
@tracker 382.0769028663635 secs between node start and job finish
Trial 63 finished with value: 0.96203625 and parameters: {'objective': 'multi:softprob', 'num_class': 6, 'tree_method': 'gpu_hist', 'lambda': 5.350793666348118, 'alpha': 0.00991983988882112, 'colsample_bytree': 0.7816844698589962, 'subsample': 0.6975416999737191, 'learning_rate': 0.01849774244175229, 'max_depth': 17, 'min_child_weight': 32, 'eval_metric': 'mlogloss'}. Best is trial 63 with value: 0.96203625.
start listen on 10.110.42.38:9091
@tracker All of 4 nodes getting started
@tracker All nodes finishes job
@tracker 374.45957231521606 secs between node start and job finish
Trial 64 finished with value: 0.9621175 and parameters: {'objective': 'multi:softprob', 'num_class': 6, 'tree_method': 'gpu_hist', 'lambda': 5.12531971843861, 'alpha': 0.0031471370897995124, 'colsample_bytree': 0.7878337010712406, 'subsample': 0.7283387153189949, 'learning_rate': 0.02611067369532252, 'max_depth': 17, 'min_child_weight': 30, 'eval_metric': 'mlogloss'}. Best is trial 64 with value: 0.9621175.
start listen on 10.110.42.38:9091
@tracker All of 4 nodes getting started
@tracker All nodes finishes job
@tracker 335.31489610671997 secs between node start and job finish
Trial 65 finished with value: 0.96192875 and parameters: {'objective': 'multi:softprob', 'num_class': 6, 'tree_method': 'gpu_hist', 'lambda': 5.162855085357866, 'alpha': 0.003098006740450175, 'colsample_bytree': 0.7769834343716205, 'subsample': 0.6484821605617016, 'learning_rate': 0.027807298209196685, 'max_depth': 17, 'min_child_weight': 32, 'eval_metric': 'mlogloss'}. Best is trial 64 with value: 0.9621175.
start listen on 10.110.42.38:9091
@tracker All of 4 nodes getting started
@tracker All nodes finishes job
@tracker 57.56613636016846 secs between node start and job finish
Trial 66 finished with value: 0.95801125 and parameters: {'objective': 'multi:softprob', 'num_class': 6, 'tree_method': 'gpu_hist', 'lambda': 4.9971571320740065, 'alpha': 0.02943426554300203, 'colsample_bytree': 0.7324439408646215, 'subsample': 0.7242259129031609, 'learning_rate': 0.01607033347856395, 'max_depth': 7, 'min_child_weight': 10, 'eval_metric': 'mlogloss'}. Best is trial 64 with value: 0.9621175.
start listen on 10.110.42.38:9091
@tracker All of 4 nodes getting started
@tracker All nodes finishes job
@tracker 317.0530505180359 secs between node start and job finish
Trial 67 finished with value: 0.96187375 and parameters: {'objective': 'multi:softprob', 'num_class': 6, 'tree_method': 'gpu_hist', 'lambda': 1.87379935790713, 'alpha': 0.015211577719481584, 'colsample_bytree': 0.7947656912015932, 'subsample': 0.6079882815970215, 'learning_rate': 0.019698383561654847, 'max_depth': 17, 'min_child_weight': 41, 'eval_metric': 'mlogloss'}. Best is trial 64 with value: 0.9621175.
start listen on 10.110.42.38:9091
@tracker All of 4 nodes getting started
@tracker All nodes finishes job
@tracker 543.9914193153381 secs between node start and job finish
Trial 68 finished with value: 0.96121875 and parameters: {'objective': 'multi:softprob', 'num_class': 6, 'tree_method': 'gpu_hist', 'lambda': 6.993247543044325, 'alpha': 0.004748898757065304, 'colsample_bytree': 0.7694499846630306, 'subsample': 0.6367844415530567, 'learning_rate': 0.009546404539982343, 'max_depth': 17, 'min_child_weight': 21, 'eval_metric': 'mlogloss'}. Best is trial 64 with value: 0.9621175.
start listen on 10.110.42.38:9091
@tracker All of 4 nodes getting started
@tracker All nodes finishes job
@tracker 32.01062846183777 secs between node start and job finish
Trial 69 finished with value: 0.9561025 and parameters: {'objective': 'multi:softprob', 'num_class': 6, 'tree_method': 'gpu_hist', 'lambda': 0.8365039674251931, 'alpha': 0.0028722632706440036, 'colsample_bytree': 0.701816911668482, 'subsample': 0.672536764057238, 'learning_rate': 0.025874574324101455, 'max_depth': 5, 'min_child_weight': 33, 'eval_metric': 'mlogloss'}. Best is trial 64 with value: 0.9621175.
start listen on 10.110.42.38:9091
@tracker All of 4 nodes getting started
@tracker All nodes finishes job
@tracker 836.9497451782227 secs between node start and job finish
Trial 70 finished with value: 0.9619225 and parameters: {'objective': 'multi:softprob', 'num_class': 6, 'tree_method': 'gpu_hist', 'lambda': 2.1381675419877038, 'alpha': 0.015490543444736462, 'colsample_bytree': 0.8448241296393798, 'subsample': 0.738629903439703, 'learning_rate': 0.017929031471054152, 'max_depth': 17, 'min_child_weight': 8, 'eval_metric': 'mlogloss'}. Best is trial 64 with value: 0.9621175.
start listen on 10.110.42.38:9091
@tracker All of 4 nodes getting started
@tracker All nodes finishes job
@tracker 305.9527642726898 secs between node start and job finish
Trial 71 finished with value: 0.96138875 and parameters: {'objective': 'multi:softprob', 'num_class': 6, 'tree_method': 'gpu_hist', 'lambda': 4.2045971215032925, 'alpha': 0.03169075044500631, 'colsample_bytree': 0.7339675293621387, 'subsample': 0.6997637850785774, 'learning_rate': 0.013460231046804438, 'max_depth': 17, 'min_child_weight': 62, 'eval_metric': 'mlogloss'}. Best is trial 64 with value: 0.9621175.
start listen on 10.110.42.38:9091
@tracker All of 4 nodes getting started
@tracker All nodes finishes job
@tracker 206.1133270263672 secs between node start and job finish
Trial 72 finished with value: 0.96179 and parameters: {'objective': 'multi:softprob', 'num_class': 6, 'tree_method': 'gpu_hist', 'lambda': 5.4541160842375085, 'alpha': 0.00334205809258776, 'colsample_bytree': 0.7913787815417984, 'subsample': 0.6505825766458885, 'learning_rate': 0.026857579838271455, 'max_depth': 17, 'min_child_weight': 75, 'eval_metric': 'mlogloss'}. Best is trial 64 with value: 0.9621175.
start listen on 10.110.42.38:9091
@tracker All of 4 nodes getting started
@tracker All nodes finishes job
@tracker 392.39970684051514 secs between node start and job finish
Trial 73 finished with value: 0.96195375 and parameters: {'objective': 'multi:softprob', 'num_class': 6, 'tree_method': 'gpu_hist', 'lambda': 1.5797664222676788, 'alpha': 0.001180803307437054, 'colsample_bytree': 0.7606291858843766, 'subsample': 0.7586791168002032, 'learning_rate': 0.034313290226309384, 'max_depth': 17, 'min_child_weight': 28, 'eval_metric': 'mlogloss'}. Best is trial 64 with value: 0.9621175.
start listen on 10.110.42.38:9091
@tracker All of 4 nodes getting started
@tracker All nodes finishes job
@tracker 21.628474235534668 secs between node start and job finish
Trial 74 finished with value: 0.9478725 and parameters: {'objective': 'multi:softprob', 'num_class': 6, 'tree_method': 'gpu_hist', 'lambda': 1.6241288425854874, 'alpha': 0.005177435261691365, 'colsample_bytree': 0.7660073318319874, 'subsample': 0.7639739434410675, 'learning_rate': 0.03447411546249941, 'max_depth': 3, 'min_child_weight': 23, 'eval_metric': 'mlogloss'}. Best is trial 64 with value: 0.9621175.
start listen on 10.110.42.38:9091
@tracker All of 4 nodes getting started
@tracker All nodes finishes job
@tracker 288.17762541770935 secs between node start and job finish
Trial 75 finished with value: 0.961975 and parameters: {'objective': 'multi:softprob', 'num_class': 6, 'tree_method': 'gpu_hist', 'lambda': 2.3465022154127855, 'alpha': 0.007459866303280846, 'colsample_bytree': 0.8284633499642204, 'subsample': 0.7346772974102249, 'learning_rate': 0.0313384014384018, 'max_depth': 17, 'min_child_weight': 44, 'eval_metric': 'mlogloss'}. Best is trial 64 with value: 0.9621175.
start listen on 10.110.42.38:9091
@tracker All of 4 nodes getting started
@tracker All nodes finishes job
@tracker 298.7961115837097 secs between node start and job finish
Trial 76 finished with value: 0.96189 and parameters: {'objective': 'multi:softprob', 'num_class': 6, 'tree_method': 'gpu_hist', 'lambda': 0.8742110283630625, 'alpha': 0.0011108478690755239, 'colsample_bytree': 0.8187247957122236, 'subsample': 0.7349263851061857, 'learning_rate': 0.03187743249633718, 'max_depth': 17, 'min_child_weight': 44, 'eval_metric': 'mlogloss'}. Best is trial 64 with value: 0.9621175.
start listen on 10.110.42.38:9091
@tracker All of 4 nodes getting started
@tracker All nodes finishes job
@tracker 305.520583152771 secs between node start and job finish
Trial 77 finished with value: 0.961995 and parameters: {'objective': 'multi:softprob', 'num_class': 6, 'tree_method': 'gpu_hist', 'lambda': 4.108634710152548, 'alpha': 0.009854506332610018, 'colsample_bytree': 0.7924667102652916, 'subsample': 0.7826334511782115, 'learning_rate': 0.03736569072364405, 'max_depth': 11, 'min_child_weight': 1, 'eval_metric': 'mlogloss'}. Best is trial 64 with value: 0.9621175.
start listen on 10.110.42.38:9091
@tracker All of 4 nodes getting started
@tracker All nodes finishes job
@tracker 201.0725257396698 secs between node start and job finish
Trial 78 finished with value: 0.9620275 and parameters: {'objective': 'multi:softprob', 'num_class': 6, 'tree_method': 'gpu_hist', 'lambda': 4.3239773637741905, 'alpha': 0.011933592631285876, 'colsample_bytree': 0.7896184129841748, 'subsample': 0.7725902951037399, 'learning_rate': 0.03896500368412254, 'max_depth': 11, 'min_child_weight': 7, 'eval_metric': 'mlogloss'}. Best is trial 64 with value: 0.9621175.
start listen on 10.110.42.38:9091
@tracker All of 4 nodes getting started
@tracker All nodes finishes job
@tracker 270.13008522987366 secs between node start and job finish
Trial 79 finished with value: 0.9618925 and parameters: {'objective': 'multi:softprob', 'num_class': 6, 'tree_method': 'gpu_hist', 'lambda': 6.745352831814404, 'alpha': 0.008322493800309333, 'colsample_bytree': 0.724062062805291, 'subsample': 0.7874827076227636, 'learning_rate': 0.060279012093204534, 'max_depth': 11, 'min_child_weight': 2, 'eval_metric': 'mlogloss'}. Best is trial 64 with value: 0.9621175.
start listen on 10.110.42.38:9091
@tracker All of 4 nodes getting started
@tracker All nodes finishes job
@tracker 188.1488435268402 secs between node start and job finish
Trial 80 finished with value: 0.96194625 and parameters: {'objective': 'multi:softprob', 'num_class': 6, 'tree_method': 'gpu_hist', 'lambda': 9.637518529103964, 'alpha': 0.002216645227825684, 'colsample_bytree': 0.7533734343615383, 'subsample': 0.7575218403519828, 'learning_rate': 0.04063003406095279, 'max_depth': 11, 'min_child_weight': 8, 'eval_metric': 'mlogloss'}. Best is trial 64 with value: 0.9621175.
start listen on 10.110.42.38:9091
@tracker All of 4 nodes getting started
@tracker All nodes finishes job
@tracker 156.32844185829163 secs between node start and job finish
Trial 81 finished with value: 0.9620025 and parameters: {'objective': 'multi:softprob', 'num_class': 6, 'tree_method': 'gpu_hist', 'lambda': 4.423517682846027, 'alpha': 0.0038230163532828186, 'colsample_bytree': 0.6857911611435642, 'subsample': 0.7735880236252053, 'learning_rate': 0.05193563714779194, 'max_depth': 11, 'min_child_weight': 18, 'eval_metric': 'mlogloss'}. Best is trial 64 with value: 0.9621175.
start listen on 10.110.42.38:9091
@tracker All of 4 nodes getting started
@tracker All nodes finishes job
@tracker 152.57184839248657 secs between node start and job finish
