Trial 82 finished with value: 0.96201125 and parameters: {'objective': 'multi:softprob', 'num_class': 6, 'tree_method': 'gpu_hist', 'lambda': 4.595376496445286, 'alpha': 0.004067144240404101, 'colsample_bytree': 0.6842079300888142, 'subsample': 0.8142348658776929, 'learning_rate': 0.05555797655641463, 'max_depth': 11, 'min_child_weight': 20, 'eval_metric': 'mlogloss'}. Best is trial 64 with value: 0.9621175.
start listen on 10.110.42.38:9091
@tracker All of 4 nodes getting started
@tracker All nodes finishes job
@tracker 167.97528791427612 secs between node start and job finish
Trial 83 finished with value: 0.96201875 and parameters: {'objective': 'multi:softprob', 'num_class': 6, 'tree_method': 'gpu_hist', 'lambda': 4.218344963866935, 'alpha': 0.003559233743425513, 'colsample_bytree': 0.6396411591439544, 'subsample': 0.8164175857095514, 'learning_rate': 0.05527174786441982, 'max_depth': 11, 'min_child_weight': 15, 'eval_metric': 'mlogloss'}. Best is trial 64 with value: 0.9621175.
start listen on 10.110.42.38:9091
@tracker All of 4 nodes getting started
@tracker All nodes finishes job
@tracker 167.4780294895172 secs between node start and job finish
Trial 84 finished with value: 0.96203375 and parameters: {'objective': 'multi:softprob', 'num_class': 6, 'tree_method': 'gpu_hist', 'lambda': 4.421545738640065, 'alpha': 0.0039032430102159616, 'colsample_bytree': 0.6029273564297778, 'subsample': 0.8069803479271223, 'learning_rate': 0.05723464719492113, 'max_depth': 11, 'min_child_weight': 15, 'eval_metric': 'mlogloss'}. Best is trial 64 with value: 0.9621175.
start listen on 10.110.42.38:9091
@tracker All of 4 nodes getting started
@tracker All nodes finishes job
@tracker 160.65507173538208 secs between node start and job finish
Trial 85 finished with value: 0.9619675 and parameters: {'objective': 'multi:softprob', 'num_class': 6, 'tree_method': 'gpu_hist', 'lambda': 4.311987899018748, 'alpha': 0.003981372962908129, 'colsample_bytree': 0.6237172894382238, 'subsample': 0.8095858474045262, 'learning_rate': 0.05221868251999751, 'max_depth': 11, 'min_child_weight': 18, 'eval_metric': 'mlogloss'}. Best is trial 64 with value: 0.9621175.
start listen on 10.110.42.38:9091
@tracker All of 4 nodes getting started
@tracker All nodes finishes job
@tracker 165.40475344657898 secs between node start and job finish
Trial 86 finished with value: 0.96188125 and parameters: {'objective': 'multi:softprob', 'num_class': 6, 'tree_method': 'gpu_hist', 'lambda': 6.306885799902297, 'alpha': 0.0023415918017107742, 'colsample_bytree': 0.6427255984677447, 'subsample': 0.8377538836531967, 'learning_rate': 0.05396111659885469, 'max_depth': 11, 'min_child_weight': 16, 'eval_metric': 'mlogloss'}. Best is trial 64 with value: 0.9621175.
start listen on 10.110.42.38:9091
@tracker All of 4 nodes getting started
@tracker All nodes finishes job
@tracker 123.93180346488953 secs between node start and job finish
Trial 87 finished with value: 0.9620275 and parameters: {'objective': 'multi:softprob', 'num_class': 6, 'tree_method': 'gpu_hist', 'lambda': 8.310008949878958, 'alpha': 0.0014126804899763864, 'colsample_bytree': 0.6062024232743313, 'subsample': 0.7751612958172084, 'learning_rate': 0.0651431193503784, 'max_depth': 11, 'min_child_weight': 37, 'eval_metric': 'mlogloss'}. Best is trial 64 with value: 0.9621175.
start listen on 10.110.42.38:9091
@tracker All of 4 nodes getting started
@tracker All nodes finishes job
@tracker 174.60631155967712 secs between node start and job finish
Trial 88 finished with value: 0.9619475 and parameters: {'objective': 'multi:softprob', 'num_class': 6, 'tree_method': 'gpu_hist', 'lambda': 8.679413385019242, 'alpha': 0.0012975826607224575, 'colsample_bytree': 0.6020199499952927, 'subsample': 0.8190215360784704, 'learning_rate': 0.06350663731219111, 'max_depth': 11, 'min_child_weight': 12, 'eval_metric': 'mlogloss'}. Best is trial 64 with value: 0.9621175.
start listen on 10.110.42.38:9091
@tracker All of 4 nodes getting started
@tracker All nodes finishes job
@tracker 129.8314290046692 secs between node start and job finish
Trial 89 finished with value: 0.9619 and parameters: {'objective': 'multi:softprob', 'num_class': 6, 'tree_method': 'gpu_hist', 'lambda': 4.298927412194197, 'alpha': 0.0037943984830018564, 'colsample_bytree': 0.5732203038455139, 'subsample': 0.7924360906759299, 'learning_rate': 0.048162971640847464, 'max_depth': 11, 'min_child_weight': 39, 'eval_metric': 'mlogloss'}. Best is trial 64 with value: 0.9621175.
start listen on 10.110.42.38:9091
@tracker All of 4 nodes getting started
@tracker All nodes finishes job
@tracker 145.1768147945404 secs between node start and job finish
Trial 90 finished with value: 0.9618475 and parameters: {'objective': 'multi:softprob', 'num_class': 6, 'tree_method': 'gpu_hist', 'lambda': 7.706911732101437, 'alpha': 0.0015013957050682746, 'colsample_bytree': 0.6643412026952257, 'subsample': 0.8767419364386406, 'learning_rate': 0.06640541103818881, 'max_depth': 11, 'min_child_weight': 23, 'eval_metric': 'mlogloss'}. Best is trial 64 with value: 0.9621175.
start listen on 10.110.42.38:9091
@tracker All of 4 nodes getting started
@tracker All nodes finishes job
@tracker 125.41898226737976 secs between node start and job finish
Trial 91 finished with value: 0.96196125 and parameters: {'objective': 'multi:softprob', 'num_class': 6, 'tree_method': 'gpu_hist', 'lambda': 3.457537964035079, 'alpha': 0.0024687520613761115, 'colsample_bytree': 0.5713734694990248, 'subsample': 0.7731128669307279, 'learning_rate': 0.07180135018690745, 'max_depth': 11, 'min_child_weight': 36, 'eval_metric': 'mlogloss'}. Best is trial 64 with value: 0.9621175.
start listen on 10.110.42.38:9091
@tracker All of 4 nodes getting started
@tracker All nodes finishes job
@tracker 271.151508808136 secs between node start and job finish
Trial 92 finished with value: 0.9618175 and parameters: {'objective': 'multi:softprob', 'num_class': 6, 'tree_method': 'gpu_hist', 'lambda': 3.34866124215841, 'alpha': 0.005310638821598487, 'colsample_bytree': 0.6401015857444853, 'subsample': 0.837500899087594, 'learning_rate': 0.089042568469928, 'max_depth': 11, 'min_child_weight': 2, 'eval_metric': 'mlogloss'}. Best is trial 64 with value: 0.9621175.
start listen on 10.110.42.38:9091
@tracker All of 4 nodes getting started
@tracker All nodes finishes job
@tracker 146.7241232395172 secs between node start and job finish
Trial 93 finished with value: 0.96196875 and parameters: {'objective': 'multi:softprob', 'num_class': 6, 'tree_method': 'gpu_hist', 'lambda': 6.223209284171483, 'alpha': 0.004619536743219057, 'colsample_bytree': 0.6976243330588692, 'subsample': 0.8058309534930468, 'learning_rate': 0.04229460331164677, 'max_depth': 11, 'min_child_weight': 24, 'eval_metric': 'mlogloss'}. Best is trial 64 with value: 0.9621175.
start listen on 10.110.42.38:9091
@tracker All of 4 nodes getting started
@tracker All nodes finishes job
@tracker 172.94767951965332 secs between node start and job finish
Trial 94 finished with value: 0.96205 and parameters: {'objective': 'multi:softprob', 'num_class': 6, 'tree_method': 'gpu_hist', 'lambda': 4.837587205660655, 'alpha': 0.0033163059194825095, 'colsample_bytree': 0.6801322887285366, 'subsample': 0.7835398448117192, 'learning_rate': 0.03769039558380111, 'max_depth': 11, 'min_child_weight': 14, 'eval_metric': 'mlogloss'}. Best is trial 64 with value: 0.9621175.
start listen on 10.110.42.38:9091
@tracker All of 4 nodes getting started
@tracker All nodes finishes job
@tracker 166.47235751152039 secs between node start and job finish
Trial 95 finished with value: 0.962 and parameters: {'objective': 'multi:softprob', 'num_class': 6, 'tree_method': 'gpu_hist', 'lambda': 4.589144699630067, 'alpha': 0.0016877019508269504, 'colsample_bytree': 0.6786123141790288, 'subsample': 0.7732248488316562, 'learning_rate': 0.0565673335611591, 'max_depth': 11, 'min_child_weight': 14, 'eval_metric': 'mlogloss'}. Best is trial 64 with value: 0.9621175.
start listen on 10.110.42.38:9091
@tracker All of 4 nodes getting started
@tracker All nodes finishes job
@tracker 169.4263141155243 secs between node start and job finish
Trial 96 finished with value: 0.96202375 and parameters: {'objective': 'multi:softprob', 'num_class': 6, 'tree_method': 'gpu_hist', 'lambda': 4.791548466281143, 'alpha': 0.0016353780945244443, 'colsample_bytree': 0.6704382744728925, 'subsample': 0.8227998785288482, 'learning_rate': 0.05759262425220003, 'max_depth': 11, 'min_child_weight': 14, 'eval_metric': 'mlogloss'}. Best is trial 64 with value: 0.9621175.
start listen on 10.110.42.38:9091
@tracker All of 4 nodes getting started
@tracker All nodes finishes job
@tracker 122.36979103088379 secs between node start and job finish
Trial 97 finished with value: 0.96189375 and parameters: {'objective': 'multi:softprob', 'num_class': 6, 'tree_method': 'gpu_hist', 'lambda': 5.845593980673801, 'alpha': 0.0027647978024185563, 'colsample_bytree': 0.6096650863697557, 'subsample': 0.8475847630335448, 'learning_rate': 0.048104778910037595, 'max_depth': 11, 'min_child_weight': 49, 'eval_metric': 'mlogloss'}. Best is trial 64 with value: 0.9621175.
start listen on 10.110.42.38:9091
@tracker All of 4 nodes getting started
@tracker All nodes finishes job
@tracker 126.56254076957703 secs between node start and job finish
Trial 98 finished with value: 0.9618575 and parameters: {'objective': 'multi:softprob', 'num_class': 6, 'tree_method': 'gpu_hist', 'lambda': 8.10793175081972, 'alpha': 0.0014920870653706453, 'colsample_bytree': 0.48506403295782263, 'subsample': 0.817205075425248, 'learning_rate': 0.08396095933710822, 'max_depth': 11, 'min_child_weight': 36, 'eval_metric': 'mlogloss'}. Best is trial 64 with value: 0.9621175.
start listen on 10.110.42.38:9091
@tracker All of 4 nodes getting started
@tracker All nodes finishes job
@tracker 97.65410017967224 secs between node start and job finish
Trial 99 finished with value: 0.96190625 and parameters: {'objective': 'multi:softprob', 'num_class': 6, 'tree_method': 'gpu_hist', 'lambda': 3.598013782618804, 'alpha': 0.00342244411567781, 'colsample_bytree': 0.5878598368319683, 'subsample': 0.7923330655038252, 'learning_rate': 0.06107232746501673, 'max_depth': 9, 'min_child_weight': 14, 'eval_metric': 'mlogloss'}. Best is trial 64 with value: 0.9621175.
start listen on 10.110.42.38:9091
@tracker All of 4 nodes getting started
@tracker All nodes finishes job
@tracker 149.36304330825806 secs between node start and job finish
Trial 100 finished with value: 0.96203875 and parameters: {'objective': 'multi:softprob', 'num_class': 6, 'tree_method': 'gpu_hist', 'lambda': 9.789723402004343, 'alpha': 0.0021229130362147, 'colsample_bytree': 0.6601484212308459, 'subsample': 0.8274062959247925, 'learning_rate': 0.051368471196492814, 'max_depth': 11, 'min_child_weight': 21, 'eval_metric': 'mlogloss'}. Best is trial 64 with value: 0.9621175.
start listen on 10.110.42.38:9091
@tracker All of 4 nodes getting started
@tracker All nodes finishes job
@tracker 141.29833054542542 secs between node start and job finish
Trial 101 finished with value: 0.96202375 and parameters: {'objective': 'multi:softprob', 'num_class': 6, 'tree_method': 'gpu_hist', 'lambda': 8.013539889268602, 'alpha': 0.0020287817108742786, 'colsample_bytree': 0.6314182239311028, 'subsample': 0.8995378605619914, 'learning_rate': 0.06887657642577469, 'max_depth': 11, 'min_child_weight': 26, 'eval_metric': 'mlogloss'}. Best is trial 64 with value: 0.9621175.
start listen on 10.110.42.38:9091
@tracker All of 4 nodes getting started
@tracker All nodes finishes job
@tracker 145.41898322105408 secs between node start and job finish
Trial 102 finished with value: 0.9620575 and parameters: {'objective': 'multi:softprob', 'num_class': 6, 'tree_method': 'gpu_hist', 'lambda': 9.826714594739963, 'alpha': 0.002133101405478431, 'colsample_bytree': 0.6315817877829176, 'subsample': 0.8719197225720402, 'learning_rate': 0.06933111434611613, 'max_depth': 11, 'min_child_weight': 23, 'eval_metric': 'mlogloss'}. Best is trial 64 with value: 0.9621175.
start listen on 10.110.42.38:9091
@tracker All of 4 nodes getting started
@tracker All nodes finishes job
@tracker 137.7255392074585 secs between node start and job finish
Trial 103 finished with value: 0.9619775 and parameters: {'objective': 'multi:softprob', 'num_class': 6, 'tree_method': 'gpu_hist', 'lambda': 9.547737372860457, 'alpha': 0.0010158228900617986, 'colsample_bytree': 0.6651930477739559, 'subsample': 0.9273349193963922, 'learning_rate': 0.07867582239588947, 'max_depth': 11, 'min_child_weight': 27, 'eval_metric': 'mlogloss'}. Best is trial 64 with value: 0.9621175.
start listen on 10.110.42.38:9091
@tracker All of 4 nodes getting started
@tracker All nodes finishes job
@tracker 191.4567437171936 secs between node start and job finish
Trial 104 finished with value: 0.96193 and parameters: {'objective': 'multi:softprob', 'num_class': 6, 'tree_method': 'gpu_hist', 'lambda': 7.6750191396897804, 'alpha': 0.0019403966831397417, 'colsample_bytree': 0.6292976355960886, 'subsample': 0.8724931272465137, 'learning_rate': 0.06844884969355657, 'max_depth': 11, 'min_child_weight': 9, 'eval_metric': 'mlogloss'}. Best is trial 64 with value: 0.9621175.
start listen on 10.110.42.38:9091
@tracker All of 4 nodes getting started
@tracker All nodes finishes job
@tracker 50.16094183921814 secs between node start and job finish
Trial 105 finished with value: 0.96095125 and parameters: {'objective': 'multi:softprob', 'num_class': 6, 'tree_method': 'gpu_hist', 'lambda': 5.873975542026398, 'alpha': 0.0014653068339448834, 'colsample_bytree': 0.541165021502041, 'subsample': 0.9027867192468728, 'learning_rate': 0.044864801492640334, 'max_depth': 7, 'min_child_weight': 37, 'eval_metric': 'mlogloss'}. Best is trial 64 with value: 0.9621175.
start listen on 10.110.42.38:9091
@tracker All of 4 nodes getting started
@tracker All nodes finishes job
@tracker 138.49475502967834 secs between node start and job finish
Trial 106 finished with value: 0.96181875 and parameters: {'objective': 'multi:softprob', 'num_class': 6, 'tree_method': 'gpu_hist', 'lambda': 7.851896968666144, 'alpha': 0.0025402695643594983, 'colsample_bytree': 0.6503469899138818, 'subsample': 0.8770870012766886, 'learning_rate': 0.09030074955023336, 'max_depth': 11, 'min_child_weight': 25, 'eval_metric': 'mlogloss'}. Best is trial 64 with value: 0.9621175.
start listen on 10.110.42.38:9091
@tracker All of 4 nodes getting started
@tracker All nodes finishes job
@tracker 215.149231672287 secs between node start and job finish
Trial 107 finished with value: 0.9620975 and parameters: {'objective': 'multi:softprob', 'num_class': 6, 'tree_method': 'gpu_hist', 'lambda': 6.781630290543998, 'alpha': 0.002063404533461046, 'colsample_bytree': 0.5755705239268514, 'subsample': 0.8490884731374361, 'learning_rate': 0.059534117126813065, 'max_depth': 11, 'min_child_weight': 6, 'eval_metric': 'mlogloss'}. Best is trial 64 with value: 0.9621175.
