Trial 42 finished with value: 0.961655 and parameters: {'objective': 'multi:softprob', 'num_class': 6, 'tree_method': 'gpu_hist', 'lambda': 2.1644015145662787, 'alpha': 0.007747639527306824, 'colsample_bytree': 0.8951394661695291, 'subsample': 0.9033098739363017, 'learning_rate': 0.06658592529009803, 'max_depth': 15, 'min_child_weight': 50, 'eval_metric': 'mlogloss'}. Best is trial 34 with value: 0.9620025.
start listen on 192.168.1.101:37237
@tracker All of 3 nodes getting started
@tracker All nodes finishes job
Trial 43 finished with value: 0.9618275 and parameters: {'objective': 'multi:softprob', 'num_class': 6, 'tree_method': 'gpu_hist', 'lambda': 3.0157548564360432, 'alpha': 0.04302332345807243, 'colsample_bytree': 0.9982434446246469, 'subsample': 0.8680591807001536, 'learning_rate': 0.026987434915054214, 'max_depth': 15, 'min_child_weight': 13, 'eval_metric': 'mlogloss'}. Best is trial 34 with value: 0.9620025.
start listen on 192.168.1.101:48653
@tracker All of 3 nodes getting started
@tracker All nodes finishes job
Trial 44 finished with value: 0.9619675 and parameters: {'objective': 'multi:softprob', 'num_class': 6, 'tree_method': 'gpu_hist', 'lambda': 3.216408534139156, 'alpha': 0.043138570813091325, 'colsample_bytree': 0.9947130759595741, 'subsample': 0.9612173396001938, 'learning_rate': 0.02814886315610949, 'max_depth': 15, 'min_child_weight': 40, 'eval_metric': 'mlogloss'}. Best is trial 34 with value: 0.9620025.
start listen on 192.168.1.101:56153
@tracker All of 3 nodes getting started
@tracker All nodes finishes job
Trial 45 finished with value: 0.96201375 and parameters: {'objective': 'multi:softprob', 'num_class': 6, 'tree_method': 'gpu_hist', 'lambda': 3.2891851533914074, 'alpha': 0.052832999704991314, 'colsample_bytree': 0.8834586244664957, 'subsample': 0.8738167519879614, 'learning_rate': 0.028115577262746237, 'max_depth': 15, 'min_child_weight': 47, 'eval_metric': 'mlogloss'}. Best is trial 45 with value: 0.96201375.
start listen on 192.168.1.101:54995
@tracker All of 3 nodes getting started
@tracker All nodes finishes job
Trial 46 finished with value: 0.96192625 and parameters: {'objective': 'multi:softprob', 'num_class': 6, 'tree_method': 'gpu_hist', 'lambda': 6.23142964202351, 'alpha': 0.01700225923870062, 'colsample_bytree': 0.8943567190239796, 'subsample': 0.9993270599515534, 'learning_rate': 0.032583740410129715, 'max_depth': 11, 'min_child_weight': 41, 'eval_metric': 'mlogloss'}. Best is trial 45 with value: 0.96201375.
start listen on 192.168.1.101:54659
@tracker All of 3 nodes getting started
@tracker All nodes finishes job
Trial 47 finished with value: 0.9613475 and parameters: {'objective': 'multi:softprob', 'num_class': 6, 'tree_method': 'gpu_hist', 'lambda': 5.418065203336868, 'alpha': 0.01915166145730144, 'colsample_bytree': 0.8851812593372297, 'subsample': 0.9943467790798999, 'learning_rate': 0.01833446375938648, 'max_depth': 11, 'min_child_weight': 60, 'eval_metric': 'mlogloss'}. Best is trial 45 with value: 0.96201375.
start listen on 192.168.1.101:59127
@tracker All of 3 nodes getting started
@tracker All nodes finishes job
Trial 48 finished with value: 0.9593625 and parameters: {'objective': 'multi:softprob', 'num_class': 6, 'tree_method': 'gpu_hist', 'lambda': 3.099234684291148, 'alpha': 0.023969536406643618, 'colsample_bytree': 0.9361526579691422, 'subsample': 0.9022049331971079, 'learning_rate': 0.013419768724598422, 'max_depth': 11, 'min_child_weight': 270, 'eval_metric': 'mlogloss'}. Best is trial 45 with value: 0.96201375.
start listen on 192.168.1.101:60937
@tracker All of 3 nodes getting started
@tracker All nodes finishes job
Trial 49 finished with value: 0.96182375 and parameters: {'objective': 'multi:softprob', 'num_class': 6, 'tree_method': 'gpu_hist', 'lambda': 6.621009450928835, 'alpha': 0.05255222990663847, 'colsample_bytree': 0.8482159393128867, 'subsample': 0.9618227305291519, 'learning_rate': 0.03489836595876401, 'max_depth': 20, 'min_child_weight': 41, 'eval_metric': 'mlogloss'}. Best is trial 45 with value: 0.96201375.
start listen on 192.168.1.101:59845
@tracker All of 3 nodes getting started
@tracker All nodes finishes job
Trial 50 finished with value: 0.96114375 and parameters: {'objective': 'multi:softprob', 'num_class': 6, 'tree_method': 'gpu_hist', 'lambda': 0.5410965517884557, 'alpha': 0.014618110794715422, 'colsample_bytree': 0.8500585618330818, 'subsample': 0.9988694415446938, 'learning_rate': 0.030488949169472753, 'max_depth': 11, 'min_child_weight': 219, 'eval_metric': 'mlogloss'}. Best is trial 45 with value: 0.96201375.
start listen on 192.168.1.101:43477
@tracker All of 3 nodes getting started
@tracker All nodes finishes job
Trial 51 finished with value: 0.95845125 and parameters: {'objective': 'multi:softprob', 'num_class': 6, 'tree_method': 'gpu_hist', 'lambda': 4.99483346806836, 'alpha': 0.03256641563419415, 'colsample_bytree': 0.5445321631640428, 'subsample': 0.8559457781422231, 'learning_rate': 0.022672452453277262, 'max_depth': 7, 'min_child_weight': 61, 'eval_metric': 'mlogloss'}. Best is trial 45 with value: 0.96201375.
start listen on 192.168.1.101:52477
@tracker All of 3 nodes getting started
@tracker All nodes finishes job
Trial 52 finished with value: 0.96188875 and parameters: {'objective': 'multi:softprob', 'num_class': 6, 'tree_method': 'gpu_hist', 'lambda': 7.982041441186907, 'alpha': 0.010447871954193616, 'colsample_bytree': 0.755149666959908, 'subsample': 0.929256271208863, 'learning_rate': 0.037610971515233835, 'max_depth': 15, 'min_child_weight': 37, 'eval_metric': 'mlogloss'}. Best is trial 45 with value: 0.96201375.
start listen on 192.168.1.101:34493
@tracker All of 3 nodes getting started
@tracker All nodes finishes job
Trial 53 finished with value: 0.96132625 and parameters: {'objective': 'multi:softprob', 'num_class': 6, 'tree_method': 'gpu_hist', 'lambda': 7.7869809818765345, 'alpha': 0.008593281520783043, 'colsample_bytree': 0.7571293283252202, 'subsample': 0.9249098726844464, 'learning_rate': 0.03747698619205891, 'max_depth': 15, 'min_child_weight': 297, 'eval_metric': 'mlogloss'}. Best is trial 45 with value: 0.96201375.
start listen on 192.168.1.101:59987
@tracker All of 3 nodes getting started
@tracker All nodes finishes job
Trial 54 finished with value: 0.962025 and parameters: {'objective': 'multi:softprob', 'num_class': 6, 'tree_method': 'gpu_hist', 'lambda': 3.2979104166835134, 'alpha': 0.012930362731080492, 'colsample_bytree': 0.919601655814466, 'subsample': 0.8946757224299327, 'learning_rate': 0.028988854319129776, 'max_depth': 15, 'min_child_weight': 51, 'eval_metric': 'mlogloss'}. Best is trial 54 with value: 0.962025.
start listen on 192.168.1.101:56177
@tracker All of 3 nodes getting started
@tracker All nodes finishes job
Trial 55 finished with value: 0.95708125 and parameters: {'objective': 'multi:softprob', 'num_class': 6, 'tree_method': 'gpu_hist', 'lambda': 9.742957563157464, 'alpha': 0.012589553920010292, 'colsample_bytree': 0.9241633670851662, 'subsample': 0.9745609730143094, 'learning_rate': 0.027473146981155053, 'max_depth': 5, 'min_child_weight': 40, 'eval_metric': 'mlogloss'}. Best is trial 54 with value: 0.962025.
start listen on 192.168.1.101:59701
@tracker All of 3 nodes getting started
@tracker All nodes finishes job
Trial 56 finished with value: 0.96032125 and parameters: {'objective': 'multi:softprob', 'num_class': 6, 'tree_method': 'gpu_hist', 'lambda': 3.3885600427271014, 'alpha': 0.005274672860449367, 'colsample_bytree': 0.8097432114166295, 'subsample': 0.8898109479156815, 'learning_rate': 0.01017718922691524, 'max_depth': 13, 'min_child_weight': 73, 'eval_metric': 'mlogloss'}. Best is trial 54 with value: 0.962025.
start listen on 192.168.1.101:54913
@tracker All of 3 nodes getting started
@tracker All nodes finishes job
Trial 57 finished with value: 0.96197625 and parameters: {'objective': 'multi:softprob', 'num_class': 6, 'tree_method': 'gpu_hist', 'lambda': 0.9808354864296798, 'alpha': 0.0023478069030635706, 'colsample_bytree': 0.9675662056765677, 'subsample': 0.9422992024614918, 'learning_rate': 0.02035888208599473, 'max_depth': 15, 'min_child_weight': 43, 'eval_metric': 'mlogloss'}. Best is trial 54 with value: 0.962025.
start listen on 192.168.1.101:60635
@tracker All of 3 nodes getting started
@tracker All nodes finishes job
Trial 58 finished with value: 0.96162 and parameters: {'objective': 'multi:softprob', 'num_class': 6, 'tree_method': 'gpu_hist', 'lambda': 0.813046640916962, 'alpha': 0.002393338295754019, 'colsample_bytree': 0.9553514528147184, 'subsample': 0.953963948984919, 'learning_rate': 0.020628307680136248, 'max_depth': 11, 'min_child_weight': 50, 'eval_metric': 'mlogloss'}. Best is trial 54 with value: 0.962025.
start listen on 192.168.1.101:35813
@tracker All of 3 nodes getting started
@tracker All nodes finishes job
Trial 59 finished with value: 0.961725 and parameters: {'objective': 'multi:softprob', 'num_class': 6, 'tree_method': 'gpu_hist', 'lambda': 2.2563854105045116, 'alpha': 0.056340054087072565, 'colsample_bytree': 0.8729749529473786, 'subsample': 0.9792882176150218, 'learning_rate': 0.01479093329812537, 'max_depth': 20, 'min_child_weight': 80, 'eval_metric': 'mlogloss'}. Best is trial 54 with value: 0.962025.
start listen on 192.168.1.101:32789
@tracker All of 3 nodes getting started
@tracker All nodes finishes job
Trial 60 finished with value: 0.96112125 and parameters: {'objective': 'multi:softprob', 'num_class': 6, 'tree_method': 'gpu_hist', 'lambda': 1.009313940474814, 'alpha': 0.0028389458152864827, 'colsample_bytree': 0.9066757021354896, 'subsample': 0.9416391497751967, 'learning_rate': 0.010730306361793876, 'max_depth': 15, 'min_child_weight': 65, 'eval_metric': 'mlogloss'}. Best is trial 54 with value: 0.962025.
start listen on 192.168.1.101:56015
@tracker All of 3 nodes getting started
@tracker All nodes finishes job
Trial 61 finished with value: 0.96194375 and parameters: {'objective': 'multi:softprob', 'num_class': 6, 'tree_method': 'gpu_hist', 'lambda': 6.496447939485999, 'alpha': 0.01277520187436783, 'colsample_bytree': 0.9639764353431496, 'subsample': 0.9228546062336336, 'learning_rate': 0.030576738411639503, 'max_depth': 15, 'min_child_weight': 27, 'eval_metric': 'mlogloss'}. Best is trial 54 with value: 0.962025.
start listen on 192.168.1.101:41085
@tracker All of 3 nodes getting started
@tracker All nodes finishes job
Trial 62 finished with value: 0.962075 and parameters: {'objective': 'multi:softprob', 'num_class': 6, 'tree_method': 'gpu_hist', 'lambda': 3.8535147118568265, 'alpha': 0.08789497541881786, 'colsample_bytree': 0.9615885664760261, 'subsample': 0.8987224173498849, 'learning_rate': 0.02901684567925377, 'max_depth': 15, 'min_child_weight': 23, 'eval_metric': 'mlogloss'}. Best is trial 62 with value: 0.962075.
start listen on 192.168.1.101:51997
@tracker All of 3 nodes getting started
@tracker All nodes finishes job
Trial 63 finished with value: 0.96199625 and parameters: {'objective': 'multi:softprob', 'num_class': 6, 'tree_method': 'gpu_hist', 'lambda': 3.7053486167972345, 'alpha': 0.09767769770591675, 'colsample_bytree': 0.968936172030697, 'subsample': 0.894190905234063, 'learning_rate': 0.02591478082760647, 'max_depth': 15, 'min_child_weight': 26, 'eval_metric': 'mlogloss'}. Best is trial 62 with value: 0.962075.
start listen on 192.168.1.101:53839
@tracker All of 3 nodes getting started
@tracker All nodes finishes job
Trial 64 finished with value: 0.9619875 and parameters: {'objective': 'multi:softprob', 'num_class': 6, 'tree_method': 'gpu_hist', 'lambda': 3.7631446539463567, 'alpha': 0.11328046593098752, 'colsample_bytree': 0.9989649492067216, 'subsample': 0.8930118342963504, 'learning_rate': 0.025463169265982757, 'max_depth': 15, 'min_child_weight': 10, 'eval_metric': 'mlogloss'}. Best is trial 62 with value: 0.962075.
start listen on 192.168.1.101:52263
@tracker All of 3 nodes getting started
@tracker All nodes finishes job
Trial 65 finished with value: 0.9618275 and parameters: {'objective': 'multi:softprob', 'num_class': 6, 'tree_method': 'gpu_hist', 'lambda': 3.9965737394466645, 'alpha': 0.15084042390945995, 'colsample_bytree': 0.9350145882335735, 'subsample': 0.8971893708363784, 'learning_rate': 0.014982465696946442, 'max_depth': 15, 'min_child_weight': 7, 'eval_metric': 'mlogloss'}. Best is trial 62 with value: 0.962075.
start listen on 192.168.1.101:38651
@tracker All of 3 nodes getting started
@tracker All nodes finishes job
Trial 66 finished with value: 0.96186375 and parameters: {'objective': 'multi:softprob', 'num_class': 6, 'tree_method': 'gpu_hist', 'lambda': 2.4336597405671205, 'alpha': 0.06548358865314728, 'colsample_bytree': 0.9749370705901446, 'subsample': 0.887666748837808, 'learning_rate': 0.01998176311323054, 'max_depth': 15, 'min_child_weight': 11, 'eval_metric': 'mlogloss'}. Best is trial 62 with value: 0.962075.
start listen on 192.168.1.101:42853
@tracker All of 3 nodes getting started
@tracker All nodes finishes job
Trial 67 finished with value: 0.96078625 and parameters: {'objective': 'multi:softprob', 'num_class': 6, 'tree_method': 'gpu_hist', 'lambda': 1.8525258502642294, 'alpha': 0.10185900005030005, 'colsample_bytree': 0.9484811490925752, 'subsample': 0.8456116021428699, 'learning_rate': 0.007514042707937256, 'max_depth': 15, 'min_child_weight': 21, 'eval_metric': 'mlogloss'}. Best is trial 62 with value: 0.962075.
start listen on 192.168.1.101:37125
@tracker All of 3 nodes getting started
@tracker All nodes finishes job
Trial 68 finished with value: 0.94487875 and parameters: {'objective': 'multi:softprob', 'num_class': 6, 'tree_method': 'gpu_hist', 'lambda': 1.2559087095222885, 'alpha': 0.20155410873945234, 'colsample_bytree': 0.9130491468296691, 'subsample': 0.42153886858498096, 'learning_rate': 0.023924658568966323, 'max_depth': 3, 'min_child_weight': 50, 'eval_metric': 'mlogloss'}. Best is trial 62 with value: 0.962075.
start listen on 192.168.1.101:53437
@tracker All of 3 nodes getting started
@tracker All nodes finishes job
Trial 69 finished with value: 0.96185375 and parameters: {'objective': 'multi:softprob', 'num_class': 6, 'tree_method': 'gpu_hist', 'lambda': 0.002065206090233856, 'alpha': 0.09466119057013216, 'colsample_bytree': 0.8713979325149177, 'subsample': 0.9127599649279252, 'learning_rate': 0.016380179992464883, 'max_depth': 15, 'min_child_weight': 7, 'eval_metric': 'mlogloss'}. Best is trial 62 with value: 0.962075.
start listen on 192.168.1.101:32829
@tracker All of 3 nodes getting started
@tracker All nodes finishes job
Trial 70 finished with value: 0.96197 and parameters: {'objective': 'multi:softprob', 'num_class': 6, 'tree_method': 'gpu_hist', 'lambda': 0.46105980292171744, 'alpha': 0.0011221349525905337, 'colsample_bytree': 0.9739120152889368, 'subsample': 0.8228719777465424, 'learning_rate': 0.024230133066303235, 'max_depth': 13, 'min_child_weight': 29, 'eval_metric': 'mlogloss'}. Best is trial 62 with value: 0.962075.
start listen on 192.168.1.101:47339
@tracker All of 3 nodes getting started
@tracker All nodes finishes job
Trial 71 finished with value: 0.9619475 and parameters: {'objective': 'multi:softprob', 'num_class': 6, 'tree_method': 'gpu_hist', 'lambda': 0.4713941244195194, 'alpha': 0.002149178973858464, 'colsample_bytree': 0.9846704764608626, 'subsample': 0.8148922935265526, 'learning_rate': 0.02418145655976715, 'max_depth': 13, 'min_child_weight': 31, 'eval_metric': 'mlogloss'}. Best is trial 62 with value: 0.962075.
start listen on 192.168.1.101:43039
@tracker All of 3 nodes getting started
@tracker All nodes finishes job
Trial 72 finished with value: 0.961915 and parameters: {'objective': 'multi:softprob', 'num_class': 6, 'tree_method': 'gpu_hist', 'lambda': 0.7612009054032453, 'alpha': 0.001357322819578247, 'colsample_bytree': 0.9322443180126695, 'subsample': 0.8607801832902283, 'learning_rate': 0.019943636536313567, 'max_depth': 13, 'min_child_weight': 24, 'eval_metric': 'mlogloss'}. Best is trial 62 with value: 0.962075.
start listen on 192.168.1.101:47715
@tracker All of 3 nodes getting started
@tracker All nodes finishes job
Trial 73 finished with value: 0.96191625 and parameters: {'objective': 'multi:softprob', 'num_class': 6, 'tree_method': 'gpu_hist', 'lambda': 4.158100569848665, 'alpha': 0.0010226295156865878, 'colsample_bytree': 0.9692350937972399, 'subsample': 0.8285808102245416, 'learning_rate': 0.03912852125317864, 'max_depth': 13, 'min_child_weight': 25, 'eval_metric': 'mlogloss'}. Best is trial 62 with value: 0.962075.
start listen on 192.168.1.101:41207
@tracker All of 3 nodes getting started
@tracker All nodes finishes job
Trial 74 finished with value: 0.9561975 and parameters: {'objective': 'multi:softprob', 'num_class': 6, 'tree_method': 'gpu_hist', 'lambda': 0.2738790336916298, 'alpha': 0.0033831871479519634, 'colsample_bytree': 0.9981013372580273, 'subsample': 0.877322619018178, 'learning_rate': 0.012242381771518823, 'max_depth': 7, 'min_child_weight': 161, 'eval_metric': 'mlogloss'}. Best is trial 62 with value: 0.962075.
start listen on 192.168.1.101:37465
@tracker All of 3 nodes getting started
@tracker All nodes finishes job
Trial 75 finished with value: 0.959905 and parameters: {'objective': 'multi:softprob', 'num_class': 6, 'tree_method': 'gpu_hist', 'lambda': 1.0748952005738, 'alpha': 0.12188566401107467, 'colsample_bytree': 0.9176092609374729, 'subsample': 0.888063811836717, 'learning_rate': 0.05358297732728028, 'max_depth': 5, 'min_child_weight': 2, 'eval_metric': 'mlogloss'}. Best is trial 62 with value: 0.962075.
start listen on 192.168.1.101:42185
@tracker All of 3 nodes getting started
@tracker All nodes finishes job
Trial 76 finished with value: 0.961965 and parameters: {'objective': 'multi:softprob', 'num_class': 6, 'tree_method': 'gpu_hist', 'lambda': 2.7123282984676864, 'alpha': 0.07258472273319481, 'colsample_bytree': 0.9504886610516914, 'subsample': 0.91114675069529, 'learning_rate': 0.02478838628708058, 'max_depth': 15, 'min_child_weight': 48, 'eval_metric': 'mlogloss'}. Best is trial 62 with value: 0.962075.
start listen on 192.168.1.101:50405
@tracker All of 3 nodes getting started
@tracker All nodes finishes job
Trial 77 finished with value: 0.96190625 and parameters: {'objective': 'multi:softprob', 'num_class': 6, 'tree_method': 'gpu_hist', 'lambda': 0.06462324044870259, 'alpha': 0.00634802490744668, 'colsample_bytree': 0.9733064116189248, 'subsample': 0.7677243612532056, 'learning_rate': 0.03095255914063398, 'max_depth': 15, 'min_child_weight': 56, 'eval_metric': 'mlogloss'}. Best is trial 62 with value: 0.962075.
start listen on 192.168.1.101:52709
@tracker All of 3 nodes getting started
@tracker All nodes finishes job
Trial 78 finished with value: 0.9617025 and parameters: {'objective': 'multi:softprob', 'num_class': 6, 'tree_method': 'gpu_hist', 'lambda': 1.961870776729681, 'alpha': 0.0018791913011173308, 'colsample_bytree': 0.8297137909582536, 'subsample': 0.8459903398575305, 'learning_rate': 0.01622353192265299, 'max_depth': 13, 'min_child_weight': 32, 'eval_metric': 'mlogloss'}. Best is trial 62 with value: 0.962075.
start listen on 192.168.1.101:36595
@tracker All of 3 nodes getting started
@tracker All nodes finishes job
Trial 79 finished with value: 0.961755 and parameters: {'objective': 'multi:softprob', 'num_class': 6, 'tree_method': 'gpu_hist', 'lambda': 0.1724474241325175, 'alpha': 0.2875492518243795, 'colsample_bytree': 0.945870131161249, 'subsample': 0.9434555617503223, 'learning_rate': 0.02634334238173058, 'max_depth': 17, 'min_child_weight': 14, 'eval_metric': 'mlogloss'}. Best is trial 62 with value: 0.962075.
start listen on 192.168.1.101:40397
@tracker All of 3 nodes getting started
@tracker All nodes finishes job
Trial 80 finished with value: 0.96189125 and parameters: {'objective': 'multi:softprob', 'num_class': 6, 'tree_method': 'gpu_hist', 'lambda': 3.9421297174996037, 'alpha': 0.5335137462852243, 'colsample_bytree': 0.9046424036524383, 'subsample': 0.8748418568262045, 'learning_rate': 0.04019800013611268, 'max_depth': 15, 'min_child_weight': 79, 'eval_metric': 'mlogloss'}. Best is trial 62 with value: 0.962075.
start listen on 192.168.1.101:51687
@tracker All of 3 nodes getting started
@tracker All nodes finishes job
Trial 81 finished with value: 0.96194375 and parameters: {'objective': 'multi:softprob', 'num_class': 6, 'tree_method': 'gpu_hist', 'lambda': 3.3273291042476085, 'alpha': 0.028210763675039666, 'colsample_bytree': 0.9932769831308036, 'subsample': 0.9388263760677626, 'learning_rate': 0.021694250795475736, 'max_depth': 15, 'min_child_weight': 43, 'eval_metric': 'mlogloss'}. Best is trial 62 with value: 0.962075.
start listen on 192.168.1.101:41807
@tracker All of 3 nodes getting started
@tracker All nodes finishes job
Trial 82 finished with value: 0.96199875 and parameters: {'objective': 'multi:softprob', 'num_class': 6, 'tree_method': 'gpu_hist', 'lambda': 1.5167523443974504, 'alpha': 0.04641209431044353, 'colsample_bytree': 0.9752245909969244, 'subsample': 0.9131637123956151, 'learning_rate': 0.02883020801091727, 'max_depth': 15, 'min_child_weight': 36, 'eval_metric': 'mlogloss'}. Best is trial 62 with value: 0.962075.
start listen on 192.168.1.101:36809
@tracker All of 3 nodes getting started
@tracker All nodes finishes job
Trial 83 finished with value: 0.9618725 and parameters: {'objective': 'multi:softprob', 'num_class': 6, 'tree_method': 'gpu_hist', 'lambda': 1.4588673285894778, 'alpha': 0.15330464498271312, 'colsample_bytree': 0.6184088126400767, 'subsample': 0.916573510265424, 'learning_rate': 0.0186210753484202, 'max_depth': 15, 'min_child_weight': 21, 'eval_metric': 'mlogloss'}. Best is trial 62 with value: 0.962075.
start listen on 192.168.1.101:34565
@tracker All of 3 nodes getting started
@tracker All nodes finishes job
