Trial 84 finished with value: 0.9619625 and parameters: {'objective': 'multi:softprob', 'num_class': 6, 'tree_method': 'gpu_hist', 'lambda': 0.8890736350678006, 'alpha': 0.2170299680340448, 'colsample_bytree': 0.9668839095040908, 'subsample': 0.8970735114644666, 'learning_rate': 0.03334085388235686, 'max_depth': 15, 'min_child_weight': 34, 'eval_metric': 'mlogloss'}. Best is trial 62 with value: 0.962075.
start listen on 192.168.1.101:52459
@tracker All of 3 nodes getting started
@tracker All nodes finishes job
Trial 85 finished with value: 0.95222375 and parameters: {'objective': 'multi:softprob', 'num_class': 6, 'tree_method': 'gpu_hist', 'lambda': 0.026607819646582237, 'alpha': 0.0014671419783677479, 'colsample_bytree': 0.9217300972956084, 'subsample': 0.8657164664023773, 'learning_rate': 0.048802676482481926, 'max_depth': 3, 'min_child_weight': 10, 'eval_metric': 'mlogloss'}. Best is trial 62 with value: 0.962075.
start listen on 192.168.1.101:49589
@tracker All of 3 nodes getting started
@tracker All nodes finishes job
Trial 86 finished with value: 0.96185875 and parameters: {'objective': 'multi:softprob', 'num_class': 6, 'tree_method': 'gpu_hist', 'lambda': 2.485059825404556, 'alpha': 0.08438842535273786, 'colsample_bytree': 0.9827753931286303, 'subsample': 0.8284327611463549, 'learning_rate': 0.02712647830576881, 'max_depth': 15, 'min_child_weight': 69, 'eval_metric': 'mlogloss'}. Best is trial 62 with value: 0.962075.
start listen on 192.168.1.101:49607
@tracker All of 3 nodes getting started
@tracker All nodes finishes job
Trial 87 finished with value: 0.96195375 and parameters: {'objective': 'multi:softprob', 'num_class': 6, 'tree_method': 'gpu_hist', 'lambda': 5.060120280183091, 'alpha': 0.0010378122883147134, 'colsample_bytree': 0.878441566537451, 'subsample': 0.805239654432256, 'learning_rate': 0.029755375469125666, 'max_depth': 20, 'min_child_weight': 57, 'eval_metric': 'mlogloss'}. Best is trial 62 with value: 0.962075.
start listen on 192.168.1.101:46225
@tracker All of 3 nodes getting started
@tracker All nodes finishes job
Trial 88 finished with value: 0.96062875 and parameters: {'objective': 'multi:softprob', 'num_class': 6, 'tree_method': 'gpu_hist', 'lambda': 1.198479977178204, 'alpha': 0.05142517188562945, 'colsample_bytree': 0.8574350613737032, 'subsample': 0.8520689295927718, 'learning_rate': 0.02156098147315445, 'max_depth': 9, 'min_child_weight': 102, 'eval_metric': 'mlogloss'}. Best is trial 62 with value: 0.962075.
start listen on 192.168.1.101:41817
@tracker All of 3 nodes getting started
@tracker All nodes finishes job
Trial 89 finished with value: 0.961445 and parameters: {'objective': 'multi:softprob', 'num_class': 6, 'tree_method': 'gpu_hist', 'lambda': 1.7973081988283754, 'alpha': 0.12528449306723424, 'colsample_bytree': 0.9406561489315874, 'subsample': 0.9294710564458657, 'learning_rate': 0.08398847350413684, 'max_depth': 15, 'min_child_weight': 28, 'eval_metric': 'mlogloss'}. Best is trial 62 with value: 0.962075.
start listen on 192.168.1.101:36011
@tracker All of 3 nodes getting started
@tracker All nodes finishes job
Trial 90 finished with value: 0.96181625 and parameters: {'objective': 'multi:softprob', 'num_class': 6, 'tree_method': 'gpu_hist', 'lambda': 0.5055440226931165, 'alpha': 0.035059732487164784, 'colsample_bytree': 0.6392444238425768, 'subsample': 0.9056022238041889, 'learning_rate': 0.0413723652217299, 'max_depth': 15, 'min_child_weight': 135, 'eval_metric': 'mlogloss'}. Best is trial 62 with value: 0.962075.
start listen on 192.168.1.101:42009
@tracker All of 3 nodes getting started
@tracker All nodes finishes job
Trial 91 finished with value: 0.96184875 and parameters: {'objective': 'multi:softprob', 'num_class': 6, 'tree_method': 'gpu_hist', 'lambda': 3.2865057515599836, 'alpha': 0.023375683323037733, 'colsample_bytree': 0.9986239837878361, 'subsample': 0.9516563104212443, 'learning_rate': 0.0351698431780596, 'max_depth': 15, 'min_child_weight': 45, 'eval_metric': 'mlogloss'}. Best is trial 62 with value: 0.962075.
start listen on 192.168.1.101:47061
@tracker All of 3 nodes getting started
@tracker All nodes finishes job
Trial 92 finished with value: 0.962025 and parameters: {'objective': 'multi:softprob', 'num_class': 6, 'tree_method': 'gpu_hist', 'lambda': 2.5886243087305547, 'alpha': 0.05997365194588192, 'colsample_bytree': 0.9600539859835278, 'subsample': 0.9710131122191112, 'learning_rate': 0.028280212885871837, 'max_depth': 15, 'min_child_weight': 38, 'eval_metric': 'mlogloss'}. Best is trial 62 with value: 0.962075.
start listen on 192.168.1.101:40575
@tracker All of 3 nodes getting started
@tracker All nodes finishes job
Trial 93 finished with value: 0.96194 and parameters: {'objective': 'multi:softprob', 'num_class': 6, 'tree_method': 'gpu_hist', 'lambda': 2.588549668339867, 'alpha': 0.06764254183468033, 'colsample_bytree': 0.963380337862914, 'subsample': 0.9778534339398296, 'learning_rate': 0.02490357262518251, 'max_depth': 15, 'min_child_weight': 18, 'eval_metric': 'mlogloss'}. Best is trial 62 with value: 0.962075.
start listen on 192.168.1.101:37703
@tracker All of 3 nodes getting started
@tracker All nodes finishes job
Trial 94 finished with value: 0.96198 and parameters: {'objective': 'multi:softprob', 'num_class': 6, 'tree_method': 'gpu_hist', 'lambda': 5.683886481458626, 'alpha': 0.04830225326362059, 'colsample_bytree': 0.9786628119567883, 'subsample': 0.8832699470136899, 'learning_rate': 0.029280222140569623, 'max_depth': 15, 'min_child_weight': 35, 'eval_metric': 'mlogloss'}. Best is trial 62 with value: 0.962075.
start listen on 192.168.1.101:51823
@tracker All of 3 nodes getting started
@tracker All nodes finishes job
Trial 95 finished with value: 0.96178125 and parameters: {'objective': 'multi:softprob', 'num_class': 6, 'tree_method': 'gpu_hist', 'lambda': 5.0980336874376375, 'alpha': 7.010917914106969, 'colsample_bytree': 0.9542866279221283, 'subsample': 0.4479028359108091, 'learning_rate': 0.029148643580829522, 'max_depth': 15, 'min_child_weight': 37, 'eval_metric': 'mlogloss'}. Best is trial 62 with value: 0.962075.
start listen on 192.168.1.101:40409
@tracker All of 3 nodes getting started
@tracker All nodes finishes job
Trial 96 finished with value: 0.9617175 and parameters: {'objective': 'multi:softprob', 'num_class': 6, 'tree_method': 'gpu_hist', 'lambda': 6.353660436212074, 'alpha': 0.057008358514847916, 'colsample_bytree': 0.8953301969832174, 'subsample': 0.8893680322616365, 'learning_rate': 0.05721555623633514, 'max_depth': 15, 'min_child_weight': 64, 'eval_metric': 'mlogloss'}. Best is trial 62 with value: 0.962075.
start listen on 192.168.1.101:39821
@tracker All of 3 nodes getting started
@tracker All nodes finishes job
Trial 97 finished with value: 0.9619125 and parameters: {'objective': 'multi:softprob', 'num_class': 6, 'tree_method': 'gpu_hist', 'lambda': 7.994742751791818, 'alpha': 0.09842880279652068, 'colsample_bytree': 0.9302201749595972, 'subsample': 0.9300056403591128, 'learning_rate': 0.03251167704529662, 'max_depth': 15, 'min_child_weight': 46, 'eval_metric': 'mlogloss'}. Best is trial 62 with value: 0.962075.
start listen on 192.168.1.101:54895
@tracker All of 3 nodes getting started
@tracker All nodes finishes job
Trial 98 finished with value: 0.9539725 and parameters: {'objective': 'multi:softprob', 'num_class': 6, 'tree_method': 'gpu_hist', 'lambda': 4.052248701769011, 'alpha': 0.045215156580440716, 'colsample_bytree': 0.9825803871393318, 'subsample': 0.5063983675586667, 'learning_rate': 0.008246522892188957, 'max_depth': 7, 'min_child_weight': 2, 'eval_metric': 'mlogloss'}. Best is trial 62 with value: 0.962075.
start listen on 192.168.1.101:46091
@tracker All of 3 nodes getting started
@tracker All nodes finishes job
Trial 99 finished with value: 0.944225 and parameters: {'objective': 'multi:softprob', 'num_class': 6, 'tree_method': 'gpu_hist', 'lambda': 2.054918483109104, 'alpha': 0.03683822987790917, 'colsample_bytree': 0.5790100880964288, 'subsample': 0.9692939178917017, 'learning_rate': 0.0022870043768175924, 'max_depth': 15, 'min_child_weight': 54, 'eval_metric': 'mlogloss'}. Best is trial 62 with value: 0.962075.
start listen on 192.168.1.101:35687
@tracker All of 3 nodes getting started
@tracker All nodes finishes job
Trial 100 finished with value: 0.95922375 and parameters: {'objective': 'multi:softprob', 'num_class': 6, 'tree_method': 'gpu_hist', 'lambda': 1.433621663895005, 'alpha': 0.36505697946318977, 'colsample_bytree': 0.9106755612448878, 'subsample': 0.9179991077818216, 'learning_rate': 0.043809541649375235, 'max_depth': 5, 'min_child_weight': 20, 'eval_metric': 'mlogloss'}. Best is trial 62 with value: 0.962075.
start listen on 192.168.1.101:36703
@tracker All of 3 nodes getting started
@tracker All nodes finishes job
Trial 101 finished with value: 0.96201625 and parameters: {'objective': 'multi:softprob', 'num_class': 6, 'tree_method': 'gpu_hist', 'lambda': 2.9498994266106466, 'alpha': 0.027976268255398284, 'colsample_bytree': 0.9679475520056382, 'subsample': 0.878775265874892, 'learning_rate': 0.02573179164723082, 'max_depth': 15, 'min_child_weight': 35, 'eval_metric': 'mlogloss'}. Best is trial 62 with value: 0.962075.
start listen on 192.168.1.101:53031
@tracker All of 3 nodes getting started
@tracker All nodes finishes job
Trial 102 finished with value: 0.96204125 and parameters: {'objective': 'multi:softprob', 'num_class': 6, 'tree_method': 'gpu_hist', 'lambda': 2.9350590583658605, 'alpha': 0.0591128781538051, 'colsample_bytree': 0.9430899474386675, 'subsample': 0.8740575034623018, 'learning_rate': 0.019437620636478053, 'max_depth': 15, 'min_child_weight': 36, 'eval_metric': 'mlogloss'}. Best is trial 62 with value: 0.962075.
start listen on 192.168.1.101:37629
@tracker All of 3 nodes getting started
@tracker All nodes finishes job
Trial 103 finished with value: 0.96189875 and parameters: {'objective': 'multi:softprob', 'num_class': 6, 'tree_method': 'gpu_hist', 'lambda': 2.8708452768308463, 'alpha': 0.02840282524865825, 'colsample_bytree': 0.9420446617848273, 'subsample': 0.8709322408001261, 'learning_rate': 0.03540620160782922, 'max_depth': 15, 'min_child_weight': 35, 'eval_metric': 'mlogloss'}. Best is trial 62 with value: 0.962075.
start listen on 192.168.1.101:43107
@tracker All of 3 nodes getting started
@tracker All nodes finishes job
Trial 104 finished with value: 0.96195125 and parameters: {'objective': 'multi:softprob', 'num_class': 6, 'tree_method': 'gpu_hist', 'lambda': 5.793931038252602, 'alpha': 0.017981852628983372, 'colsample_bytree': 0.927050488284909, 'subsample': 0.9004887542212917, 'learning_rate': 0.027579810942078054, 'max_depth': 15, 'min_child_weight': 11, 'eval_metric': 'mlogloss'}. Best is trial 62 with value: 0.962075.
start listen on 192.168.1.101:41339
@tracker All of 3 nodes getting started
@tracker All nodes finishes job
Trial 105 finished with value: 0.958895 and parameters: {'objective': 'multi:softprob', 'num_class': 6, 'tree_method': 'gpu_hist', 'lambda': 4.527803479111545, 'alpha': 0.06283112520081681, 'colsample_bytree': 0.9565514723271621, 'subsample': 0.8834898506723385, 'learning_rate': 0.00485089381993952, 'max_depth': 15, 'min_child_weight': 25, 'eval_metric': 'mlogloss'}. Best is trial 62 with value: 0.962075.
start listen on 192.168.1.101:58963
@tracker All of 3 nodes getting started
@tracker All nodes finishes job
Trial 106 finished with value: 0.96098875 and parameters: {'objective': 'multi:softprob', 'num_class': 6, 'tree_method': 'gpu_hist', 'lambda': 3.5850735352628296, 'alpha': 0.08097420454754717, 'colsample_bytree': 0.7283049994369624, 'subsample': 0.8378807297289995, 'learning_rate': 0.022894871386480473, 'max_depth': 9, 'min_child_weight': 37, 'eval_metric': 'mlogloss'}. Best is trial 62 with value: 0.962075.
start listen on 192.168.1.101:53027
@tracker All of 3 nodes getting started
@tracker All nodes finishes job
Trial 107 finished with value: 0.96076625 and parameters: {'objective': 'multi:softprob', 'num_class': 6, 'tree_method': 'gpu_hist', 'lambda': 2.2460412358880335, 'alpha': 0.041851533790849584, 'colsample_bytree': 0.9857616665268932, 'subsample': 0.6113142593222587, 'learning_rate': 0.017045509472945062, 'max_depth': 17, 'min_child_weight': 220, 'eval_metric': 'mlogloss'}. Best is trial 62 with value: 0.962075.
start listen on 192.168.1.101:33707
@tracker All of 3 nodes getting started
@tracker All nodes finishes job
Trial 108 finished with value: 0.96190125 and parameters: {'objective': 'multi:softprob', 'num_class': 6, 'tree_method': 'gpu_hist', 'lambda': 1.6548997621306027, 'alpha': 0.11738658324933639, 'colsample_bytree': 0.8871797656148295, 'subsample': 0.8577845561293631, 'learning_rate': 0.01961897688199319, 'max_depth': 15, 'min_child_weight': 15, 'eval_metric': 'mlogloss'}. Best is trial 62 with value: 0.962075.
start listen on 192.168.1.101:34703
@tracker All of 3 nodes getting started
@tracker All nodes finishes job
Trial 109 finished with value: 0.961915 and parameters: {'objective': 'multi:softprob', 'num_class': 6, 'tree_method': 'gpu_hist', 'lambda': 2.875210293153981, 'alpha': 0.024622725446233142, 'colsample_bytree': 0.9403475823254673, 'subsample': 0.8962406792473572, 'learning_rate': 0.026071095675407233, 'max_depth': 15, 'min_child_weight': 51, 'eval_metric': 'mlogloss'}. Best is trial 62 with value: 0.962075.
start listen on 192.168.1.101:44937
@tracker All of 3 nodes getting started
@tracker All nodes finishes job
Trial 110 finished with value: 0.961865 and parameters: {'objective': 'multi:softprob', 'num_class': 6, 'tree_method': 'gpu_hist', 'lambda': 8.765323054860742, 'alpha': 0.049054805799470205, 'colsample_bytree': 0.9011003206417405, 'subsample': 0.8784000487401998, 'learning_rate': 0.015220481861283726, 'max_depth': 15, 'min_child_weight': 30, 'eval_metric': 'mlogloss'}. Best is trial 62 with value: 0.962075.
start listen on 192.168.1.101:53407
@tracker All of 3 nodes getting started
@tracker All nodes finishes job
Trial 111 finished with value: 0.96200125 and parameters: {'objective': 'multi:softprob', 'num_class': 6, 'tree_method': 'gpu_hist', 'lambda': 4.130614344873627, 'alpha': 0.07497673764773581, 'colsample_bytree': 0.9626459706445567, 'subsample': 0.9478185789653397, 'learning_rate': 0.029848284010798278, 'max_depth': 15, 'min_child_weight': 41, 'eval_metric': 'mlogloss'}. Best is trial 62 with value: 0.962075.
start listen on 192.168.1.101:38363
@tracker All of 3 nodes getting started
@tracker All nodes finishes job
Trial 112 finished with value: 0.96195125 and parameters: {'objective': 'multi:softprob', 'num_class': 6, 'tree_method': 'gpu_hist', 'lambda': 4.3012218962239475, 'alpha': 0.07464603212431489, 'colsample_bytree': 0.9594061979835798, 'subsample': 0.9127010187371117, 'learning_rate': 0.03015074274855493, 'max_depth': 15, 'min_child_weight': 39, 'eval_metric': 'mlogloss'}. Best is trial 62 with value: 0.962075.
start listen on 192.168.1.101:55175
@tracker All of 3 nodes getting started
@tracker All nodes finishes job
Trial 113 finished with value: 0.9618125 and parameters: {'objective': 'multi:softprob', 'num_class': 6, 'tree_method': 'gpu_hist', 'lambda': 5.558370118329598, 'alpha': 0.061293249833254064, 'colsample_bytree': 0.9770567686377255, 'subsample': 0.923669744993287, 'learning_rate': 0.038383168841604, 'max_depth': 15, 'min_child_weight': 8, 'eval_metric': 'mlogloss'}. Best is trial 62 with value: 0.962075.
start listen on 192.168.1.101:49741
@tracker All of 3 nodes getting started
@tracker All nodes finishes job
Trial 114 finished with value: 0.96203625 and parameters: {'objective': 'multi:softprob', 'num_class': 6, 'tree_method': 'gpu_hist', 'lambda': 6.914859958370826, 'alpha': 0.08885724381262637, 'colsample_bytree': 0.9169688429142719, 'subsample': 0.9542285533994579, 'learning_rate': 0.022339586241243308, 'max_depth': 15, 'min_child_weight': 24, 'eval_metric': 'mlogloss'}. Best is trial 62 with value: 0.962075.
start listen on 192.168.1.101:52455
@tracker All of 3 nodes getting started
@tracker All nodes finishes job
Trial 115 finished with value: 0.9619325 and parameters: {'objective': 'multi:softprob', 'num_class': 6, 'tree_method': 'gpu_hist', 'lambda': 3.6398152347334785, 'alpha': 0.1415941469652014, 'colsample_bytree': 0.8615735637977175, 'subsample': 0.4018830551226112, 'learning_rate': 0.021457448265416845, 'max_depth': 15, 'min_child_weight': 21, 'eval_metric': 'mlogloss'}. Best is trial 62 with value: 0.962075.
start listen on 192.168.1.101:45025
@tracker All of 3 nodes getting started
@tracker All nodes finishes job
Trial 116 finished with value: 0.95985625 and parameters: {'objective': 'multi:softprob', 'num_class': 6, 'tree_method': 'gpu_hist', 'lambda': 7.053817546198144, 'alpha': 0.17854820875460103, 'colsample_bytree': 0.9178592224906046, 'subsample': 0.9601837185681192, 'learning_rate': 0.013577955958669497, 'max_depth': 9, 'min_child_weight': 26, 'eval_metric': 'mlogloss'}. Best is trial 62 with value: 0.962075.
start listen on 192.168.1.101:35217
@tracker All of 3 nodes getting started
@tracker All nodes finishes job
Trial 117 finished with value: 0.9401675 and parameters: {'objective': 'multi:softprob', 'num_class': 6, 'tree_method': 'gpu_hist', 'lambda': 2.4437283235667366, 'alpha': 3.6001870542385386, 'colsample_bytree': 0.5143641454096726, 'subsample': 0.9511855169480662, 'learning_rate': 0.02326026852174002, 'max_depth': 3, 'min_child_weight': 45, 'eval_metric': 'mlogloss'}. Best is trial 62 with value: 0.962075.
start listen on 192.168.1.101:33011
@tracker All of 3 nodes getting started
@tracker All nodes finishes job
Trial 118 finished with value: 0.96194 and parameters: {'objective': 'multi:softprob', 'num_class': 6, 'tree_method': 'gpu_hist', 'lambda': 2.872762702057898, 'alpha': 0.09557607313562128, 'colsample_bytree': 0.5994622012630839, 'subsample': 0.935404869383522, 'learning_rate': 0.03219430603719541, 'max_depth': 15, 'min_child_weight': 60, 'eval_metric': 'mlogloss'}. Best is trial 62 with value: 0.962075.
start listen on 192.168.1.101:45033
@tracker All of 3 nodes getting started
@tracker All nodes finishes job
Trial 119 finished with value: 0.9619925 and parameters: {'objective': 'multi:softprob', 'num_class': 6, 'tree_method': 'gpu_hist', 'lambda': 4.230648984378284, 'alpha': 0.11184856001036034, 'colsample_bytree': 0.93039980758865, 'subsample': 0.7328553151730124, 'learning_rate': 0.0186143076787382, 'max_depth': 20, 'min_child_weight': 16, 'eval_metric': 'mlogloss'}. Best is trial 62 with value: 0.962075.
start listen on 192.168.1.101:38403
@tracker All of 3 nodes getting started
@tracker All nodes finishes job
Trial 120 finished with value: 0.95847125 and parameters: {'objective': 'multi:softprob', 'num_class': 6, 'tree_method': 'gpu_hist', 'lambda': 4.820258310066945, 'alpha': 0.015682381659807464, 'colsample_bytree': 0.9270971645252604, 'subsample': 0.7117685455891039, 'learning_rate': 0.022464095153473664, 'max_depth': 7, 'min_child_weight': 249, 'eval_metric': 'mlogloss'}. Best is trial 62 with value: 0.962075.
start listen on 192.168.1.101:44019
@tracker All of 3 nodes getting started
@tracker All nodes finishes job
Trial 121 finished with value: 0.96209625 and parameters: {'objective': 'multi:softprob', 'num_class': 6, 'tree_method': 'gpu_hist', 'lambda': 3.5909264225503734, 'alpha': 0.08124126964399207, 'colsample_bytree': 0.9510302907975816, 'subsample': 0.5544504524133146, 'learning_rate': 0.019121589219130423, 'max_depth': 20, 'min_child_weight': 16, 'eval_metric': 'mlogloss'}. Best is trial 121 with value: 0.96209625.
start listen on 192.168.1.101:39715
@tracker All of 3 nodes getting started
@tracker All nodes finishes job
Trial 122 finished with value: 0.96198 and parameters: {'objective': 'multi:softprob', 'num_class': 6, 'tree_method': 'gpu_hist', 'lambda': 9.909660914706796, 'alpha': 0.0828949654947756, 'colsample_bytree': 0.9487965950890699, 'subsample': 0.749993321149748, 'learning_rate': 0.018848604209313984, 'max_depth': 20, 'min_child_weight': 19, 'eval_metric': 'mlogloss'}. Best is trial 121 with value: 0.96209625.
start listen on 192.168.1.101:59307
@tracker All of 3 nodes getting started
@tracker All nodes finishes job
Trial 123 finished with value: 0.9620125 and parameters: {'objective': 'multi:softprob', 'num_class': 6, 'tree_method': 'gpu_hist', 'lambda': 2.0603472031860814, 'alpha': 1.6039533892581723, 'colsample_bytree': 0.909888017725858, 'subsample': 0.5942435256952118, 'learning_rate': 0.017176117772919393, 'max_depth': 20, 'min_child_weight': 26, 'eval_metric': 'mlogloss'}. Best is trial 121 with value: 0.96209625.
start listen on 192.168.1.101:35057
@tracker All of 3 nodes getting started
@tracker All nodes finishes job
Trial 124 finished with value: 0.96192 and parameters: {'objective': 'multi:softprob', 'num_class': 6, 'tree_method': 'gpu_hist', 'lambda': 2.0359687852463324, 'alpha': 1.3117213772277911, 'colsample_bytree': 0.9122947652351479, 'subsample': 0.5023240334376761, 'learning_rate': 0.017257652330049757, 'max_depth': 20, 'min_child_weight': 30, 'eval_metric': 'mlogloss'}. Best is trial 121 with value: 0.96209625.
start listen on 192.168.1.101:41639
@tracker All of 3 nodes getting started
@tracker All nodes finishes job
Trial 125 finished with value: 0.96143375 and parameters: {'objective': 'multi:softprob', 'num_class': 6, 'tree_method': 'gpu_hist', 'lambda': 3.2740381864831, 'alpha': 1.961047310445505, 'colsample_bytree': 0.8313430508812912, 'subsample': 0.5844509777510644, 'learning_rate': 0.011487805796213744, 'max_depth': 20, 'min_child_weight': 53, 'eval_metric': 'mlogloss'}. Best is trial 121 with value: 0.96209625.
start listen on 192.168.1.101:45927
@tracker All of 3 nodes getting started
@tracker All nodes finishes job
