Trial 966 finished with value: 0.961985 and parameters: {'objective': 'multi:softprob', 'num_class': 6, 'tree_method': 'gpu_hist', 'lambda': 8.343474193262876, 'alpha': 7.374290009118861, 'colsample_bytree': 0.8581018225573245, 'subsample': 0.5745712779141015, 'learning_rate': 0.021854495695305766, 'max_depth': 17, 'min_child_weight': 8, 'eval_metric': 'mlogloss'}. Best is trial 847 with value: 0.96217375.
start listen on 192.168.1.101:54481
@tracker All of 3 nodes getting started
@tracker All nodes finishes job
Trial 967 finished with value: 0.96106125 and parameters: {'objective': 'multi:softprob', 'num_class': 6, 'tree_method': 'gpu_hist', 'lambda': 7.221865052303755, 'alpha': 8.773276682353176, 'colsample_bytree': 0.8412311276251874, 'subsample': 0.5451141183925058, 'learning_rate': 0.019979446173876498, 'max_depth': 20, 'min_child_weight': 175, 'eval_metric': 'mlogloss'}. Best is trial 847 with value: 0.96217375.
start listen on 192.168.1.101:52207
@tracker All of 3 nodes getting started
@tracker All nodes finishes job
Trial 968 finished with value: 0.96210375 and parameters: {'objective': 'multi:softprob', 'num_class': 6, 'tree_method': 'gpu_hist', 'lambda': 7.402636611153722, 'alpha': 6.143638757328522, 'colsample_bytree': 0.883490426852983, 'subsample': 0.5445340527459555, 'learning_rate': 0.023106297377639196, 'max_depth': 20, 'min_child_weight': 14, 'eval_metric': 'mlogloss'}. Best is trial 847 with value: 0.96217375.
start listen on 192.168.1.101:34541
@tracker All of 3 nodes getting started
@tracker All nodes finishes job
Trial 969 finished with value: 0.9614125 and parameters: {'objective': 'multi:softprob', 'num_class': 6, 'tree_method': 'gpu_hist', 'lambda': 8.727398194413155, 'alpha': 9.883337990479744, 'colsample_bytree': 0.9166374198971865, 'subsample': 0.49386653202002095, 'learning_rate': 0.025893214224852898, 'max_depth': 20, 'min_child_weight': 127, 'eval_metric': 'mlogloss'}. Best is trial 847 with value: 0.96217375.
start listen on 192.168.1.101:40757
@tracker All of 3 nodes getting started
@tracker All nodes finishes job
Trial 970 finished with value: 0.96208375 and parameters: {'objective': 'multi:softprob', 'num_class': 6, 'tree_method': 'gpu_hist', 'lambda': 6.698056524671071, 'alpha': 5.019471402228217, 'colsample_bytree': 0.8947163570850151, 'subsample': 0.5630725387042174, 'learning_rate': 0.01915391556867221, 'max_depth': 20, 'min_child_weight': 9, 'eval_metric': 'mlogloss'}. Best is trial 847 with value: 0.96217375.
start listen on 192.168.1.101:44779
@tracker All of 3 nodes getting started
@tracker All nodes finishes job
Trial 971 finished with value: 0.9620125 and parameters: {'objective': 'multi:softprob', 'num_class': 6, 'tree_method': 'gpu_hist', 'lambda': 9.99277291388248, 'alpha': 8.680915308554196, 'colsample_bytree': 0.8698629285156715, 'subsample': 0.5789390070797534, 'learning_rate': 0.018342929070589938, 'max_depth': 20, 'min_child_weight': 1, 'eval_metric': 'mlogloss'}. Best is trial 847 with value: 0.96217375.
start listen on 192.168.1.101:38915
@tracker All of 3 nodes getting started
@tracker All nodes finishes job
Trial 972 finished with value: 0.96211 and parameters: {'objective': 'multi:softprob', 'num_class': 6, 'tree_method': 'gpu_hist', 'lambda': 8.396579272126287, 'alpha': 7.907774251096552, 'colsample_bytree': 0.9142069554305206, 'subsample': 0.5558309864663881, 'learning_rate': 0.020788177825391753, 'max_depth': 20, 'min_child_weight': 15, 'eval_metric': 'mlogloss'}. Best is trial 847 with value: 0.96217375.
start listen on 192.168.1.101:53393
@tracker All of 3 nodes getting started
@tracker All nodes finishes job
Trial 973 finished with value: 0.96191875 and parameters: {'objective': 'multi:softprob', 'num_class': 6, 'tree_method': 'gpu_hist', 'lambda': 7.333239927555048, 'alpha': 7.62170265505235, 'colsample_bytree': 0.9042052953706528, 'subsample': 0.5445269936146809, 'learning_rate': 0.024123334782590367, 'max_depth': 13, 'min_child_weight': 8, 'eval_metric': 'mlogloss'}. Best is trial 847 with value: 0.96217375.
start listen on 192.168.1.101:34717
@tracker All of 3 nodes getting started
@tracker All nodes finishes job
Trial 974 finished with value: 0.96198875 and parameters: {'objective': 'multi:softprob', 'num_class': 6, 'tree_method': 'gpu_hist', 'lambda': 9.960700209035396, 'alpha': 7.100444789676251, 'colsample_bytree': 0.9194591353029726, 'subsample': 0.5668592802055504, 'learning_rate': 0.022523201932849027, 'max_depth': 20, 'min_child_weight': 17, 'eval_metric': 'mlogloss'}. Best is trial 847 with value: 0.96217375.
start listen on 192.168.1.101:45351
@tracker All of 3 nodes getting started
@tracker All nodes finishes job
Trial 975 finished with value: 0.962025 and parameters: {'objective': 'multi:softprob', 'num_class': 6, 'tree_method': 'gpu_hist', 'lambda': 8.465416812151473, 'alpha': 5.93802019167058, 'colsample_bytree': 0.9191987012316953, 'subsample': 0.5706614967044318, 'learning_rate': 0.025529204688682864, 'max_depth': 20, 'min_child_weight': 16, 'eval_metric': 'mlogloss'}. Best is trial 847 with value: 0.96217375.
start listen on 192.168.1.101:33027
@tracker All of 3 nodes getting started
@tracker All nodes finishes job
Trial 976 finished with value: 0.96198625 and parameters: {'objective': 'multi:softprob', 'num_class': 6, 'tree_method': 'gpu_hist', 'lambda': 0.6600885226417836, 'alpha': 7.074777142348997, 'colsample_bytree': 0.9276389482650657, 'subsample': 0.571621352659843, 'learning_rate': 0.021053804662887927, 'max_depth': 20, 'min_child_weight': 1, 'eval_metric': 'mlogloss'}. Best is trial 847 with value: 0.96217375.
start listen on 192.168.1.101:52009
@tracker All of 3 nodes getting started
@tracker All nodes finishes job
Trial 977 finished with value: 0.942735 and parameters: {'objective': 'multi:softprob', 'num_class': 6, 'tree_method': 'gpu_hist', 'lambda': 8.441642965539307, 'alpha': 8.760929435310837, 'colsample_bytree': 0.5044660566109133, 'subsample': 0.5231885018568992, 'learning_rate': 0.027624934112547007, 'max_depth': 3, 'min_child_weight': 15, 'eval_metric': 'mlogloss'}. Best is trial 847 with value: 0.96217375.
start listen on 192.168.1.101:50665
@tracker All of 3 nodes getting started
@tracker All nodes finishes job
Trial 978 finished with value: 0.96215625 and parameters: {'objective': 'multi:softprob', 'num_class': 6, 'tree_method': 'gpu_hist', 'lambda': 6.154205886934384, 'alpha': 5.982123517620113, 'colsample_bytree': 0.7236368378277457, 'subsample': 0.5390898409179798, 'learning_rate': 0.02269204731584798, 'max_depth': 20, 'min_child_weight': 7, 'eval_metric': 'mlogloss'}. Best is trial 847 with value: 0.96217375.
start listen on 192.168.1.101:43275
@tracker All of 3 nodes getting started
@tracker All nodes finishes job
Trial 979 finished with value: 0.96205375 and parameters: {'objective': 'multi:softprob', 'num_class': 6, 'tree_method': 'gpu_hist', 'lambda': 5.960773291253671, 'alpha': 4.224733095499477, 'colsample_bytree': 0.638438010678035, 'subsample': 0.5353435820674811, 'learning_rate': 0.02489411806422492, 'max_depth': 20, 'min_child_weight': 6, 'eval_metric': 'mlogloss'}. Best is trial 847 with value: 0.96217375.
start listen on 192.168.1.101:43561
@tracker All of 3 nodes getting started
@tracker All nodes finishes job
Trial 980 finished with value: 0.962085 and parameters: {'objective': 'multi:softprob', 'num_class': 6, 'tree_method': 'gpu_hist', 'lambda': 6.385677935791513, 'alpha': 7.696599526111251, 'colsample_bytree': 0.722294553022764, 'subsample': 0.5560220499780418, 'learning_rate': 0.027226251480950592, 'max_depth': 20, 'min_child_weight': 5, 'eval_metric': 'mlogloss'}. Best is trial 847 with value: 0.96217375.
start listen on 192.168.1.101:42281
@tracker All of 3 nodes getting started
@tracker All nodes finishes job
Trial 981 finished with value: 0.96112625 and parameters: {'objective': 'multi:softprob', 'num_class': 6, 'tree_method': 'gpu_hist', 'lambda': 6.450306969691296, 'alpha': 6.081118774781306, 'colsample_bytree': 0.8418029117377186, 'subsample': 0.5380499185319602, 'learning_rate': 0.023047865201224142, 'max_depth': 9, 'min_child_weight': 6, 'eval_metric': 'mlogloss'}. Best is trial 847 with value: 0.96217375.
start listen on 192.168.1.101:37823
@tracker All of 3 nodes getting started
@tracker All nodes finishes job
Trial 982 finished with value: 0.9619075 and parameters: {'objective': 'multi:softprob', 'num_class': 6, 'tree_method': 'gpu_hist', 'lambda': 6.314616277767354, 'alpha': 5.4345383652579855, 'colsample_bytree': 0.556263103493455, 'subsample': 0.5279992844065344, 'learning_rate': 0.023601147844734122, 'max_depth': 20, 'min_child_weight': 9, 'eval_metric': 'mlogloss'}. Best is trial 847 with value: 0.96217375.
start listen on 192.168.1.101:49317
@tracker All of 3 nodes getting started
@tracker All nodes finishes job
Trial 983 finished with value: 0.962035 and parameters: {'objective': 'multi:softprob', 'num_class': 6, 'tree_method': 'gpu_hist', 'lambda': 7.341768593457496, 'alpha': 9.953412767364803, 'colsample_bytree': 0.7866444948588163, 'subsample': 0.5295020918098539, 'learning_rate': 0.022190470843109784, 'max_depth': 20, 'min_child_weight': 10, 'eval_metric': 'mlogloss'}. Best is trial 847 with value: 0.96217375.
start listen on 192.168.1.101:58461
@tracker All of 3 nodes getting started
@tracker All nodes finishes job
Trial 984 finished with value: 0.96198875 and parameters: {'objective': 'multi:softprob', 'num_class': 6, 'tree_method': 'gpu_hist', 'lambda': 8.552466732778989, 'alpha': 7.723674232065633, 'colsample_bytree': 0.6649910622468821, 'subsample': 0.5536315543888416, 'learning_rate': 0.0280876196803187, 'max_depth': 20, 'min_child_weight': 1, 'eval_metric': 'mlogloss'}. Best is trial 847 with value: 0.96217375.
start listen on 192.168.1.101:38793
@tracker All of 3 nodes getting started
@tracker All nodes finishes job
Trial 985 finished with value: 0.9621375 and parameters: {'objective': 'multi:softprob', 'num_class': 6, 'tree_method': 'gpu_hist', 'lambda': 9.995587801530196, 'alpha': 5.837459148363455, 'colsample_bytree': 0.8855283518349176, 'subsample': 0.5538434404627368, 'learning_rate': 0.025191506905331156, 'max_depth': 20, 'min_child_weight': 11, 'eval_metric': 'mlogloss'}. Best is trial 847 with value: 0.96217375.
start listen on 192.168.1.101:35029
@tracker All of 3 nodes getting started
@tracker All nodes finishes job
Trial 986 finished with value: 0.9619875 and parameters: {'objective': 'multi:softprob', 'num_class': 6, 'tree_method': 'gpu_hist', 'lambda': 8.678086891408864, 'alpha': 6.32399238552681, 'colsample_bytree': 0.9001178826364178, 'subsample': 0.5566478749660686, 'learning_rate': 0.030607689834457916, 'max_depth': 20, 'min_child_weight': 5, 'eval_metric': 'mlogloss'}. Best is trial 847 with value: 0.96217375.
start listen on 192.168.1.101:45585
@tracker All of 3 nodes getting started
@tracker All nodes finishes job
Trial 987 finished with value: 0.96025125 and parameters: {'objective': 'multi:softprob', 'num_class': 6, 'tree_method': 'gpu_hist', 'lambda': 9.904792261632068, 'alpha': 8.67297603060308, 'colsample_bytree': 0.824130477423529, 'subsample': 0.5487905967629618, 'learning_rate': 0.029458015811688526, 'max_depth': 7, 'min_child_weight': 9, 'eval_metric': 'mlogloss'}. Best is trial 847 with value: 0.96217375.
start listen on 192.168.1.101:39295
@tracker All of 3 nodes getting started
@tracker All nodes finishes job
Trial 988 finished with value: 0.96204625 and parameters: {'objective': 'multi:softprob', 'num_class': 6, 'tree_method': 'gpu_hist', 'lambda': 5.373823321877193, 'alpha': 5.85046954754638, 'colsample_bytree': 0.8160422022346432, 'subsample': 0.550592124595625, 'learning_rate': 0.02568631539899518, 'max_depth': 20, 'min_child_weight': 1, 'eval_metric': 'mlogloss'}. Best is trial 847 with value: 0.96217375.
start listen on 192.168.1.101:55543
@tracker All of 3 nodes getting started
@tracker All nodes finishes job
Trial 989 finished with value: 0.96197625 and parameters: {'objective': 'multi:softprob', 'num_class': 6, 'tree_method': 'gpu_hist', 'lambda': 7.2955173672550195, 'alpha': 6.127712515606341, 'colsample_bytree': 0.8880272493703529, 'subsample': 0.5593814959720301, 'learning_rate': 0.02967103308468794, 'max_depth': 20, 'min_child_weight': 1, 'eval_metric': 'mlogloss'}. Best is trial 847 with value: 0.96217375.
start listen on 192.168.1.101:33913
@tracker All of 3 nodes getting started
@tracker All nodes finishes job
Trial 990 finished with value: 0.95599625 and parameters: {'objective': 'multi:softprob', 'num_class': 6, 'tree_method': 'gpu_hist', 'lambda': 8.702882880064932, 'alpha': 7.211606443210434, 'colsample_bytree': 0.706174343545827, 'subsample': 0.5429200591776091, 'learning_rate': 0.026197096840607798, 'max_depth': 5, 'min_child_weight': 13, 'eval_metric': 'mlogloss'}. Best is trial 847 with value: 0.96217375.
start listen on 192.168.1.101:57117
@tracker All of 3 nodes getting started
@tracker All nodes finishes job
Trial 991 finished with value: 0.9620325 and parameters: {'objective': 'multi:softprob', 'num_class': 6, 'tree_method': 'gpu_hist', 'lambda': 6.744009840514931, 'alpha': 5.511934392502633, 'colsample_bytree': 0.6918362943501389, 'subsample': 0.5204465114990406, 'learning_rate': 0.03385404427193542, 'max_depth': 20, 'min_child_weight': 15, 'eval_metric': 'mlogloss'}. Best is trial 847 with value: 0.96217375.
start listen on 192.168.1.101:35603
@tracker All of 3 nodes getting started
@tracker All nodes finishes job
Trial 992 finished with value: 0.9619775 and parameters: {'objective': 'multi:softprob', 'num_class': 6, 'tree_method': 'gpu_hist', 'lambda': 5.573904606145733, 'alpha': 7.587111559815336, 'colsample_bytree': 0.7394030856713832, 'subsample': 0.5637651416724847, 'learning_rate': 0.02492719960750928, 'max_depth': 15, 'min_child_weight': 9, 'eval_metric': 'mlogloss'}. Best is trial 847 with value: 0.96217375.
start listen on 192.168.1.101:54581
@tracker All of 3 nodes getting started
@tracker All nodes finishes job
Trial 993 finished with value: 0.96202125 and parameters: {'objective': 'multi:softprob', 'num_class': 6, 'tree_method': 'gpu_hist', 'lambda': 9.954762396769631, 'alpha': 5.58959524061244, 'colsample_bytree': 0.9117276083309314, 'subsample': 0.5610126159704432, 'learning_rate': 0.03142399267918247, 'max_depth': 20, 'min_child_weight': 18, 'eval_metric': 'mlogloss'}. Best is trial 847 with value: 0.96217375.
start listen on 192.168.1.101:47255
@tracker All of 3 nodes getting started
@tracker All nodes finishes job
Trial 994 finished with value: 0.96200625 and parameters: {'objective': 'multi:softprob', 'num_class': 6, 'tree_method': 'gpu_hist', 'lambda': 7.529782460749666, 'alpha': 6.552115088475598, 'colsample_bytree': 0.5999091348446285, 'subsample': 0.503646102764645, 'learning_rate': 0.027386296089618227, 'max_depth': 20, 'min_child_weight': 9, 'eval_metric': 'mlogloss'}. Best is trial 847 with value: 0.96217375.
start listen on 192.168.1.101:41727
@tracker All of 3 nodes getting started
@tracker All nodes finishes job
Trial 995 finished with value: 0.962165 and parameters: {'objective': 'multi:softprob', 'num_class': 6, 'tree_method': 'gpu_hist', 'lambda': 8.541139223325922, 'alpha': 5.0554167270535135, 'colsample_bytree': 0.8892724137212704, 'subsample': 0.5351291048139715, 'learning_rate': 0.024103884493468303, 'max_depth': 20, 'min_child_weight': 14, 'eval_metric': 'mlogloss'}. Best is trial 847 with value: 0.96217375.
start listen on 192.168.1.101:34627
@tracker All of 3 nodes getting started
@tracker All nodes finishes job
Trial 996 finished with value: 0.96205625 and parameters: {'objective': 'multi:softprob', 'num_class': 6, 'tree_method': 'gpu_hist', 'lambda': 6.362870563892437, 'alpha': 5.034633739215634, 'colsample_bytree': 0.8668365209559273, 'subsample': 0.5341529199054518, 'learning_rate': 0.028443878899848417, 'max_depth': 20, 'min_child_weight': 6, 'eval_metric': 'mlogloss'}. Best is trial 847 with value: 0.96217375.
start listen on 192.168.1.101:42865
@tracker All of 3 nodes getting started
@tracker All nodes finishes job
Trial 997 finished with value: 0.96210625 and parameters: {'objective': 'multi:softprob', 'num_class': 6, 'tree_method': 'gpu_hist', 'lambda': 0.45387131113257306, 'alpha': 4.925151212299571, 'colsample_bytree': 0.6742335378018873, 'subsample': 0.5284621816707856, 'learning_rate': 0.02505645664527841, 'max_depth': 20, 'min_child_weight': 12, 'eval_metric': 'mlogloss'}. Best is trial 847 with value: 0.96217375.
start listen on 192.168.1.101:37933
@tracker All of 3 nodes getting started
@tracker All nodes finishes job
Trial 998 finished with value: 0.9619875 and parameters: {'objective': 'multi:softprob', 'num_class': 6, 'tree_method': 'gpu_hist', 'lambda': 8.403186602480167, 'alpha': 4.3517664694212685, 'colsample_bytree': 0.8834824122456565, 'subsample': 0.5152183483070852, 'learning_rate': 0.030479010467576857, 'max_depth': 17, 'min_child_weight': 18, 'eval_metric': 'mlogloss'}. Best is trial 847 with value: 0.96217375.
start listen on 192.168.1.101:44219
@tracker All of 3 nodes getting started
@tracker All nodes finishes job
Trial 999 finished with value: 0.96212875 and parameters: {'objective': 'multi:softprob', 'num_class': 6, 'tree_method': 'gpu_hist', 'lambda': 9.982929704691479, 'alpha': 5.0641083679032795, 'colsample_bytree': 0.8614055600987144, 'subsample': 0.5403957582395215, 'learning_rate': 0.02706812190727247, 'max_depth': 20, 'min_child_weight': 7, 'eval_metric': 'mlogloss'}. Best is trial 847 with value: 0.96217375.
