Trial 252 finished with value: 0.9591875 and parameters: {'objective': 'multi:softprob', 'num_class': 6, 'tree_method': 'gpu_hist', 'lambda': 7.394422558179015, 'alpha': 0.021044489558916274, 'colsample_bytree': 0.9416405717228714, 'subsample': 0.6438156188201448, 'learning_rate': 0.018705335535704685, 'max_depth': 7, 'min_child_weight': 16, 'eval_metric': 'mlogloss'}. Best is trial 195 with value: 0.9621575.
start listen on 192.168.1.101:43837
@tracker All of 3 nodes getting started
@tracker All nodes finishes job
Trial 253 finished with value: 0.96191125 and parameters: {'objective': 'multi:softprob', 'num_class': 6, 'tree_method': 'gpu_hist', 'lambda': 5.467483881346376, 'alpha': 0.0294437561883532, 'colsample_bytree': 0.8974195199816623, 'subsample': 0.6636292297833039, 'learning_rate': 0.0160009773723647, 'max_depth': 20, 'min_child_weight': 5, 'eval_metric': 'mlogloss'}. Best is trial 195 with value: 0.9621575.
start listen on 192.168.1.101:38179
@tracker All of 3 nodes getting started
@tracker All nodes finishes job
Trial 254 finished with value: 0.96203875 and parameters: {'objective': 'multi:softprob', 'num_class': 6, 'tree_method': 'gpu_hist', 'lambda': 0.07816084891293877, 'alpha': 0.013966351605602592, 'colsample_bytree': 0.9190750350700478, 'subsample': 0.6247955319407716, 'learning_rate': 0.014645237075330726, 'max_depth': 20, 'min_child_weight': 15, 'eval_metric': 'mlogloss'}. Best is trial 195 with value: 0.9621575.
start listen on 192.168.1.101:39553
@tracker All of 3 nodes getting started
@tracker All nodes finishes job
Trial 255 finished with value: 0.94890375 and parameters: {'objective': 'multi:softprob', 'num_class': 6, 'tree_method': 'gpu_hist', 'lambda': 8.475968410063105, 'alpha': 0.020849283394046687, 'colsample_bytree': 0.9025825991186389, 'subsample': 0.6125936780510088, 'learning_rate': 0.012380850121483686, 'max_depth': 5, 'min_child_weight': 165, 'eval_metric': 'mlogloss'}. Best is trial 195 with value: 0.9621575.
start listen on 192.168.1.101:58017
@tracker All of 3 nodes getting started
@tracker All nodes finishes job
Trial 256 finished with value: 0.95820125 and parameters: {'objective': 'multi:softprob', 'num_class': 6, 'tree_method': 'gpu_hist', 'lambda': 9.956765949362358, 'alpha': 0.016903559744698277, 'colsample_bytree': 0.9315716179230689, 'subsample': 0.6893121666099851, 'learning_rate': 0.0033853628051932418, 'max_depth': 20, 'min_child_weight': 23, 'eval_metric': 'mlogloss'}. Best is trial 195 with value: 0.9621575.
start listen on 192.168.1.101:38925
@tracker All of 3 nodes getting started
@tracker All nodes finishes job
Trial 257 finished with value: 0.96198125 and parameters: {'objective': 'multi:softprob', 'num_class': 6, 'tree_method': 'gpu_hist', 'lambda': 6.4251702889900315, 'alpha': 0.024814371788992422, 'colsample_bytree': 0.949924269296826, 'subsample': 0.6394354223700285, 'learning_rate': 0.018042885724993723, 'max_depth': 20, 'min_child_weight': 30, 'eval_metric': 'mlogloss'}. Best is trial 195 with value: 0.9621575.
start listen on 192.168.1.101:44067
@tracker All of 3 nodes getting started
@tracker All nodes finishes job
Trial 258 finished with value: 0.9619425 and parameters: {'objective': 'multi:softprob', 'num_class': 6, 'tree_method': 'gpu_hist', 'lambda': 7.265021685437322, 'alpha': 0.043779486305678995, 'colsample_bytree': 0.8930089899058747, 'subsample': 0.6568204123045227, 'learning_rate': 0.016406830001813928, 'max_depth': 20, 'min_child_weight': 6, 'eval_metric': 'mlogloss'}. Best is trial 195 with value: 0.9621575.
start listen on 192.168.1.101:43543
@tracker All of 3 nodes getting started
@tracker All nodes finishes job
Trial 259 finished with value: 0.9611175 and parameters: {'objective': 'multi:softprob', 'num_class': 6, 'tree_method': 'gpu_hist', 'lambda': 5.0693093934114835, 'alpha': 0.01970295797349961, 'colsample_bytree': 0.9101709483095026, 'subsample': 0.6763337127809608, 'learning_rate': 0.013773959782542871, 'max_depth': 11, 'min_child_weight': 13, 'eval_metric': 'mlogloss'}. Best is trial 195 with value: 0.9621575.
start listen on 192.168.1.101:45389
@tracker All of 3 nodes getting started
@tracker All nodes finishes job
Trial 260 finished with value: 0.96202625 and parameters: {'objective': 'multi:softprob', 'num_class': 6, 'tree_method': 'gpu_hist', 'lambda': 4.093665148989629, 'alpha': 0.029456434056992272, 'colsample_bytree': 0.9245232479429336, 'subsample': 0.603576161604929, 'learning_rate': 0.020417011796202342, 'max_depth': 20, 'min_child_weight': 21, 'eval_metric': 'mlogloss'}. Best is trial 195 with value: 0.9621575.
start listen on 192.168.1.101:42273
@tracker All of 3 nodes getting started
@tracker All nodes finishes job
Trial 261 finished with value: 0.96197 and parameters: {'objective': 'multi:softprob', 'num_class': 6, 'tree_method': 'gpu_hist', 'lambda': 8.437920898345608, 'alpha': 0.014315575808085498, 'colsample_bytree': 0.8925303500040167, 'subsample': 0.6312931456424982, 'learning_rate': 0.015091423271886176, 'max_depth': 20, 'min_child_weight': 6, 'eval_metric': 'mlogloss'}. Best is trial 195 with value: 0.9621575.
start listen on 192.168.1.101:34007
@tracker All of 3 nodes getting started
@tracker All nodes finishes job
Trial 262 finished with value: 0.96176125 and parameters: {'objective': 'multi:softprob', 'num_class': 6, 'tree_method': 'gpu_hist', 'lambda': 6.1515061465304495, 'alpha': 0.035776134783539464, 'colsample_bytree': 0.9119417113740276, 'subsample': 0.5873482644653871, 'learning_rate': 0.01121404875707978, 'max_depth': 17, 'min_child_weight': 16, 'eval_metric': 'mlogloss'}. Best is trial 195 with value: 0.9621575.
start listen on 192.168.1.101:39651
@tracker All of 3 nodes getting started
@tracker All nodes finishes job
Trial 263 finished with value: 0.96183625 and parameters: {'objective': 'multi:softprob', 'num_class': 6, 'tree_method': 'gpu_hist', 'lambda': 7.427665231368606, 'alpha': 0.024059956460367866, 'colsample_bytree': 0.9384776937552776, 'subsample': 0.648457553466961, 'learning_rate': 0.012818201038139366, 'max_depth': 20, 'min_child_weight': 1, 'eval_metric': 'mlogloss'}. Best is trial 195 with value: 0.9621575.
start listen on 192.168.1.101:52209
@tracker All of 3 nodes getting started
@tracker All nodes finishes job
Trial 264 finished with value: 0.962075 and parameters: {'objective': 'multi:softprob', 'num_class': 6, 'tree_method': 'gpu_hist', 'lambda': 8.724822838634983, 'alpha': 0.016538638954395602, 'colsample_bytree': 0.8696606139527935, 'subsample': 0.6651897536023559, 'learning_rate': 0.01776227121073998, 'max_depth': 20, 'min_child_weight': 10, 'eval_metric': 'mlogloss'}. Best is trial 195 with value: 0.9621575.
start listen on 192.168.1.101:55381
@tracker All of 3 nodes getting started
@tracker All nodes finishes job
Trial 265 finished with value: 0.96207625 and parameters: {'objective': 'multi:softprob', 'num_class': 6, 'tree_method': 'gpu_hist', 'lambda': 8.623909969378918, 'alpha': 0.016252217898843554, 'colsample_bytree': 0.8678092460800185, 'subsample': 0.7194974888431348, 'learning_rate': 0.021370380121998087, 'max_depth': 20, 'min_child_weight': 29, 'eval_metric': 'mlogloss'}. Best is trial 195 with value: 0.9621575.
start listen on 192.168.1.101:33521
@tracker All of 3 nodes getting started
@tracker All nodes finishes job
Trial 266 finished with value: 0.96196625 and parameters: {'objective': 'multi:softprob', 'num_class': 6, 'tree_method': 'gpu_hist', 'lambda': 9.961935896683215, 'alpha': 0.017063963614334224, 'colsample_bytree': 0.8668312235623932, 'subsample': 0.6229753096993045, 'learning_rate': 0.019513099005291162, 'max_depth': 13, 'min_child_weight': 10, 'eval_metric': 'mlogloss'}. Best is trial 195 with value: 0.9621575.
start listen on 192.168.1.101:36639
@tracker All of 3 nodes getting started
@tracker All nodes finishes job
Trial 267 finished with value: 0.96205375 and parameters: {'objective': 'multi:softprob', 'num_class': 6, 'tree_method': 'gpu_hist', 'lambda': 8.500080472299157, 'alpha': 0.016039805183752004, 'colsample_bytree': 0.8699647677881857, 'subsample': 0.6373901708804915, 'learning_rate': 0.018553649051760834, 'max_depth': 20, 'min_child_weight': 29, 'eval_metric': 'mlogloss'}. Best is trial 195 with value: 0.9621575.
start listen on 192.168.1.101:42467
@tracker All of 3 nodes getting started
@tracker All nodes finishes job
Trial 268 finished with value: 0.961965 and parameters: {'objective': 'multi:softprob', 'num_class': 6, 'tree_method': 'gpu_hist', 'lambda': 8.568738174498685, 'alpha': 0.02038210303987026, 'colsample_bytree': 0.8405831639988297, 'subsample': 0.6067535167592634, 'learning_rate': 0.02168916235016314, 'max_depth': 20, 'min_child_weight': 10, 'eval_metric': 'mlogloss'}. Best is trial 195 with value: 0.9621575.
start listen on 192.168.1.101:36297
@tracker All of 3 nodes getting started
@tracker All nodes finishes job
Trial 269 finished with value: 0.96207125 and parameters: {'objective': 'multi:softprob', 'num_class': 6, 'tree_method': 'gpu_hist', 'lambda': 7.191885220086697, 'alpha': 0.026471131003547976, 'colsample_bytree': 0.8552001546763696, 'subsample': 0.5265652837793935, 'learning_rate': 0.017483833541340508, 'max_depth': 20, 'min_child_weight': 8, 'eval_metric': 'mlogloss'}. Best is trial 195 with value: 0.9621575.
start listen on 192.168.1.101:43035
@tracker All of 3 nodes getting started
@tracker All nodes finishes job
Trial 270 finished with value: 0.9614775 and parameters: {'objective': 'multi:softprob', 'num_class': 6, 'tree_method': 'gpu_hist', 'lambda': 0.0010336776087678523, 'alpha': 0.02246293415217193, 'colsample_bytree': 0.8565440695225739, 'subsample': 0.535317354783846, 'learning_rate': 0.021892345377422986, 'max_depth': 20, 'min_child_weight': 1, 'eval_metric': 'mlogloss'}. Best is trial 195 with value: 0.9621575.
start listen on 192.168.1.101:38181
@tracker All of 3 nodes getting started
@tracker All nodes finishes job
Trial 271 finished with value: 0.9620075 and parameters: {'objective': 'multi:softprob', 'num_class': 6, 'tree_method': 'gpu_hist', 'lambda': 7.397413740292164, 'alpha': 0.03126613703463397, 'colsample_bytree': 0.8717249739451729, 'subsample': 0.5685095088368689, 'learning_rate': 0.018394383538935855, 'max_depth': 20, 'min_child_weight': 6, 'eval_metric': 'mlogloss'}. Best is trial 195 with value: 0.9621575.
start listen on 192.168.1.101:52871
@tracker All of 3 nodes getting started
@tracker All nodes finishes job
Trial 272 finished with value: 0.96202375 and parameters: {'objective': 'multi:softprob', 'num_class': 6, 'tree_method': 'gpu_hist', 'lambda': 9.854912655413191, 'alpha': 0.01953291592172585, 'colsample_bytree': 0.8576226879715456, 'subsample': 0.5256683440761148, 'learning_rate': 0.02092360301151012, 'max_depth': 20, 'min_child_weight': 25, 'eval_metric': 'mlogloss'}. Best is trial 195 with value: 0.9621575.
start listen on 192.168.1.101:39997
@tracker All of 3 nodes getting started
@tracker All nodes finishes job
Trial 273 finished with value: 0.93935875 and parameters: {'objective': 'multi:softprob', 'num_class': 6, 'tree_method': 'gpu_hist', 'lambda': 7.395090789376591, 'alpha': 0.025481136233503232, 'colsample_bytree': 0.8877487331791022, 'subsample': 0.5152557693403208, 'learning_rate': 0.017104253283291442, 'max_depth': 3, 'min_child_weight': 13, 'eval_metric': 'mlogloss'}. Best is trial 195 with value: 0.9621575.
start listen on 192.168.1.101:38351
@tracker All of 3 nodes getting started
@tracker All nodes finishes job
Trial 274 finished with value: 0.96180625 and parameters: {'objective': 'multi:softprob', 'num_class': 6, 'tree_method': 'gpu_hist', 'lambda': 0.21980666559858902, 'alpha': 0.015909347783600272, 'colsample_bytree': 0.8780781028122304, 'subsample': 0.4597481106936982, 'learning_rate': 0.01958379729745016, 'max_depth': 20, 'min_child_weight': 6, 'eval_metric': 'mlogloss'}. Best is trial 195 with value: 0.9621575.
start listen on 192.168.1.101:48201
@tracker All of 3 nodes getting started
@tracker All nodes finishes job
Trial 275 finished with value: 0.96198375 and parameters: {'objective': 'multi:softprob', 'num_class': 6, 'tree_method': 'gpu_hist', 'lambda': 8.516006121918489, 'alpha': 0.01830826774180161, 'colsample_bytree': 0.8479045381011568, 'subsample': 0.552021063197569, 'learning_rate': 0.0171996036120972, 'max_depth': 20, 'min_child_weight': 18, 'eval_metric': 'mlogloss'}. Best is trial 195 with value: 0.9621575.
start listen on 192.168.1.101:56757
@tracker All of 3 nodes getting started
@tracker All nodes finishes job
Trial 276 finished with value: 0.9612575 and parameters: {'objective': 'multi:softprob', 'num_class': 6, 'tree_method': 'gpu_hist', 'lambda': 9.957367505505003, 'alpha': 0.03477364029245995, 'colsample_bytree': 0.8652856664402085, 'subsample': 0.6415703879794873, 'learning_rate': 0.022921689725062925, 'max_depth': 9, 'min_child_weight': 10, 'eval_metric': 'mlogloss'}. Best is trial 195 with value: 0.9621575.
start listen on 192.168.1.101:55891
@tracker All of 3 nodes getting started
@tracker All nodes finishes job
Trial 277 finished with value: 0.9619475 and parameters: {'objective': 'multi:softprob', 'num_class': 6, 'tree_method': 'gpu_hist', 'lambda': 6.801082556055665, 'alpha': 0.023260144367431578, 'colsample_bytree': 0.8867090305937019, 'subsample': 0.6174706655911973, 'learning_rate': 0.014019055941934169, 'max_depth': 20, 'min_child_weight': 24, 'eval_metric': 'mlogloss'}. Best is trial 195 with value: 0.9621575.
start listen on 192.168.1.101:38487
@tracker All of 3 nodes getting started
@tracker All nodes finishes job
Trial 278 finished with value: 0.96188875 and parameters: {'objective': 'multi:softprob', 'num_class': 6, 'tree_method': 'gpu_hist', 'lambda': 8.250246167794486, 'alpha': 0.028268062440727364, 'colsample_bytree': 0.9499174050284512, 'subsample': 0.5107626888215366, 'learning_rate': 0.017617391998880294, 'max_depth': 20, 'min_child_weight': 30, 'eval_metric': 'mlogloss'}. Best is trial 195 with value: 0.9621575.
start listen on 192.168.1.101:55099
@tracker All of 3 nodes getting started
@tracker All nodes finishes job
Trial 279 finished with value: 0.9619025 and parameters: {'objective': 'multi:softprob', 'num_class': 6, 'tree_method': 'gpu_hist', 'lambda': 6.878161318566691, 'alpha': 0.014601852844529552, 'colsample_bytree': 0.8278939715646307, 'subsample': 0.6279995595372944, 'learning_rate': 0.01229499634615241, 'max_depth': 20, 'min_child_weight': 17, 'eval_metric': 'mlogloss'}. Best is trial 195 with value: 0.9621575.
start listen on 192.168.1.101:38979
@tracker All of 3 nodes getting started
@tracker All nodes finishes job
Trial 280 finished with value: 0.96198875 and parameters: {'objective': 'multi:softprob', 'num_class': 6, 'tree_method': 'gpu_hist', 'lambda': 8.359654506451134, 'alpha': 0.04048493462788869, 'colsample_bytree': 0.9240274888285165, 'subsample': 0.6515355194222316, 'learning_rate': 0.014480356731270435, 'max_depth': 20, 'min_child_weight': 6, 'eval_metric': 'mlogloss'}. Best is trial 195 with value: 0.9621575.
start listen on 192.168.1.101:41757
@tracker All of 3 nodes getting started
@tracker All nodes finishes job
Trial 281 finished with value: 0.96205875 and parameters: {'objective': 'multi:softprob', 'num_class': 6, 'tree_method': 'gpu_hist', 'lambda': 6.419498700890437, 'alpha': 0.02172457529902049, 'colsample_bytree': 0.8816323204414326, 'subsample': 0.5911086977822011, 'learning_rate': 0.018379750561820556, 'max_depth': 20, 'min_child_weight': 13, 'eval_metric': 'mlogloss'}. Best is trial 195 with value: 0.9621575.
start listen on 192.168.1.101:36539
@tracker All of 3 nodes getting started
@tracker All nodes finishes job
Trial 282 finished with value: 0.9616075 and parameters: {'objective': 'multi:softprob', 'num_class': 6, 'tree_method': 'gpu_hist', 'lambda': 8.483925442822136, 'alpha': 0.018385043184394115, 'colsample_bytree': 0.9322946418843722, 'subsample': 0.7186428944261644, 'learning_rate': 0.019864158304542964, 'max_depth': 20, 'min_child_weight': 141, 'eval_metric': 'mlogloss'}. Best is trial 195 with value: 0.9621575.
start listen on 192.168.1.101:54685
@tracker All of 3 nodes getting started
@tracker All nodes finishes job
Trial 283 finished with value: 0.96184375 and parameters: {'objective': 'multi:softprob', 'num_class': 6, 'tree_method': 'gpu_hist', 'lambda': 9.918733922178514, 'alpha': 0.12466138013896705, 'colsample_bytree': 0.8947068139534993, 'subsample': 0.6361072174747232, 'learning_rate': 0.01629653376899508, 'max_depth': 20, 'min_child_weight': 1, 'eval_metric': 'mlogloss'}. Best is trial 195 with value: 0.9621575.
start listen on 192.168.1.101:59523
@tracker All of 3 nodes getting started
@tracker All nodes finishes job
Trial 284 finished with value: 0.95746875 and parameters: {'objective': 'multi:softprob', 'num_class': 6, 'tree_method': 'gpu_hist', 'lambda': 7.272358529082367, 'alpha': 0.026643523675809525, 'colsample_bytree': 0.9542845116058313, 'subsample': 0.6104106921314095, 'learning_rate': 0.013315939532026203, 'max_depth': 7, 'min_child_weight': 24, 'eval_metric': 'mlogloss'}. Best is trial 195 with value: 0.9621575.
start listen on 192.168.1.101:40569
@tracker All of 3 nodes getting started
@tracker All nodes finishes job
Trial 285 finished with value: 0.96203 and parameters: {'objective': 'multi:softprob', 'num_class': 6, 'tree_method': 'gpu_hist', 'lambda': 6.257781696074302, 'alpha': 0.012865751445561879, 'colsample_bytree': 0.9171282925591635, 'subsample': 0.5779897583198398, 'learning_rate': 0.015317278795014074, 'max_depth': 20, 'min_child_weight': 17, 'eval_metric': 'mlogloss'}. Best is trial 195 with value: 0.9621575.
start listen on 192.168.1.101:34193
@tracker All of 3 nodes getting started
@tracker All nodes finishes job
Trial 286 finished with value: 0.961995 and parameters: {'objective': 'multi:softprob', 'num_class': 6, 'tree_method': 'gpu_hist', 'lambda': 9.979919811220107, 'alpha': 0.01620329870068238, 'colsample_bytree': 0.6694061394221694, 'subsample': 0.6461472856025549, 'learning_rate': 0.017192996558623677, 'max_depth': 20, 'min_child_weight': 11, 'eval_metric': 'mlogloss'}. Best is trial 195 with value: 0.9621575.
start listen on 192.168.1.101:43699
@tracker All of 3 nodes getting started
@tracker All nodes finishes job
Trial 287 finished with value: 0.96114125 and parameters: {'objective': 'multi:softprob', 'num_class': 6, 'tree_method': 'gpu_hist', 'lambda': 7.216969601428294, 'alpha': 0.021330307559213172, 'colsample_bytree': 0.8644426658026474, 'subsample': 0.6686287159993156, 'learning_rate': 0.0114869216080545, 'max_depth': 20, 'min_child_weight': 93, 'eval_metric': 'mlogloss'}. Best is trial 195 with value: 0.9621575.
start listen on 192.168.1.101:47735
@tracker All of 3 nodes getting started
@tracker All nodes finishes job
Trial 288 finished with value: 0.96111625 and parameters: {'objective': 'multi:softprob', 'num_class': 6, 'tree_method': 'gpu_hist', 'lambda': 5.570602898391139, 'alpha': 0.030986601025261396, 'colsample_bytree': 0.8869262794154135, 'subsample': 0.6212832203997751, 'learning_rate': 0.01461300423963463, 'max_depth': 11, 'min_child_weight': 21, 'eval_metric': 'mlogloss'}. Best is trial 195 with value: 0.9621575.
start listen on 192.168.1.101:35929
@tracker All of 3 nodes getting started
@tracker All nodes finishes job
Trial 289 finished with value: 0.9553575 and parameters: {'objective': 'multi:softprob', 'num_class': 6, 'tree_method': 'gpu_hist', 'lambda': 8.338824723630305, 'alpha': 0.04836720456569146, 'colsample_bytree': 0.9362098007753424, 'subsample': 0.5411909041753775, 'learning_rate': 0.020872746536399926, 'max_depth': 5, 'min_child_weight': 32, 'eval_metric': 'mlogloss'}. Best is trial 195 with value: 0.9621575.
start listen on 192.168.1.101:52895
@tracker All of 3 nodes getting started
@tracker All nodes finishes job
Trial 290 finished with value: 0.96201375 and parameters: {'objective': 'multi:softprob', 'num_class': 6, 'tree_method': 'gpu_hist', 'lambda': 4.656562595130088, 'alpha': 0.018214183731365474, 'colsample_bytree': 0.9137253418553575, 'subsample': 0.6585418701021588, 'learning_rate': 0.01328028295154637, 'max_depth': 20, 'min_child_weight': 8, 'eval_metric': 'mlogloss'}. Best is trial 195 with value: 0.9621575.
start listen on 192.168.1.101:32875
@tracker All of 3 nodes getting started
@tracker All nodes finishes job
Trial 291 finished with value: 0.9620675 and parameters: {'objective': 'multi:softprob', 'num_class': 6, 'tree_method': 'gpu_hist', 'lambda': 7.312076533565322, 'alpha': 0.025089514746731625, 'colsample_bytree': 0.8766447390285903, 'subsample': 0.6328472892210669, 'learning_rate': 0.02363112356995585, 'max_depth': 20, 'min_child_weight': 15, 'eval_metric': 'mlogloss'}. Best is trial 195 with value: 0.9621575.
start listen on 192.168.1.101:42107
@tracker All of 3 nodes getting started
@tracker All nodes finishes job
Trial 292 finished with value: 0.9620025 and parameters: {'objective': 'multi:softprob', 'num_class': 6, 'tree_method': 'gpu_hist', 'lambda': 6.206826848216021, 'alpha': 0.034567035292079565, 'colsample_bytree': 0.844766604873376, 'subsample': 0.49150306052141424, 'learning_rate': 0.021606256484329636, 'max_depth': 20, 'min_child_weight': 6, 'eval_metric': 'mlogloss'}. Best is trial 195 with value: 0.9621575.
start listen on 192.168.1.101:37395
@tracker All of 3 nodes getting started
@tracker All nodes finishes job
Trial 293 finished with value: 0.96183375 and parameters: {'objective': 'multi:softprob', 'num_class': 6, 'tree_method': 'gpu_hist', 'lambda': 0.022974274220104077, 'alpha': 0.025288048605744382, 'colsample_bytree': 0.8730734259024522, 'subsample': 0.7532741747674637, 'learning_rate': 0.024995498270823566, 'max_depth': 17, 'min_child_weight': 13, 'eval_metric': 'mlogloss'}. Best is trial 195 with value: 0.9621575.
start listen on 192.168.1.101:53159
@tracker All of 3 nodes getting started
@tracker All nodes finishes job
