Trial 504 finished with value: 0.9620825 and parameters: {'objective': 'multi:softprob', 'num_class': 6, 'tree_method': 'gpu_hist', 'lambda': 5.6786984170089525, 'alpha': 0.010811042138596605, 'colsample_bytree': 0.9007395199270433, 'subsample': 0.406765396288501, 'learning_rate': 0.02155813452519322, 'max_depth': 20, 'min_child_weight': 17, 'eval_metric': 'mlogloss'}. Best is trial 461 with value: 0.96217.
start listen on 192.168.1.101:56869
@tracker All of 3 nodes getting started
@tracker All nodes finishes job
Trial 505 finished with value: 0.96189375 and parameters: {'objective': 'multi:softprob', 'num_class': 6, 'tree_method': 'gpu_hist', 'lambda': 8.403481473979847, 'alpha': 0.0019954255231479003, 'colsample_bytree': 0.9213212345229943, 'subsample': 0.6569522606541381, 'learning_rate': 0.02613297220824102, 'max_depth': 20, 'min_child_weight': 10, 'eval_metric': 'mlogloss'}. Best is trial 461 with value: 0.96217.
start listen on 192.168.1.101:59921
@tracker All of 3 nodes getting started
@tracker All nodes finishes job
Trial 506 finished with value: 0.961815 and parameters: {'objective': 'multi:softprob', 'num_class': 6, 'tree_method': 'gpu_hist', 'lambda': 6.231354784701934, 'alpha': 0.016062570552143447, 'colsample_bytree': 0.9896298794979285, 'subsample': 0.5938593971302959, 'learning_rate': 0.013728507388426365, 'max_depth': 20, 'min_child_weight': 37, 'eval_metric': 'mlogloss'}. Best is trial 461 with value: 0.96217.
start listen on 192.168.1.101:46181
@tracker All of 3 nodes getting started
@tracker All nodes finishes job
Trial 507 finished with value: 0.96045875 and parameters: {'objective': 'multi:softprob', 'num_class': 6, 'tree_method': 'gpu_hist', 'lambda': 7.429877936708963, 'alpha': 0.19279054329753206, 'colsample_bytree': 0.9995132720465689, 'subsample': 0.6215134021072268, 'learning_rate': 0.004869422087155984, 'max_depth': 20, 'min_child_weight': 1, 'eval_metric': 'mlogloss'}. Best is trial 461 with value: 0.96217.
start listen on 192.168.1.101:54167
@tracker All of 3 nodes getting started
@tracker All nodes finishes job
Trial 508 finished with value: 0.95801375 and parameters: {'objective': 'multi:softprob', 'num_class': 6, 'tree_method': 'gpu_hist', 'lambda': 8.502060635958815, 'alpha': 0.013375817797037105, 'colsample_bytree': 0.8798472793469642, 'subsample': 0.6433994620735761, 'learning_rate': 0.016753458692704292, 'max_depth': 7, 'min_child_weight': 114, 'eval_metric': 'mlogloss'}. Best is trial 461 with value: 0.96217.
start listen on 192.168.1.101:58971
@tracker All of 3 nodes getting started
@tracker All nodes finishes job
Trial 509 finished with value: 0.96210375 and parameters: {'objective': 'multi:softprob', 'num_class': 6, 'tree_method': 'gpu_hist', 'lambda': 5.136576124016958, 'alpha': 0.017630967848274105, 'colsample_bytree': 0.9482531507355134, 'subsample': 0.6736760443307251, 'learning_rate': 0.015126666516316724, 'max_depth': 20, 'min_child_weight': 20, 'eval_metric': 'mlogloss'}. Best is trial 461 with value: 0.96217.
start listen on 192.168.1.101:51695
@tracker All of 3 nodes getting started
@tracker All nodes finishes job
Trial 510 finished with value: 0.96202875 and parameters: {'objective': 'multi:softprob', 'num_class': 6, 'tree_method': 'gpu_hist', 'lambda': 4.399515416219762, 'alpha': 0.017736088233403117, 'colsample_bytree': 0.9351280812230558, 'subsample': 0.6061647666123231, 'learning_rate': 0.015537004557995168, 'max_depth': 20, 'min_child_weight': 25, 'eval_metric': 'mlogloss'}. Best is trial 461 with value: 0.96217.
start listen on 192.168.1.101:39313
@tracker All of 3 nodes getting started
@tracker All nodes finishes job
Trial 511 finished with value: 0.95414875 and parameters: {'objective': 'multi:softprob', 'num_class': 6, 'tree_method': 'gpu_hist', 'lambda': 3.5008948688798847, 'alpha': 0.01830492015008386, 'colsample_bytree': 0.9137240689805998, 'subsample': 0.6615450137617558, 'learning_rate': 0.01821559707025423, 'max_depth': 5, 'min_child_weight': 12, 'eval_metric': 'mlogloss'}. Best is trial 461 with value: 0.96217.
start listen on 192.168.1.101:51007
@tracker All of 3 nodes getting started
@tracker All nodes finishes job
Trial 512 finished with value: 0.96156 and parameters: {'objective': 'multi:softprob', 'num_class': 6, 'tree_method': 'gpu_hist', 'lambda': 5.104538669968127, 'alpha': 0.011956498141337708, 'colsample_bytree': 0.895527743057168, 'subsample': 0.6937074572844699, 'learning_rate': 0.020610435880794732, 'max_depth': 20, 'min_child_weight': 152, 'eval_metric': 'mlogloss'}. Best is trial 461 with value: 0.96217.
start listen on 192.168.1.101:49449
@tracker All of 3 nodes getting started
@tracker All nodes finishes job
Trial 513 finished with value: 0.96205375 and parameters: {'objective': 'multi:softprob', 'num_class': 6, 'tree_method': 'gpu_hist', 'lambda': 5.315417817822473, 'alpha': 0.020910293662123516, 'colsample_bytree': 0.9258464890425446, 'subsample': 0.627368868059917, 'learning_rate': 0.01644335028647161, 'max_depth': 20, 'min_child_weight': 21, 'eval_metric': 'mlogloss'}. Best is trial 461 with value: 0.96217.
start listen on 192.168.1.101:46361
@tracker All of 3 nodes getting started
@tracker All nodes finishes job
Trial 514 finished with value: 0.95974375 and parameters: {'objective': 'multi:softprob', 'num_class': 6, 'tree_method': 'gpu_hist', 'lambda': 5.839459010470663, 'alpha': 0.015816017138790373, 'colsample_bytree': 0.9511906086566735, 'subsample': 0.6487103895186738, 'learning_rate': 0.015057097412905762, 'max_depth': 11, 'min_child_weight': 190, 'eval_metric': 'mlogloss'}. Best is trial 461 with value: 0.96217.
start listen on 192.168.1.101:59643
@tracker All of 3 nodes getting started
@tracker All nodes finishes job
Trial 515 finished with value: 0.96141125 and parameters: {'objective': 'multi:softprob', 'num_class': 6, 'tree_method': 'gpu_hist', 'lambda': 4.712440725623862, 'alpha': 0.013619629835896518, 'colsample_bytree': 0.9084412871380081, 'subsample': 0.6647948294351462, 'learning_rate': 0.018424939363998086, 'max_depth': 20, 'min_child_weight': 170, 'eval_metric': 'mlogloss'}. Best is trial 461 with value: 0.96217.
start listen on 192.168.1.101:35077
@tracker All of 3 nodes getting started
@tracker All nodes finishes job
Trial 516 finished with value: 0.96198375 and parameters: {'objective': 'multi:softprob', 'num_class': 6, 'tree_method': 'gpu_hist', 'lambda': 6.729755430591897, 'alpha': 0.008666310767018784, 'colsample_bytree': 0.8909549798874726, 'subsample': 0.6357274323817594, 'learning_rate': 0.017010955797486807, 'max_depth': 20, 'min_child_weight': 30, 'eval_metric': 'mlogloss'}. Best is trial 461 with value: 0.96217.
start listen on 192.168.1.101:46631
@tracker All of 3 nodes getting started
@tracker All nodes finishes job
Trial 517 finished with value: 0.9620725 and parameters: {'objective': 'multi:softprob', 'num_class': 6, 'tree_method': 'gpu_hist', 'lambda': 4.379464614783249, 'alpha': 0.022168673941056115, 'colsample_bytree': 0.9371010505212293, 'subsample': 0.441939955435811, 'learning_rate': 0.019811525466015216, 'max_depth': 17, 'min_child_weight': 15, 'eval_metric': 'mlogloss'}. Best is trial 461 with value: 0.96217.
start listen on 192.168.1.101:39015
@tracker All of 3 nodes getting started
@tracker All nodes finishes job
Trial 518 finished with value: 0.96192 and parameters: {'objective': 'multi:softprob', 'num_class': 6, 'tree_method': 'gpu_hist', 'lambda': 7.008657699252596, 'alpha': 0.01757735252998403, 'colsample_bytree': 0.9172718876162266, 'subsample': 0.6781415781597524, 'learning_rate': 0.014875114441494, 'max_depth': 20, 'min_child_weight': 6, 'eval_metric': 'mlogloss'}. Best is trial 461 with value: 0.96217.
start listen on 192.168.1.101:48975
@tracker All of 3 nodes getting started
@tracker All nodes finishes job
Trial 519 finished with value: 0.96208125 and parameters: {'objective': 'multi:softprob', 'num_class': 6, 'tree_method': 'gpu_hist', 'lambda': 9.9420975023327, 'alpha': 0.020337591971987957, 'colsample_bytree': 0.8786786278027983, 'subsample': 0.6527221408858158, 'learning_rate': 0.017463513902055666, 'max_depth': 20, 'min_child_weight': 23, 'eval_metric': 'mlogloss'}. Best is trial 461 with value: 0.96217.
start listen on 192.168.1.101:46195
@tracker All of 3 nodes getting started
@tracker All nodes finishes job
Trial 520 finished with value: 0.96199125 and parameters: {'objective': 'multi:softprob', 'num_class': 6, 'tree_method': 'gpu_hist', 'lambda': 8.416540248981237, 'alpha': 3.3042961964759643, 'colsample_bytree': 0.9484152051511087, 'subsample': 0.7137028702164141, 'learning_rate': 0.022047841914907926, 'max_depth': 20, 'min_child_weight': 9, 'eval_metric': 'mlogloss'}. Best is trial 461 with value: 0.96217.
start listen on 192.168.1.101:52331
@tracker All of 3 nodes getting started
@tracker All nodes finishes job
Trial 521 finished with value: 0.96166125 and parameters: {'objective': 'multi:softprob', 'num_class': 6, 'tree_method': 'gpu_hist', 'lambda': 6.099196972720966, 'alpha': 0.010894686167048803, 'colsample_bytree': 0.9029992995605999, 'subsample': 0.6156799723808527, 'learning_rate': 0.014314783208171396, 'max_depth': 13, 'min_child_weight': 18, 'eval_metric': 'mlogloss'}. Best is trial 461 with value: 0.96217.
start listen on 192.168.1.101:41245
@tracker All of 3 nodes getting started
@tracker All nodes finishes job
Trial 522 finished with value: 0.96208375 and parameters: {'objective': 'multi:softprob', 'num_class': 6, 'tree_method': 'gpu_hist', 'lambda': 7.328371173511422, 'alpha': 0.014883227123206897, 'colsample_bytree': 0.9299473059655952, 'subsample': 0.6896374081612651, 'learning_rate': 0.016038483650563606, 'max_depth': 20, 'min_child_weight': 13, 'eval_metric': 'mlogloss'}. Best is trial 461 with value: 0.96217.
start listen on 192.168.1.101:50811
@tracker All of 3 nodes getting started
@tracker All nodes finishes job
Trial 523 finished with value: 0.961975 and parameters: {'objective': 'multi:softprob', 'num_class': 6, 'tree_method': 'gpu_hist', 'lambda': 8.485922645944019, 'alpha': 0.023433443090226453, 'colsample_bytree': 0.9713439119445232, 'subsample': 0.6700301805257655, 'learning_rate': 0.019171312718806004, 'max_depth': 20, 'min_child_weight': 31, 'eval_metric': 'mlogloss'}. Best is trial 461 with value: 0.96217.
start listen on 192.168.1.101:56133
@tracker All of 3 nodes getting started
@tracker All nodes finishes job
Trial 524 finished with value: 0.96199 and parameters: {'objective': 'multi:softprob', 'num_class': 6, 'tree_method': 'gpu_hist', 'lambda': 3.9639052376859993, 'alpha': 0.01787293452126045, 'colsample_bytree': 0.8943180809140022, 'subsample': 0.6349993388609211, 'learning_rate': 0.013918249757516677, 'max_depth': 20, 'min_child_weight': 24, 'eval_metric': 'mlogloss'}. Best is trial 461 with value: 0.96217.
start listen on 192.168.1.101:52203
@tracker All of 3 nodes getting started
@tracker All nodes finishes job
Trial 525 finished with value: 0.96209625 and parameters: {'objective': 'multi:softprob', 'num_class': 6, 'tree_method': 'gpu_hist', 'lambda': 9.971144334036085, 'alpha': 0.568440253387838, 'colsample_bytree': 0.9223284973907387, 'subsample': 0.6466331082499823, 'learning_rate': 0.024222747288035806, 'max_depth': 20, 'min_child_weight': 17, 'eval_metric': 'mlogloss'}. Best is trial 461 with value: 0.96217.
start listen on 192.168.1.101:53087
@tracker All of 3 nodes getting started
@tracker All nodes finishes job
Trial 526 finished with value: 0.96180875 and parameters: {'objective': 'multi:softprob', 'num_class': 6, 'tree_method': 'gpu_hist', 'lambda': 9.830307486678736, 'alpha': 0.387393498912697, 'colsample_bytree': 0.9449184692928545, 'subsample': 0.6256956203716099, 'learning_rate': 0.025054110400063185, 'max_depth': 20, 'min_child_weight': 38, 'eval_metric': 'mlogloss'}. Best is trial 461 with value: 0.96217.
start listen on 192.168.1.101:35665
@tracker All of 3 nodes getting started
@tracker All nodes finishes job
Trial 527 finished with value: 0.9621125 and parameters: {'objective': 'multi:softprob', 'num_class': 6, 'tree_method': 'gpu_hist', 'lambda': 9.948419709787204, 'alpha': 0.48687396679901485, 'colsample_bytree': 0.9250597109121059, 'subsample': 0.6459638933337629, 'learning_rate': 0.022857603466114, 'max_depth': 20, 'min_child_weight': 27, 'eval_metric': 'mlogloss'}. Best is trial 461 with value: 0.96217.
start listen on 192.168.1.101:47389
@tracker All of 3 nodes getting started
@tracker All nodes finishes job
Trial 528 finished with value: 0.96205875 and parameters: {'objective': 'multi:softprob', 'num_class': 6, 'tree_method': 'gpu_hist', 'lambda': 7.280390868519096, 'alpha': 0.7581684710928194, 'colsample_bytree': 0.9217818731014539, 'subsample': 0.6470514427656684, 'learning_rate': 0.024918142971447524, 'max_depth': 20, 'min_child_weight': 28, 'eval_metric': 'mlogloss'}. Best is trial 461 with value: 0.96217.
start listen on 192.168.1.101:37559
@tracker All of 3 nodes getting started
@tracker All nodes finishes job
Trial 529 finished with value: 0.93847875 and parameters: {'objective': 'multi:softprob', 'num_class': 6, 'tree_method': 'gpu_hist', 'lambda': 8.567996989351967, 'alpha': 0.6007257655167733, 'colsample_bytree': 0.3017185279496838, 'subsample': 0.6385277921958068, 'learning_rate': 0.027944517224551626, 'max_depth': 3, 'min_child_weight': 5, 'eval_metric': 'mlogloss'}. Best is trial 461 with value: 0.96217.
start listen on 192.168.1.101:59827
@tracker All of 3 nodes getting started
@tracker All nodes finishes job
Trial 530 finished with value: 0.96195 and parameters: {'objective': 'multi:softprob', 'num_class': 6, 'tree_method': 'gpu_hist', 'lambda': 9.972518176382481, 'alpha': 0.5586908183086393, 'colsample_bytree': 0.9574454429667728, 'subsample': 0.6278748574786239, 'learning_rate': 0.025835576374290365, 'max_depth': 20, 'min_child_weight': 45, 'eval_metric': 'mlogloss'}. Best is trial 461 with value: 0.96217.
start listen on 192.168.1.101:48111
@tracker All of 3 nodes getting started
@tracker All nodes finishes job
Trial 531 finished with value: 0.96198375 and parameters: {'objective': 'multi:softprob', 'num_class': 6, 'tree_method': 'gpu_hist', 'lambda': 9.87524407613351, 'alpha': 0.5409325820825049, 'colsample_bytree': 0.9387015401565153, 'subsample': 0.6161986183253751, 'learning_rate': 0.024267136906824884, 'max_depth': 20, 'min_child_weight': 34, 'eval_metric': 'mlogloss'}. Best is trial 461 with value: 0.96217.
start listen on 192.168.1.101:52227
@tracker All of 3 nodes getting started
@tracker All nodes finishes job
Trial 532 finished with value: 0.96147875 and parameters: {'objective': 'multi:softprob', 'num_class': 6, 'tree_method': 'gpu_hist', 'lambda': 8.197988674190292, 'alpha': 0.58414901775375, 'colsample_bytree': 0.924167917915858, 'subsample': 0.6419250913415671, 'learning_rate': 0.02778576839496101, 'max_depth': 9, 'min_child_weight': 25, 'eval_metric': 'mlogloss'}. Best is trial 461 with value: 0.96217.
start listen on 192.168.1.101:58561
@tracker All of 3 nodes getting started
@tracker All nodes finishes job
Trial 533 finished with value: 0.96123375 and parameters: {'objective': 'multi:softprob', 'num_class': 6, 'tree_method': 'gpu_hist', 'lambda': 5.611315230601775, 'alpha': 0.6829569382738012, 'colsample_bytree': 0.9146425158859905, 'subsample': 0.6047583418706308, 'learning_rate': 0.023538265711360463, 'max_depth': 20, 'min_child_weight': 211, 'eval_metric': 'mlogloss'}. Best is trial 461 with value: 0.96217.
start listen on 192.168.1.101:55961
@tracker All of 3 nodes getting started
@tracker All nodes finishes job
Trial 534 finished with value: 0.9619525 and parameters: {'objective': 'multi:softprob', 'num_class': 6, 'tree_method': 'gpu_hist', 'lambda': 6.650691575276644, 'alpha': 0.4953913096268322, 'colsample_bytree': 0.9346907360765438, 'subsample': 0.6525999262435974, 'learning_rate': 0.023291170269468746, 'max_depth': 20, 'min_child_weight': 19, 'eval_metric': 'mlogloss'}. Best is trial 461 with value: 0.96217.
start listen on 192.168.1.101:58291
@tracker All of 3 nodes getting started
@tracker All nodes finishes job
Trial 535 finished with value: 0.9619575 and parameters: {'objective': 'multi:softprob', 'num_class': 6, 'tree_method': 'gpu_hist', 'lambda': 5.246365775267734, 'alpha': 0.4612498058145475, 'colsample_bytree': 0.910727387509501, 'subsample': 0.6315918082760849, 'learning_rate': 0.021105246574358257, 'max_depth': 20, 'min_child_weight': 12, 'eval_metric': 'mlogloss'}. Best is trial 461 with value: 0.96217.
start listen on 192.168.1.101:60775
@tracker All of 3 nodes getting started
@tracker All nodes finishes job
Trial 536 finished with value: 0.96129125 and parameters: {'objective': 'multi:softprob', 'num_class': 6, 'tree_method': 'gpu_hist', 'lambda': 8.274695608244816, 'alpha': 0.3818118417789449, 'colsample_bytree': 0.8873537057057305, 'subsample': 0.6475745466129921, 'learning_rate': 0.022362227702956844, 'max_depth': 20, 'min_child_weight': 234, 'eval_metric': 'mlogloss'}. Best is trial 461 with value: 0.96217.
start listen on 192.168.1.101:60439
@tracker All of 3 nodes getting started
@tracker All nodes finishes job
Trial 537 finished with value: 0.96161 and parameters: {'objective': 'multi:softprob', 'num_class': 6, 'tree_method': 'gpu_hist', 'lambda': 8.733492963129, 'alpha': 0.5634500590839272, 'colsample_bytree': 0.9556343608100645, 'subsample': 0.6210730473307081, 'learning_rate': 0.02143888580780169, 'max_depth': 20, 'min_child_weight': 131, 'eval_metric': 'mlogloss'}. Best is trial 461 with value: 0.96217.
start listen on 192.168.1.101:37207
@tracker All of 3 nodes getting started
@tracker All nodes finishes job
Trial 538 finished with value: 0.96177125 and parameters: {'objective': 'multi:softprob', 'num_class': 6, 'tree_method': 'gpu_hist', 'lambda': 7.38950974108397, 'alpha': 0.748637191966396, 'colsample_bytree': 0.9671807318470768, 'subsample': 0.5886093886083964, 'learning_rate': 0.07992754608805452, 'max_depth': 7, 'min_child_weight': 28, 'eval_metric': 'mlogloss'}. Best is trial 461 with value: 0.96217.
start listen on 192.168.1.101:55469
@tracker All of 3 nodes getting started
@tracker All nodes finishes job
Trial 539 finished with value: 0.96117375 and parameters: {'objective': 'multi:softprob', 'num_class': 6, 'tree_method': 'gpu_hist', 'lambda': 6.249281285881071, 'alpha': 0.4074788921052072, 'colsample_bytree': 0.925855347998013, 'subsample': 0.6550062335795485, 'learning_rate': 0.023070318090692068, 'max_depth': 20, 'min_child_weight': 262, 'eval_metric': 'mlogloss'}. Best is trial 461 with value: 0.96217.
start listen on 192.168.1.101:56353
@tracker All of 3 nodes getting started
@tracker All nodes finishes job
Trial 540 finished with value: 0.96193 and parameters: {'objective': 'multi:softprob', 'num_class': 6, 'tree_method': 'gpu_hist', 'lambda': 6.297617830144007, 'alpha': 0.48542867783563654, 'colsample_bytree': 0.8999001768785967, 'subsample': 0.6324571550841247, 'learning_rate': 0.026240437695346498, 'max_depth': 20, 'min_child_weight': 20, 'eval_metric': 'mlogloss'}. Best is trial 461 with value: 0.96217.
start listen on 192.168.1.101:59959
@tracker All of 3 nodes getting started
@tracker All nodes finishes job
Trial 541 finished with value: 0.96194 and parameters: {'objective': 'multi:softprob', 'num_class': 6, 'tree_method': 'gpu_hist', 'lambda': 8.825651768225764, 'alpha': 0.8857117918460087, 'colsample_bytree': 0.9862688523343716, 'subsample': 0.553557164152406, 'learning_rate': 0.018970971541803966, 'max_depth': 20, 'min_child_weight': 23, 'eval_metric': 'mlogloss'}. Best is trial 461 with value: 0.96217.
start listen on 192.168.1.101:59171
@tracker All of 3 nodes getting started
@tracker All nodes finishes job
Trial 542 finished with value: 0.96207 and parameters: {'objective': 'multi:softprob', 'num_class': 6, 'tree_method': 'gpu_hist', 'lambda': 9.926537976993343, 'alpha': 0.4412931751778468, 'colsample_bytree': 0.9464712128773933, 'subsample': 0.5703648103683102, 'learning_rate': 0.020624642381909083, 'max_depth': 20, 'min_child_weight': 10, 'eval_metric': 'mlogloss'}. Best is trial 461 with value: 0.96217.
start listen on 192.168.1.101:38567
@tracker All of 3 nodes getting started
@tracker All nodes finishes job
Trial 543 finished with value: 0.9551825 and parameters: {'objective': 'multi:softprob', 'num_class': 6, 'tree_method': 'gpu_hist', 'lambda': 7.200411884856491, 'alpha': 0.14392915294006683, 'colsample_bytree': 0.9070670755372817, 'subsample': 0.6596581917014531, 'learning_rate': 0.020448229744023164, 'max_depth': 5, 'min_child_weight': 16, 'eval_metric': 'mlogloss'}. Best is trial 461 with value: 0.96217.
start listen on 192.168.1.101:59909
@tracker All of 3 nodes getting started
@tracker All nodes finishes job
Trial 544 finished with value: 0.9618575 and parameters: {'objective': 'multi:softprob', 'num_class': 6, 'tree_method': 'gpu_hist', 'lambda': 8.754999710664697, 'alpha': 0.011374277557904175, 'colsample_bytree': 0.9744843192950803, 'subsample': 0.6106968355520952, 'learning_rate': 0.02294318616044451, 'max_depth': 20, 'min_child_weight': 32, 'eval_metric': 'mlogloss'}. Best is trial 461 with value: 0.96217.
start listen on 192.168.1.101:52555
@tracker All of 3 nodes getting started
@tracker All nodes finishes job
Trial 545 finished with value: 0.9616725 and parameters: {'objective': 'multi:softprob', 'num_class': 6, 'tree_method': 'gpu_hist', 'lambda': 4.897871835122429, 'alpha': 0.2911709458332474, 'colsample_bytree': 0.8800514480394318, 'subsample': 0.64393916350116, 'learning_rate': 0.012048481531143348, 'max_depth': 20, 'min_child_weight': 1, 'eval_metric': 'mlogloss'}. Best is trial 461 with value: 0.96217.
start listen on 192.168.1.101:53925
@tracker All of 3 nodes getting started
@tracker All nodes finishes job
