Trial 924 finished with value: 0.95864375 and parameters: {'objective': 'multi:softprob', 'num_class': 6, 'tree_method': 'gpu_hist', 'lambda': 3.7736878774486824, 'alpha': 5.884268948322608, 'colsample_bytree': 0.8832453422444818, 'subsample': 0.6827144549859172, 'learning_rate': 0.017525947537368455, 'max_depth': 7, 'min_child_weight': 35, 'eval_metric': 'mlogloss'}. Best is trial 847 with value: 0.96217375.
start listen on 192.168.1.101:48603
@tracker All of 3 nodes getting started
@tracker All nodes finishes job
Trial 925 finished with value: 0.96179375 and parameters: {'objective': 'multi:softprob', 'num_class': 6, 'tree_method': 'gpu_hist', 'lambda': 2.799190876338075, 'alpha': 5.073374391943761, 'colsample_bytree': 0.8637049492045336, 'subsample': 0.6662940090846208, 'learning_rate': 0.020458908137636247, 'max_depth': 20, 'min_child_weight': 71, 'eval_metric': 'mlogloss'}. Best is trial 847 with value: 0.96217375.
start listen on 192.168.1.101:47739
@tracker All of 3 nodes getting started
@tracker All nodes finishes job
Trial 926 finished with value: 0.9620825 and parameters: {'objective': 'multi:softprob', 'num_class': 6, 'tree_method': 'gpu_hist', 'lambda': 7.525439378032497, 'alpha': 1.0791696897547292, 'colsample_bytree': 0.9119717121353783, 'subsample': 0.6514783216704694, 'learning_rate': 0.015301743501747575, 'max_depth': 20, 'min_child_weight': 16, 'eval_metric': 'mlogloss'}. Best is trial 847 with value: 0.96217375.
start listen on 192.168.1.101:49115
@tracker All of 3 nodes getting started
@tracker All nodes finishes job
Trial 927 finished with value: 0.96199875 and parameters: {'objective': 'multi:softprob', 'num_class': 6, 'tree_method': 'gpu_hist', 'lambda': 0.0020091191836790943, 'alpha': 1.2258681548339248, 'colsample_bytree': 0.9488658845034288, 'subsample': 0.5973386201267582, 'learning_rate': 0.016566321746201464, 'max_depth': 20, 'min_child_weight': 7, 'eval_metric': 'mlogloss'}. Best is trial 847 with value: 0.96217375.
start listen on 192.168.1.101:55085
@tracker All of 3 nodes getting started
@tracker All nodes finishes job
Trial 928 finished with value: 0.9494925 and parameters: {'objective': 'multi:softprob', 'num_class': 6, 'tree_method': 'gpu_hist', 'lambda': 5.407521210161904, 'alpha': 9.015476165177642, 'colsample_bytree': 0.9649476552003884, 'subsample': 0.6775075541976032, 'learning_rate': 0.012891808882548034, 'max_depth': 5, 'min_child_weight': 187, 'eval_metric': 'mlogloss'}. Best is trial 847 with value: 0.96217375.
start listen on 192.168.1.101:48763
@tracker All of 3 nodes getting started
@tracker All nodes finishes job
Trial 929 finished with value: 0.961925 and parameters: {'objective': 'multi:softprob', 'num_class': 6, 'tree_method': 'gpu_hist', 'lambda': 3.097854043083067, 'alpha': 4.673271709753251, 'colsample_bytree': 0.8917265387765365, 'subsample': 0.6374216910164123, 'learning_rate': 0.02214841255624005, 'max_depth': 15, 'min_child_weight': 10, 'eval_metric': 'mlogloss'}. Best is trial 847 with value: 0.96217375.
start listen on 192.168.1.101:58187
@tracker All of 3 nodes getting started
@tracker All nodes finishes job
Trial 930 finished with value: 0.96163625 and parameters: {'objective': 'multi:softprob', 'num_class': 6, 'tree_method': 'gpu_hist', 'lambda': 2.3236695096503786, 'alpha': 3.3000749512192247, 'colsample_bytree': 0.8725934549772507, 'subsample': 0.6640225127551488, 'learning_rate': 0.019448515646156513, 'max_depth': 11, 'min_child_weight': 23, 'eval_metric': 'mlogloss'}. Best is trial 847 with value: 0.96217375.
start listen on 192.168.1.101:48597
@tracker All of 3 nodes getting started
@tracker All nodes finishes job
Trial 931 finished with value: 0.961785 and parameters: {'objective': 'multi:softprob', 'num_class': 6, 'tree_method': 'gpu_hist', 'lambda': 6.825176953100698, 'alpha': 7.118708043862298, 'colsample_bytree': 0.9132847654145678, 'subsample': 0.6963023010839519, 'learning_rate': 0.011019099236976481, 'max_depth': 20, 'min_child_weight': 20, 'eval_metric': 'mlogloss'}. Best is trial 847 with value: 0.96217375.
start listen on 192.168.1.101:49427
@tracker All of 3 nodes getting started
@tracker All nodes finishes job
Trial 932 finished with value: 0.95695375 and parameters: {'objective': 'multi:softprob', 'num_class': 6, 'tree_method': 'gpu_hist', 'lambda': 8.400621230309117, 'alpha': 5.624780683870949, 'colsample_bytree': 0.9290256114621467, 'subsample': 0.6868513865655765, 'learning_rate': 0.0030248569650190953, 'max_depth': 20, 'min_child_weight': 30, 'eval_metric': 'mlogloss'}. Best is trial 847 with value: 0.96217375.
start listen on 192.168.1.101:55859
@tracker All of 3 nodes getting started
@tracker All nodes finishes job
Trial 933 finished with value: 0.96209 and parameters: {'objective': 'multi:softprob', 'num_class': 6, 'tree_method': 'gpu_hist', 'lambda': 1.7171236318966432, 'alpha': 4.536911738767027, 'colsample_bytree': 0.8905323814369567, 'subsample': 0.6283526162902943, 'learning_rate': 0.018357124061595096, 'max_depth': 20, 'min_child_weight': 10, 'eval_metric': 'mlogloss'}. Best is trial 847 with value: 0.96217375.
start listen on 192.168.1.101:35363
@tracker All of 3 nodes getting started
@tracker All nodes finishes job
Trial 934 finished with value: 0.9617325 and parameters: {'objective': 'multi:softprob', 'num_class': 6, 'tree_method': 'gpu_hist', 'lambda': 6.140841244413819, 'alpha': 1.3913117079124375, 'colsample_bytree': 0.9433642068846165, 'subsample': 0.7127953995658719, 'learning_rate': 0.014397455643961188, 'max_depth': 17, 'min_child_weight': 42, 'eval_metric': 'mlogloss'}. Best is trial 847 with value: 0.96217375.
start listen on 192.168.1.101:42273
@tracker All of 3 nodes getting started
@tracker All nodes finishes job
Trial 935 finished with value: 0.96203625 and parameters: {'objective': 'multi:softprob', 'num_class': 6, 'tree_method': 'gpu_hist', 'lambda': 1.5904751213780788, 'alpha': 3.6907548982049327, 'colsample_bytree': 0.8945438657559592, 'subsample': 0.6367228292009175, 'learning_rate': 0.021099367605841416, 'max_depth': 20, 'min_child_weight': 4, 'eval_metric': 'mlogloss'}. Best is trial 847 with value: 0.96217375.
start listen on 192.168.1.101:48169
@tracker All of 3 nodes getting started
@tracker All nodes finishes job
Trial 936 finished with value: 0.96207875 and parameters: {'objective': 'multi:softprob', 'num_class': 6, 'tree_method': 'gpu_hist', 'lambda': 7.899937498069471, 'alpha': 0.007269555226608393, 'colsample_bytree': 0.9772641062114138, 'subsample': 0.6549686737444755, 'learning_rate': 0.016235282510957842, 'max_depth': 20, 'min_child_weight': 16, 'eval_metric': 'mlogloss'}. Best is trial 847 with value: 0.96217375.
start listen on 192.168.1.101:42613
@tracker All of 3 nodes getting started
@tracker All nodes finishes job
Trial 937 finished with value: 0.96200125 and parameters: {'objective': 'multi:softprob', 'num_class': 6, 'tree_method': 'gpu_hist', 'lambda': 5.038013107255149, 'alpha': 0.004931338190039968, 'colsample_bytree': 0.9269176610558254, 'subsample': 0.6488736489550958, 'learning_rate': 0.013519718871451387, 'max_depth': 20, 'min_child_weight': 24, 'eval_metric': 'mlogloss'}. Best is trial 847 with value: 0.96217375.
start listen on 192.168.1.101:60379
@tracker All of 3 nodes getting started
@tracker All nodes finishes job
Trial 938 finished with value: 0.961945 and parameters: {'objective': 'multi:softprob', 'num_class': 6, 'tree_method': 'gpu_hist', 'lambda': 9.928828673501732, 'alpha': 5.4344789028292695, 'colsample_bytree': 0.8854283311394726, 'subsample': 0.6214045635784152, 'learning_rate': 0.024236522058684408, 'max_depth': 20, 'min_child_weight': 1, 'eval_metric': 'mlogloss'}. Best is trial 847 with value: 0.96217375.
start listen on 192.168.1.101:42495
@tracker All of 3 nodes getting started
@tracker All nodes finishes job
Trial 939 finished with value: 0.96202125 and parameters: {'objective': 'multi:softprob', 'num_class': 6, 'tree_method': 'gpu_hist', 'lambda': 0.2739067581586714, 'alpha': 2.9301328383567418, 'colsample_bytree': 0.87597632537007, 'subsample': 0.6438481489814617, 'learning_rate': 0.018629603165570163, 'max_depth': 20, 'min_child_weight': 10, 'eval_metric': 'mlogloss'}. Best is trial 847 with value: 0.96217375.
start listen on 192.168.1.101:35565
@tracker All of 3 nodes getting started
@tracker All nodes finishes job
Trial 940 finished with value: 0.962045 and parameters: {'objective': 'multi:softprob', 'num_class': 6, 'tree_method': 'gpu_hist', 'lambda': 6.9513578551005075, 'alpha': 1.6467088498237485, 'colsample_bytree': 0.9055481097890263, 'subsample': 0.6696675205373961, 'learning_rate': 0.015274979154970102, 'max_depth': 20, 'min_child_weight': 16, 'eval_metric': 'mlogloss'}. Best is trial 847 with value: 0.96217375.
start listen on 192.168.1.101:42527
@tracker All of 3 nodes getting started
@tracker All nodes finishes job
Trial 941 finished with value: 0.9616025 and parameters: {'objective': 'multi:softprob', 'num_class': 6, 'tree_method': 'gpu_hist', 'lambda': 3.5542566551802763, 'alpha': 2.633585897532808, 'colsample_bytree': 0.8591456123183002, 'subsample': 0.4165452308186036, 'learning_rate': 0.01804074423637848, 'max_depth': 13, 'min_child_weight': 24, 'eval_metric': 'mlogloss'}. Best is trial 847 with value: 0.96217375.
start listen on 192.168.1.101:54407
@tracker All of 3 nodes getting started
@tracker All nodes finishes job
Trial 942 finished with value: 0.95918625 and parameters: {'objective': 'multi:softprob', 'num_class': 6, 'tree_method': 'gpu_hist', 'lambda': 8.6814784125327, 'alpha': 4.627004079712888, 'colsample_bytree': 0.8956250598065041, 'subsample': 0.6332624143977891, 'learning_rate': 0.004480880759473597, 'max_depth': 20, 'min_child_weight': 7, 'eval_metric': 'mlogloss'}. Best is trial 847 with value: 0.96217375.
start listen on 192.168.1.101:42421
@tracker All of 3 nodes getting started
@tracker All nodes finishes job
Trial 943 finished with value: 0.96201125 and parameters: {'objective': 'multi:softprob', 'num_class': 6, 'tree_method': 'gpu_hist', 'lambda': 2.8997113509793984, 'alpha': 3.127433051691214, 'colsample_bytree': 0.8825003607266786, 'subsample': 0.6099491613364243, 'learning_rate': 0.02306510403761252, 'max_depth': 20, 'min_child_weight': 13, 'eval_metric': 'mlogloss'}. Best is trial 847 with value: 0.96217375.
start listen on 192.168.1.101:39749
@tracker All of 3 nodes getting started
@tracker All nodes finishes job
Trial 944 finished with value: 0.9397 and parameters: {'objective': 'multi:softprob', 'num_class': 6, 'tree_method': 'gpu_hist', 'lambda': 5.67562998349618, 'alpha': 0.009052495934832063, 'colsample_bytree': 0.9517780414739234, 'subsample': 0.6781431262432451, 'learning_rate': 0.017097640639124466, 'max_depth': 3, 'min_child_weight': 33, 'eval_metric': 'mlogloss'}. Best is trial 847 with value: 0.96217375.
start listen on 192.168.1.101:44671
@tracker All of 3 nodes getting started
@tracker All nodes finishes job
Trial 945 finished with value: 0.9601825 and parameters: {'objective': 'multi:softprob', 'num_class': 6, 'tree_method': 'gpu_hist', 'lambda': 7.17064312443922, 'alpha': 0.010164916449656603, 'colsample_bytree': 0.5877025724918004, 'subsample': 0.6591460739961458, 'learning_rate': 0.01459256547313337, 'max_depth': 20, 'min_child_weight': 167, 'eval_metric': 'mlogloss'}. Best is trial 847 with value: 0.96217375.
start listen on 192.168.1.101:43535
@tracker All of 3 nodes getting started
@tracker All nodes finishes job
Trial 946 finished with value: 0.9598225 and parameters: {'objective': 'multi:softprob', 'num_class': 6, 'tree_method': 'gpu_hist', 'lambda': 0.022614332616391137, 'alpha': 0.012899541717878807, 'colsample_bytree': 0.9862010034056348, 'subsample': 0.7310915616962282, 'learning_rate': 0.012745279498985476, 'max_depth': 9, 'min_child_weight': 19, 'eval_metric': 'mlogloss'}. Best is trial 847 with value: 0.96217375.
start listen on 192.168.1.101:39161
@tracker All of 3 nodes getting started
@tracker All nodes finishes job
Trial 947 finished with value: 0.96209 and parameters: {'objective': 'multi:softprob', 'num_class': 6, 'tree_method': 'gpu_hist', 'lambda': 9.956337678425268, 'alpha': 3.9042164198052003, 'colsample_bytree': 0.9044031135502976, 'subsample': 0.6429790638084327, 'learning_rate': 0.020838630609875737, 'max_depth': 20, 'min_child_weight': 6, 'eval_metric': 'mlogloss'}. Best is trial 847 with value: 0.96217375.
start listen on 192.168.1.101:33737
@tracker All of 3 nodes getting started
@tracker All nodes finishes job
Trial 948 finished with value: 0.96198125 and parameters: {'objective': 'multi:softprob', 'num_class': 6, 'tree_method': 'gpu_hist', 'lambda': 7.471218565378366, 'alpha': 0.01442171648854416, 'colsample_bytree': 0.9351434647403339, 'subsample': 0.6693597263933595, 'learning_rate': 0.01651555165575119, 'max_depth': 20, 'min_child_weight': 28, 'eval_metric': 'mlogloss'}. Best is trial 847 with value: 0.96217375.
start listen on 192.168.1.101:58095
@tracker All of 3 nodes getting started
@tracker All nodes finishes job
Trial 949 finished with value: 0.9618625 and parameters: {'objective': 'multi:softprob', 'num_class': 6, 'tree_method': 'gpu_hist', 'lambda': 4.53249872018449, 'alpha': 8.370084521877605, 'colsample_bytree': 0.9155970237856537, 'subsample': 0.5142908792650164, 'learning_rate': 0.01536518900676334, 'max_depth': 20, 'min_child_weight': 18, 'eval_metric': 'mlogloss'}. Best is trial 847 with value: 0.96217375.
start listen on 192.168.1.101:57683
@tracker All of 3 nodes getting started
@tracker All nodes finishes job
Trial 950 finished with value: 0.961975 and parameters: {'objective': 'multi:softprob', 'num_class': 6, 'tree_method': 'gpu_hist', 'lambda': 2.2895638662787965, 'alpha': 4.734638917271394, 'colsample_bytree': 0.8464227673042367, 'subsample': 0.46203623935179255, 'learning_rate': 0.018937026984613445, 'max_depth': 20, 'min_child_weight': 1, 'eval_metric': 'mlogloss'}. Best is trial 847 with value: 0.96217375.
start listen on 192.168.1.101:34679
@tracker All of 3 nodes getting started
@tracker All nodes finishes job
Trial 951 finished with value: 0.9620375 and parameters: {'objective': 'multi:softprob', 'num_class': 6, 'tree_method': 'gpu_hist', 'lambda': 2.002251025581969, 'alpha': 2.372339831868577, 'colsample_bytree': 0.8726323216978513, 'subsample': 0.6526032828779559, 'learning_rate': 0.019946299254414802, 'max_depth': 20, 'min_child_weight': 13, 'eval_metric': 'mlogloss'}. Best is trial 847 with value: 0.96217375.
start listen on 192.168.1.101:45249
@tracker All of 3 nodes getting started
@tracker All nodes finishes job
Trial 952 finished with value: 0.96203875 and parameters: {'objective': 'multi:softprob', 'num_class': 6, 'tree_method': 'gpu_hist', 'lambda': 8.05737326900342, 'alpha': 3.628312559553671, 'colsample_bytree': 0.89552654769043, 'subsample': 0.6234226113118214, 'learning_rate': 0.02358216111978578, 'max_depth': 20, 'min_child_weight': 11, 'eval_metric': 'mlogloss'}. Best is trial 847 with value: 0.96217375.
start listen on 192.168.1.101:43839
@tracker All of 3 nodes getting started
@tracker All nodes finishes job
Trial 953 finished with value: 0.95880625 and parameters: {'objective': 'multi:softprob', 'num_class': 6, 'tree_method': 'gpu_hist', 'lambda': 3.3512135272672188, 'alpha': 0.06280323869847276, 'colsample_bytree': 0.8623925939238405, 'subsample': 0.6608710945837443, 'learning_rate': 0.017662146609734995, 'max_depth': 7, 'min_child_weight': 21, 'eval_metric': 'mlogloss'}. Best is trial 847 with value: 0.96217375.
start listen on 192.168.1.101:40889
@tracker All of 3 nodes getting started
@tracker All nodes finishes job
Trial 954 finished with value: 0.96096 and parameters: {'objective': 'multi:softprob', 'num_class': 6, 'tree_method': 'gpu_hist', 'lambda': 3.639195561220691, 'alpha': 2.055673220611145, 'colsample_bytree': 0.878035294868641, 'subsample': 0.6493281826371633, 'learning_rate': 0.0069293883485495615, 'max_depth': 20, 'min_child_weight': 25, 'eval_metric': 'mlogloss'}. Best is trial 847 with value: 0.96217375.
start listen on 192.168.1.101:42213
@tracker All of 3 nodes getting started
@tracker All nodes finishes job
Trial 955 finished with value: 0.962115 and parameters: {'objective': 'multi:softprob', 'num_class': 6, 'tree_method': 'gpu_hist', 'lambda': 8.513469756825048, 'alpha': 5.854427077187683, 'colsample_bytree': 0.8989057286584592, 'subsample': 0.5689073619667625, 'learning_rate': 0.0207208059417475, 'max_depth': 20, 'min_child_weight': 11, 'eval_metric': 'mlogloss'}. Best is trial 847 with value: 0.96217375.
start listen on 192.168.1.101:32803
@tracker All of 3 nodes getting started
@tracker All nodes finishes job
Trial 956 finished with value: 0.96198875 and parameters: {'objective': 'multi:softprob', 'num_class': 6, 'tree_method': 'gpu_hist', 'lambda': 2.4815741553395934, 'alpha': 4.245763299801562, 'colsample_bytree': 0.8881880532717082, 'subsample': 0.4857826573530259, 'learning_rate': 0.02531736531256184, 'max_depth': 20, 'min_child_weight': 11, 'eval_metric': 'mlogloss'}. Best is trial 847 with value: 0.96217375.
start listen on 192.168.1.101:51707
@tracker All of 3 nodes getting started
@tracker All nodes finishes job
Trial 957 finished with value: 0.95535625 and parameters: {'objective': 'multi:softprob', 'num_class': 6, 'tree_method': 'gpu_hist', 'lambda': 9.990191469585081, 'alpha': 6.766585317700761, 'colsample_bytree': 0.9100095625689055, 'subsample': 0.5338137852157558, 'learning_rate': 0.021604489054959562, 'max_depth': 5, 'min_child_weight': 4, 'eval_metric': 'mlogloss'}. Best is trial 847 with value: 0.96217375.
start listen on 192.168.1.101:52629
@tracker All of 3 nodes getting started
@tracker All nodes finishes job
Trial 958 finished with value: 0.9620125 and parameters: {'objective': 'multi:softprob', 'num_class': 6, 'tree_method': 'gpu_hist', 'lambda': 5.539059431910508, 'alpha': 5.952614639769401, 'colsample_bytree': 0.9892378876989925, 'subsample': 0.5157798635430375, 'learning_rate': 0.027077678239446255, 'max_depth': 20, 'min_child_weight': 18, 'eval_metric': 'mlogloss'}. Best is trial 847 with value: 0.96217375.
start listen on 192.168.1.101:57783
@tracker All of 3 nodes getting started
@tracker All nodes finishes job
Trial 959 finished with value: 0.9611375 and parameters: {'objective': 'multi:softprob', 'num_class': 6, 'tree_method': 'gpu_hist', 'lambda': 6.695984222760503, 'alpha': 5.360386966522535, 'colsample_bytree': 0.8772523649743518, 'subsample': 0.5612875930749799, 'learning_rate': 0.022263225379258664, 'max_depth': 20, 'min_child_weight': 224, 'eval_metric': 'mlogloss'}. Best is trial 847 with value: 0.96217375.
start listen on 192.168.1.101:40675
@tracker All of 3 nodes getting started
@tracker All nodes finishes job
Trial 960 finished with value: 0.96200375 and parameters: {'objective': 'multi:softprob', 'num_class': 6, 'tree_method': 'gpu_hist', 'lambda': 1.1403286980802385, 'alpha': 5.185505192288159, 'colsample_bytree': 0.8956750158038272, 'subsample': 0.5449739050223185, 'learning_rate': 0.02137416746812572, 'max_depth': 20, 'min_child_weight': 12, 'eval_metric': 'mlogloss'}. Best is trial 847 with value: 0.96217375.
start listen on 192.168.1.101:40677
@tracker All of 3 nodes getting started
@tracker All nodes finishes job
Trial 961 finished with value: 0.96168 and parameters: {'objective': 'multi:softprob', 'num_class': 6, 'tree_method': 'gpu_hist', 'lambda': 6.066317853999313, 'alpha': 6.929913265947245, 'colsample_bytree': 0.9669846716665962, 'subsample': 0.6014996393563874, 'learning_rate': 0.017701136790318085, 'max_depth': 15, 'min_child_weight': 30, 'eval_metric': 'mlogloss'}. Best is trial 847 with value: 0.96217375.
start listen on 192.168.1.101:37381
@tracker All of 3 nodes getting started
@tracker All nodes finishes job
Trial 962 finished with value: 0.96129375 and parameters: {'objective': 'multi:softprob', 'num_class': 6, 'tree_method': 'gpu_hist', 'lambda': 4.904740912005224, 'alpha': 8.62649298355307, 'colsample_bytree': 0.9990963253640277, 'subsample': 0.6894467438682841, 'learning_rate': 0.018005461699855372, 'max_depth': 11, 'min_child_weight': 23, 'eval_metric': 'mlogloss'}. Best is trial 847 with value: 0.96217375.
start listen on 192.168.1.101:45441
@tracker All of 3 nodes getting started
@tracker All nodes finishes job
Trial 963 finished with value: 0.96211375 and parameters: {'objective': 'multi:softprob', 'num_class': 6, 'tree_method': 'gpu_hist', 'lambda': 8.466786607339525, 'alpha': 7.1199839009220955, 'colsample_bytree': 0.9057017173165166, 'subsample': 0.5548069821071301, 'learning_rate': 0.019736715390997736, 'max_depth': 20, 'min_child_weight': 7, 'eval_metric': 'mlogloss'}. Best is trial 847 with value: 0.96217375.
start listen on 192.168.1.101:33871
@tracker All of 3 nodes getting started
@tracker All nodes finishes job
Trial 964 finished with value: 0.96208875 and parameters: {'objective': 'multi:softprob', 'num_class': 6, 'tree_method': 'gpu_hist', 'lambda': 8.402203293539047, 'alpha': 7.073587456835308, 'colsample_bytree': 0.9048295022537142, 'subsample': 0.5597430271627151, 'learning_rate': 0.024186389424953252, 'max_depth': 20, 'min_child_weight': 5, 'eval_metric': 'mlogloss'}. Best is trial 847 with value: 0.96217375.
start listen on 192.168.1.101:59991
@tracker All of 3 nodes getting started
@tracker All nodes finishes job
Trial 965 finished with value: 0.9621025 and parameters: {'objective': 'multi:softprob', 'num_class': 6, 'tree_method': 'gpu_hist', 'lambda': 8.251597290765613, 'alpha': 6.493078061428764, 'colsample_bytree': 0.9015020893690731, 'subsample': 0.5726858301850757, 'learning_rate': 0.020255596934578433, 'max_depth': 20, 'min_child_weight': 5, 'eval_metric': 'mlogloss'}. Best is trial 847 with value: 0.96217375.
start listen on 192.168.1.101:40019
@tracker All of 3 nodes getting started
@tracker All nodes finishes job
