Trial 588 finished with value: 0.96201375 and parameters: {'objective': 'multi:softprob', 'num_class': 6, 'tree_method': 'gpu_hist', 'lambda': 4.697241574952899, 'alpha': 0.01743280583260239, 'colsample_bytree': 0.9057819132953993, 'subsample': 0.6154201502062016, 'learning_rate': 0.01429994986965044, 'max_depth': 20, 'min_child_weight': 6, 'eval_metric': 'mlogloss'}. Best is trial 461 with value: 0.96217.
start listen on 192.168.1.101:57039
@tracker All of 3 nodes getting started
@tracker All nodes finishes job
Trial 589 finished with value: 0.96208375 and parameters: {'objective': 'multi:softprob', 'num_class': 6, 'tree_method': 'gpu_hist', 'lambda': 9.880276533265445, 'alpha': 0.019818233636890243, 'colsample_bytree': 0.879702670346289, 'subsample': 0.6600869746247795, 'learning_rate': 0.020534462107911516, 'max_depth': 20, 'min_child_weight': 22, 'eval_metric': 'mlogloss'}. Best is trial 461 with value: 0.96217.
start listen on 192.168.1.101:41663
@tracker All of 3 nodes getting started
@tracker All nodes finishes job
Trial 590 finished with value: 0.96197875 and parameters: {'objective': 'multi:softprob', 'num_class': 6, 'tree_method': 'gpu_hist', 'lambda': 7.790691148629429, 'alpha': 0.015998941707573745, 'colsample_bytree': 0.9292731483013793, 'subsample': 0.6374081888840711, 'learning_rate': 0.01838337409213194, 'max_depth': 20, 'min_child_weight': 14, 'eval_metric': 'mlogloss'}. Best is trial 461 with value: 0.96217.
start listen on 192.168.1.101:43813
@tracker All of 3 nodes getting started
@tracker All nodes finishes job
Trial 591 finished with value: 0.9620275 and parameters: {'objective': 'multi:softprob', 'num_class': 6, 'tree_method': 'gpu_hist', 'lambda': 6.1324500774461566, 'alpha': 0.018507583595031605, 'colsample_bytree': 0.9166539167611407, 'subsample': 0.6505971134879731, 'learning_rate': 0.011409502524879996, 'max_depth': 20, 'min_child_weight': 7, 'eval_metric': 'mlogloss'}. Best is trial 461 with value: 0.96217.
start listen on 192.168.1.101:46791
@tracker All of 3 nodes getting started
@tracker All nodes finishes job
Trial 592 finished with value: 0.9604975 and parameters: {'objective': 'multi:softprob', 'num_class': 6, 'tree_method': 'gpu_hist', 'lambda': 8.325431655571075, 'alpha': 0.9190669766798044, 'colsample_bytree': 0.9513558397660905, 'subsample': 0.670596072903411, 'learning_rate': 0.016638277951364164, 'max_depth': 9, 'min_child_weight': 28, 'eval_metric': 'mlogloss'}. Best is trial 461 with value: 0.96217.
start listen on 192.168.1.101:48633
@tracker All of 3 nodes getting started
@tracker All nodes finishes job
Trial 593 finished with value: 0.96205875 and parameters: {'objective': 'multi:softprob', 'num_class': 6, 'tree_method': 'gpu_hist', 'lambda': 7.240028498574256, 'alpha': 0.5109697865411009, 'colsample_bytree': 0.8957589668014263, 'subsample': 0.6296296319700719, 'learning_rate': 0.014191752687853342, 'max_depth': 20, 'min_child_weight': 19, 'eval_metric': 'mlogloss'}. Best is trial 461 with value: 0.96217.
start listen on 192.168.1.101:47481
@tracker All of 3 nodes getting started
@tracker All nodes finishes job
Trial 594 finished with value: 0.9619625 and parameters: {'objective': 'multi:softprob', 'num_class': 6, 'tree_method': 'gpu_hist', 'lambda': 9.941365195565906, 'alpha': 0.0016801366228264669, 'colsample_bytree': 0.9290976209240681, 'subsample': 0.5993556877252814, 'learning_rate': 0.03135098288461992, 'max_depth': 20, 'min_child_weight': 12, 'eval_metric': 'mlogloss'}. Best is trial 461 with value: 0.96217.
start listen on 192.168.1.101:35147
@tracker All of 3 nodes getting started
@tracker All nodes finishes job
Trial 595 finished with value: 0.96200375 and parameters: {'objective': 'multi:softprob', 'num_class': 6, 'tree_method': 'gpu_hist', 'lambda': 5.287195608526837, 'alpha': 0.012779066442563653, 'colsample_bytree': 0.9077897986609164, 'subsample': 0.656834402414876, 'learning_rate': 0.015777017075090802, 'max_depth': 20, 'min_child_weight': 25, 'eval_metric': 'mlogloss'}. Best is trial 461 with value: 0.96217.
start listen on 192.168.1.101:48737
@tracker All of 3 nodes getting started
@tracker All nodes finishes job
Trial 596 finished with value: 0.96191875 and parameters: {'objective': 'multi:softprob', 'num_class': 6, 'tree_method': 'gpu_hist', 'lambda': 8.191408166850737, 'alpha': 0.6269740444755072, 'colsample_bytree': 0.8858101067431623, 'subsample': 0.510855684568541, 'learning_rate': 0.012709024966328033, 'max_depth': 20, 'min_child_weight': 17, 'eval_metric': 'mlogloss'}. Best is trial 461 with value: 0.96217.
start listen on 192.168.1.101:58579
@tracker All of 3 nodes getting started
@tracker All nodes finishes job
Trial 597 finished with value: 0.9398375 and parameters: {'objective': 'multi:softprob', 'num_class': 6, 'tree_method': 'gpu_hist', 'lambda': 4.016008720558056, 'alpha': 0.022245440611025437, 'colsample_bytree': 0.8583946317489768, 'subsample': 0.6145942115802322, 'learning_rate': 0.017806776976591335, 'max_depth': 3, 'min_child_weight': 34, 'eval_metric': 'mlogloss'}. Best is trial 461 with value: 0.96217.
start listen on 192.168.1.101:39127
@tracker All of 3 nodes getting started
@tracker All nodes finishes job
Trial 598 finished with value: 0.9619025 and parameters: {'objective': 'multi:softprob', 'num_class': 6, 'tree_method': 'gpu_hist', 'lambda': 6.405037437245506, 'alpha': 0.014960303932557609, 'colsample_bytree': 0.9430084010775276, 'subsample': 0.6412269480815963, 'learning_rate': 0.019664075478023818, 'max_depth': 20, 'min_child_weight': 6, 'eval_metric': 'mlogloss'}. Best is trial 461 with value: 0.96217.
start listen on 192.168.1.101:47371
@tracker All of 3 nodes getting started
@tracker All nodes finishes job
Trial 599 finished with value: 0.96198 and parameters: {'objective': 'multi:softprob', 'num_class': 6, 'tree_method': 'gpu_hist', 'lambda': 9.914298156276343, 'alpha': 4.518322646515065, 'colsample_bytree': 0.9553656204283374, 'subsample': 0.5624744921379551, 'learning_rate': 0.02170664041408527, 'max_depth': 20, 'min_child_weight': 1, 'eval_metric': 'mlogloss'}. Best is trial 461 with value: 0.96217.
start listen on 192.168.1.101:60055
@tracker All of 3 nodes getting started
@tracker All nodes finishes job
Trial 600 finished with value: 0.9621025 and parameters: {'objective': 'multi:softprob', 'num_class': 6, 'tree_method': 'gpu_hist', 'lambda': 7.419832735902988, 'alpha': 0.3350319364000594, 'colsample_bytree': 0.9189240142215747, 'subsample': 0.6712689713829395, 'learning_rate': 0.014903553560045505, 'max_depth': 20, 'min_child_weight': 21, 'eval_metric': 'mlogloss'}. Best is trial 461 with value: 0.96217.
start listen on 192.168.1.101:45835
@tracker All of 3 nodes getting started
@tracker All nodes finishes job
Trial 601 finished with value: 0.95752625 and parameters: {'objective': 'multi:softprob', 'num_class': 6, 'tree_method': 'gpu_hist', 'lambda': 7.4451744792896015, 'alpha': 0.3483729758056074, 'colsample_bytree': 0.9025715917724596, 'subsample': 0.6737740893978085, 'learning_rate': 0.013855781874319732, 'max_depth': 7, 'min_child_weight': 31, 'eval_metric': 'mlogloss'}. Best is trial 461 with value: 0.96217.
start listen on 192.168.1.101:57225
@tracker All of 3 nodes getting started
@tracker All nodes finishes job
Trial 602 finished with value: 0.962005 and parameters: {'objective': 'multi:softprob', 'num_class': 6, 'tree_method': 'gpu_hist', 'lambda': 5.193784050649374, 'alpha': 0.3265187599287623, 'colsample_bytree': 0.8771627595290923, 'subsample': 0.6770623889504148, 'learning_rate': 0.015057296201293958, 'max_depth': 20, 'min_child_weight': 25, 'eval_metric': 'mlogloss'}. Best is trial 461 with value: 0.96217.
start listen on 192.168.1.101:59975
@tracker All of 3 nodes getting started
@tracker All nodes finishes job
Trial 603 finished with value: 0.96195625 and parameters: {'objective': 'multi:softprob', 'num_class': 6, 'tree_method': 'gpu_hist', 'lambda': 4.469756643198181, 'alpha': 0.024091856962518938, 'colsample_bytree': 0.8962715654457167, 'subsample': 0.6655952862509129, 'learning_rate': 0.0125704020859875, 'max_depth': 20, 'min_child_weight': 22, 'eval_metric': 'mlogloss'}. Best is trial 461 with value: 0.96217.
start listen on 192.168.1.101:52483
@tracker All of 3 nodes getting started
@tracker All nodes finishes job
Trial 604 finished with value: 0.961635 and parameters: {'objective': 'multi:softprob', 'num_class': 6, 'tree_method': 'gpu_hist', 'lambda': 8.28377640207829, 'alpha': 0.4688887581285638, 'colsample_bytree': 0.9095443566756832, 'subsample': 0.4278593810809051, 'learning_rate': 0.01390595431292786, 'max_depth': 20, 'min_child_weight': 39, 'eval_metric': 'mlogloss'}. Best is trial 461 with value: 0.96217.
start listen on 192.168.1.101:40321
@tracker All of 3 nodes getting started
@tracker All nodes finishes job
Trial 605 finished with value: 0.962035 and parameters: {'objective': 'multi:softprob', 'num_class': 6, 'tree_method': 'gpu_hist', 'lambda': 5.875520395648418, 'alpha': 0.2945871317157298, 'colsample_bytree': 0.9353894659698854, 'subsample': 0.6852459502398119, 'learning_rate': 0.015958931964458356, 'max_depth': 20, 'min_child_weight': 12, 'eval_metric': 'mlogloss'}. Best is trial 461 with value: 0.96217.
start listen on 192.168.1.101:42431
@tracker All of 3 nodes getting started
@tracker All nodes finishes job
Trial 606 finished with value: 0.96061625 and parameters: {'objective': 'multi:softprob', 'num_class': 6, 'tree_method': 'gpu_hist', 'lambda': 7.264188588274285, 'alpha': 0.4344167053274843, 'colsample_bytree': 0.9194836596104138, 'subsample': 0.6549493839936887, 'learning_rate': 0.011580105027515756, 'max_depth': 20, 'min_child_weight': 159, 'eval_metric': 'mlogloss'}. Best is trial 461 with value: 0.96217.
start listen on 192.168.1.101:56121
@tracker All of 3 nodes getting started
@tracker All nodes finishes job
Trial 607 finished with value: 0.962065 and parameters: {'objective': 'multi:softprob', 'num_class': 6, 'tree_method': 'gpu_hist', 'lambda': 3.3966422971480927, 'alpha': 0.12833151297191828, 'colsample_bytree': 0.9610863565689288, 'subsample': 0.6711098149670344, 'learning_rate': 0.015020418574083707, 'max_depth': 20, 'min_child_weight': 20, 'eval_metric': 'mlogloss'}. Best is trial 461 with value: 0.96217.
start listen on 192.168.1.101:52053
@tracker All of 3 nodes getting started
@tracker All nodes finishes job
Trial 608 finished with value: 0.95314875 and parameters: {'objective': 'multi:softprob', 'num_class': 6, 'tree_method': 'gpu_hist', 'lambda': 6.1457153082319005, 'alpha': 0.21691195479864964, 'colsample_bytree': 0.8915497704092031, 'subsample': 0.665308857574846, 'learning_rate': 0.016610352313049866, 'max_depth': 5, 'min_child_weight': 29, 'eval_metric': 'mlogloss'}. Best is trial 461 with value: 0.96217.
start listen on 192.168.1.101:44349
@tracker All of 3 nodes getting started
@tracker All nodes finishes job
Trial 609 finished with value: 0.96157625 and parameters: {'objective': 'multi:softprob', 'num_class': 6, 'tree_method': 'gpu_hist', 'lambda': 5.085980089730656, 'alpha': 0.01957302606311412, 'colsample_bytree': 0.8658323777906274, 'subsample': 0.6323644995759445, 'learning_rate': 0.01765128304317418, 'max_depth': 11, 'min_child_weight': 11, 'eval_metric': 'mlogloss'}. Best is trial 461 with value: 0.96217.
start listen on 192.168.1.101:59803
@tracker All of 3 nodes getting started
@tracker All nodes finishes job
Trial 610 finished with value: 0.96176875 and parameters: {'objective': 'multi:softprob', 'num_class': 6, 'tree_method': 'gpu_hist', 'lambda': 6.715015699183569, 'alpha': 0.017497250776095763, 'colsample_bytree': 0.9333955974338867, 'subsample': 0.676202136285048, 'learning_rate': 0.059134287003214596, 'max_depth': 15, 'min_child_weight': 17, 'eval_metric': 'mlogloss'}. Best is trial 461 with value: 0.96217.
start listen on 192.168.1.101:47043
@tracker All of 3 nodes getting started
@tracker All nodes finishes job
Trial 611 finished with value: 0.96179375 and parameters: {'objective': 'multi:softprob', 'num_class': 6, 'tree_method': 'gpu_hist', 'lambda': 5.69739195953728, 'alpha': 0.1743978928233903, 'colsample_bytree': 0.9462406965867706, 'subsample': 0.7003912980688553, 'learning_rate': 0.009925614005136377, 'max_depth': 20, 'min_child_weight': 23, 'eval_metric': 'mlogloss'}. Best is trial 461 with value: 0.96217.
start listen on 192.168.1.101:41717
@tracker All of 3 nodes getting started
@tracker All nodes finishes job
Trial 612 finished with value: 0.96200625 and parameters: {'objective': 'multi:softprob', 'num_class': 6, 'tree_method': 'gpu_hist', 'lambda': 7.358477178395719, 'alpha': 0.01463518614029791, 'colsample_bytree': 0.9188090149995229, 'subsample': 0.6605846787686183, 'learning_rate': 0.01309016158122708, 'max_depth': 20, 'min_child_weight': 9, 'eval_metric': 'mlogloss'}. Best is trial 461 with value: 0.96217.
start listen on 192.168.1.101:54813
@tracker All of 3 nodes getting started
@tracker All nodes finishes job
Trial 613 finished with value: 0.96201625 and parameters: {'objective': 'multi:softprob', 'num_class': 6, 'tree_method': 'gpu_hist', 'lambda': 0.44287407503682585, 'alpha': 0.0011601599573527498, 'colsample_bytree': 0.905455567947753, 'subsample': 0.6847266531517298, 'learning_rate': 0.014881482896981386, 'max_depth': 20, 'min_child_weight': 15, 'eval_metric': 'mlogloss'}. Best is trial 461 with value: 0.96217.
start listen on 192.168.1.101:38403
@tracker All of 3 nodes getting started
@tracker All nodes finishes job
Trial 614 finished with value: 0.96192375 and parameters: {'objective': 'multi:softprob', 'num_class': 6, 'tree_method': 'gpu_hist', 'lambda': 8.565578399898223, 'alpha': 0.526294286485589, 'colsample_bytree': 0.9232400507830316, 'subsample': 0.6511585058702988, 'learning_rate': 0.013952415011563043, 'max_depth': 20, 'min_child_weight': 33, 'eval_metric': 'mlogloss'}. Best is trial 461 with value: 0.96217.
start listen on 192.168.1.101:47549
@tracker All of 3 nodes getting started
@tracker All nodes finishes job
Trial 615 finished with value: 0.96124875 and parameters: {'objective': 'multi:softprob', 'num_class': 6, 'tree_method': 'gpu_hist', 'lambda': 9.990636488638874, 'alpha': 0.3836878558416857, 'colsample_bytree': 0.8841088872331037, 'subsample': 0.6441506502255688, 'learning_rate': 0.012177395196528992, 'max_depth': 13, 'min_child_weight': 19, 'eval_metric': 'mlogloss'}. Best is trial 461 with value: 0.96217.
start listen on 192.168.1.101:44381
@tracker All of 3 nodes getting started
@tracker All nodes finishes job
Trial 616 finished with value: 0.96195125 and parameters: {'objective': 'multi:softprob', 'num_class': 6, 'tree_method': 'gpu_hist', 'lambda': 6.69524500299876, 'alpha': 0.07058952998881012, 'colsample_bytree': 0.9670198685047611, 'subsample': 0.5841174254402337, 'learning_rate': 0.01706315622216735, 'max_depth': 17, 'min_child_weight': 5, 'eval_metric': 'mlogloss'}. Best is trial 461 with value: 0.96217.
start listen on 192.168.1.101:56105
@tracker All of 3 nodes getting started
@tracker All nodes finishes job
Trial 617 finished with value: 0.9613225 and parameters: {'objective': 'multi:softprob', 'num_class': 6, 'tree_method': 'gpu_hist', 'lambda': 8.24140411748891, 'alpha': 0.6247074046882315, 'colsample_bytree': 0.9116525946743025, 'subsample': 0.6537044810831981, 'learning_rate': 0.015367382702262455, 'max_depth': 20, 'min_child_weight': 140, 'eval_metric': 'mlogloss'}. Best is trial 461 with value: 0.96217.
start listen on 192.168.1.101:52615
@tracker All of 3 nodes getting started
@tracker All nodes finishes job
Trial 618 finished with value: 0.9619625 and parameters: {'objective': 'multi:softprob', 'num_class': 6, 'tree_method': 'gpu_hist', 'lambda': 0.009020181339527875, 'alpha': 0.020773421771877035, 'colsample_bytree': 0.8934899815320696, 'subsample': 0.4822392590866347, 'learning_rate': 0.01904817101474993, 'max_depth': 20, 'min_child_weight': 27, 'eval_metric': 'mlogloss'}. Best is trial 461 with value: 0.96217.
start listen on 192.168.1.101:41125
@tracker All of 3 nodes getting started
@tracker All nodes finishes job
Trial 619 finished with value: 0.96207125 and parameters: {'objective': 'multi:softprob', 'num_class': 6, 'tree_method': 'gpu_hist', 'lambda': 8.420476141751573, 'alpha': 0.5073109408483861, 'colsample_bytree': 0.9193325723083096, 'subsample': 0.6350859792531193, 'learning_rate': 0.013433365936883043, 'max_depth': 20, 'min_child_weight': 14, 'eval_metric': 'mlogloss'}. Best is trial 461 with value: 0.96217.
start listen on 192.168.1.101:35939
@tracker All of 3 nodes getting started
@tracker All nodes finishes job
Trial 620 finished with value: 0.9618075 and parameters: {'objective': 'multi:softprob', 'num_class': 6, 'tree_method': 'gpu_hist', 'lambda': 8.541555026700392, 'alpha': 0.7342127382954915, 'colsample_bytree': 0.9013464055837555, 'subsample': 0.6662269454271142, 'learning_rate': 0.010822881830829302, 'max_depth': 20, 'min_child_weight': 23, 'eval_metric': 'mlogloss'}. Best is trial 461 with value: 0.96217.
start listen on 192.168.1.101:36193
@tracker All of 3 nodes getting started
@tracker All nodes finishes job
Trial 621 finished with value: 0.96195 and parameters: {'objective': 'multi:softprob', 'num_class': 6, 'tree_method': 'gpu_hist', 'lambda': 7.395306809947963, 'alpha': 1.7472452187397927, 'colsample_bytree': 0.8689914076009565, 'subsample': 0.6222086732664343, 'learning_rate': 0.025135994591376123, 'max_depth': 20, 'min_child_weight': 10, 'eval_metric': 'mlogloss'}. Best is trial 461 with value: 0.96217.
start listen on 192.168.1.101:34255
@tracker All of 3 nodes getting started
@tracker All nodes finishes job
Trial 622 finished with value: 0.961705 and parameters: {'objective': 'multi:softprob', 'num_class': 6, 'tree_method': 'gpu_hist', 'lambda': 8.722471443423885, 'alpha': 0.37638748052850984, 'colsample_bytree': 0.9298857640019773, 'subsample': 0.6422299176650784, 'learning_rate': 0.01644152002541552, 'max_depth': 20, 'min_child_weight': 68, 'eval_metric': 'mlogloss'}. Best is trial 461 with value: 0.96217.
start listen on 192.168.1.101:41849
@tracker All of 3 nodes getting started
@tracker All nodes finishes job
Trial 623 finished with value: 0.940685 and parameters: {'objective': 'multi:softprob', 'num_class': 6, 'tree_method': 'gpu_hist', 'lambda': 4.418122093139703, 'alpha': 0.026467425548045334, 'colsample_bytree': 0.9536688311995027, 'subsample': 0.5504651400735749, 'learning_rate': 0.018296447454569185, 'max_depth': 3, 'min_child_weight': 226, 'eval_metric': 'mlogloss'}. Best is trial 461 with value: 0.96217.
start listen on 192.168.1.101:56487
@tracker All of 3 nodes getting started
@tracker All nodes finishes job
Trial 624 finished with value: 0.9620825 and parameters: {'objective': 'multi:softprob', 'num_class': 6, 'tree_method': 'gpu_hist', 'lambda': 6.922244750361279, 'alpha': 0.43224038574063056, 'colsample_bytree': 0.8803062597665247, 'subsample': 0.6564412748151638, 'learning_rate': 0.014718942414613984, 'max_depth': 20, 'min_child_weight': 18, 'eval_metric': 'mlogloss'}. Best is trial 461 with value: 0.96217.
start listen on 192.168.1.101:35739
@tracker All of 3 nodes getting started
@tracker All nodes finishes job
Trial 625 finished with value: 0.96179375 and parameters: {'objective': 'multi:softprob', 'num_class': 6, 'tree_method': 'gpu_hist', 'lambda': 5.217160218357096, 'alpha': 0.015542366072520821, 'colsample_bytree': 0.9446920298523539, 'subsample': 0.5983063341945157, 'learning_rate': 0.017430363645720346, 'max_depth': 20, 'min_child_weight': 1, 'eval_metric': 'mlogloss'}. Best is trial 461 with value: 0.96217.
start listen on 192.168.1.101:53831
@tracker All of 3 nodes getting started
@tracker All nodes finishes job
Trial 626 finished with value: 0.96043 and parameters: {'objective': 'multi:softprob', 'num_class': 6, 'tree_method': 'gpu_hist', 'lambda': 6.218589043885882, 'alpha': 0.012263465986479557, 'colsample_bytree': 0.9887599851632395, 'subsample': 0.6773211240207472, 'learning_rate': 0.015983462008502876, 'max_depth': 9, 'min_child_weight': 26, 'eval_metric': 'mlogloss'}. Best is trial 461 with value: 0.96217.
start listen on 192.168.1.101:32841
@tracker All of 3 nodes getting started
@tracker All nodes finishes job
Trial 627 finished with value: 0.96182625 and parameters: {'objective': 'multi:softprob', 'num_class': 6, 'tree_method': 'gpu_hist', 'lambda': 9.826640498821808, 'alpha': 0.6332450222927103, 'colsample_bytree': 0.7674786815091332, 'subsample': 0.647864325277959, 'learning_rate': 0.012772768467772531, 'max_depth': 20, 'min_child_weight': 16, 'eval_metric': 'mlogloss'}. Best is trial 461 with value: 0.96217.
start listen on 192.168.1.101:48085
@tracker All of 3 nodes getting started
@tracker All nodes finishes job
Trial 628 finished with value: 0.962025 and parameters: {'objective': 'multi:softprob', 'num_class': 6, 'tree_method': 'gpu_hist', 'lambda': 5.553416406000219, 'alpha': 0.0204553236126506, 'colsample_bytree': 0.8493266065747083, 'subsample': 0.6113576758994793, 'learning_rate': 0.019899604651592975, 'max_depth': 20, 'min_child_weight': 8, 'eval_metric': 'mlogloss'}. Best is trial 461 with value: 0.96217.
start listen on 192.168.1.101:34845
@tracker All of 3 nodes getting started
@tracker All nodes finishes job
Trial 629 finished with value: 0.96176875 and parameters: {'objective': 'multi:softprob', 'num_class': 6, 'tree_method': 'gpu_hist', 'lambda': 3.7338488003140857, 'alpha': 0.016659933754320386, 'colsample_bytree': 0.9689324747204893, 'subsample': 0.6247096814493214, 'learning_rate': 0.018228863525396724, 'max_depth': 20, 'min_child_weight': 57, 'eval_metric': 'mlogloss'}. Best is trial 461 with value: 0.96217.
start listen on 192.168.1.101:60053
@tracker All of 3 nodes getting started
@tracker All nodes finishes job
