Trial 546 finished with value: 0.961705 and parameters: {'objective': 'multi:softprob', 'num_class': 6, 'tree_method': 'gpu_hist', 'lambda': 7.473798456329875, 'alpha': 0.02409153249193947, 'colsample_bytree': 0.9274852973403822, 'subsample': 0.6610498816258792, 'learning_rate': 0.018513609571223943, 'max_depth': 11, 'min_child_weight': 8, 'eval_metric': 'mlogloss'}. Best is trial 461 with value: 0.96217.
start listen on 192.168.1.101:40235
@tracker All of 3 nodes getting started
@tracker All nodes finishes job
Trial 547 finished with value: 0.9619825 and parameters: {'objective': 'multi:softprob', 'num_class': 6, 'tree_method': 'gpu_hist', 'lambda': 7.578021070857966, 'alpha': 1.2717742226569002, 'colsample_bytree': 0.9030868164585814, 'subsample': 0.640317767678594, 'learning_rate': 0.020025285295632238, 'max_depth': 20, 'min_child_weight': 13, 'eval_metric': 'mlogloss'}. Best is trial 461 with value: 0.96217.
start listen on 192.168.1.101:56157
@tracker All of 3 nodes getting started
@tracker All nodes finishes job
Trial 548 finished with value: 0.9619375 and parameters: {'objective': 'multi:softprob', 'num_class': 6, 'tree_method': 'gpu_hist', 'lambda': 2.9369659234269525, 'alpha': 0.35516907418299215, 'colsample_bytree': 0.9159072799438265, 'subsample': 0.6211480126418972, 'learning_rate': 0.029204605949983267, 'max_depth': 20, 'min_child_weight': 19, 'eval_metric': 'mlogloss'}. Best is trial 461 with value: 0.96217.
start listen on 192.168.1.101:32789
@tracker All of 3 nodes getting started
@tracker All nodes finishes job
Trial 549 finished with value: 0.96201 and parameters: {'objective': 'multi:softprob', 'num_class': 6, 'tree_method': 'gpu_hist', 'lambda': 9.769474481399701, 'alpha': 0.013610504966616775, 'colsample_bytree': 0.9463701083417471, 'subsample': 0.6309291405362131, 'learning_rate': 0.017709087156806726, 'max_depth': 17, 'min_child_weight': 27, 'eval_metric': 'mlogloss'}. Best is trial 461 with value: 0.96217.
start listen on 192.168.1.101:38529
@tracker All of 3 nodes getting started
@tracker All nodes finishes job
Trial 550 finished with value: 0.96200125 and parameters: {'objective': 'multi:softprob', 'num_class': 6, 'tree_method': 'gpu_hist', 'lambda': 3.967340147810638, 'alpha': 0.01797885712445362, 'colsample_bytree': 0.9296448745892316, 'subsample': 0.651856556973154, 'learning_rate': 0.013110333696939869, 'max_depth': 20, 'min_child_weight': 17, 'eval_metric': 'mlogloss'}. Best is trial 461 with value: 0.96217.
start listen on 192.168.1.101:44885
@tracker All of 3 nodes getting started
@tracker All nodes finishes job
Trial 551 finished with value: 0.96161125 and parameters: {'objective': 'multi:softprob', 'num_class': 6, 'tree_method': 'gpu_hist', 'lambda': 5.8757217069504435, 'alpha': 0.7106572107200828, 'colsample_bytree': 0.8945333444734814, 'subsample': 0.6646868670095347, 'learning_rate': 0.01074209456756372, 'max_depth': 20, 'min_child_weight': 38, 'eval_metric': 'mlogloss'}. Best is trial 461 with value: 0.96217.
start listen on 192.168.1.101:56121
@tracker All of 3 nodes getting started
@tracker All nodes finishes job
Trial 552 finished with value: 0.9619775 and parameters: {'objective': 'multi:softprob', 'num_class': 6, 'tree_method': 'gpu_hist', 'lambda': 7.435386326418845, 'alpha': 0.02045636794331165, 'colsample_bytree': 0.8771790954224657, 'subsample': 0.6468826559767142, 'learning_rate': 0.022355878260779435, 'max_depth': 20, 'min_child_weight': 7, 'eval_metric': 'mlogloss'}. Best is trial 461 with value: 0.96217.
start listen on 192.168.1.101:38081
@tracker All of 3 nodes getting started
@tracker All nodes finishes job
Trial 553 finished with value: 0.961915 and parameters: {'objective': 'multi:softprob', 'num_class': 6, 'tree_method': 'gpu_hist', 'lambda': 8.593113309146759, 'alpha': 0.027733593140807172, 'colsample_bytree': 0.7957772200239001, 'subsample': 0.6588627485835146, 'learning_rate': 0.024561680206471568, 'max_depth': 20, 'min_child_weight': 12, 'eval_metric': 'mlogloss'}. Best is trial 461 with value: 0.96217.
start listen on 192.168.1.101:55419
@tracker All of 3 nodes getting started
@tracker All nodes finishes job
Trial 554 finished with value: 0.96175 and parameters: {'objective': 'multi:softprob', 'num_class': 6, 'tree_method': 'gpu_hist', 'lambda': 5.1773364759332425, 'alpha': 0.015975184047565517, 'colsample_bytree': 0.939252275192415, 'subsample': 0.6043379743867556, 'learning_rate': 0.01533986666101555, 'max_depth': 13, 'min_child_weight': 24, 'eval_metric': 'mlogloss'}. Best is trial 461 with value: 0.96217.
start listen on 192.168.1.101:41613
@tracker All of 3 nodes getting started
@tracker All nodes finishes job
Trial 555 finished with value: 0.9619825 and parameters: {'objective': 'multi:softprob', 'num_class': 6, 'tree_method': 'gpu_hist', 'lambda': 8.410947243468666, 'alpha': 0.012837399451728307, 'colsample_bytree': 0.957657784462473, 'subsample': 0.6354276561207324, 'learning_rate': 0.019528768811650058, 'max_depth': 20, 'min_child_weight': 21, 'eval_metric': 'mlogloss'}. Best is trial 461 with value: 0.96217.
start listen on 192.168.1.101:39461
@tracker All of 3 nodes getting started
@tracker All nodes finishes job
Trial 556 finished with value: 0.96196125 and parameters: {'objective': 'multi:softprob', 'num_class': 6, 'tree_method': 'gpu_hist', 'lambda': 6.570159789844355, 'alpha': 0.023856235163043898, 'colsample_bytree': 0.9183346916106031, 'subsample': 0.6662486171503521, 'learning_rate': 0.016587703042623515, 'max_depth': 20, 'min_child_weight': 5, 'eval_metric': 'mlogloss'}. Best is trial 461 with value: 0.96217.
start listen on 192.168.1.101:43073
@tracker All of 3 nodes getting started
@tracker All nodes finishes job
Trial 557 finished with value: 0.9617725 and parameters: {'objective': 'multi:softprob', 'num_class': 6, 'tree_method': 'gpu_hist', 'lambda': 7.314660068165792, 'alpha': 0.1983949741606315, 'colsample_bytree': 0.8925619837942951, 'subsample': 0.6416844948433483, 'learning_rate': 0.00936782676301594, 'max_depth': 20, 'min_child_weight': 13, 'eval_metric': 'mlogloss'}. Best is trial 461 with value: 0.96217.
start listen on 192.168.1.101:58191
@tracker All of 3 nodes getting started
@tracker All nodes finishes job
Trial 558 finished with value: 0.9618575 and parameters: {'objective': 'multi:softprob', 'num_class': 6, 'tree_method': 'gpu_hist', 'lambda': 9.931303716407504, 'alpha': 0.008155638584096413, 'colsample_bytree': 0.6892957775425848, 'subsample': 0.6161956541186383, 'learning_rate': 0.017914888267388695, 'max_depth': 20, 'min_child_weight': 29, 'eval_metric': 'mlogloss'}. Best is trial 461 with value: 0.96217.
start listen on 192.168.1.101:60975
@tracker All of 3 nodes getting started
@tracker All nodes finishes job
Trial 559 finished with value: 0.9620575 and parameters: {'objective': 'multi:softprob', 'num_class': 6, 'tree_method': 'gpu_hist', 'lambda': 0.2714474280262062, 'alpha': 0.5663512836907411, 'colsample_bytree': 0.9057473213371814, 'subsample': 0.6760672503675148, 'learning_rate': 0.014576827730345953, 'max_depth': 20, 'min_child_weight': 18, 'eval_metric': 'mlogloss'}. Best is trial 461 with value: 0.96217.
start listen on 192.168.1.101:56547
@tracker All of 3 nodes getting started
@tracker All nodes finishes job
Trial 560 finished with value: 0.9600025 and parameters: {'objective': 'multi:softprob', 'num_class': 6, 'tree_method': 'gpu_hist', 'lambda': 8.419215908310933, 'alpha': 0.01958061583336283, 'colsample_bytree': 0.38934476508338534, 'subsample': 0.6530567232351294, 'learning_rate': 0.02091379246861223, 'max_depth': 20, 'min_child_weight': 10, 'eval_metric': 'mlogloss'}. Best is trial 461 with value: 0.96217.
start listen on 192.168.1.101:57615
@tracker All of 3 nodes getting started
@tracker All nodes finishes job
Trial 561 finished with value: 0.96192375 and parameters: {'objective': 'multi:softprob', 'num_class': 6, 'tree_method': 'gpu_hist', 'lambda': 6.289477466138882, 'alpha': 0.016547079396002664, 'colsample_bytree': 0.9316733627190203, 'subsample': 0.626962693297878, 'learning_rate': 0.013777065029107083, 'max_depth': 20, 'min_child_weight': 24, 'eval_metric': 'mlogloss'}. Best is trial 461 with value: 0.96217.
start listen on 192.168.1.101:48115
@tracker All of 3 nodes getting started
@tracker All nodes finishes job
Trial 562 finished with value: 0.96203625 and parameters: {'objective': 'multi:softprob', 'num_class': 6, 'tree_method': 'gpu_hist', 'lambda': 5.1862148722653405, 'alpha': 0.015147405943937787, 'colsample_bytree': 0.9156040455804446, 'subsample': 0.6727966295213602, 'learning_rate': 0.015639822914174165, 'max_depth': 20, 'min_child_weight': 16, 'eval_metric': 'mlogloss'}. Best is trial 461 with value: 0.96217.
start listen on 192.168.1.101:55989
@tracker All of 3 nodes getting started
@tracker All nodes finishes job
Trial 563 finished with value: 0.94653875 and parameters: {'objective': 'multi:softprob', 'num_class': 6, 'tree_method': 'gpu_hist', 'lambda': 9.885145369728033, 'alpha': 0.010400043282539167, 'colsample_bytree': 0.9862792961104017, 'subsample': 0.5930794135006988, 'learning_rate': 0.027127350611360415, 'max_depth': 3, 'min_child_weight': 1, 'eval_metric': 'mlogloss'}. Best is trial 461 with value: 0.96217.
start listen on 192.168.1.101:36835
@tracker All of 3 nodes getting started
@tracker All nodes finishes job
Trial 564 finished with value: 0.96203 and parameters: {'objective': 'multi:softprob', 'num_class': 6, 'tree_method': 'gpu_hist', 'lambda': 4.270282291947456, 'alpha': 0.3069445109795538, 'colsample_bytree': 0.8729647085959195, 'subsample': 0.6439101717748985, 'learning_rate': 0.012957930379447426, 'max_depth': 20, 'min_child_weight': 20, 'eval_metric': 'mlogloss'}. Best is trial 461 with value: 0.96217.
start listen on 192.168.1.101:59957
@tracker All of 3 nodes getting started
@tracker All nodes finishes job
Trial 565 finished with value: 0.9614475 and parameters: {'objective': 'multi:softprob', 'num_class': 6, 'tree_method': 'gpu_hist', 'lambda': 7.613276090606269, 'alpha': 0.028873786753244483, 'colsample_bytree': 0.8876273033319674, 'subsample': 0.4670774639803345, 'learning_rate': 0.019095813785720412, 'max_depth': 20, 'min_child_weight': 97, 'eval_metric': 'mlogloss'}. Best is trial 461 with value: 0.96217.
start listen on 192.168.1.101:55123
@tracker All of 3 nodes getting started
@tracker All nodes finishes job
Trial 566 finished with value: 0.96171625 and parameters: {'objective': 'multi:softprob', 'num_class': 6, 'tree_method': 'gpu_hist', 'lambda': 0.005486031312677919, 'alpha': 1.5381608164522518, 'colsample_bytree': 0.9362968353598323, 'subsample': 0.4909785856256052, 'learning_rate': 0.011680501258967881, 'max_depth': 20, 'min_child_weight': 32, 'eval_metric': 'mlogloss'}. Best is trial 461 with value: 0.96217.
start listen on 192.168.1.101:58023
@tracker All of 3 nodes getting started
@tracker All nodes finishes job
Trial 567 finished with value: 0.960475 and parameters: {'objective': 'multi:softprob', 'num_class': 6, 'tree_method': 'gpu_hist', 'lambda': 3.451631052394499, 'alpha': 0.019801414761434807, 'colsample_bytree': 0.9071255823548079, 'subsample': 0.6633070630568726, 'learning_rate': 0.015609256368196408, 'max_depth': 9, 'min_child_weight': 9, 'eval_metric': 'mlogloss'}. Best is trial 461 with value: 0.96217.
start listen on 192.168.1.101:48445
@tracker All of 3 nodes getting started
@tracker All nodes finishes job
Trial 568 finished with value: 0.96208125 and parameters: {'objective': 'multi:softprob', 'num_class': 6, 'tree_method': 'gpu_hist', 'lambda': 1.1254025915636203, 'alpha': 1.1106603804586295, 'colsample_bytree': 0.9189555290151835, 'subsample': 0.6335463518298797, 'learning_rate': 0.01339944292289875, 'max_depth': 20, 'min_child_weight': 15, 'eval_metric': 'mlogloss'}. Best is trial 461 with value: 0.96217.
start listen on 192.168.1.101:32843
@tracker All of 3 nodes getting started
@tracker All nodes finishes job
Trial 569 finished with value: 0.96196875 and parameters: {'objective': 'multi:softprob', 'num_class': 6, 'tree_method': 'gpu_hist', 'lambda': 9.816663012875603, 'alpha': 0.012722977231373916, 'colsample_bytree': 0.7466391095632066, 'subsample': 0.689490525015164, 'learning_rate': 0.017151002153239076, 'max_depth': 20, 'min_child_weight': 26, 'eval_metric': 'mlogloss'}. Best is trial 461 with value: 0.96217.
start listen on 192.168.1.101:50525
@tracker All of 3 nodes getting started
@tracker All nodes finishes job
Trial 570 finished with value: 0.96193 and parameters: {'objective': 'multi:softprob', 'num_class': 6, 'tree_method': 'gpu_hist', 'lambda': 6.706922327569218, 'alpha': 0.02408888880553486, 'colsample_bytree': 0.8961599343164476, 'subsample': 0.6565477746711009, 'learning_rate': 0.020190390155223694, 'max_depth': 20, 'min_child_weight': 6, 'eval_metric': 'mlogloss'}. Best is trial 461 with value: 0.96217.
start listen on 192.168.1.101:35165
@tracker All of 3 nodes getting started
@tracker All nodes finishes job
Trial 571 finished with value: 0.9620775 and parameters: {'objective': 'multi:softprob', 'num_class': 6, 'tree_method': 'gpu_hist', 'lambda': 8.401779931424501, 'alpha': 0.00921933643351889, 'colsample_bytree': 0.9751700756115662, 'subsample': 0.7025629144263879, 'learning_rate': 0.02190658679668741, 'max_depth': 20, 'min_child_weight': 22, 'eval_metric': 'mlogloss'}. Best is trial 461 with value: 0.96217.
start listen on 192.168.1.101:49615
@tracker All of 3 nodes getting started
@tracker All nodes finishes job
Trial 572 finished with value: 0.9580575 and parameters: {'objective': 'multi:softprob', 'num_class': 6, 'tree_method': 'gpu_hist', 'lambda': 5.478054262244808, 'alpha': 0.2599932426086896, 'colsample_bytree': 0.946406237312803, 'subsample': 0.45268709905694016, 'learning_rate': 0.014667034207601824, 'max_depth': 7, 'min_child_weight': 14, 'eval_metric': 'mlogloss'}. Best is trial 461 with value: 0.96217.
start listen on 192.168.1.101:38439
@tracker All of 3 nodes getting started
@tracker All nodes finishes job
Trial 573 finished with value: 0.96192125 and parameters: {'objective': 'multi:softprob', 'num_class': 6, 'tree_method': 'gpu_hist', 'lambda': 8.516293808858155, 'alpha': 0.8701020613957641, 'colsample_bytree': 0.9611886459803621, 'subsample': 0.6031864181565036, 'learning_rate': 0.01786305039455573, 'max_depth': 20, 'min_child_weight': 35, 'eval_metric': 'mlogloss'}. Best is trial 461 with value: 0.96217.
start listen on 192.168.1.101:35125
@tracker All of 3 nodes getting started
@tracker All nodes finishes job
Trial 574 finished with value: 0.95315 and parameters: {'objective': 'multi:softprob', 'num_class': 6, 'tree_method': 'gpu_hist', 'lambda': 6.987955560335174, 'alpha': 2.3376705334486982, 'colsample_bytree': 0.9251041552790782, 'subsample': 0.6237616785026124, 'learning_rate': 0.016428594535781084, 'max_depth': 5, 'min_child_weight': 10, 'eval_metric': 'mlogloss'}. Best is trial 461 with value: 0.96217.
start listen on 192.168.1.101:36255
@tracker All of 3 nodes getting started
@tracker All nodes finishes job
Trial 575 finished with value: 0.9620225 and parameters: {'objective': 'multi:softprob', 'num_class': 6, 'tree_method': 'gpu_hist', 'lambda': 8.3218420190181, 'alpha': 0.00717013032314816, 'colsample_bytree': 0.9710024322706444, 'subsample': 0.6827601821979357, 'learning_rate': 0.01877817939324386, 'max_depth': 20, 'min_child_weight': 20, 'eval_metric': 'mlogloss'}. Best is trial 461 with value: 0.96217.
start listen on 192.168.1.101:33533
@tracker All of 3 nodes getting started
@tracker All nodes finishes job
Trial 576 finished with value: 0.96188875 and parameters: {'objective': 'multi:softprob', 'num_class': 6, 'tree_method': 'gpu_hist', 'lambda': 8.554449646830708, 'alpha': 0.014246017044647155, 'colsample_bytree': 0.9981860128249186, 'subsample': 0.580764414995432, 'learning_rate': 0.024723385902690378, 'max_depth': 11, 'min_child_weight': 24, 'eval_metric': 'mlogloss'}. Best is trial 461 with value: 0.96217.
start listen on 192.168.1.101:40095
@tracker All of 3 nodes getting started
@tracker All nodes finishes job
Trial 577 finished with value: 0.96215 and parameters: {'objective': 'multi:softprob', 'num_class': 6, 'tree_method': 'gpu_hist', 'lambda': 6.046216695711601, 'alpha': 0.41934391439091867, 'colsample_bytree': 0.8758716603786859, 'subsample': 0.649951549377056, 'learning_rate': 0.01437431817169847, 'max_depth': 20, 'min_child_weight': 15, 'eval_metric': 'mlogloss'}. Best is trial 461 with value: 0.96217.
start listen on 192.168.1.101:40453
@tracker All of 3 nodes getting started
@tracker All nodes finishes job
Trial 578 finished with value: 0.96151875 and parameters: {'objective': 'multi:softprob', 'num_class': 6, 'tree_method': 'gpu_hist', 'lambda': 0.001436524840704484, 'alpha': 0.5382131235484509, 'colsample_bytree': 0.8733208496541529, 'subsample': 0.6450732630128792, 'learning_rate': 0.011961831057097538, 'max_depth': 20, 'min_child_weight': 1, 'eval_metric': 'mlogloss'}. Best is trial 461 with value: 0.96217.
start listen on 192.168.1.101:50057
@tracker All of 3 nodes getting started
@tracker All nodes finishes job
Trial 579 finished with value: 0.9620625 and parameters: {'objective': 'multi:softprob', 'num_class': 6, 'tree_method': 'gpu_hist', 'lambda': 6.249099607824097, 'alpha': 0.4527631761951938, 'colsample_bytree': 0.8592383643959061, 'subsample': 0.635306197960027, 'learning_rate': 0.013730964420269217, 'max_depth': 20, 'min_child_weight': 12, 'eval_metric': 'mlogloss'}. Best is trial 461 with value: 0.96217.
start listen on 192.168.1.101:50885
@tracker All of 3 nodes getting started
@tracker All nodes finishes job
Trial 580 finished with value: 0.96174625 and parameters: {'objective': 'multi:softprob', 'num_class': 6, 'tree_method': 'gpu_hist', 'lambda': 6.299249840217936, 'alpha': 0.6866169521302358, 'colsample_bytree': 0.8797415528037336, 'subsample': 0.6116060685429907, 'learning_rate': 0.010618642713255015, 'max_depth': 17, 'min_child_weight': 6, 'eval_metric': 'mlogloss'}. Best is trial 461 with value: 0.96217.
start listen on 192.168.1.101:54849
@tracker All of 3 nodes getting started
@tracker All nodes finishes job
Trial 581 finished with value: 0.96197125 and parameters: {'objective': 'multi:softprob', 'num_class': 6, 'tree_method': 'gpu_hist', 'lambda': 4.677014924974935, 'alpha': 0.4184821088273681, 'colsample_bytree': 0.8707512122778696, 'subsample': 0.6496501929813608, 'learning_rate': 0.01312700200679199, 'max_depth': 20, 'min_child_weight': 30, 'eval_metric': 'mlogloss'}. Best is trial 461 with value: 0.96217.
start listen on 192.168.1.101:56757
@tracker All of 3 nodes getting started
@tracker All nodes finishes job
Trial 582 finished with value: 0.96201875 and parameters: {'objective': 'multi:softprob', 'num_class': 6, 'tree_method': 'gpu_hist', 'lambda': 7.1544742932650545, 'alpha': 0.5774140902171425, 'colsample_bytree': 0.887518472001911, 'subsample': 0.6248928697749171, 'learning_rate': 0.01456510166090163, 'max_depth': 20, 'min_child_weight': 16, 'eval_metric': 'mlogloss'}. Best is trial 461 with value: 0.96217.
start listen on 192.168.1.101:48831
@tracker All of 3 nodes getting started
@tracker All nodes finishes job
Trial 583 finished with value: 0.96204 and parameters: {'objective': 'multi:softprob', 'num_class': 6, 'tree_method': 'gpu_hist', 'lambda': 5.810601168081941, 'alpha': 0.6874568032576605, 'colsample_bytree': 0.8897289236282743, 'subsample': 0.6381298746107704, 'learning_rate': 0.012578883882738137, 'max_depth': 20, 'min_child_weight': 20, 'eval_metric': 'mlogloss'}. Best is trial 461 with value: 0.96217.
start listen on 192.168.1.101:60411
@tracker All of 3 nodes getting started
@tracker All nodes finishes job
Trial 584 finished with value: 0.9620525 and parameters: {'objective': 'multi:softprob', 'num_class': 6, 'tree_method': 'gpu_hist', 'lambda': 7.302413267340282, 'alpha': 0.37469333047624614, 'colsample_bytree': 0.8995617365590796, 'subsample': 0.6506651444647816, 'learning_rate': 0.015543329080907047, 'max_depth': 20, 'min_child_weight': 10, 'eval_metric': 'mlogloss'}. Best is trial 461 with value: 0.96217.
start listen on 192.168.1.101:58383
@tracker All of 3 nodes getting started
@tracker All nodes finishes job
Trial 585 finished with value: 0.9616525 and parameters: {'objective': 'multi:softprob', 'num_class': 6, 'tree_method': 'gpu_hist', 'lambda': 7.258292707781377, 'alpha': 0.4759551166092224, 'colsample_bytree': 0.6523457454614279, 'subsample': 0.6614621412039587, 'learning_rate': 0.022567613833510757, 'max_depth': 13, 'min_child_weight': 41, 'eval_metric': 'mlogloss'}. Best is trial 461 with value: 0.96217.
start listen on 192.168.1.101:55767
@tracker All of 3 nodes getting started
@tracker All nodes finishes job
Trial 586 finished with value: 0.95494625 and parameters: {'objective': 'multi:softprob', 'num_class': 6, 'tree_method': 'gpu_hist', 'lambda': 6.197273064194316, 'alpha': 0.3283670330460339, 'colsample_bytree': 0.8679032633446003, 'subsample': 0.6243792603654023, 'learning_rate': 0.0017632575843109786, 'max_depth': 20, 'min_child_weight': 27, 'eval_metric': 'mlogloss'}. Best is trial 461 with value: 0.96217.
start listen on 192.168.1.101:43001
@tracker All of 3 nodes getting started
@tracker All nodes finishes job
Trial 587 finished with value: 0.96206125 and parameters: {'objective': 'multi:softprob', 'num_class': 6, 'tree_method': 'gpu_hist', 'lambda': 9.85222226189181, 'alpha': 0.4401602335633005, 'colsample_bytree': 0.9404826171039202, 'subsample': 0.6434968690654055, 'learning_rate': 0.016568144287593428, 'max_depth': 20, 'min_child_weight': 15, 'eval_metric': 'mlogloss'}. Best is trial 461 with value: 0.96217.
start listen on 192.168.1.101:58239
@tracker All of 3 nodes getting started
@tracker All nodes finishes job
