Trial 882 finished with value: 0.96048875 and parameters: {'objective': 'multi:softprob', 'num_class': 6, 'tree_method': 'gpu_hist', 'lambda': 0.03498545030909633, 'alpha': 6.857634889643866, 'colsample_bytree': 0.7581006354994395, 'subsample': 0.9987391021568672, 'learning_rate': 0.018512503517169897, 'max_depth': 9, 'min_child_weight': 16, 'eval_metric': 'mlogloss'}. Best is trial 847 with value: 0.96217375.
start listen on 192.168.1.101:57519
@tracker All of 3 nodes getting started
@tracker All nodes finishes job
Trial 883 finished with value: 0.96156125 and parameters: {'objective': 'multi:softprob', 'num_class': 6, 'tree_method': 'gpu_hist', 'lambda': 8.476800785941874, 'alpha': 0.01146214652205881, 'colsample_bytree': 0.8874902478922861, 'subsample': 0.6703982649264713, 'learning_rate': 0.00970459731815031, 'max_depth': 20, 'min_child_weight': 1, 'eval_metric': 'mlogloss'}. Best is trial 847 with value: 0.96217375.
start listen on 192.168.1.101:39033
@tracker All of 3 nodes getting started
@tracker All nodes finishes job
Trial 884 finished with value: 0.96193625 and parameters: {'objective': 'multi:softprob', 'num_class': 6, 'tree_method': 'gpu_hist', 'lambda': 6.34876523504942, 'alpha': 0.1387442705510853, 'colsample_bytree': 0.8644195729816359, 'subsample': 0.6064826993005337, 'learning_rate': 0.0165845034529607, 'max_depth': 20, 'min_child_weight': 33, 'eval_metric': 'mlogloss'}. Best is trial 847 with value: 0.96217375.
start listen on 192.168.1.101:56685
@tracker All of 3 nodes getting started
@tracker All nodes finishes job
Trial 885 finished with value: 0.9619775 and parameters: {'objective': 'multi:softprob', 'num_class': 6, 'tree_method': 'gpu_hist', 'lambda': 7.671824375821472, 'alpha': 0.005979980763167938, 'colsample_bytree': 0.9035988483456858, 'subsample': 0.6599311003187863, 'learning_rate': 0.012374030304021968, 'max_depth': 20, 'min_child_weight': 6, 'eval_metric': 'mlogloss'}. Best is trial 847 with value: 0.96217375.
start listen on 192.168.1.101:40705
@tracker All of 3 nodes getting started
@tracker All nodes finishes job
Trial 886 finished with value: 0.9620575 and parameters: {'objective': 'multi:softprob', 'num_class': 6, 'tree_method': 'gpu_hist', 'lambda': 9.978243563216894, 'alpha': 0.015267087699461218, 'colsample_bytree': 0.9734309719197896, 'subsample': 0.6857814170449575, 'learning_rate': 0.01415678844934968, 'max_depth': 20, 'min_child_weight': 19, 'eval_metric': 'mlogloss'}. Best is trial 847 with value: 0.96217375.
start listen on 192.168.1.101:37925
@tracker All of 3 nodes getting started
@tracker All nodes finishes job
Trial 887 finished with value: 0.9620675 and parameters: {'objective': 'multi:softprob', 'num_class': 6, 'tree_method': 'gpu_hist', 'lambda': 5.735419499210512, 'alpha': 0.0124248574459429, 'colsample_bytree': 0.9457931540654888, 'subsample': 0.6418461855597409, 'learning_rate': 0.015490263290890736, 'max_depth': 20, 'min_child_weight': 11, 'eval_metric': 'mlogloss'}. Best is trial 847 with value: 0.96217375.
start listen on 192.168.1.101:40037
@tracker All of 3 nodes getting started
@tracker All nodes finishes job
Trial 888 finished with value: 0.95381625 and parameters: {'objective': 'multi:softprob', 'num_class': 6, 'tree_method': 'gpu_hist', 'lambda': 8.392647700520632, 'alpha': 9.718984878620274, 'colsample_bytree': 0.9869972832025515, 'subsample': 0.6724209026532127, 'learning_rate': 0.008774896084327665, 'max_depth': 7, 'min_child_weight': 23, 'eval_metric': 'mlogloss'}. Best is trial 847 with value: 0.96217375.
start listen on 192.168.1.101:39953
@tracker All of 3 nodes getting started
@tracker All nodes finishes job
Trial 889 finished with value: 0.9617125 and parameters: {'objective': 'multi:softprob', 'num_class': 6, 'tree_method': 'gpu_hist', 'lambda': 6.908243618883494, 'alpha': 0.009065542373620193, 'colsample_bytree': 0.8848662229834406, 'subsample': 0.6234912089024105, 'learning_rate': 0.023179683045209138, 'max_depth': 20, 'min_child_weight': 110, 'eval_metric': 'mlogloss'}. Best is trial 847 with value: 0.96217375.
start listen on 192.168.1.101:36803
@tracker All of 3 nodes getting started
@tracker All nodes finishes job
Trial 890 finished with value: 0.96215375 and parameters: {'objective': 'multi:softprob', 'num_class': 6, 'tree_method': 'gpu_hist', 'lambda': 4.60453116839273, 'alpha': 2.2971365615446335, 'colsample_bytree': 0.9139326096148626, 'subsample': 0.6525123069550051, 'learning_rate': 0.018762795382400426, 'max_depth': 20, 'min_child_weight': 14, 'eval_metric': 'mlogloss'}. Best is trial 847 with value: 0.96217375.
start listen on 192.168.1.101:46149
@tracker All of 3 nodes getting started
@tracker All nodes finishes job
Trial 891 finished with value: 0.9618725 and parameters: {'objective': 'multi:softprob', 'num_class': 6, 'tree_method': 'gpu_hist', 'lambda': 3.472679814032242, 'alpha': 2.401216304284077, 'colsample_bytree': 0.9993494418345277, 'subsample': 0.630241769262542, 'learning_rate': 0.02088258411201823, 'max_depth': 20, 'min_child_weight': 9, 'eval_metric': 'mlogloss'}. Best is trial 847 with value: 0.96217375.
start listen on 192.168.1.101:47485
@tracker All of 3 nodes getting started
@tracker All nodes finishes job
Trial 892 finished with value: 0.95574 and parameters: {'objective': 'multi:softprob', 'num_class': 6, 'tree_method': 'gpu_hist', 'lambda': 4.732547451658849, 'alpha': 2.5954907167754286, 'colsample_bytree': 0.8955289140462288, 'subsample': 0.6456499314482421, 'learning_rate': 0.022226007387734757, 'max_depth': 5, 'min_child_weight': 6, 'eval_metric': 'mlogloss'}. Best is trial 847 with value: 0.96217375.
start listen on 192.168.1.101:34383
@tracker All of 3 nodes getting started
@tracker All nodes finishes job
Trial 893 finished with value: 0.9619575 and parameters: {'objective': 'multi:softprob', 'num_class': 6, 'tree_method': 'gpu_hist', 'lambda': 4.068099981959896, 'alpha': 1.7457521037215848, 'colsample_bytree': 0.8778345493771205, 'subsample': 0.6512744189616361, 'learning_rate': 0.019315271938588178, 'max_depth': 20, 'min_child_weight': 13, 'eval_metric': 'mlogloss'}. Best is trial 847 with value: 0.96217375.
start listen on 192.168.1.101:44501
@tracker All of 3 nodes getting started
@tracker All nodes finishes job
Trial 894 finished with value: 0.961955 and parameters: {'objective': 'multi:softprob', 'num_class': 6, 'tree_method': 'gpu_hist', 'lambda': 4.069702280844644, 'alpha': 3.4496137065321975, 'colsample_bytree': 0.9340820699434177, 'subsample': 0.6162895413471932, 'learning_rate': 0.01947469418790279, 'max_depth': 20, 'min_child_weight': 27, 'eval_metric': 'mlogloss'}. Best is trial 847 with value: 0.96217375.
start listen on 192.168.1.101:47049
@tracker All of 3 nodes getting started
@tracker All nodes finishes job
Trial 895 finished with value: 0.96194125 and parameters: {'objective': 'multi:softprob', 'num_class': 6, 'tree_method': 'gpu_hist', 'lambda': 0.18597112690694917, 'alpha': 1.3434758120740977, 'colsample_bytree': 0.90895224542686, 'subsample': 0.6319475563641277, 'learning_rate': 0.024752345416386407, 'max_depth': 20, 'min_child_weight': 14, 'eval_metric': 'mlogloss'}. Best is trial 847 with value: 0.96217375.
start listen on 192.168.1.101:56267
@tracker All of 3 nodes getting started
@tracker All nodes finishes job
Trial 896 finished with value: 0.96155625 and parameters: {'objective': 'multi:softprob', 'num_class': 6, 'tree_method': 'gpu_hist', 'lambda': 4.898035421757923, 'alpha': 2.3644827212826933, 'colsample_bytree': 0.9630042261858827, 'subsample': 0.6617270637950573, 'learning_rate': 0.020650821888781982, 'max_depth': 11, 'min_child_weight': 32, 'eval_metric': 'mlogloss'}. Best is trial 847 with value: 0.96217375.
start listen on 192.168.1.101:57817
@tracker All of 3 nodes getting started
@tracker All nodes finishes job
Trial 897 finished with value: 0.962 and parameters: {'objective': 'multi:softprob', 'num_class': 6, 'tree_method': 'gpu_hist', 'lambda': 5.353955723592295, 'alpha': 1.9230304426694897, 'colsample_bytree': 0.9190577184669372, 'subsample': 0.6375006381595375, 'learning_rate': 0.018030136421761496, 'max_depth': 15, 'min_child_weight': 21, 'eval_metric': 'mlogloss'}. Best is trial 847 with value: 0.96217375.
start listen on 192.168.1.101:44991
@tracker All of 3 nodes getting started
@tracker All nodes finishes job
Trial 898 finished with value: 0.9618775 and parameters: {'objective': 'multi:softprob', 'num_class': 6, 'tree_method': 'gpu_hist', 'lambda': 4.383912061292283, 'alpha': 1.1818142454217468, 'colsample_bytree': 0.8628766992096092, 'subsample': 0.6506396369723404, 'learning_rate': 0.01866048241129105, 'max_depth': 20, 'min_child_weight': 1, 'eval_metric': 'mlogloss'}. Best is trial 847 with value: 0.96217375.
start listen on 192.168.1.101:44913
@tracker All of 3 nodes getting started
@tracker All nodes finishes job
Trial 899 finished with value: 0.96202 and parameters: {'objective': 'multi:softprob', 'num_class': 6, 'tree_method': 'gpu_hist', 'lambda': 5.846928719444087, 'alpha': 1.701808129602412, 'colsample_bytree': 0.8470448874889281, 'subsample': 0.622566991701563, 'learning_rate': 0.022478635510857166, 'max_depth': 20, 'min_child_weight': 8, 'eval_metric': 'mlogloss'}. Best is trial 847 with value: 0.96217375.
start listen on 192.168.1.101:41761
@tracker All of 3 nodes getting started
@tracker All nodes finishes job
Trial 900 finished with value: 0.9618425 and parameters: {'objective': 'multi:softprob', 'num_class': 6, 'tree_method': 'gpu_hist', 'lambda': 3.155994109149071, 'alpha': 3.0593763713871165, 'colsample_bytree': 0.9536726692498552, 'subsample': 0.6994881260965327, 'learning_rate': 0.017520795934874295, 'max_depth': 20, 'min_child_weight': 53, 'eval_metric': 'mlogloss'}. Best is trial 847 with value: 0.96217375.
start listen on 192.168.1.101:60161
@tracker All of 3 nodes getting started
@tracker All nodes finishes job
Trial 901 finished with value: 0.9611775 and parameters: {'objective': 'multi:softprob', 'num_class': 6, 'tree_method': 'gpu_hist', 'lambda': 4.678014214940212, 'alpha': 4.051568580825116, 'colsample_bytree': 0.4673793930466589, 'subsample': 0.6758580496143806, 'learning_rate': 0.02049243231862416, 'max_depth': 17, 'min_child_weight': 28, 'eval_metric': 'mlogloss'}. Best is trial 847 with value: 0.96217375.
start listen on 192.168.1.101:40647
@tracker All of 3 nodes getting started
@tracker All nodes finishes job
Trial 902 finished with value: 0.9620675 and parameters: {'objective': 'multi:softprob', 'num_class': 6, 'tree_method': 'gpu_hist', 'lambda': 3.8898370970090266, 'alpha': 0.9457294165264726, 'colsample_bytree': 0.9394998651352142, 'subsample': 0.589312357967958, 'learning_rate': 0.017280155239875666, 'max_depth': 20, 'min_child_weight': 19, 'eval_metric': 'mlogloss'}. Best is trial 847 with value: 0.96217375.
start listen on 192.168.1.101:42955
@tracker All of 3 nodes getting started
@tracker All nodes finishes job
Trial 903 finished with value: 0.96210375 and parameters: {'objective': 'multi:softprob', 'num_class': 6, 'tree_method': 'gpu_hist', 'lambda': 2.67440235823788, 'alpha': 3.568500784776544, 'colsample_bytree': 0.892597053057699, 'subsample': 0.6423731645186276, 'learning_rate': 0.0195633019008306, 'max_depth': 20, 'min_child_weight': 12, 'eval_metric': 'mlogloss'}. Best is trial 847 with value: 0.96217375.
start listen on 192.168.1.101:39449
@tracker All of 3 nodes getting started
@tracker All nodes finishes job
Trial 904 finished with value: 0.9620325 and parameters: {'objective': 'multi:softprob', 'num_class': 6, 'tree_method': 'gpu_hist', 'lambda': 3.2197488820665225, 'alpha': 3.632148425734109, 'colsample_bytree': 0.8737777560671334, 'subsample': 0.6142540620368642, 'learning_rate': 0.0248756334964072, 'max_depth': 20, 'min_child_weight': 15, 'eval_metric': 'mlogloss'}. Best is trial 847 with value: 0.96217375.
start listen on 192.168.1.101:51589
@tracker All of 3 nodes getting started
@tracker All nodes finishes job
Trial 905 finished with value: 0.9620075 and parameters: {'objective': 'multi:softprob', 'num_class': 6, 'tree_method': 'gpu_hist', 'lambda': 3.660265091499065, 'alpha': 4.017225230183845, 'colsample_bytree': 0.8862585892915602, 'subsample': 0.634881168394772, 'learning_rate': 0.02326189994219238, 'max_depth': 20, 'min_child_weight': 16, 'eval_metric': 'mlogloss'}. Best is trial 847 with value: 0.96217375.
start listen on 192.168.1.101:49369
@tracker All of 3 nodes getting started
@tracker All nodes finishes job
Trial 906 finished with value: 0.961855 and parameters: {'objective': 'multi:softprob', 'num_class': 6, 'tree_method': 'gpu_hist', 'lambda': 4.510759821635956, 'alpha': 4.216874007942532, 'colsample_bytree': 0.8570956175141112, 'subsample': 0.6075334348487047, 'learning_rate': 0.019462210012583178, 'max_depth': 13, 'min_child_weight': 11, 'eval_metric': 'mlogloss'}. Best is trial 847 with value: 0.96217375.
start listen on 192.168.1.101:54555
@tracker All of 3 nodes getting started
@tracker All nodes finishes job
Trial 907 finished with value: 0.9620275 and parameters: {'objective': 'multi:softprob', 'num_class': 6, 'tree_method': 'gpu_hist', 'lambda': 3.6869084480907173, 'alpha': 5.288190207323539, 'colsample_bytree': 0.8943225129166643, 'subsample': 0.6282397363223577, 'learning_rate': 0.02881044747351147, 'max_depth': 20, 'min_child_weight': 19, 'eval_metric': 'mlogloss'}. Best is trial 847 with value: 0.96217375.
start listen on 192.168.1.101:49731
@tracker All of 3 nodes getting started
@tracker All nodes finishes job
Trial 908 finished with value: 0.9621 and parameters: {'objective': 'multi:softprob', 'num_class': 6, 'tree_method': 'gpu_hist', 'lambda': 5.756343388630681, 'alpha': 2.892334374331634, 'colsample_bytree': 0.8756868943616645, 'subsample': 0.6429381303151795, 'learning_rate': 0.021258094802684098, 'max_depth': 20, 'min_child_weight': 15, 'eval_metric': 'mlogloss'}. Best is trial 847 with value: 0.96217375.
start listen on 192.168.1.101:60505
@tracker All of 3 nodes getting started
@tracker All nodes finishes job
Trial 909 finished with value: 0.9619725 and parameters: {'objective': 'multi:softprob', 'num_class': 6, 'tree_method': 'gpu_hist', 'lambda': 2.1572570261146984, 'alpha': 2.2764586583791844, 'colsample_bytree': 0.9034279900078537, 'subsample': 0.640827208934478, 'learning_rate': 0.02160716668123909, 'max_depth': 20, 'min_child_weight': 23, 'eval_metric': 'mlogloss'}. Best is trial 847 with value: 0.96217375.
start listen on 192.168.1.101:32951
@tracker All of 3 nodes getting started
@tracker All nodes finishes job
Trial 910 finished with value: 0.96206375 and parameters: {'objective': 'multi:softprob', 'num_class': 6, 'tree_method': 'gpu_hist', 'lambda': 4.875459848373232, 'alpha': 3.498670719042104, 'colsample_bytree': 0.8651191898417199, 'subsample': 0.6215382510570525, 'learning_rate': 0.01971416668800721, 'max_depth': 20, 'min_child_weight': 10, 'eval_metric': 'mlogloss'}. Best is trial 847 with value: 0.96217375.
start listen on 192.168.1.101:35475
@tracker All of 3 nodes getting started
@tracker All nodes finishes job
Trial 911 finished with value: 0.962075 and parameters: {'objective': 'multi:softprob', 'num_class': 6, 'tree_method': 'gpu_hist', 'lambda': 1.9365251275095423, 'alpha': 5.03036683914586, 'colsample_bytree': 0.824473072688554, 'subsample': 0.653894425695966, 'learning_rate': 0.022769962398554458, 'max_depth': 20, 'min_child_weight': 18, 'eval_metric': 'mlogloss'}. Best is trial 847 with value: 0.96217375.
start listen on 192.168.1.101:40087
@tracker All of 3 nodes getting started
@tracker All nodes finishes job
Trial 912 finished with value: 0.945875 and parameters: {'objective': 'multi:softprob', 'num_class': 6, 'tree_method': 'gpu_hist', 'lambda': 2.4371538387470837, 'alpha': 3.460234805145175, 'colsample_bytree': 0.8897013074954644, 'subsample': 0.6345990798049779, 'learning_rate': 0.026635043612411362, 'max_depth': 3, 'min_child_weight': 24, 'eval_metric': 'mlogloss'}. Best is trial 847 with value: 0.96217375.
start listen on 192.168.1.101:54535
@tracker All of 3 nodes getting started
@tracker All nodes finishes job
Trial 913 finished with value: 0.9620475 and parameters: {'objective': 'multi:softprob', 'num_class': 6, 'tree_method': 'gpu_hist', 'lambda': 5.508340010733819, 'alpha': 2.7025666253695118, 'colsample_bytree': 0.9737001613969465, 'subsample': 0.6472133440682277, 'learning_rate': 0.019173130617675036, 'max_depth': 20, 'min_child_weight': 11, 'eval_metric': 'mlogloss'}. Best is trial 847 with value: 0.96217375.
start listen on 192.168.1.101:55883
@tracker All of 3 nodes getting started
@tracker All nodes finishes job
Trial 914 finished with value: 0.9620425 and parameters: {'objective': 'multi:softprob', 'num_class': 6, 'tree_method': 'gpu_hist', 'lambda': 6.204435395379373, 'alpha': 2.083535991858705, 'colsample_bytree': 0.9029063041020018, 'subsample': 0.6106352134616954, 'learning_rate': 0.017562718319028864, 'max_depth': 20, 'min_child_weight': 6, 'eval_metric': 'mlogloss'}. Best is trial 847 with value: 0.96217375.
start listen on 192.168.1.101:51037
@tracker All of 3 nodes getting started
@tracker All nodes finishes job
Trial 915 finished with value: 0.961035 and parameters: {'objective': 'multi:softprob', 'num_class': 6, 'tree_method': 'gpu_hist', 'lambda': 2.634850886465181, 'alpha': 6.253309689265785, 'colsample_bytree': 0.8811454995306991, 'subsample': 0.6291185775109206, 'learning_rate': 0.021300773645963045, 'max_depth': 9, 'min_child_weight': 16, 'eval_metric': 'mlogloss'}. Best is trial 847 with value: 0.96217375.
start listen on 192.168.1.101:45195
@tracker All of 3 nodes getting started
@tracker All nodes finishes job
Trial 916 finished with value: 0.95822875 and parameters: {'objective': 'multi:softprob', 'num_class': 6, 'tree_method': 'gpu_hist', 'lambda': 4.5507924922659715, 'alpha': 3.0121584548945233, 'colsample_bytree': 0.3922428624044202, 'subsample': 0.6540885115323938, 'learning_rate': 0.018610656163409386, 'max_depth': 20, 'min_child_weight': 196, 'eval_metric': 'mlogloss'}. Best is trial 847 with value: 0.96217375.
start listen on 192.168.1.101:41179
@tracker All of 3 nodes getting started
@tracker All nodes finishes job
Trial 917 finished with value: 0.9620675 and parameters: {'objective': 'multi:softprob', 'num_class': 6, 'tree_method': 'gpu_hist', 'lambda': 2.9517388376128753, 'alpha': 4.282890326036226, 'colsample_bytree': 0.9146017205278562, 'subsample': 0.6189167926468366, 'learning_rate': 0.019775608786607658, 'max_depth': 20, 'min_child_weight': 28, 'eval_metric': 'mlogloss'}. Best is trial 847 with value: 0.96217375.
start listen on 192.168.1.101:34325
@tracker All of 3 nodes getting started
@tracker All nodes finishes job
Trial 918 finished with value: 0.9613975 and parameters: {'objective': 'multi:softprob', 'num_class': 6, 'tree_method': 'gpu_hist', 'lambda': 6.461628488097088, 'alpha': 2.0999314259804476, 'colsample_bytree': 0.8466016776400248, 'subsample': 0.6411878844579446, 'learning_rate': 0.08575643209287863, 'max_depth': 20, 'min_child_weight': 21, 'eval_metric': 'mlogloss'}. Best is trial 847 with value: 0.96217375.
start listen on 192.168.1.101:47005
@tracker All of 3 nodes getting started
@tracker All nodes finishes job
Trial 919 finished with value: 0.96213625 and parameters: {'objective': 'multi:softprob', 'num_class': 6, 'tree_method': 'gpu_hist', 'lambda': 2.9709908632018474, 'alpha': 4.5066414202493394, 'colsample_bytree': 0.8944113043355786, 'subsample': 0.6603453973462848, 'learning_rate': 0.016972416798986794, 'max_depth': 20, 'min_child_weight': 12, 'eval_metric': 'mlogloss'}. Best is trial 847 with value: 0.96217375.
start listen on 192.168.1.101:47733
@tracker All of 3 nodes getting started
@tracker All nodes finishes job
Trial 920 finished with value: 0.96202 and parameters: {'objective': 'multi:softprob', 'num_class': 6, 'tree_method': 'gpu_hist', 'lambda': 5.195155923944799, 'alpha': 6.525309241908139, 'colsample_bytree': 0.9850946756807208, 'subsample': 0.6630661907921553, 'learning_rate': 0.016522560888734394, 'max_depth': 20, 'min_child_weight': 5, 'eval_metric': 'mlogloss'}. Best is trial 847 with value: 0.96217375.
start listen on 192.168.1.101:36883
@tracker All of 3 nodes getting started
@tracker All nodes finishes job
Trial 921 finished with value: 0.96210125 and parameters: {'objective': 'multi:softprob', 'num_class': 6, 'tree_method': 'gpu_hist', 'lambda': 3.060694744817702, 'alpha': 4.223519343358101, 'colsample_bytree': 0.8682883480262187, 'subsample': 0.6591670924831096, 'learning_rate': 0.018523851480459666, 'max_depth': 20, 'min_child_weight': 13, 'eval_metric': 'mlogloss'}. Best is trial 847 with value: 0.96217375.
start listen on 192.168.1.101:49277
@tracker All of 3 nodes getting started
@tracker All nodes finishes job
Trial 922 finished with value: 0.9620275 and parameters: {'objective': 'multi:softprob', 'num_class': 6, 'tree_method': 'gpu_hist', 'lambda': 4.261074541382963, 'alpha': 1.473599958340755, 'colsample_bytree': 0.9256372038581356, 'subsample': 0.6677712380203152, 'learning_rate': 0.016706552578346603, 'max_depth': 20, 'min_child_weight': 19, 'eval_metric': 'mlogloss'}. Best is trial 847 with value: 0.96217375.
start listen on 192.168.1.101:48023
@tracker All of 3 nodes getting started
@tracker All nodes finishes job
Trial 923 finished with value: 0.9619575 and parameters: {'objective': 'multi:softprob', 'num_class': 6, 'tree_method': 'gpu_hist', 'lambda': 6.46146329169957, 'alpha': 7.70735750441617, 'colsample_bytree': 0.9032027821181546, 'subsample': 0.6563507394352114, 'learning_rate': 0.015813130555775025, 'max_depth': 20, 'min_child_weight': 27, 'eval_metric': 'mlogloss'}. Best is trial 847 with value: 0.96217375.
start listen on 192.168.1.101:38715
@tracker All of 3 nodes getting started
@tracker All nodes finishes job
