Trial 630 finished with value: 0.9618775 and parameters: {'objective': 'multi:softprob', 'num_class': 6, 'tree_method': 'gpu_hist', 'lambda': 8.503937769007292, 'alpha': 0.011763990488534357, 'colsample_bytree': 0.9085485386149199, 'subsample': 0.7320893640186535, 'learning_rate': 0.02365056406788431, 'max_depth': 20, 'min_child_weight': 46, 'eval_metric': 'mlogloss'}. Best is trial 461 with value: 0.96217.
start listen on 192.168.1.101:56567
@tracker All of 3 nodes getting started
@tracker All nodes finishes job
Trial 631 finished with value: 0.96194875 and parameters: {'objective': 'multi:softprob', 'num_class': 6, 'tree_method': 'gpu_hist', 'lambda': 7.484229621408688, 'alpha': 5.591762330860782, 'colsample_bytree': 0.8937208707377545, 'subsample': 0.6694133424364959, 'learning_rate': 0.014098863370933624, 'max_depth': 20, 'min_child_weight': 21, 'eval_metric': 'mlogloss'}. Best is trial 461 with value: 0.96217.
start listen on 192.168.1.101:49015
@tracker All of 3 nodes getting started
@tracker All nodes finishes job
Trial 632 finished with value: 0.956925 and parameters: {'objective': 'multi:softprob', 'num_class': 6, 'tree_method': 'gpu_hist', 'lambda': 5.97400923820483, 'alpha': 0.2681453421336182, 'colsample_bytree': 0.9362720659519075, 'subsample': 0.6903332506038499, 'learning_rate': 0.01580196103018085, 'max_depth': 7, 'min_child_weight': 282, 'eval_metric': 'mlogloss'}. Best is trial 461 with value: 0.96217.
start listen on 192.168.1.101:34237
@tracker All of 3 nodes getting started
@tracker All nodes finishes job
Trial 633 finished with value: 0.961545 and parameters: {'objective': 'multi:softprob', 'num_class': 6, 'tree_method': 'gpu_hist', 'lambda': 0.039718245322236244, 'alpha': 0.881098702326421, 'colsample_bytree': 0.7127984253134537, 'subsample': 0.6344272837411385, 'learning_rate': 0.012212358461199856, 'max_depth': 20, 'min_child_weight': 37, 'eval_metric': 'mlogloss'}. Best is trial 461 with value: 0.96217.
start listen on 192.168.1.101:60221
@tracker All of 3 nodes getting started
@tracker All nodes finishes job
Trial 634 finished with value: 0.96199125 and parameters: {'objective': 'multi:softprob', 'num_class': 6, 'tree_method': 'gpu_hist', 'lambda': 4.676803333701812, 'alpha': 0.0303455910717212, 'colsample_bytree': 0.9476083006371113, 'subsample': 0.6092526491578377, 'learning_rate': 0.017073958500348665, 'max_depth': 20, 'min_child_weight': 10, 'eval_metric': 'mlogloss'}. Best is trial 461 with value: 0.96217.
start listen on 192.168.1.101:39299
@tracker All of 3 nodes getting started
@tracker All nodes finishes job
Trial 635 finished with value: 0.9620025 and parameters: {'objective': 'multi:softprob', 'num_class': 6, 'tree_method': 'gpu_hist', 'lambda': 6.555999571989488, 'alpha': 0.024807413751364266, 'colsample_bytree': 0.8872436814336685, 'subsample': 0.6632595389429977, 'learning_rate': 0.019377686080259453, 'max_depth': 20, 'min_child_weight': 30, 'eval_metric': 'mlogloss'}. Best is trial 461 with value: 0.96217.
start listen on 192.168.1.101:56393
@tracker All of 3 nodes getting started
@tracker All nodes finishes job
Trial 636 finished with value: 0.95223125 and parameters: {'objective': 'multi:softprob', 'num_class': 6, 'tree_method': 'gpu_hist', 'lambda': 2.9609583807878517, 'alpha': 3.253652163804521, 'colsample_bytree': 0.9248723830272814, 'subsample': 0.6946660139542967, 'learning_rate': 0.014985459674314179, 'max_depth': 5, 'min_child_weight': 13, 'eval_metric': 'mlogloss'}. Best is trial 461 with value: 0.96217.
start listen on 192.168.1.101:40525
@tracker All of 3 nodes getting started
@tracker All nodes finishes job
Trial 637 finished with value: 0.96200375 and parameters: {'objective': 'multi:softprob', 'num_class': 6, 'tree_method': 'gpu_hist', 'lambda': 9.801380516006857, 'alpha': 0.01779402804422185, 'colsample_bytree': 0.9125316249153748, 'subsample': 0.6480279757525138, 'learning_rate': 0.013444894603144431, 'max_depth': 20, 'min_child_weight': 20, 'eval_metric': 'mlogloss'}. Best is trial 461 with value: 0.96217.
start listen on 192.168.1.101:41945
@tracker All of 3 nodes getting started
@tracker All nodes finishes job
Trial 638 finished with value: 0.96192375 and parameters: {'objective': 'multi:softprob', 'num_class': 6, 'tree_method': 'gpu_hist', 'lambda': 8.421519832124014, 'alpha': 0.01392616336280997, 'colsample_bytree': 0.6088647176330599, 'subsample': 0.6354255547217766, 'learning_rate': 0.022837569010800727, 'max_depth': 20, 'min_child_weight': 25, 'eval_metric': 'mlogloss'}. Best is trial 461 with value: 0.96217.
start listen on 192.168.1.101:59217
@tracker All of 3 nodes getting started
@tracker All nodes finishes job
Trial 639 finished with value: 0.9619775 and parameters: {'objective': 'multi:softprob', 'num_class': 6, 'tree_method': 'gpu_hist', 'lambda': 7.716848751914349, 'alpha': 0.5345094500812307, 'colsample_bytree': 0.9034362861608377, 'subsample': 0.6753310649376717, 'learning_rate': 0.02640377051301205, 'max_depth': 20, 'min_child_weight': 16, 'eval_metric': 'mlogloss'}. Best is trial 461 with value: 0.96217.
start listen on 192.168.1.101:54045
@tracker All of 3 nodes getting started
@tracker All nodes finishes job
Trial 640 finished with value: 0.96185625 and parameters: {'objective': 'multi:softprob', 'num_class': 6, 'tree_method': 'gpu_hist', 'lambda': 8.732010434881767, 'alpha': 0.3297917802729424, 'colsample_bytree': 0.9217809707053526, 'subsample': 0.6580689636938856, 'learning_rate': 0.021336313216780204, 'max_depth': 11, 'min_child_weight': 4, 'eval_metric': 'mlogloss'}. Best is trial 461 with value: 0.96217.
start listen on 192.168.1.101:47113
@tracker All of 3 nodes getting started
@tracker All nodes finishes job
Trial 641 finished with value: 0.96173375 and parameters: {'objective': 'multi:softprob', 'num_class': 6, 'tree_method': 'gpu_hist', 'lambda': 9.919136943952772, 'alpha': 0.022351280679660926, 'colsample_bytree': 0.8751835587258603, 'subsample': 0.6469691623438356, 'learning_rate': 0.014435582196643988, 'max_depth': 15, 'min_child_weight': 33, 'eval_metric': 'mlogloss'}. Best is trial 461 with value: 0.96217.
start listen on 192.168.1.101:44487
@tracker All of 3 nodes getting started
@tracker All nodes finishes job
Trial 642 finished with value: 0.9619975 and parameters: {'objective': 'multi:softprob', 'num_class': 6, 'tree_method': 'gpu_hist', 'lambda': 6.874379044599233, 'alpha': 0.08783846395446457, 'colsample_bytree': 0.9591049499316184, 'subsample': 0.6190117700224617, 'learning_rate': 0.016466521321321904, 'max_depth': 20, 'min_child_weight': 6, 'eval_metric': 'mlogloss'}. Best is trial 461 with value: 0.96217.
start listen on 192.168.1.101:53605
@tracker All of 3 nodes getting started
@tracker All nodes finishes job
Trial 643 finished with value: 0.9614975 and parameters: {'objective': 'multi:softprob', 'num_class': 6, 'tree_method': 'gpu_hist', 'lambda': 5.305897569192431, 'alpha': 0.021487733654869452, 'colsample_bytree': 0.5504319613018067, 'subsample': 0.5315587233179302, 'learning_rate': 0.01816223923958006, 'max_depth': 20, 'min_child_weight': 13, 'eval_metric': 'mlogloss'}. Best is trial 461 with value: 0.96217.
start listen on 192.168.1.101:33095
@tracker All of 3 nodes getting started
@tracker All nodes finishes job
Trial 644 finished with value: 0.9618075 and parameters: {'objective': 'multi:softprob', 'num_class': 6, 'tree_method': 'gpu_hist', 'lambda': 7.437696461942106, 'alpha': 0.4043523964396836, 'colsample_bytree': 0.8971791746324074, 'subsample': 0.6797936581544637, 'learning_rate': 0.01161981785079167, 'max_depth': 17, 'min_child_weight': 21, 'eval_metric': 'mlogloss'}. Best is trial 461 with value: 0.96217.
start listen on 192.168.1.101:34987
@tracker All of 3 nodes getting started
@tracker All nodes finishes job
Trial 645 finished with value: 0.9619825 and parameters: {'objective': 'multi:softprob', 'num_class': 6, 'tree_method': 'gpu_hist', 'lambda': 4.12722641704803, 'alpha': 0.24329897666316597, 'colsample_bytree': 0.9759248114416119, 'subsample': 0.6278945824434249, 'learning_rate': 0.01983398826343461, 'max_depth': 20, 'min_child_weight': 26, 'eval_metric': 'mlogloss'}. Best is trial 461 with value: 0.96217.
start listen on 192.168.1.101:58375
@tracker All of 3 nodes getting started
@tracker All nodes finishes job
Trial 646 finished with value: 0.962115 and parameters: {'objective': 'multi:softprob', 'num_class': 6, 'tree_method': 'gpu_hist', 'lambda': 9.891207525983768, 'alpha': 1.1218626151547229, 'colsample_bytree': 0.915187889927662, 'subsample': 0.6637633523024262, 'learning_rate': 0.015359128708437664, 'max_depth': 20, 'min_child_weight': 16, 'eval_metric': 'mlogloss'}. Best is trial 461 with value: 0.96217.
start listen on 192.168.1.101:37315
@tracker All of 3 nodes getting started
@tracker All nodes finishes job
Trial 647 finished with value: 0.96206875 and parameters: {'objective': 'multi:softprob', 'num_class': 6, 'tree_method': 'gpu_hist', 'lambda': 7.866762448190581, 'alpha': 0.01735557144384705, 'colsample_bytree': 0.8848440284251742, 'subsample': 0.7118144130923961, 'learning_rate': 0.013348658742645889, 'max_depth': 20, 'min_child_weight': 10, 'eval_metric': 'mlogloss'}. Best is trial 461 with value: 0.96217.
start listen on 192.168.1.101:33315
@tracker All of 3 nodes getting started
@tracker All nodes finishes job
Trial 648 finished with value: 0.96164125 and parameters: {'objective': 'multi:softprob', 'num_class': 6, 'tree_method': 'gpu_hist', 'lambda': 9.951609144925913, 'alpha': 1.207423722748588, 'colsample_bytree': 0.8624430245579217, 'subsample': 0.6709781769922373, 'learning_rate': 0.015301904999700683, 'max_depth': 13, 'min_child_weight': 18, 'eval_metric': 'mlogloss'}. Best is trial 461 with value: 0.96217.
start listen on 192.168.1.101:49399
@tracker All of 3 nodes getting started
@tracker All nodes finishes job
Trial 649 finished with value: 0.962085 and parameters: {'objective': 'multi:softprob', 'num_class': 6, 'tree_method': 'gpu_hist', 'lambda': 9.964468786004373, 'alpha': 0.013514226298763145, 'colsample_bytree': 0.9077042692527666, 'subsample': 0.6630897057759175, 'learning_rate': 0.01441352112749215, 'max_depth': 20, 'min_child_weight': 6, 'eval_metric': 'mlogloss'}. Best is trial 461 with value: 0.96217.
start listen on 192.168.1.101:55549
@tracker All of 3 nodes getting started
@tracker All nodes finishes job
Trial 650 finished with value: 0.96197125 and parameters: {'objective': 'multi:softprob', 'num_class': 6, 'tree_method': 'gpu_hist', 'lambda': 6.745193526799873, 'alpha': 7.894651332726368, 'colsample_bytree': 0.8997099411189141, 'subsample': 0.6873893837328381, 'learning_rate': 0.01624396512700313, 'max_depth': 20, 'min_child_weight': 1, 'eval_metric': 'mlogloss'}. Best is trial 461 with value: 0.96217.
start listen on 192.168.1.101:58529
@tracker All of 3 nodes getting started
@tracker All nodes finishes job
Trial 651 finished with value: 0.961975 and parameters: {'objective': 'multi:softprob', 'num_class': 6, 'tree_method': 'gpu_hist', 'lambda': 0.019935407450672394, 'alpha': 0.015517889586864314, 'colsample_bytree': 0.9320757138358247, 'subsample': 0.7020811373198989, 'learning_rate': 0.012679787467568997, 'max_depth': 20, 'min_child_weight': 29, 'eval_metric': 'mlogloss'}. Best is trial 461 with value: 0.96217.
start listen on 192.168.1.101:46407
@tracker All of 3 nodes getting started
@tracker All nodes finishes job
Trial 652 finished with value: 0.95996875 and parameters: {'objective': 'multi:softprob', 'num_class': 6, 'tree_method': 'gpu_hist', 'lambda': 8.218353223729189, 'alpha': 1.0394598381747988, 'colsample_bytree': 0.4374108904663264, 'subsample': 0.6826592658340386, 'learning_rate': 0.015257065310608105, 'max_depth': 20, 'min_child_weight': 12, 'eval_metric': 'mlogloss'}. Best is trial 461 with value: 0.96217.
start listen on 192.168.1.101:51053
@tracker All of 3 nodes getting started
@tracker All nodes finishes job
Trial 653 finished with value: 0.9620275 and parameters: {'objective': 'multi:softprob', 'num_class': 6, 'tree_method': 'gpu_hist', 'lambda': 6.577055835217301, 'alpha': 1.6014512392897917, 'colsample_bytree': 0.914773098591832, 'subsample': 0.6617358059209775, 'learning_rate': 0.013542194620404981, 'max_depth': 20, 'min_child_weight': 22, 'eval_metric': 'mlogloss'}. Best is trial 461 with value: 0.96217.
start listen on 192.168.1.101:38947
@tracker All of 3 nodes getting started
@tracker All nodes finishes job
Trial 654 finished with value: 0.96205375 and parameters: {'objective': 'multi:softprob', 'num_class': 6, 'tree_method': 'gpu_hist', 'lambda': 8.486274570899976, 'alpha': 2.442488624963071, 'colsample_bytree': 0.8840981601335544, 'subsample': 0.6702347744916602, 'learning_rate': 0.017020400804974575, 'max_depth': 20, 'min_child_weight': 16, 'eval_metric': 'mlogloss'}. Best is trial 461 with value: 0.96217.
start listen on 192.168.1.101:48121
@tracker All of 3 nodes getting started
@tracker All nodes finishes job
Trial 655 finished with value: 0.9618575 and parameters: {'objective': 'multi:softprob', 'num_class': 6, 'tree_method': 'gpu_hist', 'lambda': 7.125975733912924, 'alpha': 1.9590829550644555, 'colsample_bytree': 0.9125328846668577, 'subsample': 0.6544502301167331, 'learning_rate': 0.011289053805758637, 'max_depth': 20, 'min_child_weight': 24, 'eval_metric': 'mlogloss'}. Best is trial 461 with value: 0.96217.
start listen on 192.168.1.101:49875
@tracker All of 3 nodes getting started
@tracker All nodes finishes job
Trial 656 finished with value: 0.93530625 and parameters: {'objective': 'multi:softprob', 'num_class': 6, 'tree_method': 'gpu_hist', 'lambda': 8.413933478719079, 'alpha': 0.010306474554794498, 'colsample_bytree': 0.8278159085574722, 'subsample': 0.6775846515267901, 'learning_rate': 0.014226881343472499, 'max_depth': 3, 'min_child_weight': 10, 'eval_metric': 'mlogloss'}. Best is trial 461 with value: 0.96217.
start listen on 192.168.1.101:55057
@tracker All of 3 nodes getting started
@tracker All nodes finishes job
Trial 657 finished with value: 0.9620975 and parameters: {'objective': 'multi:softprob', 'num_class': 6, 'tree_method': 'gpu_hist', 'lambda': 9.940719699122036, 'alpha': 0.01915879773437912, 'colsample_bytree': 0.8963702402414542, 'subsample': 0.640583478856129, 'learning_rate': 0.015785832207869988, 'max_depth': 20, 'min_child_weight': 16, 'eval_metric': 'mlogloss'}. Best is trial 461 with value: 0.96217.
start listen on 192.168.1.101:57817
@tracker All of 3 nodes getting started
@tracker All nodes finishes job
Trial 658 finished with value: 0.96167 and parameters: {'objective': 'multi:softprob', 'num_class': 6, 'tree_method': 'gpu_hist', 'lambda': 6.142773295006495, 'alpha': 0.019774878026206914, 'colsample_bytree': 0.9314722201445071, 'subsample': 0.6375825563050612, 'learning_rate': 0.01604375432487592, 'max_depth': 20, 'min_child_weight': 76, 'eval_metric': 'mlogloss'}. Best is trial 461 with value: 0.96217.
start listen on 192.168.1.101:56459
@tracker All of 3 nodes getting started
@tracker All nodes finishes job
Trial 659 finished with value: 0.95876625 and parameters: {'objective': 'multi:softprob', 'num_class': 6, 'tree_method': 'gpu_hist', 'lambda': 9.997109565780745, 'alpha': 0.027008141562524745, 'colsample_bytree': 0.4556427044799215, 'subsample': 0.6309131035506725, 'learning_rate': 0.017277526443510834, 'max_depth': 9, 'min_child_weight': 7, 'eval_metric': 'mlogloss'}. Best is trial 461 with value: 0.96217.
start listen on 192.168.1.101:40101
@tracker All of 3 nodes getting started
@tracker All nodes finishes job
Trial 660 finished with value: 0.96181 and parameters: {'objective': 'multi:softprob', 'num_class': 6, 'tree_method': 'gpu_hist', 'lambda': 7.946407407132233, 'alpha': 0.015228482108686707, 'colsample_bytree': 0.8719624216343925, 'subsample': 0.6934757954217552, 'learning_rate': 0.0122400446404972, 'max_depth': 20, 'min_child_weight': 36, 'eval_metric': 'mlogloss'}. Best is trial 461 with value: 0.96217.
start listen on 192.168.1.101:48427
@tracker All of 3 nodes getting started
@tracker All nodes finishes job
Trial 661 finished with value: 0.96198625 and parameters: {'objective': 'multi:softprob', 'num_class': 6, 'tree_method': 'gpu_hist', 'lambda': 0.21643192553230314, 'alpha': 0.021358054025644082, 'colsample_bytree': 0.9010872024159966, 'subsample': 0.643154977096923, 'learning_rate': 0.018037092631560378, 'max_depth': 20, 'min_child_weight': 14, 'eval_metric': 'mlogloss'}. Best is trial 461 with value: 0.96217.
start listen on 192.168.1.101:49239
@tracker All of 3 nodes getting started
@tracker All nodes finishes job
Trial 662 finished with value: 0.96198125 and parameters: {'objective': 'multi:softprob', 'num_class': 6, 'tree_method': 'gpu_hist', 'lambda': 7.1768119200846545, 'alpha': 0.011555181307408869, 'colsample_bytree': 0.9196520128634884, 'subsample': 0.6577771810626478, 'learning_rate': 0.01457819112680384, 'max_depth': 20, 'min_child_weight': 29, 'eval_metric': 'mlogloss'}. Best is trial 461 with value: 0.96217.
start listen on 192.168.1.101:46317
@tracker All of 3 nodes getting started
@tracker All nodes finishes job
Trial 663 finished with value: 0.961565 and parameters: {'objective': 'multi:softprob', 'num_class': 6, 'tree_method': 'gpu_hist', 'lambda': 5.864636751103644, 'alpha': 0.01894029685894366, 'colsample_bytree': 0.9348593423037775, 'subsample': 0.6237505171083337, 'learning_rate': 0.015768111493242965, 'max_depth': 20, 'min_child_weight': 87, 'eval_metric': 'mlogloss'}. Best is trial 461 with value: 0.96217.
start listen on 192.168.1.101:40003
@tracker All of 3 nodes getting started
@tracker All nodes finishes job
Trial 664 finished with value: 0.96200625 and parameters: {'objective': 'multi:softprob', 'num_class': 6, 'tree_method': 'gpu_hist', 'lambda': 8.216565721234229, 'alpha': 1.2394272194414608, 'colsample_bytree': 0.8584812300863557, 'subsample': 0.6688511213047436, 'learning_rate': 0.013281591414989892, 'max_depth': 20, 'min_child_weight': 21, 'eval_metric': 'mlogloss'}. Best is trial 461 with value: 0.96217.
start listen on 192.168.1.101:52091
@tracker All of 3 nodes getting started
@tracker All nodes finishes job
Trial 665 finished with value: 0.955345 and parameters: {'objective': 'multi:softprob', 'num_class': 6, 'tree_method': 'gpu_hist', 'lambda': 9.995181629366375, 'alpha': 0.013812994974845392, 'colsample_bytree': 0.8862813740355385, 'subsample': 0.6539011586838012, 'learning_rate': 0.010197427102598796, 'max_depth': 7, 'min_child_weight': 23, 'eval_metric': 'mlogloss'}. Best is trial 461 with value: 0.96217.
start listen on 192.168.1.101:54147
@tracker All of 3 nodes getting started
@tracker All nodes finishes job
Trial 666 finished with value: 0.962095 and parameters: {'objective': 'multi:softprob', 'num_class': 6, 'tree_method': 'gpu_hist', 'lambda': 6.8280354847712, 'alpha': 0.024432262003112635, 'colsample_bytree': 0.9126863267996514, 'subsample': 0.4152110204312762, 'learning_rate': 0.017148085168389223, 'max_depth': 20, 'min_child_weight': 11, 'eval_metric': 'mlogloss'}. Best is trial 461 with value: 0.96217.
start listen on 192.168.1.101:54049
@tracker All of 3 nodes getting started
@tracker All nodes finishes job
Trial 667 finished with value: 0.9617525 and parameters: {'objective': 'multi:softprob', 'num_class': 6, 'tree_method': 'gpu_hist', 'lambda': 7.997585454696989, 'alpha': 0.01730529127546384, 'colsample_bytree': 0.8981224841916402, 'subsample': 0.6430445163150125, 'learning_rate': 0.015476699456425397, 'max_depth': 20, 'min_child_weight': 1, 'eval_metric': 'mlogloss'}. Best is trial 461 with value: 0.96217.
start listen on 192.168.1.101:38777
@tracker All of 3 nodes getting started
@tracker All nodes finishes job
Trial 668 finished with value: 0.95155375 and parameters: {'objective': 'multi:softprob', 'num_class': 6, 'tree_method': 'gpu_hist', 'lambda': 5.936659376882723, 'alpha': 0.8052428743903828, 'colsample_bytree': 0.9430424479714609, 'subsample': 0.68068559985325, 'learning_rate': 0.013964933845189813, 'max_depth': 5, 'min_child_weight': 19, 'eval_metric': 'mlogloss'}. Best is trial 461 with value: 0.96217.
start listen on 192.168.1.101:38829
@tracker All of 3 nodes getting started
@tracker All nodes finishes job
Trial 669 finished with value: 0.9620475 and parameters: {'objective': 'multi:softprob', 'num_class': 6, 'tree_method': 'gpu_hist', 'lambda': 7.003368077879268, 'alpha': 1.5298249991584973, 'colsample_bytree': 0.9262022326592899, 'subsample': 0.6675863158231673, 'learning_rate': 0.019776674329131518, 'max_depth': 20, 'min_child_weight': 30, 'eval_metric': 'mlogloss'}. Best is trial 461 with value: 0.96217.
start listen on 192.168.1.101:56609
@tracker All of 3 nodes getting started
@tracker All nodes finishes job
Trial 670 finished with value: 0.9620925 and parameters: {'objective': 'multi:softprob', 'num_class': 6, 'tree_method': 'gpu_hist', 'lambda': 8.18583611733578, 'alpha': 0.02943581490011849, 'colsample_bytree': 0.8770888712716889, 'subsample': 0.6926183878722023, 'learning_rate': 0.01257333429999596, 'max_depth': 20, 'min_child_weight': 7, 'eval_metric': 'mlogloss'}. Best is trial 461 with value: 0.96217.
start listen on 192.168.1.101:52401
@tracker All of 3 nodes getting started
@tracker All nodes finishes job
Trial 671 finished with value: 0.96205875 and parameters: {'objective': 'multi:softprob', 'num_class': 6, 'tree_method': 'gpu_hist', 'lambda': 5.548864028189219, 'alpha': 0.01863286575703009, 'colsample_bytree': 0.9090289533530874, 'subsample': 0.635060312682741, 'learning_rate': 0.01836406247798091, 'max_depth': 20, 'min_child_weight': 16, 'eval_metric': 'mlogloss'}. Best is trial 461 with value: 0.96217.
start listen on 192.168.1.101:33015
@tracker All of 3 nodes getting started
@tracker All nodes finishes job
