Trial 154 finished with value: 0.96264 and parameters: {'objective': 'multi:softprob', 'num_class': 6, 'tree_method': 'gpu_hist', 'lambda': 2.6076934946708548, 'alpha': 0.0016426085783832092, 'colsample_bytree': 0.5477305829739125, 'subsample': 0.8702949445485799, 'learning_rate': 0.03685951699834734, 'max_depth': 11, 'min_child_weight': 20, 'eval_metric': 'mlogloss'}. Best is trial 143 with value: 0.9627375.
start listen on 10.110.42.38:9091
@tracker All of 4 nodes getting started
@tracker All nodes finishes job
@tracker 189.84078526496887 secs between node start and job finish
Trial 155 finished with value: 0.96250625 and parameters: {'objective': 'multi:softprob', 'num_class': 6, 'tree_method': 'gpu_hist', 'lambda': 0.002559552975754742, 'alpha': 0.00239973483767507, 'colsample_bytree': 0.5590929191278202, 'subsample': 0.8314030802573975, 'learning_rate': 0.03136453017124376, 'max_depth': 11, 'min_child_weight': 37, 'eval_metric': 'mlogloss'}. Best is trial 143 with value: 0.9627375.
