Trial 168 finished with value: 0.96206625 and parameters: {'objective': 'multi:softprob', 'num_class': 6, 'tree_method': 'gpu_hist', 'lambda': 9.243356945934371, 'alpha': 0.026369562384143685, 'colsample_bytree': 0.9206426564592214, 'subsample': 0.6247936224257511, 'learning_rate': 0.013509744143525718, 'max_depth': 20, 'min_child_weight': 13, 'eval_metric': 'mlogloss'}. Best is trial 160 with value: 0.96211625.
start listen on 192.168.1.101:54197
@tracker All of 3 nodes getting started
@tracker All nodes finishes job
Trial 169 finished with value: 0.9620425 and parameters: {'objective': 'multi:softprob', 'num_class': 6, 'tree_method': 'gpu_hist', 'lambda': 9.934718656706908, 'alpha': 0.02505682335038733, 'colsample_bytree': 0.9229913982542237, 'subsample': 0.6289162069492502, 'learning_rate': 0.01293898326381991, 'max_depth': 20, 'min_child_weight': 8, 'eval_metric': 'mlogloss'}. Best is trial 160 with value: 0.96211625.
start listen on 192.168.1.101:38411
@tracker All of 3 nodes getting started
@tracker All nodes finishes job
Trial 170 finished with value: 0.96210375 and parameters: {'objective': 'multi:softprob', 'num_class': 6, 'tree_method': 'gpu_hist', 'lambda': 9.25381196127087, 'alpha': 0.02493423798435536, 'colsample_bytree': 0.9121941970341022, 'subsample': 0.6235904052525763, 'learning_rate': 0.012933588153449433, 'max_depth': 20, 'min_child_weight': 11, 'eval_metric': 'mlogloss'}. Best is trial 160 with value: 0.96211625.
start listen on 192.168.1.101:48627
@tracker All of 3 nodes getting started
@tracker All nodes finishes job
Trial 171 finished with value: 0.96199625 and parameters: {'objective': 'multi:softprob', 'num_class': 6, 'tree_method': 'gpu_hist', 'lambda': 9.045271771490835, 'alpha': 0.02410048802762532, 'colsample_bytree': 0.9189042511516727, 'subsample': 0.6225823081562827, 'learning_rate': 0.012957053526604473, 'max_depth': 20, 'min_child_weight': 7, 'eval_metric': 'mlogloss'}. Best is trial 160 with value: 0.96211625.
start listen on 192.168.1.101:48403
@tracker All of 3 nodes getting started
@tracker All nodes finishes job
Trial 172 finished with value: 0.96187375 and parameters: {'objective': 'multi:softprob', 'num_class': 6, 'tree_method': 'gpu_hist', 'lambda': 9.652207260774485, 'alpha': 0.01941568338249935, 'colsample_bytree': 0.9105232650038321, 'subsample': 0.6358220704634966, 'learning_rate': 0.01049842691794952, 'max_depth': 20, 'min_child_weight': 14, 'eval_metric': 'mlogloss'}. Best is trial 160 with value: 0.96211625.
start listen on 192.168.1.101:57805
@tracker All of 3 nodes getting started
@tracker All nodes finishes job
Trial 173 finished with value: 0.96184125 and parameters: {'objective': 'multi:softprob', 'num_class': 6, 'tree_method': 'gpu_hist', 'lambda': 9.994927744745329, 'alpha': 0.01593092326220908, 'colsample_bytree': 0.9307267661410172, 'subsample': 0.6251668686501313, 'learning_rate': 0.012283758964547722, 'max_depth': 20, 'min_child_weight': 1, 'eval_metric': 'mlogloss'}. Best is trial 160 with value: 0.96211625.
start listen on 192.168.1.101:38341
@tracker All of 3 nodes getting started
@tracker All nodes finishes job
Trial 174 finished with value: 0.96199625 and parameters: {'objective': 'multi:softprob', 'num_class': 6, 'tree_method': 'gpu_hist', 'lambda': 7.67338043254556, 'alpha': 0.014310143977348894, 'colsample_bytree': 0.8889893810290695, 'subsample': 0.6080887281040768, 'learning_rate': 0.013755757505989829, 'max_depth': 20, 'min_child_weight': 10, 'eval_metric': 'mlogloss'}. Best is trial 160 with value: 0.96211625.
start listen on 192.168.1.101:53523
@tracker All of 3 nodes getting started
@tracker All nodes finishes job
Trial 175 finished with value: 0.96179375 and parameters: {'objective': 'multi:softprob', 'num_class': 6, 'tree_method': 'gpu_hist', 'lambda': 6.423346254005236, 'alpha': 0.00977399165092443, 'colsample_bytree': 0.9006142891872486, 'subsample': 0.6844619659900191, 'learning_rate': 0.009765164906572223, 'max_depth': 20, 'min_child_weight': 17, 'eval_metric': 'mlogloss'}. Best is trial 160 with value: 0.96211625.
start listen on 192.168.1.101:53617
@tracker All of 3 nodes getting started
@tracker All nodes finishes job
Trial 176 finished with value: 0.96201 and parameters: {'objective': 'multi:softprob', 'num_class': 6, 'tree_method': 'gpu_hist', 'lambda': 7.477136090565896, 'alpha': 0.026555860892777648, 'colsample_bytree': 0.9160333509521924, 'subsample': 0.6636900832841194, 'learning_rate': 0.014544167744674881, 'max_depth': 20, 'min_child_weight': 8, 'eval_metric': 'mlogloss'}. Best is trial 160 with value: 0.96211625.
start listen on 192.168.1.101:59259
@tracker All of 3 nodes getting started
@tracker All nodes finishes job
Trial 177 finished with value: 0.96202 and parameters: {'objective': 'multi:softprob', 'num_class': 6, 'tree_method': 'gpu_hist', 'lambda': 5.3771333816890765, 'alpha': 0.0178651387812924, 'colsample_bytree': 0.9274168984248292, 'subsample': 0.6500737702891377, 'learning_rate': 0.015867541991705408, 'max_depth': 20, 'min_child_weight': 15, 'eval_metric': 'mlogloss'}. Best is trial 160 with value: 0.96211625.
start listen on 192.168.1.101:46993
@tracker All of 3 nodes getting started
@tracker All nodes finishes job
Trial 178 finished with value: 0.961835 and parameters: {'objective': 'multi:softprob', 'num_class': 6, 'tree_method': 'gpu_hist', 'lambda': 8.304964824199985, 'alpha': 0.022306240665061965, 'colsample_bytree': 0.9401735603659469, 'subsample': 0.6823928389922747, 'learning_rate': 0.009332922486785238, 'max_depth': 20, 'min_child_weight': 6, 'eval_metric': 'mlogloss'}. Best is trial 160 with value: 0.96211625.
start listen on 192.168.1.101:58815
@tracker All of 3 nodes getting started
@tracker All nodes finishes job
Trial 179 finished with value: 0.96211375 and parameters: {'objective': 'multi:softprob', 'num_class': 6, 'tree_method': 'gpu_hist', 'lambda': 6.4758884108274115, 'alpha': 0.03389082435768078, 'colsample_bytree': 0.8661695484152523, 'subsample': 0.6321638495240154, 'learning_rate': 0.013157432230954813, 'max_depth': 20, 'min_child_weight': 18, 'eval_metric': 'mlogloss'}. Best is trial 160 with value: 0.96211625.
start listen on 192.168.1.101:59653
@tracker All of 3 nodes getting started
@tracker All nodes finishes job
Trial 180 finished with value: 0.96166875 and parameters: {'objective': 'multi:softprob', 'num_class': 6, 'tree_method': 'gpu_hist', 'lambda': 6.7804031655575265, 'alpha': 0.0329220597883147, 'colsample_bytree': 0.8522538799924849, 'subsample': 0.6289717948922972, 'learning_rate': 0.011214340168285241, 'max_depth': 20, 'min_child_weight': 1, 'eval_metric': 'mlogloss'}. Best is trial 160 with value: 0.96211625.
start listen on 192.168.1.101:46617
@tracker All of 3 nodes getting started
@tracker All nodes finishes job
Trial 181 finished with value: 0.96201875 and parameters: {'objective': 'multi:softprob', 'num_class': 6, 'tree_method': 'gpu_hist', 'lambda': 9.984734522425521, 'alpha': 0.035120712822073526, 'colsample_bytree': 0.8686955122915501, 'subsample': 0.6210175489196668, 'learning_rate': 0.012976023394382075, 'max_depth': 20, 'min_child_weight': 17, 'eval_metric': 'mlogloss'}. Best is trial 160 with value: 0.96211625.
start listen on 192.168.1.101:57717
@tracker All of 3 nodes getting started
@tracker All nodes finishes job
Trial 182 finished with value: 0.962025 and parameters: {'objective': 'multi:softprob', 'num_class': 6, 'tree_method': 'gpu_hist', 'lambda': 5.204623270176331, 'alpha': 0.026932229674854667, 'colsample_bytree': 0.902857584639643, 'subsample': 0.6384438120927816, 'learning_rate': 0.016087164960123804, 'max_depth': 20, 'min_child_weight': 11, 'eval_metric': 'mlogloss'}. Best is trial 160 with value: 0.96211625.
start listen on 192.168.1.101:40461
@tracker All of 3 nodes getting started
@tracker All nodes finishes job
Trial 183 finished with value: 0.96206625 and parameters: {'objective': 'multi:softprob', 'num_class': 6, 'tree_method': 'gpu_hist', 'lambda': 6.073222207521835, 'alpha': 0.026680000849771568, 'colsample_bytree': 0.897021335809752, 'subsample': 0.6077410612559634, 'learning_rate': 0.015150464190505772, 'max_depth': 20, 'min_child_weight': 11, 'eval_metric': 'mlogloss'}. Best is trial 160 with value: 0.96211625.
start listen on 192.168.1.101:40071
@tracker All of 3 nodes getting started
@tracker All nodes finishes job
Trial 184 finished with value: 0.96205625 and parameters: {'objective': 'multi:softprob', 'num_class': 6, 'tree_method': 'gpu_hist', 'lambda': 6.370985556804494, 'alpha': 0.020956755057369464, 'colsample_bytree': 0.8811792671124813, 'subsample': 0.6183069840173577, 'learning_rate': 0.014901206470127748, 'max_depth': 20, 'min_child_weight': 10, 'eval_metric': 'mlogloss'}. Best is trial 160 with value: 0.96211625.
start listen on 192.168.1.101:60081
@tracker All of 3 nodes getting started
@tracker All nodes finishes job
Trial 185 finished with value: 0.96201875 and parameters: {'objective': 'multi:softprob', 'num_class': 6, 'tree_method': 'gpu_hist', 'lambda': 6.248303529072391, 'alpha': 0.028241229067452276, 'colsample_bytree': 0.8846715625307537, 'subsample': 0.6075773700734101, 'learning_rate': 0.015294774315905533, 'max_depth': 20, 'min_child_weight': 9, 'eval_metric': 'mlogloss'}. Best is trial 160 with value: 0.96211625.
start listen on 192.168.1.101:60799
@tracker All of 3 nodes getting started
@tracker All nodes finishes job
Trial 186 finished with value: 0.9620125 and parameters: {'objective': 'multi:softprob', 'num_class': 6, 'tree_method': 'gpu_hist', 'lambda': 8.23087319935871, 'alpha': 0.021054378565019325, 'colsample_bytree': 0.8703567897101714, 'subsample': 0.6130508940772146, 'learning_rate': 0.012915855505645168, 'max_depth': 20, 'min_child_weight': 20, 'eval_metric': 'mlogloss'}. Best is trial 160 with value: 0.96211625.
start listen on 192.168.1.101:35831
@tracker All of 3 nodes getting started
@tracker All nodes finishes job
Trial 187 finished with value: 0.9620125 and parameters: {'objective': 'multi:softprob', 'num_class': 6, 'tree_method': 'gpu_hist', 'lambda': 5.68933032673052, 'alpha': 0.02303868717351902, 'colsample_bytree': 0.8308307459699786, 'subsample': 0.632729857617035, 'learning_rate': 0.014548693477318698, 'max_depth': 20, 'min_child_weight': 11, 'eval_metric': 'mlogloss'}. Best is trial 160 with value: 0.96211625.
start listen on 192.168.1.101:52053
@tracker All of 3 nodes getting started
@tracker All nodes finishes job
Trial 188 finished with value: 0.9619625 and parameters: {'objective': 'multi:softprob', 'num_class': 6, 'tree_method': 'gpu_hist', 'lambda': 6.992689627855914, 'alpha': 0.017779476799007963, 'colsample_bytree': 0.8160598818589672, 'subsample': 0.6484550357638308, 'learning_rate': 0.01160064795954675, 'max_depth': 20, 'min_child_weight': 6, 'eval_metric': 'mlogloss'}. Best is trial 160 with value: 0.96211625.
start listen on 192.168.1.101:42743
@tracker All of 3 nodes getting started
@tracker All nodes finishes job
Trial 189 finished with value: 0.93537375 and parameters: {'objective': 'multi:softprob', 'num_class': 6, 'tree_method': 'gpu_hist', 'lambda': 8.537953942018337, 'alpha': 0.0333561763356013, 'colsample_bytree': 0.8964844773101177, 'subsample': 0.6210952038377026, 'learning_rate': 0.013775558121414462, 'max_depth': 3, 'min_child_weight': 16, 'eval_metric': 'mlogloss'}. Best is trial 160 with value: 0.96211625.
start listen on 192.168.1.101:45915
@tracker All of 3 nodes getting started
@tracker All nodes finishes job
Trial 190 finished with value: 0.96206 and parameters: {'objective': 'multi:softprob', 'num_class': 6, 'tree_method': 'gpu_hist', 'lambda': 5.213029761329256, 'alpha': 0.026374912147279127, 'colsample_bytree': 0.9040103357197891, 'subsample': 0.6569735251236727, 'learning_rate': 0.016136928552900397, 'max_depth': 20, 'min_child_weight': 12, 'eval_metric': 'mlogloss'}. Best is trial 160 with value: 0.96211625.
start listen on 192.168.1.101:46459
@tracker All of 3 nodes getting started
@tracker All nodes finishes job
Trial 191 finished with value: 0.9620575 and parameters: {'objective': 'multi:softprob', 'num_class': 6, 'tree_method': 'gpu_hist', 'lambda': 6.65778897151212, 'alpha': 0.024490886045913502, 'colsample_bytree': 0.8812608634648529, 'subsample': 0.6597981630674775, 'learning_rate': 0.015289498271167143, 'max_depth': 20, 'min_child_weight': 12, 'eval_metric': 'mlogloss'}. Best is trial 160 with value: 0.96211625.
start listen on 192.168.1.101:47273
@tracker All of 3 nodes getting started
@tracker All nodes finishes job
Trial 192 finished with value: 0.96201125 and parameters: {'objective': 'multi:softprob', 'num_class': 6, 'tree_method': 'gpu_hist', 'lambda': 6.28517591279659, 'alpha': 0.03958927292828347, 'colsample_bytree': 0.8582706371860768, 'subsample': 0.6573766865401732, 'learning_rate': 0.014892998282842676, 'max_depth': 20, 'min_child_weight': 6, 'eval_metric': 'mlogloss'}. Best is trial 160 with value: 0.96211625.
start listen on 192.168.1.101:38211
@tracker All of 3 nodes getting started
@tracker All nodes finishes job
Trial 193 finished with value: 0.96198625 and parameters: {'objective': 'multi:softprob', 'num_class': 6, 'tree_method': 'gpu_hist', 'lambda': 7.879027365404385, 'alpha': 0.024032761226044003, 'colsample_bytree': 0.8797939517788957, 'subsample': 0.645701697213676, 'learning_rate': 0.012629479350165649, 'max_depth': 20, 'min_child_weight': 13, 'eval_metric': 'mlogloss'}. Best is trial 160 with value: 0.96211625.
start listen on 192.168.1.101:46283
@tracker All of 3 nodes getting started
@tracker All nodes finishes job
Trial 194 finished with value: 0.96202375 and parameters: {'objective': 'multi:softprob', 'num_class': 6, 'tree_method': 'gpu_hist', 'lambda': 5.266144284560389, 'alpha': 0.029720400411595287, 'colsample_bytree': 0.8918964201177617, 'subsample': 0.6344470207202424, 'learning_rate': 0.016776220185472306, 'max_depth': 20, 'min_child_weight': 21, 'eval_metric': 'mlogloss'}. Best is trial 160 with value: 0.96211625.
start listen on 192.168.1.101:40733
@tracker All of 3 nodes getting started
@tracker All nodes finishes job
Trial 195 finished with value: 0.9621575 and parameters: {'objective': 'multi:softprob', 'num_class': 6, 'tree_method': 'gpu_hist', 'lambda': 7.010740360573047, 'alpha': 0.01805240502329555, 'colsample_bytree': 0.9081168020993136, 'subsample': 0.6030644708468903, 'learning_rate': 0.015814582720519825, 'max_depth': 20, 'min_child_weight': 12, 'eval_metric': 'mlogloss'}. Best is trial 195 with value: 0.9621575.
start listen on 192.168.1.101:42843
@tracker All of 3 nodes getting started
@tracker All nodes finishes job
Trial 196 finished with value: 0.96182 and parameters: {'objective': 'multi:softprob', 'num_class': 6, 'tree_method': 'gpu_hist', 'lambda': 8.62565451124874, 'alpha': 0.018486164108743167, 'colsample_bytree': 0.8424242534898064, 'subsample': 0.6057106786584131, 'learning_rate': 0.015009372981814113, 'max_depth': 20, 'min_child_weight': 1, 'eval_metric': 'mlogloss'}. Best is trial 195 with value: 0.9621575.
start listen on 192.168.1.101:52953
@tracker All of 3 nodes getting started
@tracker All nodes finishes job
Trial 197 finished with value: 0.96203375 and parameters: {'objective': 'multi:softprob', 'num_class': 6, 'tree_method': 'gpu_hist', 'lambda': 6.612895902210065, 'alpha': 0.015363082380065009, 'colsample_bytree': 0.8662553898940423, 'subsample': 0.6141366136030303, 'learning_rate': 0.013384263587719521, 'max_depth': 20, 'min_child_weight': 14, 'eval_metric': 'mlogloss'}. Best is trial 195 with value: 0.9621575.
start listen on 192.168.1.101:55871
@tracker All of 3 nodes getting started
@tracker All nodes finishes job
Trial 198 finished with value: 0.9621025 and parameters: {'objective': 'multi:softprob', 'num_class': 6, 'tree_method': 'gpu_hist', 'lambda': 9.927036340532515, 'alpha': 0.021745355891435936, 'colsample_bytree': 0.9063344006913889, 'subsample': 0.6591192072471846, 'learning_rate': 0.015999374901016276, 'max_depth': 20, 'min_child_weight': 6, 'eval_metric': 'mlogloss'}. Best is trial 195 with value: 0.9621575.
start listen on 192.168.1.101:48759
@tracker All of 3 nodes getting started
@tracker All nodes finishes job
Trial 199 finished with value: 0.96193875 and parameters: {'objective': 'multi:softprob', 'num_class': 6, 'tree_method': 'gpu_hist', 'lambda': 4.8656167646087445, 'alpha': 0.022109578143844625, 'colsample_bytree': 0.8785036159667209, 'subsample': 0.628570344007855, 'learning_rate': 0.019421197904115523, 'max_depth': 20, 'min_child_weight': 6, 'eval_metric': 'mlogloss'}. Best is trial 195 with value: 0.9621575.
start listen on 192.168.1.101:36501
@tracker All of 3 nodes getting started
@tracker All nodes finishes job
Trial 200 finished with value: 0.95537 and parameters: {'objective': 'multi:softprob', 'num_class': 6, 'tree_method': 'gpu_hist', 'lambda': 7.642612809149461, 'alpha': 0.02627962756237274, 'colsample_bytree': 0.3409855467448542, 'subsample': 0.6628758273556609, 'learning_rate': 0.016566211912677525, 'max_depth': 20, 'min_child_weight': 1, 'eval_metric': 'mlogloss'}. Best is trial 195 with value: 0.9621575.
start listen on 192.168.1.101:41457
@tracker All of 3 nodes getting started
@tracker All nodes finishes job
Trial 201 finished with value: 0.96208875 and parameters: {'objective': 'multi:softprob', 'num_class': 6, 'tree_method': 'gpu_hist', 'lambda': 9.683901576181617, 'alpha': 0.018376482159066263, 'colsample_bytree': 0.9074744824752695, 'subsample': 0.6510590651685702, 'learning_rate': 0.015737095172301874, 'max_depth': 20, 'min_child_weight': 13, 'eval_metric': 'mlogloss'}. Best is trial 195 with value: 0.9621575.
start listen on 192.168.1.101:53993
@tracker All of 3 nodes getting started
@tracker All nodes finishes job
Trial 202 finished with value: 0.9620075 and parameters: {'objective': 'multi:softprob', 'num_class': 6, 'tree_method': 'gpu_hist', 'lambda': 0.0033693642156424728, 'alpha': 0.02087602487528596, 'colsample_bytree': 0.9055367599441028, 'subsample': 0.6991231483081639, 'learning_rate': 0.01528234221494479, 'max_depth': 20, 'min_child_weight': 19, 'eval_metric': 'mlogloss'}. Best is trial 195 with value: 0.9621575.
start listen on 192.168.1.101:33657
@tracker All of 3 nodes getting started
@tracker All nodes finishes job
Trial 203 finished with value: 0.96205 and parameters: {'objective': 'multi:softprob', 'num_class': 6, 'tree_method': 'gpu_hist', 'lambda': 9.843004500751737, 'alpha': 0.013555479587109448, 'colsample_bytree': 0.9119580008581369, 'subsample': 0.6394261092994279, 'learning_rate': 0.01812187913847208, 'max_depth': 20, 'min_child_weight': 10, 'eval_metric': 'mlogloss'}. Best is trial 195 with value: 0.9621575.
start listen on 192.168.1.101:57337
@tracker All of 3 nodes getting started
@tracker All nodes finishes job
Trial 204 finished with value: 0.96205875 and parameters: {'objective': 'multi:softprob', 'num_class': 6, 'tree_method': 'gpu_hist', 'lambda': 8.147031388386026, 'alpha': 0.011859931966435967, 'colsample_bytree': 0.9095437274796664, 'subsample': 0.6390588564864832, 'learning_rate': 0.017506458357100765, 'max_depth': 20, 'min_child_weight': 11, 'eval_metric': 'mlogloss'}. Best is trial 195 with value: 0.9621575.
start listen on 192.168.1.101:38687
@tracker All of 3 nodes getting started
@tracker All nodes finishes job
Trial 205 finished with value: 0.96201875 and parameters: {'objective': 'multi:softprob', 'num_class': 6, 'tree_method': 'gpu_hist', 'lambda': 6.273557993638031, 'alpha': 0.011373275677364937, 'colsample_bytree': 0.9077059709478814, 'subsample': 0.6556538308602576, 'learning_rate': 0.017860178580221927, 'max_depth': 20, 'min_child_weight': 12, 'eval_metric': 'mlogloss'}. Best is trial 195 with value: 0.9621575.
start listen on 192.168.1.101:45277
@tracker All of 3 nodes getting started
@tracker All nodes finishes job
Trial 206 finished with value: 0.9620375 and parameters: {'objective': 'multi:softprob', 'num_class': 6, 'tree_method': 'gpu_hist', 'lambda': 7.511537280337269, 'alpha': 0.013650074755714193, 'colsample_bytree': 0.8908431736713891, 'subsample': 0.6002335086244145, 'learning_rate': 0.01593486885902509, 'max_depth': 20, 'min_child_weight': 19, 'eval_metric': 'mlogloss'}. Best is trial 195 with value: 0.9621575.
start listen on 192.168.1.101:37845
@tracker All of 3 nodes getting started
@tracker All nodes finishes job
Trial 207 finished with value: 0.9619475 and parameters: {'objective': 'multi:softprob', 'num_class': 6, 'tree_method': 'gpu_hist', 'lambda': 5.821125803201439, 'alpha': 0.009089128845263316, 'colsample_bytree': 0.8795025560825165, 'subsample': 0.6415164082515612, 'learning_rate': 0.01697173772981452, 'max_depth': 20, 'min_child_weight': 6, 'eval_metric': 'mlogloss'}. Best is trial 195 with value: 0.9621575.
start listen on 192.168.1.101:41151
@tracker All of 3 nodes getting started
@tracker All nodes finishes job
Trial 208 finished with value: 0.96200375 and parameters: {'objective': 'multi:softprob', 'num_class': 6, 'tree_method': 'gpu_hist', 'lambda': 8.551036941491873, 'alpha': 0.01514658438285862, 'colsample_bytree': 0.908577891301451, 'subsample': 0.6711139945676965, 'learning_rate': 0.01842861298239281, 'max_depth': 20, 'min_child_weight': 13, 'eval_metric': 'mlogloss'}. Best is trial 195 with value: 0.9621575.
start listen on 192.168.1.101:35127
@tracker All of 3 nodes getting started
@tracker All nodes finishes job
Trial 209 finished with value: 0.96201625 and parameters: {'objective': 'multi:softprob', 'num_class': 6, 'tree_method': 'gpu_hist', 'lambda': 7.142442849793088, 'alpha': 0.007355447065015112, 'colsample_bytree': 0.859008764680335, 'subsample': 0.6196476276398523, 'learning_rate': 0.01565710206878318, 'max_depth': 20, 'min_child_weight': 19, 'eval_metric': 'mlogloss'}. Best is trial 195 with value: 0.9621575.
start listen on 192.168.1.101:53047
@tracker All of 3 nodes getting started
@tracker All nodes finishes job
