Trial 714 finished with value: 0.96072375 and parameters: {'objective': 'multi:softprob', 'num_class': 6, 'tree_method': 'gpu_hist', 'lambda': 8.457895634300293, 'alpha': 0.0017822101672030333, 'colsample_bytree': 0.9547028832553601, 'subsample': 0.6223146274897432, 'learning_rate': 0.015527253645524462, 'max_depth': 20, 'min_child_weight': 255, 'eval_metric': 'mlogloss'}. Best is trial 461 with value: 0.96217.
start listen on 192.168.1.101:33047
@tracker All of 3 nodes getting started
@tracker All nodes finishes job
Trial 715 finished with value: 0.957595 and parameters: {'objective': 'multi:softprob', 'num_class': 6, 'tree_method': 'gpu_hist', 'lambda': 7.27887767371401, 'alpha': 0.018145099848148685, 'colsample_bytree': 0.8937683921323889, 'subsample': 0.655576938589016, 'learning_rate': 0.002814301617819898, 'max_depth': 20, 'min_child_weight': 17, 'eval_metric': 'mlogloss'}. Best is trial 461 with value: 0.96217.
start listen on 192.168.1.101:56131
@tracker All of 3 nodes getting started
@tracker All nodes finishes job
Trial 716 finished with value: 0.962045 and parameters: {'objective': 'multi:softprob', 'num_class': 6, 'tree_method': 'gpu_hist', 'lambda': 5.455337456108037, 'alpha': 0.023004747322455114, 'colsample_bytree': 0.9375401573424335, 'subsample': 0.6362649927511163, 'learning_rate': 0.018791464495427578, 'max_depth': 20, 'min_child_weight': 11, 'eval_metric': 'mlogloss'}. Best is trial 461 with value: 0.96217.
start listen on 192.168.1.101:34287
@tracker All of 3 nodes getting started
@tracker All nodes finishes job
Trial 717 finished with value: 0.9620075 and parameters: {'objective': 'multi:softprob', 'num_class': 6, 'tree_method': 'gpu_hist', 'lambda': 8.44238137826463, 'alpha': 1.342051615298572, 'colsample_bytree': 0.8728270263220963, 'subsample': 0.6749732618050592, 'learning_rate': 0.013789713327703611, 'max_depth': 20, 'min_child_weight': 22, 'eval_metric': 'mlogloss'}. Best is trial 461 with value: 0.96217.
start listen on 192.168.1.101:37813
@tracker All of 3 nodes getting started
@tracker All nodes finishes job
Trial 718 finished with value: 0.96202375 and parameters: {'objective': 'multi:softprob', 'num_class': 6, 'tree_method': 'gpu_hist', 'lambda': 6.475095552486317, 'alpha': 0.014239205916451692, 'colsample_bytree': 0.9085435827310094, 'subsample': 0.642639128198728, 'learning_rate': 0.021690188035714864, 'max_depth': 20, 'min_child_weight': 31, 'eval_metric': 'mlogloss'}. Best is trial 461 with value: 0.96217.
start listen on 192.168.1.101:37987
@tracker All of 3 nodes getting started
@tracker All nodes finishes job
Trial 719 finished with value: 0.96184625 and parameters: {'objective': 'multi:softprob', 'num_class': 6, 'tree_method': 'gpu_hist', 'lambda': 9.97380497451913, 'alpha': 0.04050318426902142, 'colsample_bytree': 0.9847542551719146, 'subsample': 0.6144346426429095, 'learning_rate': 0.016799691936869306, 'max_depth': 20, 'min_child_weight': 40, 'eval_metric': 'mlogloss'}. Best is trial 461 with value: 0.96217.
start listen on 192.168.1.101:43263
@tracker All of 3 nodes getting started
@tracker All nodes finishes job
Trial 720 finished with value: 0.96207375 and parameters: {'objective': 'multi:softprob', 'num_class': 6, 'tree_method': 'gpu_hist', 'lambda': 8.198064328544879, 'alpha': 0.0278477937022326, 'colsample_bytree': 0.9251922308413518, 'subsample': 0.6575599540513333, 'learning_rate': 0.015154813358978243, 'max_depth': 20, 'min_child_weight': 17, 'eval_metric': 'mlogloss'}. Best is trial 461 with value: 0.96217.
start listen on 192.168.1.101:46055
@tracker All of 3 nodes getting started
@tracker All nodes finishes job
Trial 721 finished with value: 0.9419875 and parameters: {'objective': 'multi:softprob', 'num_class': 6, 'tree_method': 'gpu_hist', 'lambda': 4.3742634960082, 'alpha': 0.017272599279719122, 'colsample_bytree': 0.8923432488193049, 'subsample': 0.6779312481576202, 'learning_rate': 0.020092930283324033, 'max_depth': 3, 'min_child_weight': 6, 'eval_metric': 'mlogloss'}. Best is trial 461 with value: 0.96217.
start listen on 192.168.1.101:38987
@tracker All of 3 nodes getting started
@tracker All nodes finishes job
Trial 722 finished with value: 0.96202125 and parameters: {'objective': 'multi:softprob', 'num_class': 6, 'tree_method': 'gpu_hist', 'lambda': 7.162933002529702, 'alpha': 0.020105426886047693, 'colsample_bytree': 0.9418637198013857, 'subsample': 0.6281364678171039, 'learning_rate': 0.01780562011717851, 'max_depth': 20, 'min_child_weight': 22, 'eval_metric': 'mlogloss'}. Best is trial 461 with value: 0.96217.
start listen on 192.168.1.101:45775
@tracker All of 3 nodes getting started
@tracker All nodes finishes job
Trial 723 finished with value: 0.959325 and parameters: {'objective': 'multi:softprob', 'num_class': 6, 'tree_method': 'gpu_hist', 'lambda': 5.603637348970473, 'alpha': 0.009337942241777768, 'colsample_bytree': 0.7350400183905809, 'subsample': 0.6638031626844793, 'learning_rate': 0.012857617569767136, 'max_depth': 9, 'min_child_weight': 14, 'eval_metric': 'mlogloss'}. Best is trial 461 with value: 0.96217.
start listen on 192.168.1.101:42163
@tracker All of 3 nodes getting started
@tracker All nodes finishes job
Trial 724 finished with value: 0.96206875 and parameters: {'objective': 'multi:softprob', 'num_class': 6, 'tree_method': 'gpu_hist', 'lambda': 9.991628562072618, 'alpha': 1.7348758587494884, 'colsample_bytree': 0.9613758267895781, 'subsample': 0.6491468027592157, 'learning_rate': 0.022755228979937536, 'max_depth': 20, 'min_child_weight': 26, 'eval_metric': 'mlogloss'}. Best is trial 461 with value: 0.96217.
start listen on 192.168.1.101:54987
@tracker All of 3 nodes getting started
@tracker All nodes finishes job
Trial 725 finished with value: 0.96191375 and parameters: {'objective': 'multi:softprob', 'num_class': 6, 'tree_method': 'gpu_hist', 'lambda': 0.01176660211483917, 'alpha': 0.01180631717979761, 'colsample_bytree': 0.904479920848414, 'subsample': 0.6007335205641123, 'learning_rate': 0.016025220152635536, 'max_depth': 20, 'min_child_weight': 10, 'eval_metric': 'mlogloss'}. Best is trial 461 with value: 0.96217.
start listen on 192.168.1.101:44663
@tracker All of 3 nodes getting started
@tracker All nodes finishes job
Trial 726 finished with value: 0.96178625 and parameters: {'objective': 'multi:softprob', 'num_class': 6, 'tree_method': 'gpu_hist', 'lambda': 7.486438748122635, 'alpha': 0.004917575733957094, 'colsample_bytree': 0.9232577542627627, 'subsample': 0.6883089233220683, 'learning_rate': 0.018537548941411353, 'max_depth': 20, 'min_child_weight': 1, 'eval_metric': 'mlogloss'}. Best is trial 461 with value: 0.96217.
start listen on 192.168.1.101:47403
@tracker All of 3 nodes getting started
@tracker All nodes finishes job
Trial 727 finished with value: 0.95765 and parameters: {'objective': 'multi:softprob', 'num_class': 6, 'tree_method': 'gpu_hist', 'lambda': 8.662147678067361, 'alpha': 0.02368927161998457, 'colsample_bytree': 0.4141174632159214, 'subsample': 0.6374466857756436, 'learning_rate': 0.011932366024391667, 'max_depth': 20, 'min_child_weight': 18, 'eval_metric': 'mlogloss'}. Best is trial 461 with value: 0.96217.
start listen on 192.168.1.101:49165
@tracker All of 3 nodes getting started
@tracker All nodes finishes job
Trial 728 finished with value: 0.96193875 and parameters: {'objective': 'multi:softprob', 'num_class': 6, 'tree_method': 'gpu_hist', 'lambda': 6.3825395478132245, 'alpha': 0.0156221377510161, 'colsample_bytree': 0.849656461252721, 'subsample': 0.7455032003788817, 'learning_rate': 0.014688515194956085, 'max_depth': 20, 'min_child_weight': 32, 'eval_metric': 'mlogloss'}. Best is trial 461 with value: 0.96217.
start listen on 192.168.1.101:38181
@tracker All of 3 nodes getting started
@tracker All nodes finishes job
Trial 729 finished with value: 0.96202375 and parameters: {'objective': 'multi:softprob', 'num_class': 6, 'tree_method': 'gpu_hist', 'lambda': 5.161035318108256, 'alpha': 0.018293216270667097, 'colsample_bytree': 0.8832223363699413, 'subsample': 0.6657470657000464, 'learning_rate': 0.01698211072873773, 'max_depth': 20, 'min_child_weight': 10, 'eval_metric': 'mlogloss'}. Best is trial 461 with value: 0.96217.
start listen on 192.168.1.101:34261
@tracker All of 3 nodes getting started
@tracker All nodes finishes job
Trial 730 finished with value: 0.96195125 and parameters: {'objective': 'multi:softprob', 'num_class': 6, 'tree_method': 'gpu_hist', 'lambda': 8.441942345331173, 'alpha': 2.7247724615731097, 'colsample_bytree': 0.914794307016604, 'subsample': 0.6216158606537595, 'learning_rate': 0.013859008998723896, 'max_depth': 20, 'min_child_weight': 21, 'eval_metric': 'mlogloss'}. Best is trial 461 with value: 0.96217.
start listen on 192.168.1.101:48953
@tracker All of 3 nodes getting started
@tracker All nodes finishes job
Trial 731 finished with value: 0.954765 and parameters: {'objective': 'multi:softprob', 'num_class': 6, 'tree_method': 'gpu_hist', 'lambda': 7.1015188702243615, 'alpha': 0.03366953924392824, 'colsample_bytree': 0.8679973235692011, 'subsample': 0.6489152161575719, 'learning_rate': 0.019844344148937022, 'max_depth': 5, 'min_child_weight': 15, 'eval_metric': 'mlogloss'}. Best is trial 461 with value: 0.96217.
start listen on 192.168.1.101:55563
@tracker All of 3 nodes getting started
@tracker All nodes finishes job
Trial 732 finished with value: 0.95851 and parameters: {'objective': 'multi:softprob', 'num_class': 6, 'tree_method': 'gpu_hist', 'lambda': 6.20653182267258, 'alpha': 0.013613802160954239, 'colsample_bytree': 0.9756846088586927, 'subsample': 0.6771184737010751, 'learning_rate': 0.015979205544681994, 'max_depth': 7, 'min_child_weight': 27, 'eval_metric': 'mlogloss'}. Best is trial 461 with value: 0.96217.
start listen on 192.168.1.101:38023
@tracker All of 3 nodes getting started
@tracker All nodes finishes job
Trial 733 finished with value: 0.96204375 and parameters: {'objective': 'multi:softprob', 'num_class': 6, 'tree_method': 'gpu_hist', 'lambda': 9.997930759289614, 'alpha': 0.02371915141527782, 'colsample_bytree': 0.8990389017461349, 'subsample': 0.6352311048355832, 'learning_rate': 0.017488254337173763, 'max_depth': 20, 'min_child_weight': 5, 'eval_metric': 'mlogloss'}. Best is trial 461 with value: 0.96217.
start listen on 192.168.1.101:52829
@tracker All of 3 nodes getting started
@tracker All nodes finishes job
Trial 734 finished with value: 0.96188875 and parameters: {'objective': 'multi:softprob', 'num_class': 6, 'tree_method': 'gpu_hist', 'lambda': 4.226780112783127, 'alpha': 0.018474728955565352, 'colsample_bytree': 0.9386233205063333, 'subsample': 0.6160491745769648, 'learning_rate': 0.011096321188159427, 'max_depth': 20, 'min_child_weight': 17, 'eval_metric': 'mlogloss'}. Best is trial 461 with value: 0.96217.
start listen on 192.168.1.101:34477
@tracker All of 3 nodes getting started
@tracker All nodes finishes job
Trial 735 finished with value: 0.9607725 and parameters: {'objective': 'multi:softprob', 'num_class': 6, 'tree_method': 'gpu_hist', 'lambda': 8.270480705012716, 'alpha': 4.569485633077473, 'colsample_bytree': 0.9513620976604279, 'subsample': 0.6583285137403487, 'learning_rate': 0.013152803259194093, 'max_depth': 11, 'min_child_weight': 12, 'eval_metric': 'mlogloss'}. Best is trial 461 with value: 0.96217.
start listen on 192.168.1.101:34121
@tracker All of 3 nodes getting started
@tracker All nodes finishes job
Trial 736 finished with value: 0.9612225 and parameters: {'objective': 'multi:softprob', 'num_class': 6, 'tree_method': 'gpu_hist', 'lambda': 7.0109281396465, 'alpha': 0.030082496429449143, 'colsample_bytree': 0.9100503198053868, 'subsample': 0.6474928922432281, 'learning_rate': 0.014891932368016758, 'max_depth': 20, 'min_child_weight': 131, 'eval_metric': 'mlogloss'}. Best is trial 461 with value: 0.96217.
start listen on 192.168.1.101:34901
@tracker All of 3 nodes getting started
@tracker All nodes finishes job
Trial 737 finished with value: 0.961945 and parameters: {'objective': 'multi:softprob', 'num_class': 6, 'tree_method': 'gpu_hist', 'lambda': 0.0065651812870213926, 'alpha': 0.015429496357171817, 'colsample_bytree': 0.9281729566573401, 'subsample': 0.6660299229268409, 'learning_rate': 0.021078173221327805, 'max_depth': 20, 'min_child_weight': 23, 'eval_metric': 'mlogloss'}. Best is trial 461 with value: 0.96217.
start listen on 192.168.1.101:48763
@tracker All of 3 nodes getting started
@tracker All nodes finishes job
Trial 738 finished with value: 0.961955 and parameters: {'objective': 'multi:softprob', 'num_class': 6, 'tree_method': 'gpu_hist', 'lambda': 5.463609381737634, 'alpha': 0.006296799535217604, 'colsample_bytree': 0.8828505186388328, 'subsample': 0.6285180019906682, 'learning_rate': 0.018984692979179478, 'max_depth': 20, 'min_child_weight': 7, 'eval_metric': 'mlogloss'}. Best is trial 461 with value: 0.96217.
start listen on 192.168.1.101:44035
@tracker All of 3 nodes getting started
@tracker All nodes finishes job
Trial 739 finished with value: 0.9617925 and parameters: {'objective': 'multi:softprob', 'num_class': 6, 'tree_method': 'gpu_hist', 'lambda': 9.997707667274199, 'alpha': 0.22615428761888703, 'colsample_bytree': 0.8974680244910114, 'subsample': 0.5946843819542457, 'learning_rate': 0.01627517031188587, 'max_depth': 15, 'min_child_weight': 35, 'eval_metric': 'mlogloss'}. Best is trial 461 with value: 0.96217.
start listen on 192.168.1.101:39557
@tracker All of 3 nodes getting started
@tracker All nodes finishes job
Trial 740 finished with value: 0.9619625 and parameters: {'objective': 'multi:softprob', 'num_class': 6, 'tree_method': 'gpu_hist', 'lambda': 8.250765002544505, 'alpha': 0.02104117810174697, 'colsample_bytree': 0.9663243268961221, 'subsample': 0.6861034154134213, 'learning_rate': 0.023457216223282767, 'max_depth': 20, 'min_child_weight': 17, 'eval_metric': 'mlogloss'}. Best is trial 461 with value: 0.96217.
start listen on 192.168.1.101:46017
@tracker All of 3 nodes getting started
@tracker All nodes finishes job
Trial 741 finished with value: 0.96188125 and parameters: {'objective': 'multi:softprob', 'num_class': 6, 'tree_method': 'gpu_hist', 'lambda': 7.39813389130762, 'alpha': 0.8607509850650659, 'colsample_bytree': 0.9170845245727387, 'subsample': 0.6409699797640965, 'learning_rate': 0.013885989914433343, 'max_depth': 17, 'min_child_weight': 26, 'eval_metric': 'mlogloss'}. Best is trial 461 with value: 0.96217.
start listen on 192.168.1.101:51407
@tracker All of 3 nodes getting started
@tracker All nodes finishes job
Trial 742 finished with value: 0.96127125 and parameters: {'objective': 'multi:softprob', 'num_class': 6, 'tree_method': 'gpu_hist', 'lambda': 9.993723001139392, 'alpha': 0.011039130971347762, 'colsample_bytree': 0.935232399732484, 'subsample': 0.6590561497413828, 'learning_rate': 0.018410539006686464, 'max_depth': 20, 'min_child_weight': 177, 'eval_metric': 'mlogloss'}. Best is trial 461 with value: 0.96217.
start listen on 192.168.1.101:48731
@tracker All of 3 nodes getting started
@tracker All nodes finishes job
Trial 743 finished with value: 0.96168 and parameters: {'objective': 'multi:softprob', 'num_class': 6, 'tree_method': 'gpu_hist', 'lambda': 6.369102409970711, 'alpha': 0.015738403379488803, 'colsample_bytree': 0.9894102170450797, 'subsample': 0.6739246779420422, 'learning_rate': 0.014975214925943175, 'max_depth': 13, 'min_child_weight': 11, 'eval_metric': 'mlogloss'}. Best is trial 461 with value: 0.96217.
start listen on 192.168.1.101:38227
@tracker All of 3 nodes getting started
@tracker All nodes finishes job
Trial 744 finished with value: 0.961955 and parameters: {'objective': 'multi:softprob', 'num_class': 6, 'tree_method': 'gpu_hist', 'lambda': 4.982990144067063, 'alpha': 0.026222207085082164, 'colsample_bytree': 0.9996057806480233, 'subsample': 0.6520315713083038, 'learning_rate': 0.016935212606370563, 'max_depth': 20, 'min_child_weight': 20, 'eval_metric': 'mlogloss'}. Best is trial 461 with value: 0.96217.
start listen on 192.168.1.101:58911
@tracker All of 3 nodes getting started
@tracker All nodes finishes job
Trial 745 finished with value: 0.961925 and parameters: {'objective': 'multi:softprob', 'num_class': 6, 'tree_method': 'gpu_hist', 'lambda': 8.235272924518151, 'alpha': 0.019560444332650903, 'colsample_bytree': 0.833773375309465, 'subsample': 0.6247822185065176, 'learning_rate': 0.012100144633883205, 'max_depth': 20, 'min_child_weight': 5, 'eval_metric': 'mlogloss'}. Best is trial 461 with value: 0.96217.
start listen on 192.168.1.101:39627
@tracker All of 3 nodes getting started
@tracker All nodes finishes job
Trial 746 finished with value: 0.96169625 and parameters: {'objective': 'multi:softprob', 'num_class': 6, 'tree_method': 'gpu_hist', 'lambda': 6.392786639666931, 'alpha': 0.01285741233983421, 'colsample_bytree': 0.8770440443141266, 'subsample': 0.6076921755732765, 'learning_rate': 0.020444724719143485, 'max_depth': 20, 'min_child_weight': 119, 'eval_metric': 'mlogloss'}. Best is trial 461 with value: 0.96217.
start listen on 192.168.1.101:57979
@tracker All of 3 nodes getting started
@tracker All nodes finishes job
Trial 747 finished with value: 0.958625 and parameters: {'objective': 'multi:softprob', 'num_class': 6, 'tree_method': 'gpu_hist', 'lambda': 8.371348922223664, 'alpha': 0.02330095341980514, 'colsample_bytree': 0.9511976055681354, 'subsample': 0.692149889012782, 'learning_rate': 0.0037859003585242424, 'max_depth': 20, 'min_child_weight': 31, 'eval_metric': 'mlogloss'}. Best is trial 461 with value: 0.96217.
start listen on 192.168.1.101:35161
@tracker All of 3 nodes getting started
@tracker All nodes finishes job
Trial 748 finished with value: 0.96210625 and parameters: {'objective': 'multi:softprob', 'num_class': 6, 'tree_method': 'gpu_hist', 'lambda': 7.415483400855461, 'alpha': 0.0029290040465112547, 'colsample_bytree': 0.9040805124615627, 'subsample': 0.6322099637548113, 'learning_rate': 0.015832958557368226, 'max_depth': 20, 'min_child_weight': 13, 'eval_metric': 'mlogloss'}. Best is trial 461 with value: 0.96217.
start listen on 192.168.1.101:40919
@tracker All of 3 nodes getting started
@tracker All nodes finishes job
Trial 749 finished with value: 0.96184125 and parameters: {'objective': 'multi:softprob', 'num_class': 6, 'tree_method': 'gpu_hist', 'lambda': 7.478512271350721, 'alpha': 0.0028901813050892142, 'colsample_bytree': 0.8923306309964311, 'subsample': 0.6398854114059569, 'learning_rate': 0.012996947535323296, 'max_depth': 20, 'min_child_weight': 1, 'eval_metric': 'mlogloss'}. Best is trial 461 with value: 0.96217.
start listen on 192.168.1.101:44245
@tracker All of 3 nodes getting started
@tracker All nodes finishes job
Trial 750 finished with value: 0.96194875 and parameters: {'objective': 'multi:softprob', 'num_class': 6, 'tree_method': 'gpu_hist', 'lambda': 4.538544208476559, 'alpha': 0.01670804059580506, 'colsample_bytree': 0.8585536583515128, 'subsample': 0.6148998145903463, 'learning_rate': 0.018092967315683998, 'max_depth': 20, 'min_child_weight': 10, 'eval_metric': 'mlogloss'}. Best is trial 461 with value: 0.96217.
start listen on 192.168.1.101:46461
@tracker All of 3 nodes getting started
@tracker All nodes finishes job
Trial 751 finished with value: 0.9616025 and parameters: {'objective': 'multi:softprob', 'num_class': 6, 'tree_method': 'gpu_hist', 'lambda': 5.808783703858554, 'alpha': 0.009942465596848553, 'colsample_bytree': 0.900068190513128, 'subsample': 0.6231510436647755, 'learning_rate': 0.04706372549037577, 'max_depth': 20, 'min_child_weight': 14, 'eval_metric': 'mlogloss'}. Best is trial 461 with value: 0.96217.
start listen on 192.168.1.101:39845
@tracker All of 3 nodes getting started
@tracker All nodes finishes job
Trial 752 finished with value: 0.9285375 and parameters: {'objective': 'multi:softprob', 'num_class': 6, 'tree_method': 'gpu_hist', 'lambda': 5.505912102516857, 'alpha': 0.01951518086440938, 'colsample_bytree': 0.8773006454833996, 'subsample': 0.7989840670588195, 'learning_rate': 0.010325772161978964, 'max_depth': 3, 'min_child_weight': 22, 'eval_metric': 'mlogloss'}. Best is trial 461 with value: 0.96217.
start listen on 192.168.1.101:47751
@tracker All of 3 nodes getting started
@tracker All nodes finishes job
Trial 753 finished with value: 0.96198125 and parameters: {'objective': 'multi:softprob', 'num_class': 6, 'tree_method': 'gpu_hist', 'lambda': 4.2052374628658455, 'alpha': 9.910867699585973, 'colsample_bytree': 0.908323394241182, 'subsample': 0.6014955860867365, 'learning_rate': 0.016148358322863796, 'max_depth': 20, 'min_child_weight': 6, 'eval_metric': 'mlogloss'}. Best is trial 461 with value: 0.96217.
start listen on 192.168.1.101:48879
@tracker All of 3 nodes getting started
@tracker All nodes finishes job
Trial 754 finished with value: 0.959425 and parameters: {'objective': 'multi:softprob', 'num_class': 6, 'tree_method': 'gpu_hist', 'lambda': 8.07744792632494, 'alpha': 0.0023608266009746406, 'colsample_bytree': 0.8901759854348454, 'subsample': 0.6711094511355093, 'learning_rate': 0.014581740309122548, 'max_depth': 9, 'min_child_weight': 102, 'eval_metric': 'mlogloss'}. Best is trial 461 with value: 0.96217.
start listen on 192.168.1.101:53743
@tracker All of 3 nodes getting started
@tracker All nodes finishes job
Trial 755 finished with value: 0.961585 and parameters: {'objective': 'multi:softprob', 'num_class': 6, 'tree_method': 'gpu_hist', 'lambda': 6.417644100758345, 'alpha': 0.013654352936775777, 'colsample_bytree': 0.9215327766615224, 'subsample': 0.6307743457919842, 'learning_rate': 0.051920913775255234, 'max_depth': 20, 'min_child_weight': 14, 'eval_metric': 'mlogloss'}. Best is trial 461 with value: 0.96217.
start listen on 192.168.1.101:45443
@tracker All of 3 nodes getting started
@tracker All nodes finishes job
