Trial 336 finished with value: 0.96196375 and parameters: {'objective': 'multi:softprob', 'num_class': 6, 'tree_method': 'gpu_hist', 'lambda': 8.1449412349234, 'alpha': 0.02255104320192651, 'colsample_bytree': 0.8862837608636069, 'subsample': 0.6662727612313039, 'learning_rate': 0.02601120269015764, 'max_depth': 20, 'min_child_weight': 12, 'eval_metric': 'mlogloss'}. Best is trial 195 with value: 0.9621575.
start listen on 192.168.1.101:60883
@tracker All of 3 nodes getting started
@tracker All nodes finishes job
Trial 337 finished with value: 0.9616675 and parameters: {'objective': 'multi:softprob', 'num_class': 6, 'tree_method': 'gpu_hist', 'lambda': 6.256987576253836, 'alpha': 0.08194826621193467, 'colsample_bytree': 0.9245659867619185, 'subsample': 0.6518689857194596, 'learning_rate': 0.008836933135786757, 'max_depth': 20, 'min_child_weight': 23, 'eval_metric': 'mlogloss'}. Best is trial 195 with value: 0.9621575.
start listen on 192.168.1.101:36559
@tracker All of 3 nodes getting started
@tracker All nodes finishes job
Trial 338 finished with value: 0.96201375 and parameters: {'objective': 'multi:softprob', 'num_class': 6, 'tree_method': 'gpu_hist', 'lambda': 4.009190920174633, 'alpha': 0.034008542500030096, 'colsample_bytree': 0.8692619374741704, 'subsample': 0.5989959435796778, 'learning_rate': 0.02194028162817488, 'max_depth': 20, 'min_child_weight': 15, 'eval_metric': 'mlogloss'}. Best is trial 195 with value: 0.9621575.
start listen on 192.168.1.101:33271
@tracker All of 3 nodes getting started
@tracker All nodes finishes job
Trial 339 finished with value: 0.96201625 and parameters: {'objective': 'multi:softprob', 'num_class': 6, 'tree_method': 'gpu_hist', 'lambda': 5.257714263844635, 'alpha': 0.02845578099017389, 'colsample_bytree': 0.8615194436744953, 'subsample': 0.6172014305559825, 'learning_rate': 0.019570559666718414, 'max_depth': 20, 'min_child_weight': 29, 'eval_metric': 'mlogloss'}. Best is trial 195 with value: 0.9621575.
start listen on 192.168.1.101:42467
@tracker All of 3 nodes getting started
@tracker All nodes finishes job
Trial 340 finished with value: 0.96207375 and parameters: {'objective': 'multi:softprob', 'num_class': 6, 'tree_method': 'gpu_hist', 'lambda': 8.661717381394295, 'alpha': 0.018444670800004368, 'colsample_bytree': 0.9056226777757691, 'subsample': 0.5371257326309502, 'learning_rate': 0.016574812402700728, 'max_depth': 20, 'min_child_weight': 5, 'eval_metric': 'mlogloss'}. Best is trial 195 with value: 0.9621575.
start listen on 192.168.1.101:52247
@tracker All of 3 nodes getting started
@tracker All nodes finishes job
Trial 341 finished with value: 0.96077 and parameters: {'objective': 'multi:softprob', 'num_class': 6, 'tree_method': 'gpu_hist', 'lambda': 6.731739374501005, 'alpha': 0.020042338063748926, 'colsample_bytree': 0.9351526849964625, 'subsample': 0.5410928723096665, 'learning_rate': 0.017001749745616652, 'max_depth': 9, 'min_child_weight': 6, 'eval_metric': 'mlogloss'}. Best is trial 195 with value: 0.9621575.
start listen on 192.168.1.101:48561
@tracker All of 3 nodes getting started
@tracker All nodes finishes job
Trial 342 finished with value: 0.96208125 and parameters: {'objective': 'multi:softprob', 'num_class': 6, 'tree_method': 'gpu_hist', 'lambda': 8.658186330738998, 'alpha': 0.017667575170997585, 'colsample_bytree': 0.9081989568442369, 'subsample': 0.6708686797347242, 'learning_rate': 0.01334476851628188, 'max_depth': 20, 'min_child_weight': 7, 'eval_metric': 'mlogloss'}. Best is trial 195 with value: 0.9621575.
start listen on 192.168.1.101:46129
@tracker All of 3 nodes getting started
@tracker All nodes finishes job
Trial 343 finished with value: 0.96182875 and parameters: {'objective': 'multi:softprob', 'num_class': 6, 'tree_method': 'gpu_hist', 'lambda': 9.913889592318688, 'alpha': 0.017602418054216036, 'colsample_bytree': 0.9126363108481905, 'subsample': 0.5514754241996332, 'learning_rate': 0.011460595896083553, 'max_depth': 20, 'min_child_weight': 1, 'eval_metric': 'mlogloss'}. Best is trial 195 with value: 0.9621575.
start listen on 192.168.1.101:60055
@tracker All of 3 nodes getting started
@tracker All nodes finishes job
Trial 344 finished with value: 0.95748875 and parameters: {'objective': 'multi:softprob', 'num_class': 6, 'tree_method': 'gpu_hist', 'lambda': 8.587733923374277, 'alpha': 0.018444642522473662, 'colsample_bytree': 0.924722957261976, 'subsample': 0.5304710827815652, 'learning_rate': 0.01330622145952655, 'max_depth': 7, 'min_child_weight': 6, 'eval_metric': 'mlogloss'}. Best is trial 195 with value: 0.9621575.
start listen on 192.168.1.101:44299
@tracker All of 3 nodes getting started
@tracker All nodes finishes job
Trial 345 finished with value: 0.9604825 and parameters: {'objective': 'multi:softprob', 'num_class': 6, 'tree_method': 'gpu_hist', 'lambda': 8.594669146258424, 'alpha': 0.02148767669088123, 'colsample_bytree': 0.9095607455298376, 'subsample': 0.5212881413186191, 'learning_rate': 0.01566514522341537, 'max_depth': 20, 'min_child_weight': 268, 'eval_metric': 'mlogloss'}. Best is trial 195 with value: 0.9621575.
start listen on 192.168.1.101:46769
@tracker All of 3 nodes getting started
@tracker All nodes finishes job
Trial 346 finished with value: 0.96200625 and parameters: {'objective': 'multi:softprob', 'num_class': 6, 'tree_method': 'gpu_hist', 'lambda': 7.399895745071406, 'alpha': 0.015592656971091029, 'colsample_bytree': 0.9446742056368396, 'subsample': 0.689303467426402, 'learning_rate': 0.011846845038069657, 'max_depth': 20, 'min_child_weight': 11, 'eval_metric': 'mlogloss'}. Best is trial 195 with value: 0.9621575.
start listen on 192.168.1.101:38939
@tracker All of 3 nodes getting started
@tracker All nodes finishes job
Trial 347 finished with value: 0.96188875 and parameters: {'objective': 'multi:softprob', 'num_class': 6, 'tree_method': 'gpu_hist', 'lambda': 8.605983165190098, 'alpha': 0.022929833356435426, 'colsample_bytree': 0.9026191245643694, 'subsample': 0.6781856731514514, 'learning_rate': 0.010449579490204189, 'max_depth': 20, 'min_child_weight': 6, 'eval_metric': 'mlogloss'}. Best is trial 195 with value: 0.9621575.
start listen on 192.168.1.101:53269
@tracker All of 3 nodes getting started
@tracker All nodes finishes job
Trial 348 finished with value: 0.962015 and parameters: {'objective': 'multi:softprob', 'num_class': 6, 'tree_method': 'gpu_hist', 'lambda': 9.93788923105587, 'alpha': 0.02916614586632658, 'colsample_bytree': 0.9278324241258575, 'subsample': 0.5286917273993329, 'learning_rate': 0.015190174360186916, 'max_depth': 20, 'min_child_weight': 18, 'eval_metric': 'mlogloss'}. Best is trial 195 with value: 0.9621575.
start listen on 192.168.1.101:38791
@tracker All of 3 nodes getting started
@tracker All nodes finishes job
Trial 349 finished with value: 0.95336 and parameters: {'objective': 'multi:softprob', 'num_class': 6, 'tree_method': 'gpu_hist', 'lambda': 6.887086335919621, 'alpha': 0.018026406047212992, 'colsample_bytree': 0.8885205389948473, 'subsample': 0.6713218568913052, 'learning_rate': 0.017307792659933718, 'max_depth': 5, 'min_child_weight': 86, 'eval_metric': 'mlogloss'}. Best is trial 195 with value: 0.9621575.
start listen on 192.168.1.101:57743
@tracker All of 3 nodes getting started
@tracker All nodes finishes job
Trial 350 finished with value: 0.962065 and parameters: {'objective': 'multi:softprob', 'num_class': 6, 'tree_method': 'gpu_hist', 'lambda': 7.294034061155645, 'alpha': 0.041110947256888825, 'colsample_bytree': 0.9137178273681246, 'subsample': 0.7017513082162863, 'learning_rate': 0.013738075373562956, 'max_depth': 20, 'min_child_weight': 11, 'eval_metric': 'mlogloss'}. Best is trial 195 with value: 0.9621575.
start listen on 192.168.1.101:36785
@tracker All of 3 nodes getting started
@tracker All nodes finishes job
Trial 351 finished with value: 0.96170625 and parameters: {'objective': 'multi:softprob', 'num_class': 6, 'tree_method': 'gpu_hist', 'lambda': 6.127313916356307, 'alpha': 0.023520803228651445, 'colsample_bytree': 0.9575143103759673, 'subsample': 0.6623880507447233, 'learning_rate': 0.01840096346209246, 'max_depth': 11, 'min_child_weight': 1, 'eval_metric': 'mlogloss'}. Best is trial 195 with value: 0.9621575.
start listen on 192.168.1.101:34425
@tracker All of 3 nodes getting started
@tracker All nodes finishes job
Trial 352 finished with value: 0.96204375 and parameters: {'objective': 'multi:softprob', 'num_class': 6, 'tree_method': 'gpu_hist', 'lambda': 9.841147519557326, 'alpha': 0.014573219777352901, 'colsample_bytree': 0.9009589500279962, 'subsample': 0.5606614223307429, 'learning_rate': 0.01613848487438466, 'max_depth': 20, 'min_child_weight': 13, 'eval_metric': 'mlogloss'}. Best is trial 195 with value: 0.9621575.
start listen on 192.168.1.101:40775
@tracker All of 3 nodes getting started
@tracker All nodes finishes job
Trial 353 finished with value: 0.9605775 and parameters: {'objective': 'multi:softprob', 'num_class': 6, 'tree_method': 'gpu_hist', 'lambda': 8.234496549984895, 'alpha': 0.03219157209600717, 'colsample_bytree': 0.9343521864577458, 'subsample': 0.5419838070354389, 'learning_rate': 0.012687897299518691, 'max_depth': 20, 'min_child_weight': 179, 'eval_metric': 'mlogloss'}. Best is trial 195 with value: 0.9621575.
start listen on 192.168.1.101:32961
@tracker All of 3 nodes getting started
@tracker All nodes finishes job
Trial 354 finished with value: 0.9619625 and parameters: {'objective': 'multi:softprob', 'num_class': 6, 'tree_method': 'gpu_hist', 'lambda': 7.218916554888461, 'alpha': 0.020205814074212184, 'colsample_bytree': 0.8879915451339473, 'subsample': 0.6409814576622825, 'learning_rate': 0.014397005300387343, 'max_depth': 17, 'min_child_weight': 21, 'eval_metric': 'mlogloss'}. Best is trial 195 with value: 0.9621575.
start listen on 192.168.1.101:41837
@tracker All of 3 nodes getting started
@tracker All nodes finishes job
Trial 355 finished with value: 0.96196625 and parameters: {'objective': 'multi:softprob', 'num_class': 6, 'tree_method': 'gpu_hist', 'lambda': 6.193022947782991, 'alpha': 0.026173208747920663, 'colsample_bytree': 0.9168646496074931, 'subsample': 0.6490902914418009, 'learning_rate': 0.016484445437137833, 'max_depth': 20, 'min_child_weight': 6, 'eval_metric': 'mlogloss'}. Best is trial 195 with value: 0.9621575.
start listen on 192.168.1.101:55355
@tracker All of 3 nodes getting started
@tracker All nodes finishes job
Trial 356 finished with value: 0.96212875 and parameters: {'objective': 'multi:softprob', 'num_class': 6, 'tree_method': 'gpu_hist', 'lambda': 8.404568122129698, 'alpha': 0.016391469929591146, 'colsample_bytree': 0.9082418376464333, 'subsample': 0.5100907102188516, 'learning_rate': 0.018861158149484334, 'max_depth': 20, 'min_child_weight': 17, 'eval_metric': 'mlogloss'}. Best is trial 195 with value: 0.9621575.
start listen on 192.168.1.101:49965
@tracker All of 3 nodes getting started
@tracker All nodes finishes job
Trial 357 finished with value: 0.96206875 and parameters: {'objective': 'multi:softprob', 'num_class': 6, 'tree_method': 'gpu_hist', 'lambda': 7.9887822116479805, 'alpha': 0.014715708190135037, 'colsample_bytree': 0.9201806277292592, 'subsample': 0.5189337919308754, 'learning_rate': 0.019090194616464305, 'max_depth': 20, 'min_child_weight': 13, 'eval_metric': 'mlogloss'}. Best is trial 195 with value: 0.9621575.
start listen on 192.168.1.101:42693
@tracker All of 3 nodes getting started
@tracker All nodes finishes job
Trial 358 finished with value: 0.96200125 and parameters: {'objective': 'multi:softprob', 'num_class': 6, 'tree_method': 'gpu_hist', 'lambda': 9.81514413787498, 'alpha': 0.017236800904921964, 'colsample_bytree': 0.9016648590017543, 'subsample': 0.4844239696428328, 'learning_rate': 0.019135479496431917, 'max_depth': 13, 'min_child_weight': 7, 'eval_metric': 'mlogloss'}. Best is trial 195 with value: 0.9621575.
start listen on 192.168.1.101:36779
@tracker All of 3 nodes getting started
@tracker All nodes finishes job
Trial 359 finished with value: 0.96213625 and parameters: {'objective': 'multi:softprob', 'num_class': 6, 'tree_method': 'gpu_hist', 'lambda': 9.958240140881506, 'alpha': 0.014125085686246786, 'colsample_bytree': 0.9743276026381791, 'subsample': 0.6698933448322282, 'learning_rate': 0.01739312479137419, 'max_depth': 20, 'min_child_weight': 17, 'eval_metric': 'mlogloss'}. Best is trial 195 with value: 0.9621575.
start listen on 192.168.1.101:54037
@tracker All of 3 nodes getting started
@tracker All nodes finishes job
Trial 360 finished with value: 0.962025 and parameters: {'objective': 'multi:softprob', 'num_class': 6, 'tree_method': 'gpu_hist', 'lambda': 8.730488083927233, 'alpha': 0.012117490859362945, 'colsample_bytree': 0.9514840370976982, 'subsample': 0.7369276182507155, 'learning_rate': 0.02105211983397336, 'max_depth': 20, 'min_child_weight': 17, 'eval_metric': 'mlogloss'}. Best is trial 195 with value: 0.9621575.
start listen on 192.168.1.101:56365
@tracker All of 3 nodes getting started
@tracker All nodes finishes job
Trial 361 finished with value: 0.96209375 and parameters: {'objective': 'multi:softprob', 'num_class': 6, 'tree_method': 'gpu_hist', 'lambda': 9.90917894393217, 'alpha': 0.009705399274406338, 'colsample_bytree': 0.9798519115115638, 'subsample': 0.6853756029759818, 'learning_rate': 0.017125879017393996, 'max_depth': 20, 'min_child_weight': 18, 'eval_metric': 'mlogloss'}. Best is trial 195 with value: 0.9621575.
start listen on 192.168.1.101:39171
@tracker All of 3 nodes getting started
@tracker All nodes finishes job
Trial 362 finished with value: 0.9620225 and parameters: {'objective': 'multi:softprob', 'num_class': 6, 'tree_method': 'gpu_hist', 'lambda': 9.957468887222808, 'alpha': 0.011347228778703432, 'colsample_bytree': 0.9918955563809406, 'subsample': 0.46249208872714853, 'learning_rate': 0.018539136351542928, 'max_depth': 20, 'min_child_weight': 20, 'eval_metric': 'mlogloss'}. Best is trial 195 with value: 0.9621575.
start listen on 192.168.1.101:56631
@tracker All of 3 nodes getting started
@tracker All nodes finishes job
Trial 363 finished with value: 0.96196 and parameters: {'objective': 'multi:softprob', 'num_class': 6, 'tree_method': 'gpu_hist', 'lambda': 8.61322967699764, 'alpha': 0.009620593914341363, 'colsample_bytree': 0.9901228562024882, 'subsample': 0.7096778305335419, 'learning_rate': 0.020498089111801225, 'max_depth': 20, 'min_child_weight': 26, 'eval_metric': 'mlogloss'}. Best is trial 195 with value: 0.9621575.
start listen on 192.168.1.101:53835
@tracker All of 3 nodes getting started
@tracker All nodes finishes job
Trial 364 finished with value: 0.961955 and parameters: {'objective': 'multi:softprob', 'num_class': 6, 'tree_method': 'gpu_hist', 'lambda': 8.535125029771663, 'alpha': 0.008886359492803204, 'colsample_bytree': 0.972042018241442, 'subsample': 0.6954757724106293, 'learning_rate': 0.017638104894753325, 'max_depth': 20, 'min_child_weight': 34, 'eval_metric': 'mlogloss'}. Best is trial 195 with value: 0.9621575.
start listen on 192.168.1.101:53805
@tracker All of 3 nodes getting started
@tracker All nodes finishes job
Trial 365 finished with value: 0.9621275 and parameters: {'objective': 'multi:softprob', 'num_class': 6, 'tree_method': 'gpu_hist', 'lambda': 9.898406260032576, 'alpha': 0.0074418952986059494, 'colsample_bytree': 0.974071779219729, 'subsample': 0.6813189407216129, 'learning_rate': 0.015504734899369682, 'max_depth': 20, 'min_child_weight': 17, 'eval_metric': 'mlogloss'}. Best is trial 195 with value: 0.9621575.
start listen on 192.168.1.101:38121
@tracker All of 3 nodes getting started
@tracker All nodes finishes job
Trial 366 finished with value: 0.96206 and parameters: {'objective': 'multi:softprob', 'num_class': 6, 'tree_method': 'gpu_hist', 'lambda': 9.987668435451177, 'alpha': 0.01278235131546813, 'colsample_bytree': 0.974347896669757, 'subsample': 0.6819304544596478, 'learning_rate': 0.013391912395120992, 'max_depth': 20, 'min_child_weight': 18, 'eval_metric': 'mlogloss'}. Best is trial 195 with value: 0.9621575.
start listen on 192.168.1.101:46315
@tracker All of 3 nodes getting started
@tracker All nodes finishes job
Trial 367 finished with value: 0.93752125 and parameters: {'objective': 'multi:softprob', 'num_class': 6, 'tree_method': 'gpu_hist', 'lambda': 6.512679185938487, 'alpha': 0.006039578565277513, 'colsample_bytree': 0.9673775356951511, 'subsample': 0.6916778596297838, 'learning_rate': 0.0150203156177888, 'max_depth': 3, 'min_child_weight': 27, 'eval_metric': 'mlogloss'}. Best is trial 195 with value: 0.9621575.
start listen on 192.168.1.101:53331
@tracker All of 3 nodes getting started
@tracker All nodes finishes job
Trial 368 finished with value: 0.96203875 and parameters: {'objective': 'multi:softprob', 'num_class': 6, 'tree_method': 'gpu_hist', 'lambda': 7.53822836348266, 'alpha': 0.0067944960084799135, 'colsample_bytree': 0.9440425825198063, 'subsample': 0.6756710481455487, 'learning_rate': 0.01571574997031891, 'max_depth': 20, 'min_child_weight': 21, 'eval_metric': 'mlogloss'}. Best is trial 195 with value: 0.9621575.
start listen on 192.168.1.101:38985
@tracker All of 3 nodes getting started
@tracker All nodes finishes job
Trial 369 finished with value: 0.9600425 and parameters: {'objective': 'multi:softprob', 'num_class': 6, 'tree_method': 'gpu_hist', 'lambda': 5.01089594715861, 'alpha': 0.009046147784223985, 'colsample_bytree': 0.9782993915091442, 'subsample': 0.7231675272389851, 'learning_rate': 0.013934866376033861, 'max_depth': 9, 'min_child_weight': 16, 'eval_metric': 'mlogloss'}. Best is trial 195 with value: 0.9621575.
start listen on 192.168.1.101:59259
@tracker All of 3 nodes getting started
@tracker All nodes finishes job
Trial 370 finished with value: 0.96189125 and parameters: {'objective': 'multi:softprob', 'num_class': 6, 'tree_method': 'gpu_hist', 'lambda': 9.9601589529006, 'alpha': 0.010892024561035465, 'colsample_bytree': 0.998516081861976, 'subsample': 0.687913291196944, 'learning_rate': 0.01153031542154742, 'max_depth': 20, 'min_child_weight': 26, 'eval_metric': 'mlogloss'}. Best is trial 195 with value: 0.9621575.
start listen on 192.168.1.101:60211
@tracker All of 3 nodes getting started
@tracker All nodes finishes job
Trial 371 finished with value: 0.962035 and parameters: {'objective': 'multi:softprob', 'num_class': 6, 'tree_method': 'gpu_hist', 'lambda': 7.6721852612461525, 'alpha': 0.01442914158700226, 'colsample_bytree': 0.9832689485556728, 'subsample': 0.671659020412768, 'learning_rate': 0.012394326898860495, 'max_depth': 20, 'min_child_weight': 15, 'eval_metric': 'mlogloss'}. Best is trial 195 with value: 0.9621575.
start listen on 192.168.1.101:41071
@tracker All of 3 nodes getting started
@tracker All nodes finishes job
Trial 372 finished with value: 0.96097375 and parameters: {'objective': 'multi:softprob', 'num_class': 6, 'tree_method': 'gpu_hist', 'lambda': 6.191714528460855, 'alpha': 0.007685863639913763, 'colsample_bytree': 0.9579174687059017, 'subsample': 0.6613423333626212, 'learning_rate': 0.015943409877119057, 'max_depth': 20, 'min_child_weight': 205, 'eval_metric': 'mlogloss'}. Best is trial 195 with value: 0.9621575.
start listen on 192.168.1.101:42703
@tracker All of 3 nodes getting started
@tracker All nodes finishes job
Trial 373 finished with value: 0.962 and parameters: {'objective': 'multi:softprob', 'num_class': 6, 'tree_method': 'gpu_hist', 'lambda': 9.822039441450364, 'alpha': 0.007991261315619634, 'colsample_bytree': 0.9769374406044348, 'subsample': 0.7194659086601998, 'learning_rate': 0.019706880776374912, 'max_depth': 20, 'min_child_weight': 10, 'eval_metric': 'mlogloss'}. Best is trial 195 with value: 0.9621575.
start listen on 192.168.1.101:60831
@tracker All of 3 nodes getting started
@tracker All nodes finishes job
Trial 374 finished with value: 0.96127125 and parameters: {'objective': 'multi:softprob', 'num_class': 6, 'tree_method': 'gpu_hist', 'lambda': 8.157169658460797, 'alpha': 0.014003491765480141, 'colsample_bytree': 0.47252760998311155, 'subsample': 0.7092247923041228, 'learning_rate': 0.02103241599342617, 'max_depth': 20, 'min_child_weight': 13, 'eval_metric': 'mlogloss'}. Best is trial 195 with value: 0.9621575.
start listen on 192.168.1.101:42015
@tracker All of 3 nodes getting started
@tracker All nodes finishes job
Trial 375 finished with value: 0.9578025 and parameters: {'objective': 'multi:softprob', 'num_class': 6, 'tree_method': 'gpu_hist', 'lambda': 5.830404392073716, 'alpha': 0.00886790746911671, 'colsample_bytree': 0.9586741481273103, 'subsample': 0.6832387642443274, 'learning_rate': 0.014230257587700395, 'max_depth': 7, 'min_child_weight': 32, 'eval_metric': 'mlogloss'}. Best is trial 195 with value: 0.9621575.
start listen on 192.168.1.101:53745
@tracker All of 3 nodes getting started
@tracker All nodes finishes job
Trial 376 finished with value: 0.96196125 and parameters: {'objective': 'multi:softprob', 'num_class': 6, 'tree_method': 'gpu_hist', 'lambda': 7.336838723507851, 'alpha': 0.02107939862367659, 'colsample_bytree': 0.98136669874334, 'subsample': 0.657375442088495, 'learning_rate': 0.01763684561614989, 'max_depth': 20, 'min_child_weight': 21, 'eval_metric': 'mlogloss'}. Best is trial 195 with value: 0.9621575.
start listen on 192.168.1.101:36165
@tracker All of 3 nodes getting started
@tracker All nodes finishes job
Trial 377 finished with value: 0.9620925 and parameters: {'objective': 'multi:softprob', 'num_class': 6, 'tree_method': 'gpu_hist', 'lambda': 0.09824108363624132, 'alpha': 0.003715825101025596, 'colsample_bytree': 0.9609287134866057, 'subsample': 0.6759839650118483, 'learning_rate': 0.012776703919116469, 'max_depth': 20, 'min_child_weight': 18, 'eval_metric': 'mlogloss'}. Best is trial 195 with value: 0.9621575.
start listen on 192.168.1.101:35519
@tracker All of 3 nodes getting started
@tracker All nodes finishes job
