number,value,params_alpha,params_colsample_bytree,params_eval_metric,params_lambda,params_learning_rate,params_max_depth,params_min_child_weight,params_num_class,params_objective,params_subsample,params_tree_method,state
269,0.96207125,0.026471131003547976,0.8552001546763696,mlogloss,7.191885220086697,0.017483833541340508,20,8,6,multi:softprob,0.5265652837793935,gpu_hist,COMPLETE
270,0.9614775,0.02246293415217193,0.8565440695225739,mlogloss,0.0010336776087678523,0.021892345377422986,20,1,6,multi:softprob,0.535317354783846,gpu_hist,COMPLETE
271,0.9620075,0.03126613703463397,0.8717249739451729,mlogloss,7.397413740292164,0.018394383538935855,20,6,6,multi:softprob,0.5685095088368689,gpu_hist,COMPLETE
272,0.96202375,0.01953291592172585,0.8576226879715456,mlogloss,9.854912655413191,0.02092360301151012,20,25,6,multi:softprob,0.5256683440761148,gpu_hist,COMPLETE
273,0.93935875,0.025481136233503232,0.8877487331791022,mlogloss,7.395090789376591,0.017104253283291442,3,13,6,multi:softprob,0.5152557693403208,gpu_hist,COMPLETE
274,0.96180625,0.015909347783600272,0.8780781028122304,mlogloss,0.21980666559858902,0.01958379729745016,20,6,6,multi:softprob,0.4597481106936982,gpu_hist,COMPLETE
275,0.96198375,0.01830826774180161,0.8479045381011568,mlogloss,8.516006121918489,0.0171996036120972,20,18,6,multi:softprob,0.552021063197569,gpu_hist,COMPLETE
276,0.9612575,0.03477364029245995,0.8652856664402085,mlogloss,9.957367505505003,0.022921689725062925,9,10,6,multi:softprob,0.6415703879794873,gpu_hist,COMPLETE
277,0.9619475,0.023260144367431578,0.8867090305937019,mlogloss,6.801082556055665,0.014019055941934169,20,24,6,multi:softprob,0.6174706655911973,gpu_hist,COMPLETE
278,0.96188875,0.028268062440727364,0.9499174050284512,mlogloss,8.250246167794486,0.017617391998880294,20,30,6,multi:softprob,0.5107626888215366,gpu_hist,COMPLETE
279,0.9619025,0.014601852844529552,0.8278939715646307,mlogloss,6.878161318566691,0.01229499634615241,20,17,6,multi:softprob,0.6279995595372944,gpu_hist,COMPLETE
280,0.96198875,0.04048493462788869,0.9240274888285165,mlogloss,8.359654506451134,0.014480356731270435,20,6,6,multi:softprob,0.6515355194222316,gpu_hist,COMPLETE
281,0.96205875,0.02172457529902049,0.8816323204414326,mlogloss,6.419498700890437,0.018379750561820556,20,13,6,multi:softprob,0.5911086977822011,gpu_hist,COMPLETE
282,0.9616075,0.018385043184394115,0.9322946418843722,mlogloss,8.483925442822136,0.019864158304542964,20,141,6,multi:softprob,0.7186428944261644,gpu_hist,COMPLETE
283,0.96184375,0.12466138013896705,0.8947068139534993,mlogloss,9.918733922178514,0.01629653376899508,20,1,6,multi:softprob,0.6361072174747232,gpu_hist,COMPLETE
284,0.95746875,0.026643523675809525,0.9542845116058313,mlogloss,7.272358529082367,0.013315939532026203,7,24,6,multi:softprob,0.6104106921314095,gpu_hist,COMPLETE
285,0.96203,0.012865751445561879,0.9171282925591635,mlogloss,6.257781696074302,0.015317278795014074,20,17,6,multi:softprob,0.5779897583198398,gpu_hist,COMPLETE
286,0.961995,0.01620329870068238,0.6694061394221694,mlogloss,9.979919811220107,0.017192996558623677,20,11,6,multi:softprob,0.6461472856025549,gpu_hist,COMPLETE
287,0.96114125,0.021330307559213172,0.8644426658026474,mlogloss,7.216969601428294,0.0114869216080545,20,93,6,multi:softprob,0.6686287159993156,gpu_hist,COMPLETE
288,0.96111625,0.030986601025261396,0.8869262794154135,mlogloss,5.570602898391139,0.01461300423963463,11,21,6,multi:softprob,0.6212832203997751,gpu_hist,COMPLETE
289,0.9553575,0.04836720456569146,0.9362098007753424,mlogloss,8.338824723630305,0.020872746536399926,5,32,6,multi:softprob,0.5411909041753775,gpu_hist,COMPLETE
290,0.96201375,0.018214183731365474,0.9137253418553575,mlogloss,4.656562595130088,0.01328028295154637,20,8,6,multi:softprob,0.6585418701021588,gpu_hist,COMPLETE
291,0.9620675,0.025089514746731625,0.8766447390285903,mlogloss,7.312076533565322,0.02363112356995585,20,15,6,multi:softprob,0.6328472892210669,gpu_hist,COMPLETE
292,0.9620025,0.034567035292079565,0.844766604873376,mlogloss,6.206826848216021,0.021606256484329636,20,6,6,multi:softprob,0.49150306052141424,gpu_hist,COMPLETE
293,0.96183375,0.025288048605744382,0.8730734259024522,mlogloss,0.022974274220104077,0.024995498270823566,17,13,6,multi:softprob,0.7532741747674637,gpu_hist,COMPLETE
294,0.96199125,0.03984486285418391,0.8608266972571859,mlogloss,7.268732685805457,0.023544892689532894,20,23,6,multi:softprob,0.5973941801931753,gpu_hist,COMPLETE
295,0.96200375,0.029567567647899758,0.8830511662641484,mlogloss,5.788137895609609,0.023535366842777544,20,10,6,multi:softprob,0.6275725467762401,gpu_hist,COMPLETE
296,0.96178125,0.02393159476687024,0.8961101129103441,mlogloss,8.67281728908206,0.009804731936402213,20,18,6,multi:softprob,0.6345082480104001,gpu_hist,COMPLETE
297,0.96179875,0.02130442001721326,0.8802971131021514,mlogloss,7.0073852627701365,0.02189137978995948,20,1,6,multi:softprob,0.6143047570794519,gpu_hist,COMPLETE
298,0.96202,0.013700580219814228,0.8096041463793603,mlogloss,4.58190077145583,0.01929975204246117,20,30,6,multi:softprob,0.6563972978944357,gpu_hist,COMPLETE
299,0.961895,0.02745648886191628,0.8948071681739308,mlogloss,9.954561970846864,0.018791028700018086,13,13,6,multi:softprob,0.6765375528716139,gpu_hist,COMPLETE
300,0.96206875,0.03361117741537275,0.8659173671867845,mlogloss,7.228214133611432,0.014998193146173488,20,22,6,multi:softprob,0.6049273682009707,gpu_hist,COMPLETE
301,0.96191375,0.01620428848050849,0.854391163683799,mlogloss,5.647165522956325,0.012498688552498183,20,25,6,multi:softprob,0.6077099430260128,gpu_hist,COMPLETE
302,0.9619925,0.021850508789403547,0.8704237199805767,mlogloss,6.932567874234037,0.014369158508217362,20,21,6,multi:softprob,0.5894634405170441,gpu_hist,COMPLETE
303,0.96193125,0.03147644806453259,0.8760479276074031,mlogloss,0.13166056689070124,0.010839737554713819,20,6,6,multi:softprob,0.560323520438761,gpu_hist,COMPLETE
304,0.93686875,0.15780996020722293,0.8359043891288769,mlogloss,9.997330806708266,0.015401996861735585,3,28,6,multi:softprob,0.6016672545779425,gpu_hist,COMPLETE
305,0.96201,0.019479426956928447,0.8555125157328932,mlogloss,6.117119298238352,0.01330076143567849,20,17,6,multi:softprob,0.47799841773546414,gpu_hist,COMPLETE
306,0.9620775,0.025424730885478898,0.9008086585904028,mlogloss,8.295937015820412,0.015963393024808373,20,7,6,multi:softprob,0.6165483165047736,gpu_hist,COMPLETE
307,0.96080375,0.0130990625954764,0.8983295255560945,mlogloss,4.244053714184165,0.016758476527331388,9,6,6,multi:softprob,0.6185523969453883,gpu_hist,COMPLETE
308,0.96169875,0.02405380380703553,0.8652952749200804,mlogloss,8.499847923593306,0.012158343757161433,20,1,6,multi:softprob,0.6335509640379144,gpu_hist,COMPLETE
309,0.96183625,0.016049210756132536,0.7637800195909946,mlogloss,7.744986509176038,0.013984778757936796,20,21,6,multi:softprob,0.6230629507154652,gpu_hist,COMPLETE
310,0.9620875,0.045378837141750505,0.8467328096539641,mlogloss,8.539087915209013,0.01988661899425531,20,15,6,multi:softprob,0.6400063468649402,gpu_hist,COMPLETE
311,0.96055375,0.04539439059832443,0.4154928978179916,mlogloss,7.126976365634491,0.020779968804083622,20,30,6,multi:softprob,0.6667695013815688,gpu_hist,COMPLETE
312,0.961685,0.039113633921378746,0.843378989053537,mlogloss,0.3261023769952236,0.01990706837468347,20,110,6,multi:softprob,0.6442489939267095,gpu_hist,COMPLETE
313,0.9576675,0.11402529252956856,0.8126585036895171,mlogloss,5.246672138776529,0.018764836779393498,7,238,6,multi:softprob,0.6412525656632484,gpu_hist,COMPLETE
314,0.962025,0.05051657188775245,0.8285437411712633,mlogloss,8.458695906041674,0.023348087496977216,20,19,6,multi:softprob,0.6566056521929649,gpu_hist,COMPLETE
315,0.96195,0.07228767875463953,0.8636126083598368,mlogloss,6.83762382794556,0.0173855652767002,20,34,6,multi:softprob,0.631082949929964,gpu_hist,COMPLETE
316,0.95256,0.0322058838981289,0.8494152956114696,mlogloss,9.972579323734328,0.016061749891842593,5,9,6,multi:softprob,0.6971667583914176,gpu_hist,COMPLETE
317,0.96078375,0.019426876454869308,0.873184603998819,mlogloss,7.863065126942514,0.006271845842537584,20,16,6,multi:softprob,0.6640537978893853,gpu_hist,COMPLETE
318,0.96204875,0.014320630348217987,0.8854338247309009,mlogloss,6.286609928416275,0.020308180576391485,20,25,6,multi:softprob,0.8056354186489266,gpu_hist,COMPLETE
319,0.9620325,0.022463988535861838,0.906499002097233,mlogloss,5.25057081114914,0.017746666701703797,20,7,6,multi:softprob,0.575124836273604,gpu_hist,COMPLETE
320,0.96175875,0.028532155648582268,0.8800439570180963,mlogloss,8.077760105838237,0.022107617085602604,11,15,6,multi:softprob,0.6828935226638176,gpu_hist,COMPLETE
321,0.96204875,0.057442356938356906,0.8547984008593155,mlogloss,6.973622994815163,0.016245008040497666,20,22,6,multi:softprob,0.6410417922590468,gpu_hist,COMPLETE
322,0.96201875,0.03563119632615012,0.8966150256345292,mlogloss,8.60856411579342,0.01895845603610542,20,10,6,multi:softprob,0.6556522430343352,gpu_hist,COMPLETE
323,0.961815,0.011595077976358508,0.839673028510145,mlogloss,6.247108867118543,0.02463707207146703,17,1,6,multi:softprob,0.5201069835550587,gpu_hist,COMPLETE
324,0.9621325,0.01792993305756834,0.8877818730467029,mlogloss,8.58001829855725,0.015424057750004234,20,16,6,multi:softprob,0.616027787577945,gpu_hist,COMPLETE
325,0.96200625,0.01675483196213858,0.9114148583500109,mlogloss,8.727621249788953,0.014680678218746876,20,27,6,multi:softprob,0.5977524218210503,gpu_hist,COMPLETE
326,0.96200875,0.019356151488155254,0.8869512911624948,mlogloss,0.6732391818375727,0.01526723239418794,20,14,6,multi:softprob,0.6287811071716982,gpu_hist,COMPLETE
327,0.961735,0.01581592854377526,0.9022203837518177,mlogloss,9.99202621865867,0.01653640296166542,13,6,6,multi:softprob,0.6135819903912079,gpu_hist,COMPLETE
328,0.96199875,0.10207302690715779,0.86853996369849,mlogloss,4.822104062744182,0.01797881283831029,20,21,6,multi:softprob,0.5857618243484064,gpu_hist,COMPLETE
329,0.9619925,0.01332919418010429,0.9204201747091542,mlogloss,0.00475601246004715,0.014288842009667525,20,10,6,multi:softprob,0.6076313684110508,gpu_hist,COMPLETE
330,0.962045,0.02558503449405265,0.87590396398303,mlogloss,7.243512429888334,0.02036952966984642,20,18,6,multi:softprob,0.619175335639732,gpu_hist,COMPLETE
331,0.96189125,0.019497506247722295,0.893480823590302,mlogloss,0.0015606672443529356,0.015720819558078424,20,33,6,multi:softprob,0.6759172936931092,gpu_hist,COMPLETE
332,0.9619725,0.04507466876854158,0.8514327859939917,mlogloss,5.681568555112261,0.017766280380816252,20,25,6,multi:softprob,0.6329343117698347,gpu_hist,COMPLETE
333,0.9618925,0.011861799610103793,0.9445379910568785,mlogloss,8.482791073447707,0.012698735249302226,20,8,6,multi:softprob,0.7741867291914959,gpu_hist,COMPLETE
334,0.93727625,0.010193002234703746,0.9630243044250509,mlogloss,9.991720104709781,0.014795048442596529,3,17,6,multi:softprob,0.6475846014070215,gpu_hist,COMPLETE
335,0.95701875,0.01572785822458405,0.9085084642150234,mlogloss,7.502897793236473,0.0019504689626371413,20,1,6,multi:softprob,0.5013722363511841,gpu_hist,COMPLETE
336,0.96196375,0.02255104320192651,0.8862837608636069,mlogloss,8.1449412349234,0.02601120269015764,20,12,6,multi:softprob,0.6662727612313039,gpu_hist,COMPLETE
337,0.9616675,0.08194826621193467,0.9245659867619185,mlogloss,6.256987576253836,0.008836933135786757,20,23,6,multi:softprob,0.6518689857194596,gpu_hist,COMPLETE
338,0.96201375,0.034008542500030096,0.8692619374741704,mlogloss,4.009190920174633,0.02194028162817488,20,15,6,multi:softprob,0.5989959435796778,gpu_hist,COMPLETE
339,0.96201625,0.02845578099017389,0.8615194436744953,mlogloss,5.257714263844635,0.019570559666718414,20,29,6,multi:softprob,0.6172014305559825,gpu_hist,COMPLETE
340,0.96207375,0.018444670800004368,0.9056226777757691,mlogloss,8.661717381394295,0.016574812402700728,20,5,6,multi:softprob,0.5371257326309502,gpu_hist,COMPLETE
341,0.96077,0.020042338063748926,0.9351526849964625,mlogloss,6.731739374501005,0.017001749745616652,9,6,6,multi:softprob,0.5410928723096665,gpu_hist,COMPLETE
342,0.96208125,0.017667575170997585,0.9081989568442369,mlogloss,8.658186330738998,0.01334476851628188,20,7,6,multi:softprob,0.6708686797347242,gpu_hist,COMPLETE
343,0.96182875,0.017602418054216036,0.9126363108481905,mlogloss,9.913889592318688,0.011460595896083553,20,1,6,multi:softprob,0.5514754241996332,gpu_hist,COMPLETE
344,0.95748875,0.018444642522473662,0.924722957261976,mlogloss,8.587733923374277,0.01330622145952655,7,6,6,multi:softprob,0.5304710827815652,gpu_hist,COMPLETE
345,0.9604825,0.02148767669088123,0.9095607455298376,mlogloss,8.594669146258424,0.01566514522341537,20,268,6,multi:softprob,0.5212881413186191,gpu_hist,COMPLETE
346,0.96200625,0.015592656971091029,0.9446742056368396,mlogloss,7.399895745071406,0.011846845038069657,20,11,6,multi:softprob,0.689303467426402,gpu_hist,COMPLETE
347,0.96188875,0.022929833356435426,0.9026191245643694,mlogloss,8.605983165190098,0.010449579490204189,20,6,6,multi:softprob,0.6781856731514514,gpu_hist,COMPLETE
348,0.962015,0.02916614586632658,0.9278324241258575,mlogloss,9.93788923105587,0.015190174360186916,20,18,6,multi:softprob,0.5286917273993329,gpu_hist,COMPLETE
349,0.95336,0.018026406047212992,0.8885205389948473,mlogloss,6.887086335919621,0.017307792659933718,5,86,6,multi:softprob,0.6713218568913052,gpu_hist,COMPLETE
350,0.962065,0.041110947256888825,0.9137178273681246,mlogloss,7.294034061155645,0.013738075373562956,20,11,6,multi:softprob,0.7017513082162863,gpu_hist,COMPLETE
351,0.96170625,0.023520803228651445,0.9575143103759673,mlogloss,6.127313916356307,0.01840096346209246,11,1,6,multi:softprob,0.6623880507447233,gpu_hist,COMPLETE
352,0.96204375,0.014573219777352901,0.9009589500279962,mlogloss,9.841147519557326,0.01613848487438466,20,13,6,multi:softprob,0.5606614223307429,gpu_hist,COMPLETE
353,0.9605775,0.03219157209600717,0.9343521864577458,mlogloss,8.234496549984895,0.012687897299518691,20,179,6,multi:softprob,0.5419838070354389,gpu_hist,COMPLETE
354,0.9619625,0.020205814074212184,0.8879915451339473,mlogloss,7.218916554888461,0.014397005300387343,17,21,6,multi:softprob,0.6409814576622825,gpu_hist,COMPLETE
355,0.96196625,0.026173208747920663,0.9168646496074931,mlogloss,6.193022947782991,0.016484445437137833,20,6,6,multi:softprob,0.6490902914418009,gpu_hist,COMPLETE
356,0.96212875,0.016391469929591146,0.9082418376464333,mlogloss,8.404568122129698,0.018861158149484334,20,17,6,multi:softprob,0.5100907102188516,gpu_hist,COMPLETE
357,0.96206875,0.014715708190135037,0.9201806277292592,mlogloss,7.9887822116479805,0.019090194616464305,20,13,6,multi:softprob,0.5189337919308754,gpu_hist,COMPLETE
358,0.96200125,0.017236800904921964,0.9016648590017543,mlogloss,9.81514413787498,0.019135479496431917,13,7,6,multi:softprob,0.4844239696428328,gpu_hist,COMPLETE
359,0.96213625,0.014125085686246786,0.9743276026381791,mlogloss,9.958240140881506,0.01739312479137419,20,17,6,multi:softprob,0.6698933448322282,gpu_hist,COMPLETE
360,0.962025,0.012117490859362945,0.9514840370976982,mlogloss,8.730488083927233,0.02105211983397336,20,17,6,multi:softprob,0.7369276182507155,gpu_hist,COMPLETE
361,0.96209375,0.009705399274406338,0.9798519115115638,mlogloss,9.90917894393217,0.017125879017393996,20,18,6,multi:softprob,0.6853756029759818,gpu_hist,COMPLETE
362,0.9620225,0.011347228778703432,0.9918955563809406,mlogloss,9.957468887222808,0.018539136351542928,20,20,6,multi:softprob,0.46249208872714853,gpu_hist,COMPLETE
363,0.96196,0.009620593914341363,0.9901228562024882,mlogloss,8.61322967699764,0.020498089111801225,20,26,6,multi:softprob,0.7096778305335419,gpu_hist,COMPLETE
364,0.961955,0.008886359492803204,0.972042018241442,mlogloss,8.535125029771663,0.017638104894753325,20,34,6,multi:softprob,0.6954757724106293,gpu_hist,COMPLETE
365,0.9621275,0.0074418952986059494,0.974071779219729,mlogloss,9.898406260032576,0.015504734899369682,20,17,6,multi:softprob,0.6813189407216129,gpu_hist,COMPLETE
366,0.96206,0.01278235131546813,0.974347896669757,mlogloss,9.987668435451177,0.013391912395120992,20,18,6,multi:softprob,0.6819304544596478,gpu_hist,COMPLETE
367,0.93752125,0.006039578565277513,0.9673775356951511,mlogloss,6.512679185938487,0.0150203156177888,3,27,6,multi:softprob,0.6916778596297838,gpu_hist,COMPLETE
368,0.96203875,0.0067944960084799135,0.9440425825198063,mlogloss,7.53822836348266,0.01571574997031891,20,21,6,multi:softprob,0.6756710481455487,gpu_hist,COMPLETE
369,0.9600425,0.009046147784223985,0.9782993915091442,mlogloss,5.01089594715861,0.013934866376033861,9,16,6,multi:softprob,0.7231675272389851,gpu_hist,COMPLETE
370,0.96189125,0.010892024561035465,0.998516081861976,mlogloss,9.9601589529006,0.01153031542154742,20,26,6,multi:softprob,0.687913291196944,gpu_hist,COMPLETE
371,0.962035,0.01442914158700226,0.9832689485556728,mlogloss,7.6721852612461525,0.012394326898860495,20,15,6,multi:softprob,0.671659020412768,gpu_hist,COMPLETE
372,0.96097375,0.007685863639913763,0.9579174687059017,mlogloss,6.191714528460855,0.015943409877119057,20,205,6,multi:softprob,0.6613423333626212,gpu_hist,COMPLETE
373,0.962,0.007991261315619634,0.9769374406044348,mlogloss,9.822039441450364,0.019706880776374912,20,10,6,multi:softprob,0.7194659086601998,gpu_hist,COMPLETE
374,0.96127125,0.014003491765480141,0.47252760998311155,mlogloss,8.157169658460797,0.02103241599342617,20,13,6,multi:softprob,0.7092247923041228,gpu_hist,COMPLETE
375,0.9578025,0.00886790746911671,0.9586741481273103,mlogloss,5.830404392073716,0.014230257587700395,7,32,6,multi:softprob,0.6832387642443274,gpu_hist,COMPLETE
376,0.96196125,0.02107939862367659,0.98136669874334,mlogloss,7.336838723507851,0.01763684561614989,20,21,6,multi:softprob,0.657375442088495,gpu_hist,COMPLETE
377,0.9620925,0.003715825101025596,0.9609287134866057,mlogloss,0.09824108363624132,0.012776703919116469,20,18,6,multi:softprob,0.6759839650118483,gpu_hist,COMPLETE
378,0.961935,0.002835937020902823,0.9670444681847848,mlogloss,9.973832430218433,0.013029977202351746,20,17,6,multi:softprob,0.4358973648758083,gpu_hist,COMPLETE
379,0.96205875,0.0041658763599955245,0.9510633014829636,mlogloss,8.373952811111103,0.011780433303023504,20,13,6,multi:softprob,0.6998897561195617,gpu_hist,COMPLETE
380,0.96184125,0.011646741420686849,0.9875849601106165,mlogloss,0.07448887096457665,0.010341000304071925,20,23,6,multi:softprob,0.6735376414965484,gpu_hist,COMPLETE
381,0.9620725,0.004281497987250186,0.9336769385408328,mlogloss,0.18849654891282902,0.012814749067155613,20,15,6,multi:softprob,0.6907822331516367,gpu_hist,COMPLETE
382,0.9619725,0.016388451957233766,0.9665966645270084,mlogloss,0.10956428852155646,0.014861014308753723,20,20,6,multi:softprob,0.6697940976737637,gpu_hist,COMPLETE
383,0.95326875,0.020270029781279023,0.7407155129170776,mlogloss,0.06504789284807976,0.0034934826361550627,20,151,6,multi:softprob,0.6816011375258316,gpu_hist,COMPLETE
384,0.961935,0.0017350078455287067,0.9430272802857991,mlogloss,0.15819252744126266,0.011007192123573883,20,8,6,multi:softprob,0.7085932841083923,gpu_hist,COMPLETE
385,0.95305125,0.005218320248364751,0.9241157385708723,mlogloss,6.875340623760971,0.016161162280677713,5,27,6,multi:softprob,0.6516134434709546,gpu_hist,COMPLETE
386,0.9613325,0.014436191618084867,0.9371475117183671,mlogloss,0.08460604887784723,0.013810597734420444,20,1,6,multi:softprob,0.6408342109115158,gpu_hist,COMPLETE
387,0.96192375,0.005913761176169532,0.7823114562610761,mlogloss,0.11483770721756326,0.016604124537879014,20,11,6,multi:softprob,0.6614835196014034,gpu_hist,COMPLETE
388,0.9619775,0.002241635582165846,0.9983881181400835,mlogloss,8.3157321220265,0.019317519961096256,20,19,6,multi:softprob,0.6976371083414002,gpu_hist,COMPLETE
389,0.96144875,0.010292413680361498,0.9738315065902542,mlogloss,0.09526316828319356,0.014849712435310115,11,13,6,multi:softprob,0.6412623486394439,gpu_hist,COMPLETE
390,0.9608375,0.017253863620165052,0.5436903943274746,mlogloss,9.97969286575462,0.01250185320040432,20,30,6,multi:softprob,0.6796510829748836,gpu_hist,COMPLETE
391,0.96192875,0.022825213883393154,0.9573447553588035,mlogloss,6.654784193978715,0.018225097312353753,20,6,6,multi:softprob,0.665564304394322,gpu_hist,COMPLETE
392,0.96198125,0.0026922429792438376,0.9235785871820139,mlogloss,8.325640817142059,0.022024300275314004,17,22,6,multi:softprob,0.6276727925775151,gpu_hist,COMPLETE
393,0.9621,0.003315693389756526,0.912719272885458,mlogloss,9.95001003617955,0.015642012111002777,20,16,6,multi:softprob,0.6463235509041112,gpu_hist,COMPLETE
394,0.9619675,0.0032192296398397676,0.9135578408553986,mlogloss,0.12759502414452084,0.013931361790795913,20,12,6,multi:softprob,0.6467384865458577,gpu_hist,COMPLETE
395,0.9619375,0.002091723035927342,0.9409093171304724,mlogloss,0.06032329519999367,0.015500954445783584,20,16,6,multi:softprob,0.6580132049147676,gpu_hist,COMPLETE
396,0.9616425,0.005165055191535156,0.926076864440367,mlogloss,9.877703815084494,0.013560879179961093,13,5,6,multi:softprob,0.6297120349997305,gpu_hist,COMPLETE
397,0.96200875,0.003250540033916508,0.9084203298758131,mlogloss,7.574821707680433,0.017113939154099672,20,10,6,multi:softprob,0.651368403723947,gpu_hist,COMPLETE
398,0.96186,0.0026591241935047328,0.7098244306250925,mlogloss,5.609588931222817,0.015294961299792737,20,18,6,multi:softprob,0.6378056717964011,gpu_hist,COMPLETE
399,0.96174625,0.025551512413831433,0.8976025030927718,mlogloss,9.92122728551384,0.012097287956248768,20,1,6,multi:softprob,0.6709647100279273,gpu_hist,COMPLETE
400,0.96076875,0.001374941103055256,0.946680606304836,mlogloss,6.594623576007619,0.016476299165406556,20,287,6,multi:softprob,0.6543230664410988,gpu_hist,COMPLETE
401,0.96204625,0.0036316049968248133,0.9279897074279182,mlogloss,7.952640407730288,0.01432863817658362,20,12,6,multi:softprob,0.6387725611841885,gpu_hist,COMPLETE
402,0.9620475,0.020099126129581913,0.9133185710576096,mlogloss,7.34804076048523,0.01757104207882911,20,24,6,multi:softprob,0.6228961406449879,gpu_hist,COMPLETE
403,0.9343925,0.022429318675124665,0.8930726459604925,mlogloss,9.937683268888987,0.013193797987948744,3,125,6,multi:softprob,0.665084041740987,gpu_hist,COMPLETE
