Trial 798 finished with value: 0.9457225 and parameters: {'objective': 'multi:softprob', 'num_class': 6, 'tree_method': 'gpu_hist', 'lambda': 9.822050421630067, 'alpha': 0.009630713171540252, 'colsample_bytree': 0.8634334121988894, 'subsample': 0.6709692218581561, 'learning_rate': 0.0096834352572356, 'max_depth': 5, 'min_child_weight': 17, 'eval_metric': 'mlogloss'}. Best is trial 461 with value: 0.96217.
start listen on 192.168.1.101:49673
@tracker All of 3 nodes getting started
@tracker All nodes finishes job
Trial 799 finished with value: 0.96204125 and parameters: {'objective': 'multi:softprob', 'num_class': 6, 'tree_method': 'gpu_hist', 'lambda': 9.893353658906111, 'alpha': 0.007836758351010213, 'colsample_bytree': 0.8764899948529011, 'subsample': 0.7018912733348839, 'learning_rate': 0.016114574632364896, 'max_depth': 15, 'min_child_weight': 7, 'eval_metric': 'mlogloss'}. Best is trial 461 with value: 0.96217.
start listen on 192.168.1.101:38413
@tracker All of 3 nodes getting started
@tracker All nodes finishes job
Trial 800 finished with value: 0.9613225 and parameters: {'objective': 'multi:softprob', 'num_class': 6, 'tree_method': 'gpu_hist', 'lambda': 6.414803954485527, 'alpha': 0.00716421249787744, 'colsample_bytree': 0.880305348777301, 'subsample': 0.66010772772433, 'learning_rate': 0.014814187062261614, 'max_depth': 11, 'min_child_weight': 1, 'eval_metric': 'mlogloss'}. Best is trial 461 with value: 0.96217.
start listen on 192.168.1.101:58001
@tracker All of 3 nodes getting started
@tracker All nodes finishes job
Trial 801 finished with value: 0.96204625 and parameters: {'objective': 'multi:softprob', 'num_class': 6, 'tree_method': 'gpu_hist', 'lambda': 9.936314476807052, 'alpha': 0.005996910501086535, 'colsample_bytree': 0.866512805007556, 'subsample': 0.6820111985412358, 'learning_rate': 0.013265951773333142, 'max_depth': 20, 'min_child_weight': 18, 'eval_metric': 'mlogloss'}. Best is trial 461 with value: 0.96217.
start listen on 192.168.1.101:55811
@tracker All of 3 nodes getting started
@tracker All nodes finishes job
Trial 802 finished with value: 0.96199375 and parameters: {'objective': 'multi:softprob', 'num_class': 6, 'tree_method': 'gpu_hist', 'lambda': 7.575463642376182, 'alpha': 0.008925779377653908, 'colsample_bytree': 0.885058546442518, 'subsample': 0.6630155931854484, 'learning_rate': 0.01647951417029113, 'max_depth': 20, 'min_child_weight': 12, 'eval_metric': 'mlogloss'}. Best is trial 461 with value: 0.96217.
start listen on 192.168.1.101:39785
@tracker All of 3 nodes getting started
@tracker All nodes finishes job
Trial 803 finished with value: 0.96062375 and parameters: {'objective': 'multi:softprob', 'num_class': 6, 'tree_method': 'gpu_hist', 'lambda': 6.1193600398804495, 'alpha': 0.011927071957170805, 'colsample_bytree': 0.8999973555160936, 'subsample': 0.6702164602032203, 'learning_rate': 0.014558285790946392, 'max_depth': 20, 'min_child_weight': 294, 'eval_metric': 'mlogloss'}. Best is trial 461 with value: 0.96217.
start listen on 192.168.1.101:41463
@tracker All of 3 nodes getting started
@tracker All nodes finishes job
Trial 804 finished with value: 0.96196625 and parameters: {'objective': 'multi:softprob', 'num_class': 6, 'tree_method': 'gpu_hist', 'lambda': 7.479153488968052, 'alpha': 0.014939512717279326, 'colsample_bytree': 0.8939963598275831, 'subsample': 0.6561702124568406, 'learning_rate': 0.012114707711859312, 'max_depth': 20, 'min_child_weight': 21, 'eval_metric': 'mlogloss'}. Best is trial 461 with value: 0.96217.
start listen on 192.168.1.101:44357
@tracker All of 3 nodes getting started
@tracker All nodes finishes job
Trial 805 finished with value: 0.96208625 and parameters: {'objective': 'multi:softprob', 'num_class': 6, 'tree_method': 'gpu_hist', 'lambda': 8.25477871418338, 'alpha': 0.009639292093020778, 'colsample_bytree': 0.858352927772405, 'subsample': 0.6822035273700554, 'learning_rate': 0.017152579584141556, 'max_depth': 17, 'min_child_weight': 14, 'eval_metric': 'mlogloss'}. Best is trial 461 with value: 0.96217.
start listen on 192.168.1.101:34515
@tracker All of 3 nodes getting started
@tracker All nodes finishes job
Trial 806 finished with value: 0.9617925 and parameters: {'objective': 'multi:softprob', 'num_class': 6, 'tree_method': 'gpu_hist', 'lambda': 6.41118841822245, 'alpha': 0.018883217413041067, 'colsample_bytree': 0.8818880070645646, 'subsample': 0.649174120930063, 'learning_rate': 0.015562638069380455, 'max_depth': 20, 'min_child_weight': 1, 'eval_metric': 'mlogloss'}. Best is trial 461 with value: 0.96217.
start listen on 192.168.1.101:43175
@tracker All of 3 nodes getting started
@tracker All nodes finishes job
Trial 807 finished with value: 0.96204125 and parameters: {'objective': 'multi:softprob', 'num_class': 6, 'tree_method': 'gpu_hist', 'lambda': 8.483320002447796, 'alpha': 0.19904520042586316, 'colsample_bytree': 0.9052423521011757, 'subsample': 0.6705239295324297, 'learning_rate': 0.013685686621107017, 'max_depth': 20, 'min_child_weight': 9, 'eval_metric': 'mlogloss'}. Best is trial 461 with value: 0.96217.
start listen on 192.168.1.101:37797
@tracker All of 3 nodes getting started
@tracker All nodes finishes job
Trial 808 finished with value: 0.95209875 and parameters: {'objective': 'multi:softprob', 'num_class': 6, 'tree_method': 'gpu_hist', 'lambda': 7.301752026519984, 'alpha': 0.15969370349809514, 'colsample_bytree': 0.8673631656339279, 'subsample': 0.6944361274296407, 'learning_rate': 0.002103052906991827, 'max_depth': 13, 'min_child_weight': 27, 'eval_metric': 'mlogloss'}. Best is trial 461 with value: 0.96217.
start listen on 192.168.1.101:44299
@tracker All of 3 nodes getting started
@tracker All nodes finishes job
Trial 809 finished with value: 0.96182875 and parameters: {'objective': 'multi:softprob', 'num_class': 6, 'tree_method': 'gpu_hist', 'lambda': 5.896695394923144, 'alpha': 0.050712562382090584, 'colsample_bytree': 0.893230499557246, 'subsample': 0.6494590445856251, 'learning_rate': 0.010663546815387127, 'max_depth': 20, 'min_child_weight': 18, 'eval_metric': 'mlogloss'}. Best is trial 461 with value: 0.96217.
start listen on 192.168.1.101:37387
@tracker All of 3 nodes getting started
@tracker All nodes finishes job
Trial 810 finished with value: 0.9619475 and parameters: {'objective': 'multi:softprob', 'num_class': 6, 'tree_method': 'gpu_hist', 'lambda': 9.891610801047447, 'alpha': 0.012229349324744988, 'colsample_bytree': 0.8499628344877233, 'subsample': 0.7233704826698263, 'learning_rate': 0.017600472892988807, 'max_depth': 20, 'min_child_weight': 22, 'eval_metric': 'mlogloss'}. Best is trial 461 with value: 0.96217.
start listen on 192.168.1.101:35835
@tracker All of 3 nodes getting started
@tracker All nodes finishes job
Trial 811 finished with value: 0.96203875 and parameters: {'objective': 'multi:softprob', 'num_class': 6, 'tree_method': 'gpu_hist', 'lambda': 9.972437718146223, 'alpha': 0.0013979267274511957, 'colsample_bytree': 0.9075898652671938, 'subsample': 0.660710744122708, 'learning_rate': 0.015099810184276799, 'max_depth': 20, 'min_child_weight': 14, 'eval_metric': 'mlogloss'}. Best is trial 461 with value: 0.96217.
start listen on 192.168.1.101:36959
@tracker All of 3 nodes getting started
@tracker All nodes finishes job
Trial 812 finished with value: 0.96200875 and parameters: {'objective': 'multi:softprob', 'num_class': 6, 'tree_method': 'gpu_hist', 'lambda': 7.381244929948323, 'alpha': 3.9527086602346095, 'colsample_bytree': 0.8803505962608534, 'subsample': 0.6429119825075257, 'learning_rate': 0.011954080344796865, 'max_depth': 20, 'min_child_weight': 8, 'eval_metric': 'mlogloss'}. Best is trial 461 with value: 0.96217.
start listen on 192.168.1.101:39083
@tracker All of 3 nodes getting started
@tracker All nodes finishes job
Trial 813 finished with value: 0.96198875 and parameters: {'objective': 'multi:softprob', 'num_class': 6, 'tree_method': 'gpu_hist', 'lambda': 5.465382850697551, 'alpha': 0.01661924325719904, 'colsample_bytree': 0.9839635628375034, 'subsample': 0.6761783098842485, 'learning_rate': 0.016433737256907496, 'max_depth': 20, 'min_child_weight': 28, 'eval_metric': 'mlogloss'}. Best is trial 461 with value: 0.96217.
start listen on 192.168.1.101:50883
@tracker All of 3 nodes getting started
@tracker All nodes finishes job
Trial 814 finished with value: 0.96196 and parameters: {'objective': 'multi:softprob', 'num_class': 6, 'tree_method': 'gpu_hist', 'lambda': 8.505654886510696, 'alpha': 0.023055620260018606, 'colsample_bytree': 0.6312058191004062, 'subsample': 0.6608325094640618, 'learning_rate': 0.018203620085672716, 'max_depth': 20, 'min_child_weight': 17, 'eval_metric': 'mlogloss'}. Best is trial 461 with value: 0.96217.
start listen on 192.168.1.101:40977
@tracker All of 3 nodes getting started
@tracker All nodes finishes job
Trial 815 finished with value: 0.961655 and parameters: {'objective': 'multi:softprob', 'num_class': 6, 'tree_method': 'gpu_hist', 'lambda': 6.47395672092937, 'alpha': 0.019741795015044524, 'colsample_bytree': 0.6608643421602431, 'subsample': 0.6389180225561387, 'learning_rate': 0.01345870197126493, 'max_depth': 20, 'min_child_weight': 10, 'eval_metric': 'mlogloss'}. Best is trial 461 with value: 0.96217.
start listen on 192.168.1.101:38091
@tracker All of 3 nodes getting started
@tracker All nodes finishes job
Trial 816 finished with value: 0.93766 and parameters: {'objective': 'multi:softprob', 'num_class': 6, 'tree_method': 'gpu_hist', 'lambda': 8.38667262154354, 'alpha': 0.014776498755132072, 'colsample_bytree': 0.9989977401413006, 'subsample': 0.6523816638251567, 'learning_rate': 0.014914572064583059, 'max_depth': 3, 'min_child_weight': 22, 'eval_metric': 'mlogloss'}. Best is trial 461 with value: 0.96217.
start listen on 192.168.1.101:60231
@tracker All of 3 nodes getting started
@tracker All nodes finishes job
Trial 817 finished with value: 0.9604125 and parameters: {'objective': 'multi:softprob', 'num_class': 6, 'tree_method': 'gpu_hist', 'lambda': 7.100767159491274, 'alpha': 0.029867115955950225, 'colsample_bytree': 0.9143582554646983, 'subsample': 0.68583595515471, 'learning_rate': 0.01596313942683776, 'max_depth': 9, 'min_child_weight': 37, 'eval_metric': 'mlogloss'}. Best is trial 461 with value: 0.96217.
start listen on 192.168.1.101:46735
@tracker All of 3 nodes getting started
@tracker All nodes finishes job
Trial 818 finished with value: 0.96150875 and parameters: {'objective': 'multi:softprob', 'num_class': 6, 'tree_method': 'gpu_hist', 'lambda': 5.4175461429274145, 'alpha': 0.024689812014262683, 'colsample_bytree': 0.8994434442834555, 'subsample': 0.709152009082963, 'learning_rate': 0.018312982792062435, 'max_depth': 20, 'min_child_weight': 147, 'eval_metric': 'mlogloss'}. Best is trial 461 with value: 0.96217.
start listen on 192.168.1.101:55331
@tracker All of 3 nodes getting started
@tracker All nodes finishes job
Trial 819 finished with value: 0.96196625 and parameters: {'objective': 'multi:softprob', 'num_class': 6, 'tree_method': 'gpu_hist', 'lambda': 8.483790130246543, 'alpha': 3.027088177733023, 'colsample_bytree': 0.9197388448671265, 'subsample': 0.8402004978644011, 'learning_rate': 0.012924756715631354, 'max_depth': 20, 'min_child_weight': 6, 'eval_metric': 'mlogloss'}. Best is trial 461 with value: 0.96217.
start listen on 192.168.1.101:48783
@tracker All of 3 nodes getting started
@tracker All nodes finishes job
Trial 820 finished with value: 0.962045 and parameters: {'objective': 'multi:softprob', 'num_class': 6, 'tree_method': 'gpu_hist', 'lambda': 7.181569988365021, 'alpha': 0.01739338990999843, 'colsample_bytree': 0.8885814141853603, 'subsample': 0.6714389672951914, 'learning_rate': 0.014044250275195326, 'max_depth': 20, 'min_child_weight': 15, 'eval_metric': 'mlogloss'}. Best is trial 461 with value: 0.96217.
start listen on 192.168.1.101:60595
@tracker All of 3 nodes getting started
@tracker All nodes finishes job
Trial 821 finished with value: 0.96204125 and parameters: {'objective': 'multi:softprob', 'num_class': 6, 'tree_method': 'gpu_hist', 'lambda': 9.87520992054191, 'alpha': 0.011347225848386308, 'colsample_bytree': 0.8677070570292246, 'subsample': 0.6317891508534778, 'learning_rate': 0.016727549890076, 'max_depth': 20, 'min_child_weight': 31, 'eval_metric': 'mlogloss'}. Best is trial 461 with value: 0.96217.
start listen on 192.168.1.101:38159
@tracker All of 3 nodes getting started
@tracker All nodes finishes job
Trial 822 finished with value: 0.9616725 and parameters: {'objective': 'multi:softprob', 'num_class': 6, 'tree_method': 'gpu_hist', 'lambda': 6.237629377986908, 'alpha': 0.014175980283037678, 'colsample_bytree': 0.5365465674356533, 'subsample': 0.6613449493798599, 'learning_rate': 0.01923542351946864, 'max_depth': 20, 'min_child_weight': 22, 'eval_metric': 'mlogloss'}. Best is trial 461 with value: 0.96217.
start listen on 192.168.1.101:55047
@tracker All of 3 nodes getting started
@tracker All nodes finishes job
Trial 823 finished with value: 0.96188 and parameters: {'objective': 'multi:softprob', 'num_class': 6, 'tree_method': 'gpu_hist', 'lambda': 8.358684874674868, 'alpha': 1.9030454950537032, 'colsample_bytree': 0.6989326335039602, 'subsample': 0.6488978810417567, 'learning_rate': 0.015309295548999511, 'max_depth': 20, 'min_child_weight': 13, 'eval_metric': 'mlogloss'}. Best is trial 461 with value: 0.96217.
start listen on 192.168.1.101:48907
@tracker All of 3 nodes getting started
@tracker All nodes finishes job
Trial 824 finished with value: 0.95888 and parameters: {'objective': 'multi:softprob', 'num_class': 6, 'tree_method': 'gpu_hist', 'lambda': 7.087366920273143, 'alpha': 0.020962833953470844, 'colsample_bytree': 0.9021881020755316, 'subsample': 0.6952719806598137, 'learning_rate': 0.017289915740609656, 'max_depth': 7, 'min_child_weight': 1, 'eval_metric': 'mlogloss'}. Best is trial 461 with value: 0.96217.
start listen on 192.168.1.101:44991
@tracker All of 3 nodes getting started
@tracker All nodes finishes job
Trial 825 finished with value: 0.96202875 and parameters: {'objective': 'multi:softprob', 'num_class': 6, 'tree_method': 'gpu_hist', 'lambda': 5.131196404904104, 'alpha': 0.008458511515188174, 'colsample_bytree': 0.924812231905643, 'subsample': 0.6697841834150428, 'learning_rate': 0.013875677007146951, 'max_depth': 20, 'min_child_weight': 19, 'eval_metric': 'mlogloss'}. Best is trial 461 with value: 0.96217.
start listen on 192.168.1.101:33567
@tracker All of 3 nodes getting started
@tracker All nodes finishes job
Trial 826 finished with value: 0.96180875 and parameters: {'objective': 'multi:softprob', 'num_class': 6, 'tree_method': 'gpu_hist', 'lambda': 8.469851927488586, 'alpha': 0.006439998460458828, 'colsample_bytree': 0.8892090654774717, 'subsample': 0.6393874932195662, 'learning_rate': 0.011651339659860297, 'max_depth': 20, 'min_child_weight': 25, 'eval_metric': 'mlogloss'}. Best is trial 461 with value: 0.96217.
start listen on 192.168.1.101:53677
@tracker All of 3 nodes getting started
@tracker All nodes finishes job
Trial 827 finished with value: 0.9620125 and parameters: {'objective': 'multi:softprob', 'num_class': 6, 'tree_method': 'gpu_hist', 'lambda': 6.294971885388224, 'alpha': 0.016904822984785736, 'colsample_bytree': 0.8412137479919422, 'subsample': 0.6835031401943732, 'learning_rate': 0.018998795200799792, 'max_depth': 20, 'min_child_weight': 10, 'eval_metric': 'mlogloss'}. Best is trial 461 with value: 0.96217.
start listen on 192.168.1.101:43391
@tracker All of 3 nodes getting started
@tracker All nodes finishes job
Trial 828 finished with value: 0.95295125 and parameters: {'objective': 'multi:softprob', 'num_class': 6, 'tree_method': 'gpu_hist', 'lambda': 8.583483706150869, 'alpha': 0.11270266421754485, 'colsample_bytree': 0.9113413796374078, 'subsample': 0.653633917417875, 'learning_rate': 0.01605704259585651, 'max_depth': 5, 'min_child_weight': 16, 'eval_metric': 'mlogloss'}. Best is trial 461 with value: 0.96217.
start listen on 192.168.1.101:46777
@tracker All of 3 nodes getting started
@tracker All nodes finishes job
Trial 829 finished with value: 0.9620275 and parameters: {'objective': 'multi:softprob', 'num_class': 6, 'tree_method': 'gpu_hist', 'lambda': 7.420223403860587, 'alpha': 0.024520647582306036, 'colsample_bytree': 0.9791022519385436, 'subsample': 0.6391910230986834, 'learning_rate': 0.012782048072813308, 'max_depth': 20, 'min_child_weight': 6, 'eval_metric': 'mlogloss'}. Best is trial 461 with value: 0.96217.
start listen on 192.168.1.101:34739
@tracker All of 3 nodes getting started
@tracker All nodes finishes job
Trial 830 finished with value: 0.961955 and parameters: {'objective': 'multi:softprob', 'num_class': 6, 'tree_method': 'gpu_hist', 'lambda': 9.975170321223846, 'alpha': 0.018726341073072927, 'colsample_bytree': 0.8803116109166619, 'subsample': 0.6254533704937052, 'learning_rate': 0.014818140482421036, 'max_depth': 20, 'min_child_weight': 33, 'eval_metric': 'mlogloss'}. Best is trial 461 with value: 0.96217.
start listen on 192.168.1.101:43795
@tracker All of 3 nodes getting started
@tracker All nodes finishes job
Trial 831 finished with value: 0.95073875 and parameters: {'objective': 'multi:softprob', 'num_class': 6, 'tree_method': 'gpu_hist', 'lambda': 9.914109234779941, 'alpha': 0.01326905308810749, 'colsample_bytree': 0.9015732176380258, 'subsample': 0.664595393325171, 'learning_rate': 0.0011349059502313785, 'max_depth': 15, 'min_child_weight': 21, 'eval_metric': 'mlogloss'}. Best is trial 461 with value: 0.96217.
start listen on 192.168.1.101:40241
@tracker All of 3 nodes getting started
@tracker All nodes finishes job
Trial 832 finished with value: 0.96136625 and parameters: {'objective': 'multi:softprob', 'num_class': 6, 'tree_method': 'gpu_hist', 'lambda': 5.673969459007118, 'alpha': 5.049116280178591, 'colsample_bytree': 0.9228482177499513, 'subsample': 0.676796769832462, 'learning_rate': 0.017592353571870376, 'max_depth': 11, 'min_child_weight': 12, 'eval_metric': 'mlogloss'}. Best is trial 461 with value: 0.96217.
start listen on 192.168.1.101:44281
@tracker All of 3 nodes getting started
@tracker All nodes finishes job
Trial 833 finished with value: 0.96198125 and parameters: {'objective': 'multi:softprob', 'num_class': 6, 'tree_method': 'gpu_hist', 'lambda': 7.459947291084322, 'alpha': 0.0056152889205381825, 'colsample_bytree': 0.9625229935647973, 'subsample': 0.6514365789530461, 'learning_rate': 0.019399400973568955, 'max_depth': 20, 'min_child_weight': 28, 'eval_metric': 'mlogloss'}. Best is trial 461 with value: 0.96217.
start listen on 192.168.1.101:33319
@tracker All of 3 nodes getting started
@tracker All nodes finishes job
Trial 834 finished with value: 0.96209875 and parameters: {'objective': 'multi:softprob', 'num_class': 6, 'tree_method': 'gpu_hist', 'lambda': 6.538015803980011, 'alpha': 0.03929150397984183, 'colsample_bytree': 0.873311460944605, 'subsample': 0.6300671242402842, 'learning_rate': 0.016466920241068942, 'max_depth': 20, 'min_child_weight': 18, 'eval_metric': 'mlogloss'}. Best is trial 461 with value: 0.96217.
start listen on 192.168.1.101:52061
@tracker All of 3 nodes getting started
@tracker All nodes finishes job
Trial 835 finished with value: 0.9620075 and parameters: {'objective': 'multi:softprob', 'num_class': 6, 'tree_method': 'gpu_hist', 'lambda': 8.191669930602208, 'alpha': 0.03152705563936299, 'colsample_bytree': 0.9361830882274562, 'subsample': 0.606111582914839, 'learning_rate': 0.01427231491444337, 'max_depth': 20, 'min_child_weight': 6, 'eval_metric': 'mlogloss'}. Best is trial 461 with value: 0.96217.
start listen on 192.168.1.101:38275
@tracker All of 3 nodes getting started
@tracker All nodes finishes job
Trial 836 finished with value: 0.9620425 and parameters: {'objective': 'multi:softprob', 'num_class': 6, 'tree_method': 'gpu_hist', 'lambda': 9.935805300472705, 'alpha': 0.02127020819721666, 'colsample_bytree': 0.9091710561598, 'subsample': 0.6635260746120595, 'learning_rate': 0.020895826956733306, 'max_depth': 17, 'min_child_weight': 24, 'eval_metric': 'mlogloss'}. Best is trial 461 with value: 0.96217.
start listen on 192.168.1.101:44167
@tracker All of 3 nodes getting started
@tracker All nodes finishes job
Trial 837 finished with value: 0.962085 and parameters: {'objective': 'multi:softprob', 'num_class': 6, 'tree_method': 'gpu_hist', 'lambda': 5.275731843637683, 'alpha': 0.010091065476381932, 'colsample_bytree': 0.8936358778449908, 'subsample': 0.5019884702092983, 'learning_rate': 0.01566160088060872, 'max_depth': 20, 'min_child_weight': 12, 'eval_metric': 'mlogloss'}. Best is trial 461 with value: 0.96217.
start listen on 192.168.1.101:44319
@tracker All of 3 nodes getting started
@tracker All nodes finishes job
Trial 838 finished with value: 0.9620825 and parameters: {'objective': 'multi:softprob', 'num_class': 6, 'tree_method': 'gpu_hist', 'lambda': 7.267513283541192, 'alpha': 0.015365172183786064, 'colsample_bytree': 0.9466320892461068, 'subsample': 0.6464634323301475, 'learning_rate': 0.012317808635914229, 'max_depth': 20, 'min_child_weight': 17, 'eval_metric': 'mlogloss'}. Best is trial 461 with value: 0.96217.
start listen on 192.168.1.101:38009
@tracker All of 3 nodes getting started
@tracker All nodes finishes job
Trial 839 finished with value: 0.96196125 and parameters: {'objective': 'multi:softprob', 'num_class': 6, 'tree_method': 'gpu_hist', 'lambda': 9.981882146412014, 'alpha': 0.018485120127925286, 'colsample_bytree': 0.9192734539146731, 'subsample': 0.6190115551636194, 'learning_rate': 0.018294531904523414, 'max_depth': 13, 'min_child_weight': 1, 'eval_metric': 'mlogloss'}. Best is trial 461 with value: 0.96217.
start listen on 192.168.1.101:41547
@tracker All of 3 nodes getting started
@tracker All nodes finishes job
