number,value,params_alpha,params_colsample_bytree,params_eval_metric,params_lambda,params_learning_rate,params_max_depth,params_min_child_weight,params_num_class,params_objective,params_subsample,params_tree_method,state
945,0.9601825,0.010164916449656603,0.5877025724918004,mlogloss,7.17064312443922,0.01459256547313337,20,167,6,multi:softprob,0.6591460739961458,gpu_hist,COMPLETE
946,0.9598225,0.012899541717878807,0.9862010034056348,mlogloss,0.022614332616391137,0.012745279498985476,9,19,6,multi:softprob,0.7310915616962282,gpu_hist,COMPLETE
947,0.96209,3.9042164198052003,0.9044031135502976,mlogloss,9.956337678425268,0.020838630609875737,20,6,6,multi:softprob,0.6429790638084327,gpu_hist,COMPLETE
948,0.96198125,0.01442171648854416,0.9351434647403339,mlogloss,7.471218565378366,0.01651555165575119,20,28,6,multi:softprob,0.6693597263933595,gpu_hist,COMPLETE
949,0.9618625,8.370084521877605,0.9155970237856537,mlogloss,4.53249872018449,0.01536518900676334,20,18,6,multi:softprob,0.5142908792650164,gpu_hist,COMPLETE
950,0.961975,4.734638917271394,0.8464227673042367,mlogloss,2.2895638662787965,0.018937026984613445,20,1,6,multi:softprob,0.46203623935179255,gpu_hist,COMPLETE
951,0.9620375,2.372339831868577,0.8726323216978513,mlogloss,2.002251025581969,0.019946299254414802,20,13,6,multi:softprob,0.6526032828779559,gpu_hist,COMPLETE
952,0.96203875,3.628312559553671,0.89552654769043,mlogloss,8.05737326900342,0.02358216111978578,20,11,6,multi:softprob,0.6234226113118214,gpu_hist,COMPLETE
953,0.95880625,0.06280323869847276,0.8623925939238405,mlogloss,3.3512135272672188,0.017662146609734995,7,21,6,multi:softprob,0.6608710945837443,gpu_hist,COMPLETE
954,0.96096,2.055673220611145,0.878035294868641,mlogloss,3.639195561220691,0.0069293883485495615,20,25,6,multi:softprob,0.6493281826371633,gpu_hist,COMPLETE
955,0.962115,5.854427077187683,0.8989057286584592,mlogloss,8.513469756825048,0.0207208059417475,20,11,6,multi:softprob,0.5689073619667625,gpu_hist,COMPLETE
956,0.96198875,4.245763299801562,0.8881880532717082,mlogloss,2.4815741553395934,0.02531736531256184,20,11,6,multi:softprob,0.4857826573530259,gpu_hist,COMPLETE
957,0.95535625,6.766585317700761,0.9100095625689055,mlogloss,9.990191469585081,0.021604489054959562,5,4,6,multi:softprob,0.5338137852157558,gpu_hist,COMPLETE
958,0.9620125,5.952614639769401,0.9892378876989925,mlogloss,5.539059431910508,0.027077678239446255,20,18,6,multi:softprob,0.5157798635430375,gpu_hist,COMPLETE
959,0.9611375,5.360386966522535,0.8772523649743518,mlogloss,6.695984222760503,0.022263225379258664,20,224,6,multi:softprob,0.5612875930749799,gpu_hist,COMPLETE
960,0.96200375,5.185505192288159,0.8956750158038272,mlogloss,1.1403286980802385,0.02137416746812572,20,12,6,multi:softprob,0.5449739050223185,gpu_hist,COMPLETE
961,0.96168,6.929913265947245,0.9669846716665962,mlogloss,6.066317853999313,0.017701136790318085,15,30,6,multi:softprob,0.6014996393563874,gpu_hist,COMPLETE
962,0.96129375,8.62649298355307,0.9990963253640277,mlogloss,4.904740912005224,0.018005461699855372,11,23,6,multi:softprob,0.6894467438682841,gpu_hist,COMPLETE
963,0.96211375,7.1199839009220955,0.9057017173165166,mlogloss,8.466786607339525,0.019736715390997736,20,7,6,multi:softprob,0.5548069821071301,gpu_hist,COMPLETE
964,0.96208875,7.073587456835308,0.9048295022537142,mlogloss,8.402203293539047,0.024186389424953252,20,5,6,multi:softprob,0.5597430271627151,gpu_hist,COMPLETE
965,0.9621025,6.493078061428764,0.9015020893690731,mlogloss,8.251597290765613,0.020255596934578433,20,5,6,multi:softprob,0.5726858301850757,gpu_hist,COMPLETE
966,0.961985,7.374290009118861,0.8581018225573245,mlogloss,8.343474193262876,0.021854495695305766,17,8,6,multi:softprob,0.5745712779141015,gpu_hist,COMPLETE
967,0.96106125,8.773276682353176,0.8412311276251874,mlogloss,7.221865052303755,0.019979446173876498,20,175,6,multi:softprob,0.5451141183925058,gpu_hist,COMPLETE
968,0.96210375,6.143638757328522,0.883490426852983,mlogloss,7.402636611153722,0.023106297377639196,20,14,6,multi:softprob,0.5445340527459555,gpu_hist,COMPLETE
969,0.9614125,9.883337990479744,0.9166374198971865,mlogloss,8.727398194413155,0.025893214224852898,20,127,6,multi:softprob,0.49386653202002095,gpu_hist,COMPLETE
970,0.96208375,5.019471402228217,0.8947163570850151,mlogloss,6.698056524671071,0.01915391556867221,20,9,6,multi:softprob,0.5630725387042174,gpu_hist,COMPLETE
971,0.9620125,8.680915308554196,0.8698629285156715,mlogloss,9.99277291388248,0.018342929070589938,20,1,6,multi:softprob,0.5789390070797534,gpu_hist,COMPLETE
972,0.96211,7.907774251096552,0.9142069554305206,mlogloss,8.396579272126287,0.020788177825391753,20,15,6,multi:softprob,0.5558309864663881,gpu_hist,COMPLETE
973,0.96191875,7.62170265505235,0.9042052953706528,mlogloss,7.333239927555048,0.024123334782590367,13,8,6,multi:softprob,0.5445269936146809,gpu_hist,COMPLETE
974,0.96198875,7.100444789676251,0.9194591353029726,mlogloss,9.960700209035396,0.022523201932849027,20,17,6,multi:softprob,0.5668592802055504,gpu_hist,COMPLETE
975,0.962025,5.93802019167058,0.9191987012316953,mlogloss,8.465416812151473,0.025529204688682864,20,16,6,multi:softprob,0.5706614967044318,gpu_hist,COMPLETE
976,0.96198625,7.074777142348997,0.9276389482650657,mlogloss,0.6600885226417836,0.021053804662887927,20,1,6,multi:softprob,0.571621352659843,gpu_hist,COMPLETE
977,0.942735,8.760929435310837,0.5044660566109133,mlogloss,8.441642965539307,0.027624934112547007,3,15,6,multi:softprob,0.5231885018568992,gpu_hist,COMPLETE
978,0.96215625,5.982123517620113,0.7236368378277457,mlogloss,6.154205886934384,0.02269204731584798,20,7,6,multi:softprob,0.5390898409179798,gpu_hist,COMPLETE
979,0.96205375,4.224733095499477,0.638438010678035,mlogloss,5.960773291253671,0.02489411806422492,20,6,6,multi:softprob,0.5353435820674811,gpu_hist,COMPLETE
980,0.962085,7.696599526111251,0.722294553022764,mlogloss,6.385677935791513,0.027226251480950592,20,5,6,multi:softprob,0.5560220499780418,gpu_hist,COMPLETE
981,0.96112625,6.081118774781306,0.8418029117377186,mlogloss,6.450306969691296,0.023047865201224142,9,6,6,multi:softprob,0.5380499185319602,gpu_hist,COMPLETE
982,0.9619075,5.4345383652579855,0.556263103493455,mlogloss,6.314616277767354,0.023601147844734122,20,9,6,multi:softprob,0.5279992844065344,gpu_hist,COMPLETE
983,0.962035,9.953412767364803,0.7866444948588163,mlogloss,7.341768593457496,0.022190470843109784,20,10,6,multi:softprob,0.5295020918098539,gpu_hist,COMPLETE
984,0.96198875,7.723674232065633,0.6649910622468821,mlogloss,8.552466732778989,0.0280876196803187,20,1,6,multi:softprob,0.5536315543888416,gpu_hist,COMPLETE
985,0.9621375,5.837459148363455,0.8855283518349176,mlogloss,9.995587801530196,0.025191506905331156,20,11,6,multi:softprob,0.5538434404627368,gpu_hist,COMPLETE
986,0.9619875,6.32399238552681,0.9001178826364178,mlogloss,8.678086891408864,0.030607689834457916,20,5,6,multi:softprob,0.5566478749660686,gpu_hist,COMPLETE
987,0.96025125,8.67297603060308,0.824130477423529,mlogloss,9.904792261632068,0.029458015811688526,7,9,6,multi:softprob,0.5487905967629618,gpu_hist,COMPLETE
988,0.96204625,5.85046954754638,0.8160422022346432,mlogloss,5.373823321877193,0.02568631539899518,20,1,6,multi:softprob,0.550592124595625,gpu_hist,COMPLETE
989,0.96197625,6.127712515606341,0.8880272493703529,mlogloss,7.2955173672550195,0.02967103308468794,20,1,6,multi:softprob,0.5593814959720301,gpu_hist,COMPLETE
990,0.95599625,7.211606443210434,0.706174343545827,mlogloss,8.702882880064932,0.026197096840607798,5,13,6,multi:softprob,0.5429200591776091,gpu_hist,COMPLETE
991,0.9620325,5.511934392502633,0.6918362943501389,mlogloss,6.744009840514931,0.03385404427193542,20,15,6,multi:softprob,0.5204465114990406,gpu_hist,COMPLETE
992,0.9619775,7.587111559815336,0.7394030856713832,mlogloss,5.573904606145733,0.02492719960750928,15,9,6,multi:softprob,0.5637651416724847,gpu_hist,COMPLETE
993,0.96202125,5.58959524061244,0.9117276083309314,mlogloss,9.954762396769631,0.03142399267918247,20,18,6,multi:softprob,0.5610126159704432,gpu_hist,COMPLETE
994,0.96200625,6.552115088475598,0.5999091348446285,mlogloss,7.529782460749666,0.027386296089618227,20,9,6,multi:softprob,0.503646102764645,gpu_hist,COMPLETE
995,0.962165,5.0554167270535135,0.8892724137212704,mlogloss,8.541139223325922,0.024103884493468303,20,14,6,multi:softprob,0.5351291048139715,gpu_hist,COMPLETE
996,0.96205625,5.034633739215634,0.8668365209559273,mlogloss,6.362870563892437,0.028443878899848417,20,6,6,multi:softprob,0.5341529199054518,gpu_hist,COMPLETE
997,0.96210625,4.925151212299571,0.6742335378018873,mlogloss,0.45387131113257306,0.02505645664527841,20,12,6,multi:softprob,0.5284621816707856,gpu_hist,COMPLETE
998,0.9619875,4.3517664694212685,0.8834824122456565,mlogloss,8.403186602480167,0.030479010467576857,17,18,6,multi:softprob,0.5152183483070852,gpu_hist,COMPLETE
999,0.96212875,5.0641083679032795,0.8614055600987144,mlogloss,9.982929704691479,0.02706812190727247,20,7,6,multi:softprob,0.5403957582395215,gpu_hist,COMPLETE
