A new study created in RDB with name: dec_2021_test_1000
Start optimization.
start listen on 192.168.1.101:59299
@tracker All of 3 nodes getting started
@tracker All nodes finishes job
Trial 0 finished with value: 0.93893125 and parameters: {'objective': 'multi:softprob', 'num_class': 6, 'tree_method': 'gpu_hist', 'lambda': 0.009757304439210726, 'alpha': 0.25715163713658046, 'colsample_bytree': 0.6136356077137722, 'subsample': 0.6154300969984513, 'learning_rate': 0.0018163236499047098, 'max_depth': 20, 'min_child_weight': 261, 'eval_metric': 'mlogloss'}. Best is trial 0 with value: 0.93893125.
start listen on 192.168.1.101:58717
@tracker All of 3 nodes getting started
@tracker All nodes finishes job
Trial 1 finished with value: 0.90270125 and parameters: {'objective': 'multi:softprob', 'num_class': 6, 'tree_method': 'gpu_hist', 'lambda': 0.2808065124866331, 'alpha': 0.019289495370771917, 'colsample_bytree': 0.5576220983504241, 'subsample': 0.49610471769499337, 'learning_rate': 0.0011111262271843768, 'max_depth': 3, 'min_child_weight': 19, 'eval_metric': 'mlogloss'}. Best is trial 0 with value: 0.93893125.
start listen on 192.168.1.101:48443
@tracker All of 3 nodes getting started
@tracker All nodes finishes job
Trial 2 finished with value: 0.95927125 and parameters: {'objective': 'multi:softprob', 'num_class': 6, 'tree_method': 'gpu_hist', 'lambda': 2.38017566904797, 'alpha': 5.490087476543408, 'colsample_bytree': 0.9127937418421919, 'subsample': 0.47873180701699414, 'learning_rate': 0.009917973521238358, 'max_depth': 20, 'min_child_weight': 247, 'eval_metric': 'mlogloss'}. Best is trial 2 with value: 0.95927125.
start listen on 192.168.1.101:44933
@tracker All of 3 nodes getting started
@tracker All nodes finishes job
Trial 3 finished with value: 0.96022 and parameters: {'objective': 'multi:softprob', 'num_class': 6, 'tree_method': 'gpu_hist', 'lambda': 0.05033160224241763, 'alpha': 0.0017208175118757893, 'colsample_bytree': 0.5290003383152398, 'subsample': 0.6146244576249427, 'learning_rate': 0.025639021447630223, 'max_depth': 17, 'min_child_weight': 277, 'eval_metric': 'mlogloss'}. Best is trial 3 with value: 0.96022.
start listen on 192.168.1.101:41567
@tracker All of 3 nodes getting started
@tracker All nodes finishes job
Trial 4 finished with value: 0.9616675 and parameters: {'objective': 'multi:softprob', 'num_class': 6, 'tree_method': 'gpu_hist', 'lambda': 0.2738257289167898, 'alpha': 1.7969494605660845, 'colsample_bytree': 0.4759995257549421, 'subsample': 0.6535551857611992, 'learning_rate': 0.02834050226564705, 'max_depth': 17, 'min_child_weight': 33, 'eval_metric': 'mlogloss'}. Best is trial 4 with value: 0.9616675.
start listen on 192.168.1.101:44495
@tracker All of 3 nodes getting started
@tracker All nodes finishes job
Trial 5 finished with value: 0.96076 and parameters: {'objective': 'multi:softprob', 'num_class': 6, 'tree_method': 'gpu_hist', 'lambda': 0.006368167512939192, 'alpha': 0.1630771877516403, 'colsample_bytree': 0.5453130954779426, 'subsample': 0.42515821734395914, 'learning_rate': 0.012985661122887297, 'max_depth': 15, 'min_child_weight': 17, 'eval_metric': 'mlogloss'}. Best is trial 4 with value: 0.9616675.
start listen on 192.168.1.101:54309
@tracker All of 3 nodes getting started
@tracker All nodes finishes job
Trial 6 finished with value: 0.91465625 and parameters: {'objective': 'multi:softprob', 'num_class': 6, 'tree_method': 'gpu_hist', 'lambda': 0.03870458710929462, 'alpha': 0.009564532279671509, 'colsample_bytree': 0.3175673387756132, 'subsample': 0.5236699589050695, 'learning_rate': 0.004087862608697126, 'max_depth': 11, 'min_child_weight': 233, 'eval_metric': 'mlogloss'}. Best is trial 4 with value: 0.9616675.
start listen on 192.168.1.101:33313
@tracker All of 3 nodes getting started
@tracker All nodes finishes job
Trial 7 finished with value: 0.95428 and parameters: {'objective': 'multi:softprob', 'num_class': 6, 'tree_method': 'gpu_hist', 'lambda': 0.004518808834245001, 'alpha': 0.040009633835946426, 'colsample_bytree': 0.7853554358464898, 'subsample': 0.6259847670315668, 'learning_rate': 0.001011136979153243, 'max_depth': 20, 'min_child_weight': 8, 'eval_metric': 'mlogloss'}. Best is trial 4 with value: 0.9616675.
start listen on 192.168.1.101:38701
@tracker All of 3 nodes getting started
@tracker All nodes finishes job
Trial 8 finished with value: 0.96019125 and parameters: {'objective': 'multi:softprob', 'num_class': 6, 'tree_method': 'gpu_hist', 'lambda': 0.02900538900570212, 'alpha': 0.07926155164588308, 'colsample_bytree': 0.8218675257477777, 'subsample': 0.4719640826316742, 'learning_rate': 0.05026133657305048, 'max_depth': 7, 'min_child_weight': 171, 'eval_metric': 'mlogloss'}. Best is trial 4 with value: 0.9616675.
start listen on 192.168.1.101:60873
@tracker All of 3 nodes getting started
@tracker All nodes finishes job
Trial 9 finished with value: 0.96053625 and parameters: {'objective': 'multi:softprob', 'num_class': 6, 'tree_method': 'gpu_hist', 'lambda': 0.006713238413892188, 'alpha': 2.9393853501721723, 'colsample_bytree': 0.33037739929234583, 'subsample': 0.4545737789728933, 'learning_rate': 0.041997606693896954, 'max_depth': 20, 'min_child_weight': 44, 'eval_metric': 'mlogloss'}. Best is trial 4 with value: 0.9616675.
start listen on 192.168.1.101:36467
@tracker All of 3 nodes getting started
@tracker All nodes finishes job
Trial 10 finished with value: 0.96157 and parameters: {'objective': 'multi:softprob', 'num_class': 6, 'tree_method': 'gpu_hist', 'lambda': 9.872415030249641, 'alpha': 0.8832584232667806, 'colsample_bytree': 0.4262972851288453, 'subsample': 0.8804369020082213, 'learning_rate': 0.07719452035000089, 'max_depth': 9, 'min_child_weight': 98, 'eval_metric': 'mlogloss'}. Best is trial 4 with value: 0.9616675.
start listen on 192.168.1.101:36163
@tracker All of 3 nodes getting started
@tracker All nodes finishes job
Trial 11 finished with value: 0.9616325 and parameters: {'objective': 'multi:softprob', 'num_class': 6, 'tree_method': 'gpu_hist', 'lambda': 6.994417337757602, 'alpha': 0.8401705670285656, 'colsample_bytree': 0.4305894980344166, 'subsample': 0.8472505012380034, 'learning_rate': 0.09345448673277529, 'max_depth': 9, 'min_child_weight': 90, 'eval_metric': 'mlogloss'}. Best is trial 4 with value: 0.9616675.
start listen on 192.168.1.101:51671
@tracker All of 3 nodes getting started
@tracker All nodes finishes job
Trial 12 finished with value: 0.96169125 and parameters: {'objective': 'multi:softprob', 'num_class': 6, 'tree_method': 'gpu_hist', 'lambda': 0.393242280831084, 'alpha': 0.8972143695758804, 'colsample_bytree': 0.43583123971221105, 'subsample': 0.8374141911468505, 'learning_rate': 0.08933562897492472, 'max_depth': 9, 'min_child_weight': 89, 'eval_metric': 'mlogloss'}. Best is trial 12 with value: 0.96169125.
start listen on 192.168.1.101:33467
@tracker All of 3 nodes getting started
@tracker All nodes finishes job
Trial 13 finished with value: 0.96062125 and parameters: {'objective': 'multi:softprob', 'num_class': 6, 'tree_method': 'gpu_hist', 'lambda': 0.3888306478053282, 'alpha': 1.0703566868972831, 'colsample_bytree': 0.43840221909217236, 'subsample': 0.7749523769584872, 'learning_rate': 0.021871571474005813, 'max_depth': 17, 'min_child_weight': 85, 'eval_metric': 'mlogloss'}. Best is trial 12 with value: 0.96169125.
start listen on 192.168.1.101:41785
@tracker All of 3 nodes getting started
@tracker All nodes finishes job
Trial 14 finished with value: 0.95761875 and parameters: {'objective': 'multi:softprob', 'num_class': 6, 'tree_method': 'gpu_hist', 'lambda': 0.6219250320038346, 'alpha': 8.589570533011376, 'colsample_bytree': 0.6953840231524396, 'subsample': 0.9942077286448463, 'learning_rate': 0.03665760181512942, 'max_depth': 5, 'min_child_weight': 149, 'eval_metric': 'mlogloss'}. Best is trial 12 with value: 0.96169125.
start listen on 192.168.1.101:52809
@tracker All of 3 nodes getting started
@tracker All nodes finishes job
Trial 15 finished with value: 0.957695 and parameters: {'objective': 'multi:softprob', 'num_class': 6, 'tree_method': 'gpu_hist', 'lambda': 1.2772425622426362, 'alpha': 0.38819970203009807, 'colsample_bytree': 0.45495565348478206, 'subsample': 0.7290324088459422, 'learning_rate': 0.012438014446423739, 'max_depth': 13, 'min_child_weight': 138, 'eval_metric': 'mlogloss'}. Best is trial 12 with value: 0.96169125.
start listen on 192.168.1.101:38001
@tracker All of 3 nodes getting started
@tracker All nodes finishes job
Trial 16 finished with value: 0.95853625 and parameters: {'objective': 'multi:softprob', 'num_class': 6, 'tree_method': 'gpu_hist', 'lambda': 0.14086115605126281, 'alpha': 2.318069922856255, 'colsample_bytree': 0.6965180308998751, 'subsample': 0.8295555907979587, 'learning_rate': 0.00614720762516601, 'max_depth': 17, 'min_child_weight': 61, 'eval_metric': 'mlogloss'}. Best is trial 12 with value: 0.96169125.
start listen on 192.168.1.101:58745
@tracker All of 3 nodes getting started
@tracker All nodes finishes job
Trial 17 finished with value: 0.96092625 and parameters: {'objective': 'multi:softprob', 'num_class': 6, 'tree_method': 'gpu_hist', 'lambda': 0.0011442706876530425, 'alpha': 2.255698554630711, 'colsample_bytree': 0.3664750147453577, 'subsample': 0.9792925383512903, 'learning_rate': 0.07042574287509336, 'max_depth': 9, 'min_child_weight': 195, 'eval_metric': 'mlogloss'}. Best is trial 12 with value: 0.96169125.
start listen on 192.168.1.101:45965
@tracker All of 3 nodes getting started
@tracker All nodes finishes job
Trial 18 finished with value: 0.96095 and parameters: {'objective': 'multi:softprob', 'num_class': 6, 'tree_method': 'gpu_hist', 'lambda': 1.7019011740350267, 'alpha': 0.441617606922182, 'colsample_bytree': 0.5000251282039296, 'subsample': 0.6857243035307458, 'learning_rate': 0.023643455304689965, 'max_depth': 13, 'min_child_weight': 108, 'eval_metric': 'mlogloss'}. Best is trial 12 with value: 0.96169125.
start listen on 192.168.1.101:48095
@tracker All of 3 nodes getting started
@tracker All nodes finishes job
Trial 19 finished with value: 0.95938125 and parameters: {'objective': 'multi:softprob', 'num_class': 6, 'tree_method': 'gpu_hist', 'lambda': 0.11621751640770109, 'alpha': 0.08194256245753981, 'colsample_bytree': 0.6279492163251772, 'subsample': 0.9216653324661156, 'learning_rate': 0.05493618520709875, 'max_depth': 5, 'min_child_weight': 52, 'eval_metric': 'mlogloss'}. Best is trial 12 with value: 0.96169125.
start listen on 192.168.1.101:44609
@tracker All of 3 nodes getting started
@tracker All nodes finishes job
Trial 20 finished with value: 0.96139375 and parameters: {'objective': 'multi:softprob', 'num_class': 6, 'tree_method': 'gpu_hist', 'lambda': 0.713265477668921, 'alpha': 3.7778156542350034, 'colsample_bytree': 0.3716028457070546, 'subsample': 0.7972258897551312, 'learning_rate': 0.0996168748470599, 'max_depth': 11, 'min_child_weight': 122, 'eval_metric': 'mlogloss'}. Best is trial 12 with value: 0.96169125.
start listen on 192.168.1.101:44263
@tracker All of 3 nodes getting started
@tracker All nodes finishes job
Trial 21 finished with value: 0.9615675 and parameters: {'objective': 'multi:softprob', 'num_class': 6, 'tree_method': 'gpu_hist', 'lambda': 7.076707285746374, 'alpha': 0.7485668637904339, 'colsample_bytree': 0.42482901738412315, 'subsample': 0.8764884577393368, 'learning_rate': 0.08847034026568185, 'max_depth': 9, 'min_child_weight': 74, 'eval_metric': 'mlogloss'}. Best is trial 12 with value: 0.96169125.
start listen on 192.168.1.101:34693
@tracker All of 3 nodes getting started
@tracker All nodes finishes job
Trial 22 finished with value: 0.961335 and parameters: {'objective': 'multi:softprob', 'num_class': 6, 'tree_method': 'gpu_hist', 'lambda': 4.301567215441169, 'alpha': 1.3533516688763862, 'colsample_bytree': 0.48743500955904945, 'subsample': 0.7089937568838819, 'learning_rate': 0.03540681994677065, 'max_depth': 9, 'min_child_weight': 44, 'eval_metric': 'mlogloss'}. Best is trial 12 with value: 0.96169125.
start listen on 192.168.1.101:45525
@tracker All of 3 nodes getting started
@tracker All nodes finishes job
Trial 23 finished with value: 0.96129 and parameters: {'objective': 'multi:softprob', 'num_class': 6, 'tree_method': 'gpu_hist', 'lambda': 0.24326754089808836, 'alpha': 0.5663757068494784, 'colsample_bytree': 0.38983741860040527, 'subsample': 0.7616487707353391, 'learning_rate': 0.06114763772392236, 'max_depth': 9, 'min_child_weight': 87, 'eval_metric': 'mlogloss'}. Best is trial 12 with value: 0.96169125.
start listen on 192.168.1.101:40799
@tracker All of 3 nodes getting started
@tracker All nodes finishes job
Trial 24 finished with value: 0.96087375 and parameters: {'objective': 'multi:softprob', 'num_class': 6, 'tree_method': 'gpu_hist', 'lambda': 3.607439129342404, 'alpha': 0.1921469042345872, 'colsample_bytree': 0.5956770865993193, 'subsample': 0.8402912507996474, 'learning_rate': 0.017818298859570127, 'max_depth': 15, 'min_child_weight': 122, 'eval_metric': 'mlogloss'}. Best is trial 12 with value: 0.96169125.
start listen on 192.168.1.101:54933
@tracker All of 3 nodes getting started
@tracker All nodes finishes job
Trial 25 finished with value: 0.95922 and parameters: {'objective': 'multi:softprob', 'num_class': 6, 'tree_method': 'gpu_hist', 'lambda': 0.917518602664488, 'alpha': 9.532810345648702, 'colsample_bytree': 0.4779491236044227, 'subsample': 0.563361628184304, 'learning_rate': 0.032470624584311235, 'max_depth': 7, 'min_child_weight': 33, 'eval_metric': 'mlogloss'}. Best is trial 12 with value: 0.96169125.
start listen on 192.168.1.101:33253
@tracker All of 3 nodes getting started
@tracker All nodes finishes job
Trial 26 finished with value: 0.9536175 and parameters: {'objective': 'multi:softprob', 'num_class': 6, 'tree_method': 'gpu_hist', 'lambda': 0.07387469347756388, 'alpha': 1.8300597585014835, 'colsample_bytree': 0.39817025863552674, 'subsample': 0.6710768934266192, 'learning_rate': 0.09473722729716093, 'max_depth': 3, 'min_child_weight': 69, 'eval_metric': 'mlogloss'}. Best is trial 12 with value: 0.96169125.
start listen on 192.168.1.101:59133
@tracker All of 3 nodes getting started
@tracker All nodes finishes job
Trial 27 finished with value: 0.9602225 and parameters: {'objective': 'multi:softprob', 'num_class': 6, 'tree_method': 'gpu_hist', 'lambda': 0.016412782172943802, 'alpha': 4.908032124626543, 'colsample_bytree': 0.3047645412610437, 'subsample': 0.9353794017845477, 'learning_rate': 0.053964755119644874, 'max_depth': 17, 'min_child_weight': 183, 'eval_metric': 'mlogloss'}. Best is trial 12 with value: 0.96169125.
start listen on 192.168.1.101:46543
@tracker All of 3 nodes getting started
@tracker All nodes finishes job
Trial 28 finished with value: 0.95977125 and parameters: {'objective': 'multi:softprob', 'num_class': 6, 'tree_method': 'gpu_hist', 'lambda': 0.16103872326964455, 'alpha': 0.3257338074907872, 'colsample_bytree': 0.6939523942264663, 'subsample': 0.7420139353436813, 'learning_rate': 0.017631173917576067, 'max_depth': 9, 'min_child_weight': 109, 'eval_metric': 'mlogloss'}. Best is trial 12 with value: 0.96169125.
start listen on 192.168.1.101:34881
@tracker All of 3 nodes getting started
@tracker All nodes finishes job
Trial 29 finished with value: 0.954555 and parameters: {'objective': 'multi:softprob', 'num_class': 6, 'tree_method': 'gpu_hist', 'lambda': 0.6055041344200255, 'alpha': 0.12319542655419771, 'colsample_bytree': 0.584565341235787, 'subsample': 0.6416053562443784, 'learning_rate': 0.0072543323693936785, 'max_depth': 9, 'min_child_weight': 2, 'eval_metric': 'mlogloss'}. Best is trial 12 with value: 0.96169125.
start listen on 192.168.1.101:42363
@tracker All of 3 nodes getting started
@tracker All nodes finishes job
Trial 30 finished with value: 0.94675375 and parameters: {'objective': 'multi:softprob', 'num_class': 6, 'tree_method': 'gpu_hist', 'lambda': 2.7283522542510497, 'alpha': 1.1703908046884266, 'colsample_bytree': 0.4883861353201057, 'subsample': 0.5682225654400344, 'learning_rate': 0.004548123223187619, 'max_depth': 17, 'min_child_weight': 74, 'eval_metric': 'mlogloss'}. Best is trial 12 with value: 0.96169125.
start listen on 192.168.1.101:57919
@tracker All of 3 nodes getting started
@tracker All nodes finishes job
Trial 31 finished with value: 0.96160125 and parameters: {'objective': 'multi:softprob', 'num_class': 6, 'tree_method': 'gpu_hist', 'lambda': 9.394601169694596, 'alpha': 0.7429916572944765, 'colsample_bytree': 0.4359771799783082, 'subsample': 0.8785896157776467, 'learning_rate': 0.07868895094085934, 'max_depth': 9, 'min_child_weight': 95, 'eval_metric': 'mlogloss'}. Best is trial 12 with value: 0.96169125.
start listen on 192.168.1.101:39141
@tracker All of 3 nodes getting started
@tracker All nodes finishes job
Trial 32 finished with value: 0.96184 and parameters: {'objective': 'multi:softprob', 'num_class': 6, 'tree_method': 'gpu_hist', 'lambda': 5.118681140460582, 'alpha': 0.6652954024453311, 'colsample_bytree': 0.5269970264519854, 'subsample': 0.8158974140455597, 'learning_rate': 0.07273508000109458, 'max_depth': 9, 'min_child_weight': 34, 'eval_metric': 'mlogloss'}. Best is trial 32 with value: 0.96184.
start listen on 192.168.1.101:39879
@tracker All of 3 nodes getting started
@tracker All nodes finishes job
Trial 33 finished with value: 0.94874625 and parameters: {'objective': 'multi:softprob', 'num_class': 6, 'tree_method': 'gpu_hist', 'lambda': 4.675740722321002, 'alpha': 0.264325390798977, 'colsample_bytree': 0.5187163380170126, 'subsample': 0.8181779530810097, 'learning_rate': 0.043176592509784215, 'max_depth': 3, 'min_child_weight': 31, 'eval_metric': 'mlogloss'}. Best is trial 32 with value: 0.96184.
start listen on 192.168.1.101:60899
@tracker All of 3 nodes getting started
@tracker All nodes finishes job
Trial 34 finished with value: 0.9620025 and parameters: {'objective': 'multi:softprob', 'num_class': 6, 'tree_method': 'gpu_hist', 'lambda': 1.7312391566835428, 'alpha': 1.5472212653649058, 'colsample_bytree': 0.5629155882312001, 'subsample': 0.9154613077760954, 'learning_rate': 0.06865444044976592, 'max_depth': 9, 'min_child_weight': 22, 'eval_metric': 'mlogloss'}. Best is trial 34 with value: 0.9620025.
start listen on 192.168.1.101:42063
@tracker All of 3 nodes getting started
@tracker All nodes finishes job
Trial 35 finished with value: 0.9276325 and parameters: {'objective': 'multi:softprob', 'num_class': 6, 'tree_method': 'gpu_hist', 'lambda': 0.33987855805542083, 'alpha': 4.949520473131084, 'colsample_bytree': 0.56719832317825, 'subsample': 0.9437347035651807, 'learning_rate': 0.0024041783810795627, 'max_depth': 9, 'min_child_weight': 27, 'eval_metric': 'mlogloss'}. Best is trial 34 with value: 0.9620025.
start listen on 192.168.1.101:43281
@tracker All of 3 nodes getting started
@tracker All nodes finishes job
Trial 36 finished with value: 0.96171 and parameters: {'objective': 'multi:softprob', 'num_class': 6, 'tree_method': 'gpu_hist', 'lambda': 1.7688969646053017, 'alpha': 0.004487471748397476, 'colsample_bytree': 0.6668689812783689, 'subsample': 0.792455469122486, 'learning_rate': 0.06401983218908282, 'max_depth': 15, 'min_child_weight': 17, 'eval_metric': 'mlogloss'}. Best is trial 34 with value: 0.9620025.
start listen on 192.168.1.101:36523
@tracker All of 3 nodes getting started
@tracker All nodes finishes job
Trial 37 finished with value: 0.96150125 and parameters: {'objective': 'multi:softprob', 'num_class': 6, 'tree_method': 'gpu_hist', 'lambda': 2.136274447226288, 'alpha': 0.0013978031140239838, 'colsample_bytree': 0.6633764640059315, 'subsample': 0.7892949058494636, 'learning_rate': 0.06177501026207341, 'max_depth': 15, 'min_child_weight': 1, 'eval_metric': 'mlogloss'}. Best is trial 34 with value: 0.9620025.
start listen on 192.168.1.101:43371
@tracker All of 3 nodes getting started
@tracker All nodes finishes job
Trial 38 finished with value: 0.95144375 and parameters: {'objective': 'multi:softprob', 'num_class': 6, 'tree_method': 'gpu_hist', 'lambda': 1.1084500269504172, 'alpha': 0.004344131005077638, 'colsample_bytree': 0.7736923316485697, 'subsample': 0.9104944638735059, 'learning_rate': 0.0014492673025268547, 'max_depth': 15, 'min_child_weight': 23, 'eval_metric': 'mlogloss'}. Best is trial 34 with value: 0.9620025.
start listen on 192.168.1.101:36887
@tracker All of 3 nodes getting started
@tracker All nodes finishes job
Trial 39 finished with value: 0.96184375 and parameters: {'objective': 'multi:softprob', 'num_class': 6, 'tree_method': 'gpu_hist', 'lambda': 1.4018862592729138, 'alpha': 0.030728335568070933, 'colsample_bytree': 0.5497136450037392, 'subsample': 0.8623530004732136, 'learning_rate': 0.045781775549027466, 'max_depth': 15, 'min_child_weight': 55, 'eval_metric': 'mlogloss'}. Best is trial 34 with value: 0.9620025.
start listen on 192.168.1.101:52195
@tracker All of 3 nodes getting started
@tracker All nodes finishes job
Trial 40 finished with value: 0.96171625 and parameters: {'objective': 'multi:softprob', 'num_class': 6, 'tree_method': 'gpu_hist', 'lambda': 1.559301084950884, 'alpha': 0.039420850981709506, 'colsample_bytree': 0.9818487506540394, 'subsample': 0.9551515474104779, 'learning_rate': 0.046772843763924425, 'max_depth': 15, 'min_child_weight': 17, 'eval_metric': 'mlogloss'}. Best is trial 34 with value: 0.9620025.
start listen on 192.168.1.101:43233
@tracker All of 3 nodes getting started
@tracker All nodes finishes job
Trial 41 finished with value: 0.96168625 and parameters: {'objective': 'multi:softprob', 'num_class': 6, 'tree_method': 'gpu_hist', 'lambda': 1.5174208096824735, 'alpha': 0.020987267935773362, 'colsample_bytree': 0.9558975113052943, 'subsample': 0.9672522158940128, 'learning_rate': 0.04474263315096239, 'max_depth': 15, 'min_child_weight': 16, 'eval_metric': 'mlogloss'}. Best is trial 34 with value: 0.9620025.
start listen on 192.168.1.101:44189
@tracker All of 3 nodes getting started
@tracker All nodes finishes job
