Trial 420 finished with value: 0.9489125 and parameters: {'objective': 'multi:softprob', 'num_class': 6, 'tree_method': 'gpu_hist', 'lambda': 3.705174048598427, 'alpha': 0.0024837004905762326, 'colsample_bytree': 0.6787413886565492, 'subsample': 0.6985461933282928, 'learning_rate': 0.0010098081008795162, 'max_depth': 20, 'min_child_weight': 22, 'eval_metric': 'mlogloss'}. Best is trial 195 with value: 0.9621575.
start listen on 192.168.1.101:32865
@tracker All of 3 nodes getting started
@tracker All nodes finishes job
Trial 421 finished with value: 0.9618975 and parameters: {'objective': 'multi:softprob', 'num_class': 6, 'tree_method': 'gpu_hist', 'lambda': 8.169672002328639, 'alpha': 0.00518644744607642, 'colsample_bytree': 0.5986511517153316, 'subsample': 0.6825934715639543, 'learning_rate': 0.01994330078591971, 'max_depth': 20, 'min_child_weight': 15, 'eval_metric': 'mlogloss'}. Best is trial 195 with value: 0.9621575.
start listen on 192.168.1.101:42089
@tracker All of 3 nodes getting started
@tracker All nodes finishes job
Trial 422 finished with value: 0.9619275 and parameters: {'objective': 'multi:softprob', 'num_class': 6, 'tree_method': 'gpu_hist', 'lambda': 6.5512144857038335, 'alpha': 0.003353415412725838, 'colsample_bytree': 0.9429716698719668, 'subsample': 0.653076141029745, 'learning_rate': 0.01758726555015863, 'max_depth': 20, 'min_child_weight': 6, 'eval_metric': 'mlogloss'}. Best is trial 195 with value: 0.9621575.
start listen on 192.168.1.101:56327
@tracker All of 3 nodes getting started
@tracker All nodes finishes job
Trial 423 finished with value: 0.96146375 and parameters: {'objective': 'multi:softprob', 'num_class': 6, 'tree_method': 'gpu_hist', 'lambda': 9.938037079000768, 'alpha': 0.008427537442640822, 'colsample_bytree': 0.6416043878305142, 'subsample': 0.6366666966837948, 'learning_rate': 0.01374464940176563, 'max_depth': 20, 'min_child_weight': 38, 'eval_metric': 'mlogloss'}. Best is trial 195 with value: 0.9621575.
start listen on 192.168.1.101:50667
@tracker All of 3 nodes getting started
@tracker All nodes finishes job
Trial 424 finished with value: 0.961945 and parameters: {'objective': 'multi:softprob', 'num_class': 6, 'tree_method': 'gpu_hist', 'lambda': 0.03291007319945909, 'alpha': 0.01395256571190664, 'colsample_bytree': 0.8887074877234247, 'subsample': 0.6730988533721253, 'learning_rate': 0.015214839574196814, 'max_depth': 20, 'min_child_weight': 26, 'eval_metric': 'mlogloss'}. Best is trial 195 with value: 0.9621575.
start listen on 192.168.1.101:56947
@tracker All of 3 nodes getting started
@tracker All nodes finishes job
Trial 425 finished with value: 0.96206875 and parameters: {'objective': 'multi:softprob', 'num_class': 6, 'tree_method': 'gpu_hist', 'lambda': 8.342808822563041, 'alpha': 0.00687806409398659, 'colsample_bytree': 0.906160249509572, 'subsample': 0.657947500160558, 'learning_rate': 0.016726815458505472, 'max_depth': 20, 'min_child_weight': 18, 'eval_metric': 'mlogloss'}. Best is trial 195 with value: 0.9621575.
start listen on 192.168.1.101:43897
@tracker All of 3 nodes getting started
@tracker All nodes finishes job
Trial 426 finished with value: 0.9619675 and parameters: {'objective': 'multi:softprob', 'num_class': 6, 'tree_method': 'gpu_hist', 'lambda': 0.010084629316190233, 'alpha': 0.007769551955620045, 'colsample_bytree': 0.9863935257065435, 'subsample': 0.6277694518108656, 'learning_rate': 0.01884123136513285, 'max_depth': 17, 'min_child_weight': 11, 'eval_metric': 'mlogloss'}. Best is trial 195 with value: 0.9621575.
start listen on 192.168.1.101:50143
@tracker All of 3 nodes getting started
@tracker All nodes finishes job
Trial 427 finished with value: 0.96147375 and parameters: {'objective': 'multi:softprob', 'num_class': 6, 'tree_method': 'gpu_hist', 'lambda': 7.13370239518537, 'alpha': 0.004145293706171643, 'colsample_bytree': 0.9659016533580603, 'subsample': 0.6907079041066226, 'learning_rate': 0.014367239283972325, 'max_depth': 20, 'min_child_weight': 103, 'eval_metric': 'mlogloss'}. Best is trial 195 with value: 0.9621575.
start listen on 192.168.1.101:49351
@tracker All of 3 nodes getting started
@tracker All nodes finishes job
Trial 428 finished with value: 0.9619175 and parameters: {'objective': 'multi:softprob', 'num_class': 6, 'tree_method': 'gpu_hist', 'lambda': 5.584359025588928, 'alpha': 0.012706504502501822, 'colsample_bytree': 0.929971917334391, 'subsample': 0.6464885474318708, 'learning_rate': 0.021230555166974516, 'max_depth': 20, 'min_child_weight': 5, 'eval_metric': 'mlogloss'}. Best is trial 195 with value: 0.9621575.
start listen on 192.168.1.101:59883
@tracker All of 3 nodes getting started
@tracker All nodes finishes job
Trial 429 finished with value: 0.96101 and parameters: {'objective': 'multi:softprob', 'num_class': 6, 'tree_method': 'gpu_hist', 'lambda': 9.963494792065523, 'alpha': 0.0055731818911973156, 'colsample_bytree': 0.9166815237766619, 'subsample': 0.6752605075268857, 'learning_rate': 0.010831639873751636, 'max_depth': 13, 'min_child_weight': 21, 'eval_metric': 'mlogloss'}. Best is trial 195 with value: 0.9621575.
start listen on 192.168.1.101:40471
@tracker All of 3 nodes getting started
@tracker All nodes finishes job
Trial 430 finished with value: 0.96212625 and parameters: {'objective': 'multi:softprob', 'num_class': 6, 'tree_method': 'gpu_hist', 'lambda': 8.162797841240536, 'alpha': 0.016957304216351315, 'colsample_bytree': 0.9995741033168035, 'subsample': 0.6647585799387791, 'learning_rate': 0.012975077423961978, 'max_depth': 20, 'min_child_weight': 13, 'eval_metric': 'mlogloss'}. Best is trial 195 with value: 0.9621575.
start listen on 192.168.1.101:59185
@tracker All of 3 nodes getting started
@tracker All nodes finishes job
Trial 431 finished with value: 0.9619875 and parameters: {'objective': 'multi:softprob', 'num_class': 6, 'tree_method': 'gpu_hist', 'lambda': 8.106634032127214, 'alpha': 0.011744892526947378, 'colsample_bytree': 0.9606289816574836, 'subsample': 0.6630521305605914, 'learning_rate': 0.016611342599161905, 'max_depth': 20, 'min_child_weight': 31, 'eval_metric': 'mlogloss'}. Best is trial 195 with value: 0.9621575.
start listen on 192.168.1.101:53153
@tracker All of 3 nodes getting started
@tracker All nodes finishes job
Trial 432 finished with value: 0.9619875 and parameters: {'objective': 'multi:softprob', 'num_class': 6, 'tree_method': 'gpu_hist', 'lambda': 6.384925308794554, 'alpha': 0.01694512047138125, 'colsample_bytree': 0.985150021091986, 'subsample': 0.6841579675175976, 'learning_rate': 0.012866093966542416, 'max_depth': 20, 'min_child_weight': 14, 'eval_metric': 'mlogloss'}. Best is trial 195 with value: 0.9621575.
start listen on 192.168.1.101:59323
@tracker All of 3 nodes getting started
@tracker All nodes finishes job
Trial 433 finished with value: 0.961985 and parameters: {'objective': 'multi:softprob', 'num_class': 6, 'tree_method': 'gpu_hist', 'lambda': 8.16953828579013, 'alpha': 0.010034343571272043, 'colsample_bytree': 0.9845813383801403, 'subsample': 0.6644035101392296, 'learning_rate': 0.018290165483708216, 'max_depth': 20, 'min_child_weight': 23, 'eval_metric': 'mlogloss'}. Best is trial 195 with value: 0.9621575.
start listen on 192.168.1.101:43377
@tracker All of 3 nodes getting started
@tracker All nodes finishes job
Trial 434 finished with value: 0.96203 and parameters: {'objective': 'multi:softprob', 'num_class': 6, 'tree_method': 'gpu_hist', 'lambda': 8.48717830862275, 'alpha': 0.014335636915854459, 'colsample_bytree': 0.9991367531740359, 'subsample': 0.6507793764365694, 'learning_rate': 0.014882026457701794, 'max_depth': 20, 'min_child_weight': 18, 'eval_metric': 'mlogloss'}. Best is trial 195 with value: 0.9621575.
start listen on 192.168.1.101:35373
@tracker All of 3 nodes getting started
@tracker All nodes finishes job
Trial 435 finished with value: 0.9606675 and parameters: {'objective': 'multi:softprob', 'num_class': 6, 'tree_method': 'gpu_hist', 'lambda': 5.092569430496979, 'alpha': 0.016026161639292553, 'colsample_bytree': 0.9980117808232202, 'subsample': 0.6981996448830455, 'learning_rate': 0.008429335657967411, 'max_depth': 20, 'min_child_weight': 78, 'eval_metric': 'mlogloss'}. Best is trial 195 with value: 0.9621575.
start listen on 192.168.1.101:47195
@tracker All of 3 nodes getting started
@tracker All nodes finishes job
Trial 436 finished with value: 0.96043875 and parameters: {'objective': 'multi:softprob', 'num_class': 6, 'tree_method': 'gpu_hist', 'lambda': 9.94085238318884, 'alpha': 0.004657621797353717, 'colsample_bytree': 0.9731427260471899, 'subsample': 0.6753751312597471, 'learning_rate': 0.01588713335982255, 'max_depth': 9, 'min_child_weight': 12, 'eval_metric': 'mlogloss'}. Best is trial 195 with value: 0.9621575.
start listen on 192.168.1.101:42427
@tracker All of 3 nodes getting started
@tracker All nodes finishes job
Trial 437 finished with value: 0.96203625 and parameters: {'objective': 'multi:softprob', 'num_class': 6, 'tree_method': 'gpu_hist', 'lambda': 6.867039526627766, 'alpha': 0.01855422222199609, 'colsample_bytree': 0.9703555442864928, 'subsample': 0.6567239340005274, 'learning_rate': 0.019414235038884037, 'max_depth': 20, 'min_child_weight': 27, 'eval_metric': 'mlogloss'}. Best is trial 195 with value: 0.9621575.
start listen on 192.168.1.101:50459
@tracker All of 3 nodes getting started
@tracker All nodes finishes job
Trial 438 finished with value: 0.93338125 and parameters: {'objective': 'multi:softprob', 'num_class': 6, 'tree_method': 'gpu_hist', 'lambda': 8.44120991043892, 'alpha': 0.012495718681738294, 'colsample_bytree': 0.9889210087000522, 'subsample': 0.6676814318044345, 'learning_rate': 0.012002218996549342, 'max_depth': 3, 'min_child_weight': 7, 'eval_metric': 'mlogloss'}. Best is trial 195 with value: 0.9621575.
start listen on 192.168.1.101:57561
@tracker All of 3 nodes getting started
@tracker All nodes finishes job
Trial 439 finished with value: 0.96181375 and parameters: {'objective': 'multi:softprob', 'num_class': 6, 'tree_method': 'gpu_hist', 'lambda': 6.2145459531951435, 'alpha': 0.003124915464071965, 'colsample_bytree': 0.945156670896953, 'subsample': 0.47151819824821634, 'learning_rate': 0.023202342085476432, 'max_depth': 20, 'min_child_weight': 1, 'eval_metric': 'mlogloss'}. Best is trial 195 with value: 0.9621575.
start listen on 192.168.1.101:52751
@tracker All of 3 nodes getting started
@tracker All nodes finishes job
Trial 440 finished with value: 0.9620975 and parameters: {'objective': 'multi:softprob', 'num_class': 6, 'tree_method': 'gpu_hist', 'lambda': 9.961192503885364, 'alpha': 0.4968050988623516, 'colsample_bytree': 0.8950839996181769, 'subsample': 0.6835964592594295, 'learning_rate': 0.013656129057342105, 'max_depth': 20, 'min_child_weight': 17, 'eval_metric': 'mlogloss'}. Best is trial 195 with value: 0.9621575.
start listen on 192.168.1.101:46239
@tracker All of 3 nodes getting started
@tracker All nodes finishes job
Trial 441 finished with value: 0.96197 and parameters: {'objective': 'multi:softprob', 'num_class': 6, 'tree_method': 'gpu_hist', 'lambda': 7.375382012039203, 'alpha': 1.9311421607493573, 'colsample_bytree': 0.9993835724730952, 'subsample': 0.6905103054161543, 'learning_rate': 0.01716218628417937, 'max_depth': 20, 'min_child_weight': 22, 'eval_metric': 'mlogloss'}. Best is trial 195 with value: 0.9621575.
start listen on 192.168.1.101:60819
@tracker All of 3 nodes getting started
@tracker All nodes finishes job
Trial 442 finished with value: 0.96186875 and parameters: {'objective': 'multi:softprob', 'num_class': 6, 'tree_method': 'gpu_hist', 'lambda': 9.99497552599211, 'alpha': 0.22549786384672935, 'colsample_bytree': 0.8891665666947679, 'subsample': 0.7118477372513928, 'learning_rate': 0.014450513046464653, 'max_depth': 20, 'min_child_weight': 33, 'eval_metric': 'mlogloss'}. Best is trial 195 with value: 0.9621575.
start listen on 192.168.1.101:40007
@tracker All of 3 nodes getting started
@tracker All nodes finishes job
Trial 443 finished with value: 0.96200125 and parameters: {'objective': 'multi:softprob', 'num_class': 6, 'tree_method': 'gpu_hist', 'lambda': 7.346176289849861, 'alpha': 0.05693367474732835, 'colsample_bytree': 0.8929626987132496, 'subsample': 0.6840388872414038, 'learning_rate': 0.020022151790449846, 'max_depth': 20, 'min_child_weight': 18, 'eval_metric': 'mlogloss'}. Best is trial 195 with value: 0.9621575.
start listen on 192.168.1.101:42719
@tracker All of 3 nodes getting started
@tracker All nodes finishes job
Trial 444 finished with value: 0.96202 and parameters: {'objective': 'multi:softprob', 'num_class': 6, 'tree_method': 'gpu_hist', 'lambda': 0.002770032461485674, 'alpha': 0.2959931394156279, 'colsample_bytree': 0.9559761202622484, 'subsample': 0.6428218054220928, 'learning_rate': 0.01753203981171407, 'max_depth': 20, 'min_child_weight': 28, 'eval_metric': 'mlogloss'}. Best is trial 195 with value: 0.9621575.
start listen on 192.168.1.101:53957
@tracker All of 3 nodes getting started
@tracker All nodes finishes job
Trial 445 finished with value: 0.9620275 and parameters: {'objective': 'multi:softprob', 'num_class': 6, 'tree_method': 'gpu_hist', 'lambda': 8.4846017079746, 'alpha': 0.008122087104686359, 'colsample_bytree': 0.9774839997892285, 'subsample': 0.706026167518024, 'learning_rate': 0.015670882916593545, 'max_depth': 20, 'min_child_weight': 14, 'eval_metric': 'mlogloss'}. Best is trial 195 with value: 0.9621575.
start listen on 192.168.1.101:54183
@tracker All of 3 nodes getting started
@tracker All nodes finishes job
Trial 446 finished with value: 0.9621 and parameters: {'objective': 'multi:softprob', 'num_class': 6, 'tree_method': 'gpu_hist', 'lambda': 4.4557109077657655, 'alpha': 0.5497942079364867, 'colsample_bytree': 0.9378401495873842, 'subsample': 0.6239195475512445, 'learning_rate': 0.021080681721431772, 'max_depth': 20, 'min_child_weight': 23, 'eval_metric': 'mlogloss'}. Best is trial 195 with value: 0.9621575.
start listen on 192.168.1.101:53995
@tracker All of 3 nodes getting started
@tracker All nodes finishes job
Trial 447 finished with value: 0.95763375 and parameters: {'objective': 'multi:softprob', 'num_class': 6, 'tree_method': 'gpu_hist', 'lambda': 4.177091891231484, 'alpha': 0.6479294204554442, 'colsample_bytree': 0.928567437574851, 'subsample': 0.6192300027015719, 'learning_rate': 0.0138646848174638, 'max_depth': 7, 'min_child_weight': 36, 'eval_metric': 'mlogloss'}. Best is trial 195 with value: 0.9621575.
start listen on 192.168.1.101:47183
@tracker All of 3 nodes getting started
@tracker All nodes finishes job
Trial 448 finished with value: 0.95598625 and parameters: {'objective': 'multi:softprob', 'num_class': 6, 'tree_method': 'gpu_hist', 'lambda': 3.8156177377577896, 'alpha': 0.4764479417694715, 'colsample_bytree': 0.9411179993163468, 'subsample': 0.6277639874293436, 'learning_rate': 0.02245800032863804, 'max_depth': 5, 'min_child_weight': 25, 'eval_metric': 'mlogloss'}. Best is trial 195 with value: 0.9621575.
start listen on 192.168.1.101:43141
@tracker All of 3 nodes getting started
@tracker All nodes finishes job
Trial 449 finished with value: 0.96206 and parameters: {'objective': 'multi:softprob', 'num_class': 6, 'tree_method': 'gpu_hist', 'lambda': 4.585771240302892, 'alpha': 0.6252378771833005, 'colsample_bytree': 0.9502388409870991, 'subsample': 0.6113376160989984, 'learning_rate': 0.015823658207922968, 'max_depth': 20, 'min_child_weight': 21, 'eval_metric': 'mlogloss'}. Best is trial 195 with value: 0.9621575.
start listen on 192.168.1.101:58783
@tracker All of 3 nodes getting started
@tracker All nodes finishes job
Trial 450 finished with value: 0.95777 and parameters: {'objective': 'multi:softprob', 'num_class': 6, 'tree_method': 'gpu_hist', 'lambda': 5.131851209953604, 'alpha': 0.3874854447149786, 'colsample_bytree': 0.3612917432942337, 'subsample': 0.49530869158601665, 'learning_rate': 0.017375001504776375, 'max_depth': 20, 'min_child_weight': 29, 'eval_metric': 'mlogloss'}. Best is trial 195 with value: 0.9621575.
start listen on 192.168.1.101:41971
@tracker All of 3 nodes getting started
@tracker All nodes finishes job
Trial 451 finished with value: 0.96072 and parameters: {'objective': 'multi:softprob', 'num_class': 6, 'tree_method': 'gpu_hist', 'lambda': 5.655460446451514, 'alpha': 0.003931931889712028, 'colsample_bytree': 0.9351119595913167, 'subsample': 0.6525017152535628, 'learning_rate': 0.01231147570407094, 'max_depth': 11, 'min_child_weight': 21, 'eval_metric': 'mlogloss'}. Best is trial 195 with value: 0.9621575.
start listen on 192.168.1.101:38319
@tracker All of 3 nodes getting started
@tracker All nodes finishes job
Trial 452 finished with value: 0.961845 and parameters: {'objective': 'multi:softprob', 'num_class': 6, 'tree_method': 'gpu_hist', 'lambda': 5.92408423004993, 'alpha': 0.7933962296632853, 'colsample_bytree': 0.9658003564801164, 'subsample': 0.6799516444025726, 'learning_rate': 0.014838836863053411, 'max_depth': 20, 'min_child_weight': 42, 'eval_metric': 'mlogloss'}. Best is trial 195 with value: 0.9621575.
start listen on 192.168.1.101:35851
@tracker All of 3 nodes getting started
@tracker All nodes finishes job
Trial 453 finished with value: 0.96014625 and parameters: {'objective': 'multi:softprob', 'num_class': 6, 'tree_method': 'gpu_hist', 'lambda': 3.474903416700932, 'alpha': 2.677299553718795, 'colsample_bytree': 0.9206494335474075, 'subsample': 0.6269023190080769, 'learning_rate': 0.011004026644000338, 'max_depth': 20, 'min_child_weight': 219, 'eval_metric': 'mlogloss'}. Best is trial 195 with value: 0.9621575.
start listen on 192.168.1.101:34917
@tracker All of 3 nodes getting started
@tracker All nodes finishes job
Trial 454 finished with value: 0.96120625 and parameters: {'objective': 'multi:softprob', 'num_class': 6, 'tree_method': 'gpu_hist', 'lambda': 4.623505772693207, 'alpha': 0.3172501072973418, 'colsample_bytree': 0.9022325781806715, 'subsample': 0.6656136867377058, 'learning_rate': 0.021488479784190332, 'max_depth': 20, 'min_child_weight': 248, 'eval_metric': 'mlogloss'}. Best is trial 195 with value: 0.9621575.
start listen on 192.168.1.101:43223
@tracker All of 3 nodes getting started
@tracker All nodes finishes job
Trial 455 finished with value: 0.96205875 and parameters: {'objective': 'multi:softprob', 'num_class': 6, 'tree_method': 'gpu_hist', 'lambda': 6.779531743267046, 'alpha': 0.6094369176439234, 'colsample_bytree': 0.944124201035099, 'subsample': 0.6435255404170824, 'learning_rate': 0.018501010180159042, 'max_depth': 17, 'min_child_weight': 16, 'eval_metric': 'mlogloss'}. Best is trial 195 with value: 0.9621575.
start listen on 192.168.1.101:56117
@tracker All of 3 nodes getting started
@tracker All nodes finishes job
Trial 456 finished with value: 0.9619775 and parameters: {'objective': 'multi:softprob', 'num_class': 6, 'tree_method': 'gpu_hist', 'lambda': 5.297841409839107, 'alpha': 0.39270870072847486, 'colsample_bytree': 0.9212351356678308, 'subsample': 0.5690343233725823, 'learning_rate': 0.013517131504498863, 'max_depth': 20, 'min_child_weight': 25, 'eval_metric': 'mlogloss'}. Best is trial 195 with value: 0.9621575.
start listen on 192.168.1.101:40011
@tracker All of 3 nodes getting started
@tracker All nodes finishes job
Trial 457 finished with value: 0.9620225 and parameters: {'objective': 'multi:softprob', 'num_class': 6, 'tree_method': 'gpu_hist', 'lambda': 0.3922171674101065, 'alpha': 0.010475823904036093, 'colsample_bytree': 0.955861321591318, 'subsample': 0.689953045989131, 'learning_rate': 0.016389272654341903, 'max_depth': 20, 'min_child_weight': 12, 'eval_metric': 'mlogloss'}. Best is trial 195 with value: 0.9621575.
start listen on 192.168.1.101:47889
@tracker All of 3 nodes getting started
@tracker All nodes finishes job
Trial 458 finished with value: 0.961475 and parameters: {'objective': 'multi:softprob', 'num_class': 6, 'tree_method': 'gpu_hist', 'lambda': 6.872038540966565, 'alpha': 0.012590838344999963, 'colsample_bytree': 0.9751010735813888, 'subsample': 0.6567728349106816, 'learning_rate': 0.007439926832397965, 'max_depth': 20, 'min_child_weight': 17, 'eval_metric': 'mlogloss'}. Best is trial 195 with value: 0.9621575.
start listen on 192.168.1.101:59695
@tracker All of 3 nodes getting started
@tracker All nodes finishes job
Trial 459 finished with value: 0.96197125 and parameters: {'objective': 'multi:softprob', 'num_class': 6, 'tree_method': 'gpu_hist', 'lambda': 9.993536227186013, 'alpha': 0.014663062282568003, 'colsample_bytree': 0.9012319355867296, 'subsample': 0.6761291250011703, 'learning_rate': 0.024622416712887882, 'max_depth': 20, 'min_child_weight': 11, 'eval_metric': 'mlogloss'}. Best is trial 195 with value: 0.9621575.
start listen on 192.168.1.101:46991
@tracker All of 3 nodes getting started
@tracker All nodes finishes job
Trial 460 finished with value: 0.9615725 and parameters: {'objective': 'multi:softprob', 'num_class': 6, 'tree_method': 'gpu_hist', 'lambda': 9.995119149278061, 'alpha': 1.001538164766804, 'colsample_bytree': 0.9334880748634723, 'subsample': 0.7005453257629422, 'learning_rate': 0.014607286160677715, 'max_depth': 13, 'min_child_weight': 28, 'eval_metric': 'mlogloss'}. Best is trial 195 with value: 0.9621575.
start listen on 192.168.1.101:58511
@tracker All of 3 nodes getting started
@tracker All nodes finishes job
Trial 461 finished with value: 0.96217 and parameters: {'objective': 'multi:softprob', 'num_class': 6, 'tree_method': 'gpu_hist', 'lambda': 7.49591937734163, 'alpha': 4.357864960939451, 'colsample_bytree': 0.9182977656032046, 'subsample': 0.6325831294540261, 'learning_rate': 0.018165383204504608, 'max_depth': 20, 'min_child_weight': 20, 'eval_metric': 'mlogloss'}. Best is trial 461 with value: 0.96217.
start listen on 192.168.1.101:53141
@tracker All of 3 nodes getting started
@tracker All nodes finishes job
