Trial 756 finished with value: 0.9620025 and parameters: {'objective': 'multi:softprob', 'num_class': 6, 'tree_method': 'gpu_hist', 'lambda': 0.7425147740797936, 'alpha': 0.002143155226192517, 'colsample_bytree': 0.9057619317405329, 'subsample': 0.6490096580317171, 'learning_rate': 0.013874206333635368, 'max_depth': 20, 'min_child_weight': 9, 'eval_metric': 'mlogloss'}. Best is trial 461 with value: 0.96217.
start listen on 192.168.1.101:38045
@tracker All of 3 nodes getting started
@tracker All nodes finishes job
Trial 757 finished with value: 0.96202125 and parameters: {'objective': 'multi:softprob', 'num_class': 6, 'tree_method': 'gpu_hist', 'lambda': 5.024356368379704, 'alpha': 0.02833125778153875, 'colsample_bytree': 0.9305161955878799, 'subsample': 0.5818341292281779, 'learning_rate': 0.021279473711074727, 'max_depth': 20, 'min_child_weight': 27, 'eval_metric': 'mlogloss'}. Best is trial 461 with value: 0.96217.
start listen on 192.168.1.101:57811
@tracker All of 3 nodes getting started
@tracker All nodes finishes job
Trial 758 finished with value: 0.9618775 and parameters: {'objective': 'multi:softprob', 'num_class': 6, 'tree_method': 'gpu_hist', 'lambda': 1.357981450837966, 'alpha': 0.037699798434215434, 'colsample_bytree': 0.9773585061524533, 'subsample': 0.6335719114724643, 'learning_rate': 0.024185637682408112, 'max_depth': 20, 'min_child_weight': 20, 'eval_metric': 'mlogloss'}. Best is trial 461 with value: 0.96217.
start listen on 192.168.1.101:47763
@tracker All of 3 nodes getting started
@tracker All nodes finishes job
Trial 759 finished with value: 0.96204625 and parameters: {'objective': 'multi:softprob', 'num_class': 6, 'tree_method': 'gpu_hist', 'lambda': 6.653226197940883, 'alpha': 1.1532027498242732, 'colsample_bytree': 0.8000293494234817, 'subsample': 0.6188983369255434, 'learning_rate': 0.019322755030672177, 'max_depth': 20, 'min_child_weight': 15, 'eval_metric': 'mlogloss'}. Best is trial 461 with value: 0.96217.
start listen on 192.168.1.101:45703
@tracker All of 3 nodes getting started
@tracker All nodes finishes job
Trial 760 finished with value: 0.96203 and parameters: {'objective': 'multi:softprob', 'num_class': 6, 'tree_method': 'gpu_hist', 'lambda': 9.996911402193975, 'alpha': 0.002848895895354205, 'colsample_bytree': 0.8706853367733614, 'subsample': 0.6633081480479825, 'learning_rate': 0.01531170217545933, 'max_depth': 20, 'min_child_weight': 7, 'eval_metric': 'mlogloss'}. Best is trial 461 with value: 0.96217.
start listen on 192.168.1.101:52367
@tracker All of 3 nodes getting started
@tracker All nodes finishes job
Trial 761 finished with value: 0.95841375 and parameters: {'objective': 'multi:softprob', 'num_class': 6, 'tree_method': 'gpu_hist', 'lambda': 8.526035908653853, 'alpha': 0.002929715884900232, 'colsample_bytree': 0.8873527751564648, 'subsample': 0.6784946326096375, 'learning_rate': 0.015903238808433903, 'max_depth': 7, 'min_child_weight': 1, 'eval_metric': 'mlogloss'}. Best is trial 461 with value: 0.96217.
start listen on 192.168.1.101:33791
@tracker All of 3 nodes getting started
@tracker All nodes finishes job
Trial 762 finished with value: 0.96193875 and parameters: {'objective': 'multi:softprob', 'num_class': 6, 'tree_method': 'gpu_hist', 'lambda': 0.9604520392349971, 'alpha': 0.016552264164914617, 'colsample_bytree': 0.9639972775244, 'subsample': 0.400034958160038, 'learning_rate': 0.017690168539217333, 'max_depth': 20, 'min_child_weight': 23, 'eval_metric': 'mlogloss'}. Best is trial 461 with value: 0.96217.
start listen on 192.168.1.101:44187
@tracker All of 3 nodes getting started
@tracker All nodes finishes job
Trial 763 finished with value: 0.962065 and parameters: {'objective': 'multi:softprob', 'num_class': 6, 'tree_method': 'gpu_hist', 'lambda': 8.472488793318437, 'alpha': 0.0019278633816074654, 'colsample_bytree': 0.9000435060932598, 'subsample': 0.652647881619851, 'learning_rate': 0.013735358181619518, 'max_depth': 20, 'min_child_weight': 12, 'eval_metric': 'mlogloss'}. Best is trial 461 with value: 0.96217.
start listen on 192.168.1.101:48135
@tracker All of 3 nodes getting started
@tracker All nodes finishes job
Trial 764 finished with value: 0.9496225 and parameters: {'objective': 'multi:softprob', 'num_class': 6, 'tree_method': 'gpu_hist', 'lambda': 7.35992885945438, 'alpha': 0.003369268897103976, 'colsample_bytree': 0.9164486863551127, 'subsample': 0.6629771632299112, 'learning_rate': 0.012213614576071886, 'max_depth': 5, 'min_child_weight': 16, 'eval_metric': 'mlogloss'}. Best is trial 461 with value: 0.96217.
start listen on 192.168.1.101:40287
@tracker All of 3 nodes getting started
@tracker All nodes finishes job
Trial 765 finished with value: 0.9620125 and parameters: {'objective': 'multi:softprob', 'num_class': 6, 'tree_method': 'gpu_hist', 'lambda': 5.764686284146191, 'alpha': 0.022342393298306753, 'colsample_bytree': 0.9431047756020827, 'subsample': 0.6119888086551802, 'learning_rate': 0.017656827063337356, 'max_depth': 20, 'min_child_weight': 29, 'eval_metric': 'mlogloss'}. Best is trial 461 with value: 0.96217.
start listen on 192.168.1.101:59587
@tracker All of 3 nodes getting started
@tracker All nodes finishes job
Trial 766 finished with value: 0.96201875 and parameters: {'objective': 'multi:softprob', 'num_class': 6, 'tree_method': 'gpu_hist', 'lambda': 3.6036500637649254, 'alpha': 0.013126152569587095, 'colsample_bytree': 0.955170848969174, 'subsample': 0.6358006775831807, 'learning_rate': 0.021974319510500447, 'max_depth': 20, 'min_child_weight': 21, 'eval_metric': 'mlogloss'}. Best is trial 461 with value: 0.96217.
start listen on 192.168.1.101:32971
@tracker All of 3 nodes getting started
@tracker All nodes finishes job
Trial 767 finished with value: 0.961945 and parameters: {'objective': 'multi:softprob', 'num_class': 6, 'tree_method': 'gpu_hist', 'lambda': 6.705909343618957, 'alpha': 0.018505244322927807, 'colsample_bytree': 0.8561720410724741, 'subsample': 0.6942652385539002, 'learning_rate': 0.020173717225484878, 'max_depth': 20, 'min_child_weight': 35, 'eval_metric': 'mlogloss'}. Best is trial 461 with value: 0.96217.
start listen on 192.168.1.101:55621
@tracker All of 3 nodes getting started
@tracker All nodes finishes job
Trial 768 finished with value: 0.96071875 and parameters: {'objective': 'multi:softprob', 'num_class': 6, 'tree_method': 'gpu_hist', 'lambda': 5.213986332442213, 'alpha': 0.008408421847233838, 'colsample_bytree': 0.5678399133426095, 'subsample': 0.6409824834079586, 'learning_rate': 0.01677314188952882, 'max_depth': 11, 'min_child_weight': 9, 'eval_metric': 'mlogloss'}. Best is trial 461 with value: 0.96217.
start listen on 192.168.1.101:59265
@tracker All of 3 nodes getting started
@tracker All nodes finishes job
Trial 769 finished with value: 0.96194625 and parameters: {'objective': 'multi:softprob', 'num_class': 6, 'tree_method': 'gpu_hist', 'lambda': 7.332957108797029, 'alpha': 2.2625425715230887, 'colsample_bytree': 0.9289767527114278, 'subsample': 0.6250577819016119, 'learning_rate': 0.018760763313350064, 'max_depth': 15, 'min_child_weight': 18, 'eval_metric': 'mlogloss'}. Best is trial 461 with value: 0.96217.
start listen on 192.168.1.101:37229
@tracker All of 3 nodes getting started
@tracker All nodes finishes job
Trial 770 finished with value: 0.9619375 and parameters: {'objective': 'multi:softprob', 'num_class': 6, 'tree_method': 'gpu_hist', 'lambda': 6.072436101213149, 'alpha': 0.29629226210302684, 'colsample_bytree': 0.8854386641343988, 'subsample': 0.6114610671580161, 'learning_rate': 0.014290641518417952, 'max_depth': 20, 'min_child_weight': 27, 'eval_metric': 'mlogloss'}. Best is trial 461 with value: 0.96217.
start listen on 192.168.1.101:49029
@tracker All of 3 nodes getting started
@tracker All nodes finishes job
Trial 771 finished with value: 0.96199625 and parameters: {'objective': 'multi:softprob', 'num_class': 6, 'tree_method': 'gpu_hist', 'lambda': 9.91821245969648, 'alpha': 0.002867749359169238, 'colsample_bytree': 0.9107907484646459, 'subsample': 0.656199618783665, 'learning_rate': 0.015405774839243564, 'max_depth': 20, 'min_child_weight': 6, 'eval_metric': 'mlogloss'}. Best is trial 461 with value: 0.96217.
start listen on 192.168.1.101:43721
@tracker All of 3 nodes getting started
@tracker All nodes finishes job
Trial 772 finished with value: 0.96178375 and parameters: {'objective': 'multi:softprob', 'num_class': 6, 'tree_method': 'gpu_hist', 'lambda': 4.602622640051663, 'alpha': 0.02538642178939626, 'colsample_bytree': 0.940167302250913, 'subsample': 0.6788961855676481, 'learning_rate': 0.012700042814816594, 'max_depth': 20, 'min_child_weight': 41, 'eval_metric': 'mlogloss'}. Best is trial 461 with value: 0.96217.
start listen on 192.168.1.101:51101
@tracker All of 3 nodes getting started
@tracker All nodes finishes job
Trial 773 finished with value: 0.96204125 and parameters: {'objective': 'multi:softprob', 'num_class': 6, 'tree_method': 'gpu_hist', 'lambda': 8.484874281275012, 'alpha': 0.0038513046925609854, 'colsample_bytree': 0.8917691911177831, 'subsample': 0.6507999746711043, 'learning_rate': 0.015001667385944552, 'max_depth': 17, 'min_child_weight': 13, 'eval_metric': 'mlogloss'}. Best is trial 461 with value: 0.96217.
start listen on 192.168.1.101:34013
@tracker All of 3 nodes getting started
@tracker All nodes finishes job
Trial 774 finished with value: 0.96207625 and parameters: {'objective': 'multi:softprob', 'num_class': 6, 'tree_method': 'gpu_hist', 'lambda': 8.21355152160862, 'alpha': 0.0016497278250058977, 'colsample_bytree': 0.8676773531560925, 'subsample': 0.6688816242681642, 'learning_rate': 0.016032421897421607, 'max_depth': 20, 'min_child_weight': 16, 'eval_metric': 'mlogloss'}. Best is trial 461 with value: 0.96217.
start listen on 192.168.1.101:48293
@tracker All of 3 nodes getting started
@tracker All nodes finishes job
Trial 775 finished with value: 0.96189875 and parameters: {'objective': 'multi:softprob', 'num_class': 6, 'tree_method': 'gpu_hist', 'lambda': 6.892599211295673, 'alpha': 0.015695621254966357, 'colsample_bytree': 0.9871022577265137, 'subsample': 0.7008068917567368, 'learning_rate': 0.011242243586268227, 'max_depth': 20, 'min_child_weight': 23, 'eval_metric': 'mlogloss'}. Best is trial 461 with value: 0.96217.
start listen on 192.168.1.101:55377
@tracker All of 3 nodes getting started
@tracker All nodes finishes job
Trial 776 finished with value: 0.9559675 and parameters: {'objective': 'multi:softprob', 'num_class': 6, 'tree_method': 'gpu_hist', 'lambda': 9.935810476785374, 'alpha': 0.0023300562610999507, 'colsample_bytree': 0.9101294604889603, 'subsample': 0.6430084284365066, 'learning_rate': 0.001596029410507751, 'max_depth': 20, 'min_child_weight': 6, 'eval_metric': 'mlogloss'}. Best is trial 461 with value: 0.96217.
start listen on 192.168.1.101:47155
@tracker All of 3 nodes getting started
@tracker All nodes finishes job
Trial 777 finished with value: 0.961645 and parameters: {'objective': 'multi:softprob', 'num_class': 6, 'tree_method': 'gpu_hist', 'lambda': 6.002348095238001, 'alpha': 1.4187189989736129, 'colsample_bytree': 0.9262811180614657, 'subsample': 0.45091845755076215, 'learning_rate': 0.017698727610016108, 'max_depth': 20, 'min_child_weight': 62, 'eval_metric': 'mlogloss'}. Best is trial 461 with value: 0.96217.
start listen on 192.168.1.101:60475
@tracker All of 3 nodes getting started
@tracker All nodes finishes job
Trial 778 finished with value: 0.96157125 and parameters: {'objective': 'multi:softprob', 'num_class': 6, 'tree_method': 'gpu_hist', 'lambda': 8.44259910859781, 'alpha': 0.004271054967676449, 'colsample_bytree': 0.8969434289453567, 'subsample': 0.6618770974373106, 'learning_rate': 0.013379795707050616, 'max_depth': 13, 'min_child_weight': 11, 'eval_metric': 'mlogloss'}. Best is trial 461 with value: 0.96217.
start listen on 192.168.1.101:41235
@tracker All of 3 nodes getting started
@tracker All nodes finishes job
Trial 779 finished with value: 0.96200625 and parameters: {'objective': 'multi:softprob', 'num_class': 6, 'tree_method': 'gpu_hist', 'lambda': 7.317153712142696, 'alpha': 0.010858648929043717, 'colsample_bytree': 0.9737878668765493, 'subsample': 0.5971530952088533, 'learning_rate': 0.02289787767402796, 'max_depth': 20, 'min_child_weight': 20, 'eval_metric': 'mlogloss'}. Best is trial 461 with value: 0.96217.
start listen on 192.168.1.101:40677
@tracker All of 3 nodes getting started
@tracker All nodes finishes job
Trial 780 finished with value: 0.9620825 and parameters: {'objective': 'multi:softprob', 'num_class': 6, 'tree_method': 'gpu_hist', 'lambda': 8.61039897213819, 'alpha': 0.002660602179521662, 'colsample_bytree': 0.8767323904623013, 'subsample': 0.6792056199923386, 'learning_rate': 0.014506414718043977, 'max_depth': 20, 'min_child_weight': 14, 'eval_metric': 'mlogloss'}. Best is trial 461 with value: 0.96217.
start listen on 192.168.1.101:53661
@tracker All of 3 nodes getting started
@tracker All nodes finishes job
Trial 781 finished with value: 0.9617875 and parameters: {'objective': 'multi:softprob', 'num_class': 6, 'tree_method': 'gpu_hist', 'lambda': 8.623825196452575, 'alpha': 0.00484530606874163, 'colsample_bytree': 0.9038510440778124, 'subsample': 0.6496040291491977, 'learning_rate': 0.01594772649965378, 'max_depth': 20, 'min_child_weight': 1, 'eval_metric': 'mlogloss'}. Best is trial 461 with value: 0.96217.
start listen on 192.168.1.101:37307
@tracker All of 3 nodes getting started
@tracker All nodes finishes job
Trial 782 finished with value: 0.96192625 and parameters: {'objective': 'multi:softprob', 'num_class': 6, 'tree_method': 'gpu_hist', 'lambda': 4.997708240813005, 'alpha': 0.41032405190398696, 'colsample_bytree': 0.9526465273366267, 'subsample': 0.6303036457138357, 'learning_rate': 0.019394850790312796, 'max_depth': 20, 'min_child_weight': 31, 'eval_metric': 'mlogloss'}. Best is trial 461 with value: 0.96217.
start listen on 192.168.1.101:42763
@tracker All of 3 nodes getting started
@tracker All nodes finishes job
Trial 783 finished with value: 0.9619475 and parameters: {'objective': 'multi:softprob', 'num_class': 6, 'tree_method': 'gpu_hist', 'lambda': 6.74979528788988, 'alpha': 0.7310044894204217, 'colsample_bytree': 0.928961927574379, 'subsample': 0.6285680144216663, 'learning_rate': 0.026911271974288397, 'max_depth': 20, 'min_child_weight': 25, 'eval_metric': 'mlogloss'}. Best is trial 461 with value: 0.96217.
start listen on 192.168.1.101:42105
@tracker All of 3 nodes getting started
@tracker All nodes finishes job
Trial 784 finished with value: 0.93969375 and parameters: {'objective': 'multi:softprob', 'num_class': 6, 'tree_method': 'gpu_hist', 'lambda': 5.665083788939365, 'alpha': 0.0012292822731668706, 'colsample_bytree': 0.9194416061967265, 'subsample': 0.6154847339582092, 'learning_rate': 0.017292355199381913, 'max_depth': 3, 'min_child_weight': 19, 'eval_metric': 'mlogloss'}. Best is trial 461 with value: 0.96217.
start listen on 192.168.1.101:47685
@tracker All of 3 nodes getting started
@tracker All nodes finishes job
Trial 785 finished with value: 0.96194375 and parameters: {'objective': 'multi:softprob', 'num_class': 6, 'tree_method': 'gpu_hist', 'lambda': 3.987880915611044, 'alpha': 0.021266148534167636, 'colsample_bytree': 0.9479599445278477, 'subsample': 0.6374946482722541, 'learning_rate': 0.0208877396176686, 'max_depth': 20, 'min_child_weight': 25, 'eval_metric': 'mlogloss'}. Best is trial 461 with value: 0.96217.
start listen on 192.168.1.101:59773
@tracker All of 3 nodes getting started
@tracker All nodes finishes job
Trial 786 finished with value: 0.95979625 and parameters: {'objective': 'multi:softprob', 'num_class': 6, 'tree_method': 'gpu_hist', 'lambda': 0.5371898069081165, 'alpha': 0.0177005638547665, 'colsample_bytree': 0.4875713540484973, 'subsample': 0.666939569096259, 'learning_rate': 0.01928109847433171, 'max_depth': 9, 'min_child_weight': 11, 'eval_metric': 'mlogloss'}. Best is trial 461 with value: 0.96217.
start listen on 192.168.1.101:43195
@tracker All of 3 nodes getting started
@tracker All nodes finishes job
Trial 787 finished with value: 0.96206 and parameters: {'objective': 'multi:softprob', 'num_class': 6, 'tree_method': 'gpu_hist', 'lambda': 7.160837152197907, 'alpha': 0.013642611960736134, 'colsample_bytree': 0.9669496270138414, 'subsample': 0.6870346483792497, 'learning_rate': 0.01736294964352174, 'max_depth': 20, 'min_child_weight': 18, 'eval_metric': 'mlogloss'}. Best is trial 461 with value: 0.96217.
start listen on 192.168.1.101:58381
@tracker All of 3 nodes getting started
@tracker All nodes finishes job
Trial 788 finished with value: 0.96025875 and parameters: {'objective': 'multi:softprob', 'num_class': 6, 'tree_method': 'gpu_hist', 'lambda': 6.246087596133589, 'alpha': 0.033305819532025466, 'colsample_bytree': 0.9368713395744435, 'subsample': 0.641675389849527, 'learning_rate': 0.012249457149529342, 'max_depth': 20, 'min_child_weight': 272, 'eval_metric': 'mlogloss'}. Best is trial 461 with value: 0.96217.
start listen on 192.168.1.101:40779
@tracker All of 3 nodes getting started
@tracker All nodes finishes job
Trial 789 finished with value: 0.96200875 and parameters: {'objective': 'multi:softprob', 'num_class': 6, 'tree_method': 'gpu_hist', 'lambda': 8.572947226436344, 'alpha': 0.022275680762265545, 'colsample_bytree': 0.8943204069155017, 'subsample': 0.6575695468833932, 'learning_rate': 0.01371188016744473, 'max_depth': 20, 'min_child_weight': 7, 'eval_metric': 'mlogloss'}. Best is trial 461 with value: 0.96217.
start listen on 192.168.1.101:52071
@tracker All of 3 nodes getting started
@tracker All nodes finishes job
Trial 790 finished with value: 0.96178625 and parameters: {'objective': 'multi:softprob', 'num_class': 6, 'tree_method': 'gpu_hist', 'lambda': 7.283891279447567, 'alpha': 0.027694148946803304, 'colsample_bytree': 0.9154087778470075, 'subsample': 0.5873813706137373, 'learning_rate': 0.024883966929527417, 'max_depth': 20, 'min_child_weight': 82, 'eval_metric': 'mlogloss'}. Best is trial 461 with value: 0.96217.
start listen on 192.168.1.101:55509
@tracker All of 3 nodes getting started
@tracker All nodes finishes job
Trial 791 finished with value: 0.9621075 and parameters: {'objective': 'multi:softprob', 'num_class': 6, 'tree_method': 'gpu_hist', 'lambda': 8.745680044655204, 'alpha': 0.007486691545157406, 'colsample_bytree': 0.8784030375691562, 'subsample': 0.6734238017803376, 'learning_rate': 0.014933778834339185, 'max_depth': 20, 'min_child_weight': 13, 'eval_metric': 'mlogloss'}. Best is trial 461 with value: 0.96217.
start listen on 192.168.1.101:59289
@tracker All of 3 nodes getting started
@tracker All nodes finishes job
Trial 792 finished with value: 0.961985 and parameters: {'objective': 'multi:softprob', 'num_class': 6, 'tree_method': 'gpu_hist', 'lambda': 7.4934260043601135, 'alpha': 0.007644572402091238, 'colsample_bytree': 0.8388932479934798, 'subsample': 0.705417071076055, 'learning_rate': 0.014646960567888494, 'max_depth': 20, 'min_child_weight': 6, 'eval_metric': 'mlogloss'}. Best is trial 461 with value: 0.96217.
start listen on 192.168.1.101:47969
@tracker All of 3 nodes getting started
@tracker All nodes finishes job
Trial 793 finished with value: 0.95726 and parameters: {'objective': 'multi:softprob', 'num_class': 6, 'tree_method': 'gpu_hist', 'lambda': 8.706411011129292, 'alpha': 0.010950100334333353, 'colsample_bytree': 0.8574666809246737, 'subsample': 0.6903323039737871, 'learning_rate': 0.013277937992249236, 'max_depth': 7, 'min_child_weight': 11, 'eval_metric': 'mlogloss'}. Best is trial 461 with value: 0.96217.
start listen on 192.168.1.101:59721
@tracker All of 3 nodes getting started
@tracker All nodes finishes job
Trial 794 finished with value: 0.96203875 and parameters: {'objective': 'multi:softprob', 'num_class': 6, 'tree_method': 'gpu_hist', 'lambda': 7.409549181177658, 'alpha': 0.005323236832584671, 'colsample_bytree': 0.8738845431103869, 'subsample': 0.6831122813188772, 'learning_rate': 0.01607030486552324, 'max_depth': 20, 'min_child_weight': 14, 'eval_metric': 'mlogloss'}. Best is trial 461 with value: 0.96217.
start listen on 192.168.1.101:45661
@tracker All of 3 nodes getting started
@tracker All nodes finishes job
Trial 795 finished with value: 0.9618875 and parameters: {'objective': 'multi:softprob', 'num_class': 6, 'tree_method': 'gpu_hist', 'lambda': 8.540671708836891, 'alpha': 0.008051817771343102, 'colsample_bytree': 0.8193411429124575, 'subsample': 0.675332042499403, 'learning_rate': 0.011299410119098111, 'max_depth': 20, 'min_child_weight': 5, 'eval_metric': 'mlogloss'}. Best is trial 461 with value: 0.96217.
start listen on 192.168.1.101:50527
@tracker All of 3 nodes getting started
@tracker All nodes finishes job
Trial 796 finished with value: 0.96204 and parameters: {'objective': 'multi:softprob', 'num_class': 6, 'tree_method': 'gpu_hist', 'lambda': 7.304602047301935, 'alpha': 0.006408766003900717, 'colsample_bytree': 0.8493886367781194, 'subsample': 0.6733488707855977, 'learning_rate': 0.01283718555193483, 'max_depth': 20, 'min_child_weight': 11, 'eval_metric': 'mlogloss'}. Best is trial 461 with value: 0.96217.
start listen on 192.168.1.101:50809
@tracker All of 3 nodes getting started
@tracker All nodes finishes job
Trial 797 finished with value: 0.96075875 and parameters: {'objective': 'multi:softprob', 'num_class': 6, 'tree_method': 'gpu_hist', 'lambda': 8.753427774397986, 'alpha': 0.006793198974653415, 'colsample_bytree': 0.8869076575957789, 'subsample': 0.6893472852142684, 'learning_rate': 0.014504232327445287, 'max_depth': 20, 'min_child_weight': 239, 'eval_metric': 'mlogloss'}. Best is trial 461 with value: 0.96217.
start listen on 192.168.1.101:45191
@tracker All of 3 nodes getting started
@tracker All nodes finishes job
