Trial 80 finished with value: 0.9413875 and parameters: {'objective': 'multi:softprob', 'num_class': 6, 'tree_method': 'gpu_hist', 'lambda': 1.6001458218175, 'alpha': 0.07126119728328938, 'colsample_bytree': 0.5789859393009332, 'subsample': 0.8954858021865182, 'learning_rate': 0.0012614414417717757, 'max_depth': 11, 'min_child_weight': 200, 'eval_metric': 'mlogloss'}. Best is trial 28 with value: 0.96268125.
start listen on 10.110.42.38:9091
@tracker All of 4 nodes getting started
@tracker All nodes finishes job
@tracker 190.3539650440216 secs between node start and job finish
Trial 81 finished with value: 0.96256 and parameters: {'objective': 'multi:softprob', 'num_class': 6, 'tree_method': 'gpu_hist', 'lambda': 3.1282922076264166, 'alpha': 0.11276324818440651, 'colsample_bytree': 0.6398709262621897, 'subsample': 0.8019384911769726, 'learning_rate': 0.022523464791303294, 'max_depth': 11, 'min_child_weight': 31, 'eval_metric': 'mlogloss'}. Best is trial 28 with value: 0.96268125.
start listen on 10.110.42.38:9091
@tracker All of 4 nodes getting started
@tracker All nodes finishes job
@tracker 210.7108335494995 secs between node start and job finish
Trial 82 finished with value: 0.962675 and parameters: {'objective': 'multi:softprob', 'num_class': 6, 'tree_method': 'gpu_hist', 'lambda': 0.004043479647326972, 'alpha': 0.04236699061115943, 'colsample_bytree': 0.6276887257470555, 'subsample': 0.8269174900726594, 'learning_rate': 0.02811476738037908, 'max_depth': 11, 'min_child_weight': 22, 'eval_metric': 'mlogloss'}. Best is trial 28 with value: 0.96268125.
start listen on 10.110.42.38:9091
@tracker All of 4 nodes getting started
@tracker All nodes finishes job
@tracker 161.58706498146057 secs between node start and job finish
Trial 83 finished with value: 0.9625175 and parameters: {'objective': 'multi:softprob', 'num_class': 6, 'tree_method': 'gpu_hist', 'lambda': 0.0014219702259059721, 'alpha': 1.0455673466951299, 'colsample_bytree': 0.6818181319963957, 'subsample': 0.8689976162509254, 'learning_rate': 0.032471658231162805, 'max_depth': 11, 'min_child_weight': 43, 'eval_metric': 'mlogloss'}. Best is trial 28 with value: 0.96268125.
start listen on 10.110.42.38:9091
@tracker All of 4 nodes getting started
@tracker All nodes finishes job
@tracker 121.08433890342712 secs between node start and job finish
Trial 84 finished with value: 0.9626225 and parameters: {'objective': 'multi:softprob', 'num_class': 6, 'tree_method': 'gpu_hist', 'lambda': 0.0029194207468165316, 'alpha': 0.04967470473953519, 'colsample_bytree': 0.5985116477805216, 'subsample': 0.8339386292036446, 'learning_rate': 0.02847719343732476, 'max_depth': 9, 'min_child_weight': 18, 'eval_metric': 'mlogloss'}. Best is trial 28 with value: 0.96268125.
start listen on 10.110.42.38:9091
@tracker All of 4 nodes getting started
@tracker All nodes finishes job
@tracker 257.2115366458893 secs between node start and job finish
Trial 85 finished with value: 0.96252875 and parameters: {'objective': 'multi:softprob', 'num_class': 6, 'tree_method': 'gpu_hist', 'lambda': 0.008359221370151012, 'alpha': 0.17266754283582883, 'colsample_bytree': 0.5643376987259728, 'subsample': 0.7781934411542739, 'learning_rate': 0.039951795635029645, 'max_depth': 11, 'min_child_weight': 8, 'eval_metric': 'mlogloss'}. Best is trial 28 with value: 0.96268125.
start listen on 10.110.42.38:9091
@tracker All of 4 nodes getting started
@tracker All nodes finishes job
@tracker 33.459453105926514 secs between node start and job finish
Trial 86 finished with value: 0.961595 and parameters: {'objective': 'multi:softprob', 'num_class': 6, 'tree_method': 'gpu_hist', 'lambda': 0.025684492490454174, 'alpha': 0.515985827291658, 'colsample_bytree': 0.6181047225902069, 'subsample': 0.7486315696187591, 'learning_rate': 0.057137547199031795, 'max_depth': 5, 'min_child_weight': 36, 'eval_metric': 'mlogloss'}. Best is trial 28 with value: 0.96268125.
start listen on 10.110.42.38:9091
@tracker All of 4 nodes getting started
@tracker All nodes finishes job
@tracker 189.15027117729187 secs between node start and job finish
Trial 87 finished with value: 0.96252125 and parameters: {'objective': 'multi:softprob', 'num_class': 6, 'tree_method': 'gpu_hist', 'lambda': 0.0035636580849298374, 'alpha': 0.076385810455486, 'colsample_bytree': 0.5865911504436047, 'subsample': 0.8780008295957772, 'learning_rate': 0.020233217756234625, 'max_depth': 11, 'min_child_weight': 54, 'eval_metric': 'mlogloss'}. Best is trial 28 with value: 0.96268125.
start listen on 10.110.42.38:9091
@tracker All of 4 nodes getting started
@tracker All nodes finishes job
@tracker 231.3917236328125 secs between node start and job finish
Trial 88 finished with value: 0.9626025 and parameters: {'objective': 'multi:softprob', 'num_class': 6, 'tree_method': 'gpu_hist', 'lambda': 0.07058814744817885, 'alpha': 0.12513500524371549, 'colsample_bytree': 0.5473298403755884, 'subsample': 0.9184552156929036, 'learning_rate': 0.024950795698483096, 'max_depth': 11, 'min_child_weight': 23, 'eval_metric': 'mlogloss'}. Best is trial 28 with value: 0.96268125.
start listen on 10.110.42.38:9091
@tracker All of 4 nodes getting started
@tracker All nodes finishes job
@tracker 263.80810928344727 secs between node start and job finish
Trial 89 finished with value: 0.96255375 and parameters: {'objective': 'multi:softprob', 'num_class': 6, 'tree_method': 'gpu_hist', 'lambda': 2.045260371970806, 'alpha': 0.24141381162947223, 'colsample_bytree': 0.7163273868405501, 'subsample': 0.7938934836511665, 'learning_rate': 0.03413841049448147, 'max_depth': 17, 'min_child_weight': 78, 'eval_metric': 'mlogloss'}. Best is trial 28 with value: 0.96268125.
start listen on 10.110.42.38:9091
@tracker All of 4 nodes getting started
@tracker All nodes finishes job
@tracker 168.2314624786377 secs between node start and job finish
Trial 90 finished with value: 0.96142875 and parameters: {'objective': 'multi:softprob', 'num_class': 6, 'tree_method': 'gpu_hist', 'lambda': 1.143048332838419, 'alpha': 0.14793403289243015, 'colsample_bytree': 0.6644743589444764, 'subsample': 0.8191458870253377, 'learning_rate': 0.010308099577875072, 'max_depth': 11, 'min_child_weight': 122, 'eval_metric': 'mlogloss'}. Best is trial 28 with value: 0.96268125.
start listen on 10.110.42.38:9091
@tracker All of 4 nodes getting started
@tracker All nodes finishes job
@tracker 123.15010118484497 secs between node start and job finish
Trial 91 finished with value: 0.9625975 and parameters: {'objective': 'multi:softprob', 'num_class': 6, 'tree_method': 'gpu_hist', 'lambda': 0.001554861123052847, 'alpha': 0.05063045081116581, 'colsample_bytree': 0.6050581878513634, 'subsample': 0.8319887341874377, 'learning_rate': 0.028802977463572115, 'max_depth': 9, 'min_child_weight': 16, 'eval_metric': 'mlogloss'}. Best is trial 28 with value: 0.96268125.
start listen on 10.110.42.38:9091
@tracker All of 4 nodes getting started
@tracker All nodes finishes job
@tracker 118.28762006759644 secs between node start and job finish
Trial 92 finished with value: 0.9625525 and parameters: {'objective': 'multi:softprob', 'num_class': 6, 'tree_method': 'gpu_hist', 'lambda': 0.003031699788629757, 'alpha': 0.07440963324478866, 'colsample_bytree': 0.6263457258118742, 'subsample': 0.840472263677557, 'learning_rate': 0.027838017586239622, 'max_depth': 9, 'min_child_weight': 19, 'eval_metric': 'mlogloss'}. Best is trial 28 with value: 0.96268125.
start listen on 10.110.42.38:9091
@tracker All of 4 nodes getting started
@tracker All nodes finishes job
@tracker 170.73509788513184 secs between node start and job finish
Trial 93 finished with value: 0.96258625 and parameters: {'objective': 'multi:softprob', 'num_class': 6, 'tree_method': 'gpu_hist', 'lambda': 0.0024294017912136184, 'alpha': 0.041689485589849515, 'colsample_bytree': 0.5931164725657386, 'subsample': 0.7624247522622973, 'learning_rate': 0.037270472698472994, 'max_depth': 11, 'min_child_weight': 35, 'eval_metric': 'mlogloss'}. Best is trial 28 with value: 0.96268125.
start listen on 10.110.42.38:9091
@tracker All of 4 nodes getting started
@tracker All nodes finishes job
@tracker 91.65817070007324 secs between node start and job finish
Trial 94 finished with value: 0.96243875 and parameters: {'objective': 'multi:softprob', 'num_class': 6, 'tree_method': 'gpu_hist', 'lambda': 0.00452176469407012, 'alpha': 0.2022359834191535, 'colsample_bytree': 0.6872195097941822, 'subsample': 0.8617233430088641, 'learning_rate': 0.030660918348846787, 'max_depth': 9, 'min_child_weight': 66, 'eval_metric': 'mlogloss'}. Best is trial 28 with value: 0.96268125.
start listen on 10.110.42.38:9091
@tracker All of 4 nodes getting started
@tracker All nodes finishes job
@tracker 133.0225224494934 secs between node start and job finish
Trial 95 finished with value: 0.96250875 and parameters: {'objective': 'multi:softprob', 'num_class': 6, 'tree_method': 'gpu_hist', 'lambda': 5.4233282100915225, 'alpha': 2.204997128862634, 'colsample_bytree': 0.6504223019303509, 'subsample': 0.8883493965694648, 'learning_rate': 0.02506761317730744, 'max_depth': 9, 'min_child_weight': 6, 'eval_metric': 'mlogloss'}. Best is trial 28 with value: 0.96268125.
start listen on 10.110.42.38:9091
@tracker All of 4 nodes getting started
@tracker All nodes finishes job
@tracker 22.10092830657959 secs between node start and job finish
Trial 96 finished with value: 0.95503875 and parameters: {'objective': 'multi:softprob', 'num_class': 6, 'tree_method': 'gpu_hist', 'lambda': 7.614240667990757, 'alpha': 0.06309435170388074, 'colsample_bytree': 0.6086628301916032, 'subsample': 0.7984648105102541, 'learning_rate': 0.049802784565531215, 'max_depth': 3, 'min_child_weight': 53, 'eval_metric': 'mlogloss'}. Best is trial 28 with value: 0.96268125.
start listen on 10.110.42.38:9091
@tracker All of 4 nodes getting started
@tracker All nodes finishes job
@tracker 185.8038079738617 secs between node start and job finish
Trial 97 finished with value: 0.96254875 and parameters: {'objective': 'multi:softprob', 'num_class': 6, 'tree_method': 'gpu_hist', 'lambda': 0.006140049695085405, 'alpha': 0.0037369381139642616, 'colsample_bytree': 0.6313270887685872, 'subsample': 0.835490650658489, 'learning_rate': 0.04644230023647285, 'max_depth': 11, 'min_child_weight': 23, 'eval_metric': 'mlogloss'}. Best is trial 28 with value: 0.96268125.
start listen on 10.110.42.38:9091
@tracker All of 4 nodes getting started
@tracker All nodes finishes job
@tracker 261.6188519001007 secs between node start and job finish
Trial 98 finished with value: 0.96242625 and parameters: {'objective': 'multi:softprob', 'num_class': 6, 'tree_method': 'gpu_hist', 'lambda': 0.5838136330839155, 'alpha': 0.09076865752887808, 'colsample_bytree': 0.5751154723269714, 'subsample': 0.8105519021674759, 'learning_rate': 0.03410804903837609, 'max_depth': 13, 'min_child_weight': 40, 'eval_metric': 'mlogloss'}. Best is trial 28 with value: 0.96268125.
start listen on 10.110.42.38:9091
@tracker All of 4 nodes getting started
@tracker All nodes finishes job
@tracker 136.18506360054016 secs between node start and job finish
Trial 99 finished with value: 0.9622975 and parameters: {'objective': 'multi:softprob', 'num_class': 6, 'tree_method': 'gpu_hist', 'lambda': 0.9229423784643461, 'alpha': 0.3778601224683804, 'colsample_bytree': 0.7465123998117026, 'subsample': 0.8577183940336599, 'learning_rate': 0.021033508370073846, 'max_depth': 11, 'min_child_weight': 92, 'eval_metric': 'mlogloss'}. Best is trial 28 with value: 0.96268125.
start listen on 10.110.42.38:9091
@tracker All of 4 nodes getting started
@tracker All nodes finishes job
@tracker 60.58837866783142 secs between node start and job finish
Trial 100 finished with value: 0.95985375 and parameters: {'objective': 'multi:softprob', 'num_class': 6, 'tree_method': 'gpu_hist', 'lambda': 0.01777164744216172, 'alpha': 0.6676337457729439, 'colsample_bytree': 0.5242063797291338, 'subsample': 0.7273085190040051, 'learning_rate': 0.014984108757514809, 'max_depth': 7, 'min_child_weight': 29, 'eval_metric': 'mlogloss'}. Best is trial 28 with value: 0.96268125.
start listen on 10.110.42.38:9091
@tracker All of 4 nodes getting started
@tracker All nodes finishes job
@tracker 188.3399941921234 secs between node start and job finish
Trial 101 finished with value: 0.9626725 and parameters: {'objective': 'multi:softprob', 'num_class': 6, 'tree_method': 'gpu_hist', 'lambda': 3.494652674998633, 'alpha': 0.03715599706405725, 'colsample_bytree': 0.6266127402355441, 'subsample': 0.8206564288640948, 'learning_rate': 0.024726996928740398, 'max_depth': 11, 'min_child_weight': 31, 'eval_metric': 'mlogloss'}. Best is trial 28 with value: 0.96268125.
start listen on 10.110.42.38:9091
@tracker All of 4 nodes getting started
@tracker All nodes finishes job
@tracker 167.2770848274231 secs between node start and job finish
Trial 102 finished with value: 0.96258625 and parameters: {'objective': 'multi:softprob', 'num_class': 6, 'tree_method': 'gpu_hist', 'lambda': 4.144055227365951, 'alpha': 0.049214392482217366, 'colsample_bytree': 0.6557445340100495, 'subsample': 0.8247246544119167, 'learning_rate': 0.02427905034742827, 'max_depth': 11, 'min_child_weight': 45, 'eval_metric': 'mlogloss'}. Best is trial 28 with value: 0.96268125.
start listen on 10.110.42.38:9091
@tracker All of 4 nodes getting started
@tracker All nodes finishes job
@tracker 145.61150074005127 secs between node start and job finish
Trial 103 finished with value: 0.96253 and parameters: {'objective': 'multi:softprob', 'num_class': 6, 'tree_method': 'gpu_hist', 'lambda': 1.4573395016104942, 'alpha': 0.026063974521601568, 'colsample_bytree': 0.6719893496533969, 'subsample': 0.8475005769194929, 'learning_rate': 0.03968200732229242, 'max_depth': 11, 'min_child_weight': 50, 'eval_metric': 'mlogloss'}. Best is trial 28 with value: 0.96268125.
start listen on 10.110.42.38:9091
@tracker All of 4 nodes getting started
@tracker All nodes finishes job
@tracker 183.3230402469635 secs between node start and job finish
Trial 104 finished with value: 0.96260875 and parameters: {'objective': 'multi:softprob', 'num_class': 6, 'tree_method': 'gpu_hist', 'lambda': 3.675999917899245, 'alpha': 0.01831430582114495, 'colsample_bytree': 0.5987795166931212, 'subsample': 0.7765113092782254, 'learning_rate': 0.028272643703128302, 'max_depth': 11, 'min_child_weight': 31, 'eval_metric': 'mlogloss'}. Best is trial 28 with value: 0.96268125.
start listen on 10.110.42.38:9091
@tracker All of 4 nodes getting started
@tracker All nodes finishes job
@tracker 1308.8464350700378 secs between node start and job finish
Trial 105 finished with value: 0.96218 and parameters: {'objective': 'multi:softprob', 'num_class': 6, 'tree_method': 'gpu_hist', 'lambda': 2.609741758109606, 'alpha': 0.11026056025863631, 'colsample_bytree': 0.6266858198404409, 'subsample': 0.7942165537350707, 'learning_rate': 0.03112753033227997, 'max_depth': 20, 'min_child_weight': 11, 'eval_metric': 'mlogloss'}. Best is trial 28 with value: 0.96268125.
start listen on 10.110.42.38:9091
@tracker All of 4 nodes getting started
@tracker All nodes finishes job
@tracker 230.98177242279053 secs between node start and job finish
Trial 106 finished with value: 0.96250125 and parameters: {'objective': 'multi:softprob', 'num_class': 6, 'tree_method': 'gpu_hist', 'lambda': 1.9399450996778653, 'alpha': 1.4738157274138486, 'colsample_bytree': 0.5533695715707241, 'subsample': 0.8234419728591015, 'learning_rate': 0.01859520331410991, 'max_depth': 11, 'min_child_weight': 18, 'eval_metric': 'mlogloss'}. Best is trial 28 with value: 0.96268125.
start listen on 10.110.42.38:9091
@tracker All of 4 nodes getting started
@tracker All nodes finishes job
@tracker 89.27165174484253 secs between node start and job finish
Trial 107 finished with value: 0.96257125 and parameters: {'objective': 'multi:softprob', 'num_class': 6, 'tree_method': 'gpu_hist', 'lambda': 0.040869788454314354, 'alpha': 0.31059581130758235, 'colsample_bytree': 0.6436035950031971, 'subsample': 0.870441144536031, 'learning_rate': 0.03545821525307767, 'max_depth': 9, 'min_child_weight': 68, 'eval_metric': 'mlogloss'}. Best is trial 28 with value: 0.96268125.
start listen on 10.110.42.38:9091
@tracker All of 4 nodes getting started
@tracker All nodes finishes job
@tracker 205.12971138954163 secs between node start and job finish
Trial 108 finished with value: 0.962655 and parameters: {'objective': 'multi:softprob', 'num_class': 6, 'tree_method': 'gpu_hist', 'lambda': 4.649294013894028, 'alpha': 0.028482805032643707, 'colsample_bytree': 0.5643536724375265, 'subsample': 0.8491938096254906, 'learning_rate': 0.02673500562974787, 'max_depth': 11, 'min_child_weight': 25, 'eval_metric': 'mlogloss'}. Best is trial 28 with value: 0.96268125.
start listen on 10.110.42.38:9091
@tracker All of 4 nodes getting started
@tracker All nodes finishes job
@tracker 141.3183445930481 secs between node start and job finish
Trial 109 finished with value: 0.96240375 and parameters: {'objective': 'multi:softprob', 'num_class': 6, 'tree_method': 'gpu_hist', 'lambda': 4.920213937346136, 'alpha': 0.03239670446638794, 'colsample_bytree': 0.5616630561380042, 'subsample': 0.8812727024493163, 'learning_rate': 0.023295680471079095, 'max_depth': 11, 'min_child_weight': 101, 'eval_metric': 'mlogloss'}. Best is trial 28 with value: 0.96268125.
start listen on 10.110.42.38:9091
@tracker All of 4 nodes getting started
@tracker All nodes finishes job
@tracker 119.50217318534851 secs between node start and job finish
Trial 110 finished with value: 0.96206375 and parameters: {'objective': 'multi:softprob', 'num_class': 6, 'tree_method': 'gpu_hist', 'lambda': 6.49099165878161, 'alpha': 0.010873573867316551, 'colsample_bytree': 0.5408736349983344, 'subsample': 0.806188440812733, 'learning_rate': 0.020527739560089235, 'max_depth': 11, 'min_child_weight': 164, 'eval_metric': 'mlogloss'}. Best is trial 28 with value: 0.96268125.
start listen on 10.110.42.38:9091
@tracker All of 4 nodes getting started
@tracker All nodes finishes job
@tracker 211.19499707221985 secs between node start and job finish
Trial 111 finished with value: 0.96269 and parameters: {'objective': 'multi:softprob', 'num_class': 6, 'tree_method': 'gpu_hist', 'lambda': 0.00199311577817413, 'alpha': 0.014235099914502308, 'colsample_bytree': 0.6055791828670772, 'subsample': 0.8473309665552905, 'learning_rate': 0.028103609029870198, 'max_depth': 11, 'min_child_weight': 25, 'eval_metric': 'mlogloss'}. Best is trial 111 with value: 0.96269.
start listen on 10.110.42.38:9091
@tracker All of 4 nodes getting started
@tracker All nodes finishes job
@tracker 185.01648783683777 secs between node start and job finish
Trial 112 finished with value: 0.96268125 and parameters: {'objective': 'multi:softprob', 'num_class': 6, 'tree_method': 'gpu_hist', 'lambda': 3.6183513189593963, 'alpha': 0.015933651743186252, 'colsample_bytree': 0.6123061450169708, 'subsample': 0.8509321454289881, 'learning_rate': 0.026380321107741377, 'max_depth': 11, 'min_child_weight': 34, 'eval_metric': 'mlogloss'}. Best is trial 111 with value: 0.96269.
start listen on 10.110.42.38:9091
@tracker All of 4 nodes getting started
@tracker All nodes finishes job
@tracker 204.7334086894989 secs between node start and job finish
Trial 113 finished with value: 0.9627275 and parameters: {'objective': 'multi:softprob', 'num_class': 6, 'tree_method': 'gpu_hist', 'lambda': 2.8456442005893643, 'alpha': 0.014671274003689878, 'colsample_bytree': 0.6160976692970105, 'subsample': 0.8521804704905841, 'learning_rate': 0.026488113795983946, 'max_depth': 11, 'min_child_weight': 24, 'eval_metric': 'mlogloss'}. Best is trial 113 with value: 0.9627275.
start listen on 10.110.42.38:9091
@tracker All of 4 nodes getting started
@tracker All nodes finishes job
@tracker 213.48081517219543 secs between node start and job finish
Trial 114 finished with value: 0.96266875 and parameters: {'objective': 'multi:softprob', 'num_class': 6, 'tree_method': 'gpu_hist', 'lambda': 2.7470101802612223, 'alpha': 0.015798709463545186, 'colsample_bytree': 0.5763578050717235, 'subsample': 0.8628617490726627, 'learning_rate': 0.02606813287961295, 'max_depth': 11, 'min_child_weight': 23, 'eval_metric': 'mlogloss'}. Best is trial 113 with value: 0.9627275.
start listen on 10.110.42.38:9091
@tracker All of 4 nodes getting started
@tracker All nodes finishes job
@tracker 212.02758049964905 secs between node start and job finish
Trial 115 finished with value: 0.96263375 and parameters: {'objective': 'multi:softprob', 'num_class': 6, 'tree_method': 'gpu_hist', 'lambda': 2.7715509028383494, 'alpha': 0.013393587221327056, 'colsample_bytree': 0.5886617052712093, 'subsample': 0.914131393568115, 'learning_rate': 0.023996107685880907, 'max_depth': 11, 'min_child_weight': 26, 'eval_metric': 'mlogloss'}. Best is trial 113 with value: 0.9627275.
start listen on 10.110.42.38:9091
@tracker All of 4 nodes getting started
@tracker All nodes finishes job
@tracker 298.72244215011597 secs between node start and job finish
Trial 116 finished with value: 0.9626475 and parameters: {'objective': 'multi:softprob', 'num_class': 6, 'tree_method': 'gpu_hist', 'lambda': 2.2460502340059207, 'alpha': 0.005690198063862354, 'colsample_bytree': 0.6082655303872175, 'subsample': 0.8618945872900857, 'learning_rate': 0.025815529859974488, 'max_depth': 11, 'min_child_weight': 5, 'eval_metric': 'mlogloss'}. Best is trial 113 with value: 0.9627275.
start listen on 10.110.42.38:9091
@tracker All of 4 nodes getting started
@tracker All nodes finishes job
@tracker 391.44936752319336 secs between node start and job finish
