Trial 462 finished with value: 0.96165875 and parameters: {'objective': 'multi:softprob', 'num_class': 6, 'tree_method': 'gpu_hist', 'lambda': 4.336929280333771, 'alpha': 3.7125604997365658, 'colsample_bytree': 0.5762836047666321, 'subsample': 0.6203013628137686, 'learning_rate': 0.021169071383878045, 'max_depth': 20, 'min_child_weight': 37, 'eval_metric': 'mlogloss'}. Best is trial 461 with value: 0.96217.
start listen on 192.168.1.101:48799
@tracker All of 3 nodes getting started
@tracker All nodes finishes job
Trial 463 finished with value: 0.962025 and parameters: {'objective': 'multi:softprob', 'num_class': 6, 'tree_method': 'gpu_hist', 'lambda': 5.591690521660657, 'alpha': 6.623276773565038, 'colsample_bytree': 0.9214033078120258, 'subsample': 0.6130301702480396, 'learning_rate': 0.020311850698163134, 'max_depth': 20, 'min_child_weight': 32, 'eval_metric': 'mlogloss'}. Best is trial 461 with value: 0.96217.
start listen on 192.168.1.101:53237
@tracker All of 3 nodes getting started
@tracker All nodes finishes job
Trial 464 finished with value: 0.96189625 and parameters: {'objective': 'multi:softprob', 'num_class': 6, 'tree_method': 'gpu_hist', 'lambda': 6.403333284373527, 'alpha': 0.24710111171752605, 'colsample_bytree': 0.9490084637291584, 'subsample': 0.6330349774624645, 'learning_rate': 0.018589481396777525, 'max_depth': 20, 'min_child_weight': 23, 'eval_metric': 'mlogloss'}. Best is trial 461 with value: 0.96217.
start listen on 192.168.1.101:59663
@tracker All of 3 nodes getting started
@tracker All nodes finishes job
Trial 465 finished with value: 0.96197875 and parameters: {'objective': 'multi:softprob', 'num_class': 6, 'tree_method': 'gpu_hist', 'lambda': 7.439802746012817, 'alpha': 6.351676835631117, 'colsample_bytree': 0.9680513951508718, 'subsample': 0.5908487102993485, 'learning_rate': 0.01815557550592097, 'max_depth': 20, 'min_child_weight': 20, 'eval_metric': 'mlogloss'}. Best is trial 461 with value: 0.96217.
start listen on 192.168.1.101:41759
@tracker All of 3 nodes getting started
@tracker All nodes finishes job
Trial 466 finished with value: 0.93934625 and parameters: {'objective': 'multi:softprob', 'num_class': 6, 'tree_method': 'gpu_hist', 'lambda': 7.612692240656801, 'alpha': 2.805432390450248, 'colsample_bytree': 0.9349129320643766, 'subsample': 0.6288644348438296, 'learning_rate': 0.016922644535927372, 'max_depth': 3, 'min_child_weight': 20, 'eval_metric': 'mlogloss'}. Best is trial 461 with value: 0.96217.
start listen on 192.168.1.101:50899
@tracker All of 3 nodes getting started
@tracker All nodes finishes job
Trial 467 finished with value: 0.962005 and parameters: {'objective': 'multi:softprob', 'num_class': 6, 'tree_method': 'gpu_hist', 'lambda': 0.05488134726507506, 'alpha': 0.00944100223407466, 'colsample_bytree': 0.9158378236798802, 'subsample': 0.6066822631502421, 'learning_rate': 0.02312244746585573, 'max_depth': 20, 'min_child_weight': 31, 'eval_metric': 'mlogloss'}. Best is trial 461 with value: 0.96217.
start listen on 192.168.1.101:43445
@tracker All of 3 nodes getting started
@tracker All nodes finishes job
Trial 468 finished with value: 0.96114875 and parameters: {'objective': 'multi:softprob', 'num_class': 6, 'tree_method': 'gpu_hist', 'lambda': 6.1012009944367716, 'alpha': 0.00445040663489266, 'colsample_bytree': 0.9872682316394163, 'subsample': 0.6381876144999465, 'learning_rate': 0.019459212269194906, 'max_depth': 9, 'min_child_weight': 10, 'eval_metric': 'mlogloss'}. Best is trial 461 with value: 0.96217.
start listen on 192.168.1.101:41727
@tracker All of 3 nodes getting started
@tracker All nodes finishes job
Trial 469 finished with value: 0.96193375 and parameters: {'objective': 'multi:softprob', 'num_class': 6, 'tree_method': 'gpu_hist', 'lambda': 5.091053144553794, 'alpha': 4.091128587876048, 'colsample_bytree': 0.888908088243963, 'subsample': 0.6656585856374108, 'learning_rate': 0.013054763235600017, 'max_depth': 20, 'min_child_weight': 26, 'eval_metric': 'mlogloss'}. Best is trial 461 with value: 0.96217.
start listen on 192.168.1.101:53343
@tracker All of 3 nodes getting started
@tracker All nodes finishes job
Trial 470 finished with value: 0.96202875 and parameters: {'objective': 'multi:softprob', 'num_class': 6, 'tree_method': 'gpu_hist', 'lambda': 0.0943903375403656, 'alpha': 5.549473025925608, 'colsample_bytree': 0.9045517352994951, 'subsample': 0.6459644377573353, 'learning_rate': 0.016122469931629222, 'max_depth': 20, 'min_child_weight': 17, 'eval_metric': 'mlogloss'}. Best is trial 461 with value: 0.96217.
start listen on 192.168.1.101:44817
@tracker All of 3 nodes getting started
@tracker All nodes finishes job
Trial 471 finished with value: 0.96190125 and parameters: {'objective': 'multi:softprob', 'num_class': 6, 'tree_method': 'gpu_hist', 'lambda': 8.325268499613893, 'alpha': 0.0059155545222559155, 'colsample_bytree': 0.9345426070044186, 'subsample': 0.6181376206093548, 'learning_rate': 0.010110939994128468, 'max_depth': 20, 'min_child_weight': 6, 'eval_metric': 'mlogloss'}. Best is trial 461 with value: 0.96217.
start listen on 192.168.1.101:42769
@tracker All of 3 nodes getting started
@tracker All nodes finishes job
Trial 472 finished with value: 0.96196 and parameters: {'objective': 'multi:softprob', 'num_class': 6, 'tree_method': 'gpu_hist', 'lambda': 4.080157721830922, 'alpha': 0.16733815322731138, 'colsample_bytree': 0.9570321858566466, 'subsample': 0.6873575294222851, 'learning_rate': 0.017902673008890525, 'max_depth': 20, 'min_child_weight': 14, 'eval_metric': 'mlogloss'}. Best is trial 461 with value: 0.96217.
start listen on 192.168.1.101:46209
@tracker All of 3 nodes getting started
@tracker All nodes finishes job
Trial 473 finished with value: 0.96195125 and parameters: {'objective': 'multi:softprob', 'num_class': 6, 'tree_method': 'gpu_hist', 'lambda': 0.5851988776934927, 'alpha': 1.029533852211572, 'colsample_bytree': 0.9180066886305696, 'subsample': 0.6564381574273072, 'learning_rate': 0.021005457185755402, 'max_depth': 20, 'min_child_weight': 24, 'eval_metric': 'mlogloss'}. Best is trial 461 with value: 0.96217.
start listen on 192.168.1.101:34685
@tracker All of 3 nodes getting started
@tracker All nodes finishes job
Trial 474 finished with value: 0.962035 and parameters: {'objective': 'multi:softprob', 'num_class': 6, 'tree_method': 'gpu_hist', 'lambda': 6.7426144858180255, 'alpha': 2.040464207733988, 'colsample_bytree': 0.8851497560165617, 'subsample': 0.6730019143260194, 'learning_rate': 0.014990312127296982, 'max_depth': 20, 'min_child_weight': 19, 'eval_metric': 'mlogloss'}. Best is trial 461 with value: 0.96217.
start listen on 192.168.1.101:42707
@tracker All of 3 nodes getting started
@tracker All nodes finishes job
Trial 475 finished with value: 0.9565325 and parameters: {'objective': 'multi:softprob', 'num_class': 6, 'tree_method': 'gpu_hist', 'lambda': 8.205747287958102, 'alpha': 0.0025149345057566496, 'colsample_bytree': 0.898040383300485, 'subsample': 0.6340331263098544, 'learning_rate': 0.011733531745868364, 'max_depth': 7, 'min_child_weight': 10, 'eval_metric': 'mlogloss'}. Best is trial 461 with value: 0.96217.
start listen on 192.168.1.101:60087
@tracker All of 3 nodes getting started
@tracker All nodes finishes job
Trial 476 finished with value: 0.962 and parameters: {'objective': 'multi:softprob', 'num_class': 6, 'tree_method': 'gpu_hist', 'lambda': 6.066202442179392, 'alpha': 4.431827799663968, 'colsample_bytree': 0.9445372449333835, 'subsample': 0.6487505567042245, 'learning_rate': 0.016688698729703844, 'max_depth': 20, 'min_child_weight': 16, 'eval_metric': 'mlogloss'}. Best is trial 461 with value: 0.96217.
start listen on 192.168.1.101:43557
@tracker All of 3 nodes getting started
@tracker All nodes finishes job
Trial 477 finished with value: 0.9619775 and parameters: {'objective': 'multi:softprob', 'num_class': 6, 'tree_method': 'gpu_hist', 'lambda': 0.1442726359655864, 'alpha': 8.65659878010916, 'colsample_bytree': 0.977949077674874, 'subsample': 0.6981951418156206, 'learning_rate': 0.019244103251480366, 'max_depth': 20, 'min_child_weight': 29, 'eval_metric': 'mlogloss'}. Best is trial 461 with value: 0.96217.
start listen on 192.168.1.101:48383
@tracker All of 3 nodes getting started
@tracker All nodes finishes job
Trial 478 finished with value: 0.961995 and parameters: {'objective': 'multi:softprob', 'num_class': 6, 'tree_method': 'gpu_hist', 'lambda': 8.282680460079135, 'alpha': 0.020535959259826996, 'colsample_bytree': 0.9128170995618918, 'subsample': 0.6818521976087841, 'learning_rate': 0.01439485061177141, 'max_depth': 20, 'min_child_weight': 5, 'eval_metric': 'mlogloss'}. Best is trial 461 with value: 0.96217.
start listen on 192.168.1.101:42469
@tracker All of 3 nodes getting started
@tracker All nodes finishes job
Trial 479 finished with value: 0.9511075 and parameters: {'objective': 'multi:softprob', 'num_class': 6, 'tree_method': 'gpu_hist', 'lambda': 7.495612379198045, 'alpha': 1.4530540197930137, 'colsample_bytree': 0.9259655821281659, 'subsample': 0.6001465321424134, 'learning_rate': 0.013617236563806787, 'max_depth': 5, 'min_child_weight': 11, 'eval_metric': 'mlogloss'}. Best is trial 461 with value: 0.96217.
start listen on 192.168.1.101:34147
@tracker All of 3 nodes getting started
@tracker All nodes finishes job
Trial 480 finished with value: 0.96210625 and parameters: {'objective': 'multi:softprob', 'num_class': 6, 'tree_method': 'gpu_hist', 'lambda': 8.473250386165, 'alpha': 1.3408580929137819, 'colsample_bytree': 0.960973249023167, 'subsample': 0.6625693525464661, 'learning_rate': 0.017513914466082227, 'max_depth': 20, 'min_child_weight': 21, 'eval_metric': 'mlogloss'}. Best is trial 461 with value: 0.96217.
start listen on 192.168.1.101:35641
@tracker All of 3 nodes getting started
@tracker All nodes finishes job
Trial 481 finished with value: 0.9619125 and parameters: {'objective': 'multi:softprob', 'num_class': 6, 'tree_method': 'gpu_hist', 'lambda': 9.942148043766233, 'alpha': 0.6992804888269323, 'colsample_bytree': 0.9993674122696651, 'subsample': 0.6659453507263087, 'learning_rate': 0.01569479231713559, 'max_depth': 20, 'min_child_weight': 41, 'eval_metric': 'mlogloss'}. Best is trial 461 with value: 0.96217.
start listen on 192.168.1.101:58841
@tracker All of 3 nodes getting started
@tracker All nodes finishes job
Trial 482 finished with value: 0.96185875 and parameters: {'objective': 'multi:softprob', 'num_class': 6, 'tree_method': 'gpu_hist', 'lambda': 6.450595536492977, 'alpha': 3.4036756964449513, 'colsample_bytree': 0.962704334260101, 'subsample': 0.6741186685692305, 'learning_rate': 0.012870962243354007, 'max_depth': 20, 'min_child_weight': 25, 'eval_metric': 'mlogloss'}. Best is trial 461 with value: 0.96217.
start listen on 192.168.1.101:37071
@tracker All of 3 nodes getting started
@tracker All nodes finishes job
Trial 483 finished with value: 0.96193625 and parameters: {'objective': 'multi:softprob', 'num_class': 6, 'tree_method': 'gpu_hist', 'lambda': 5.540598131185425, 'alpha': 7.612018507813007, 'colsample_bytree': 0.9802562294224249, 'subsample': 0.6911416974292822, 'learning_rate': 0.017517074889894475, 'max_depth': 20, 'min_child_weight': 34, 'eval_metric': 'mlogloss'}. Best is trial 461 with value: 0.96217.
start listen on 192.168.1.101:45811
@tracker All of 3 nodes getting started
@tracker All nodes finishes job
Trial 484 finished with value: 0.962 and parameters: {'objective': 'multi:softprob', 'num_class': 6, 'tree_method': 'gpu_hist', 'lambda': 8.590759844763934, 'alpha': 0.4728468392633063, 'colsample_bytree': 0.9672244555483168, 'subsample': 0.6614017553904994, 'learning_rate': 0.02020764296646659, 'max_depth': 20, 'min_child_weight': 21, 'eval_metric': 'mlogloss'}. Best is trial 461 with value: 0.96217.
start listen on 192.168.1.101:43405
@tracker All of 3 nodes getting started
@tracker All nodes finishes job
Trial 485 finished with value: 0.96199 and parameters: {'objective': 'multi:softprob', 'num_class': 6, 'tree_method': 'gpu_hist', 'lambda': 0.8482100280947713, 'alpha': 1.7842952991488665, 'colsample_bytree': 0.9520783198082237, 'subsample': 0.6780454880753867, 'learning_rate': 0.024055829276449312, 'max_depth': 20, 'min_child_weight': 25, 'eval_metric': 'mlogloss'}. Best is trial 461 with value: 0.96217.
start listen on 192.168.1.101:57911
@tracker All of 3 nodes getting started
@tracker All nodes finishes job
Trial 486 finished with value: 0.9619875 and parameters: {'objective': 'multi:softprob', 'num_class': 6, 'tree_method': 'gpu_hist', 'lambda': 9.98837100811802, 'alpha': 2.5773879546046974, 'colsample_bytree': 0.9801692434445292, 'subsample': 0.5797253972984681, 'learning_rate': 0.015746175409290915, 'max_depth': 20, 'min_child_weight': 19, 'eval_metric': 'mlogloss'}. Best is trial 461 with value: 0.96217.
start listen on 192.168.1.101:48913
@tracker All of 3 nodes getting started
@tracker All nodes finishes job
Trial 487 finished with value: 0.96091 and parameters: {'objective': 'multi:softprob', 'num_class': 6, 'tree_method': 'gpu_hist', 'lambda': 6.941482043636533, 'alpha': 1.1479934399597378, 'colsample_bytree': 0.8832285403579689, 'subsample': 0.6562236549635866, 'learning_rate': 0.014266481130353904, 'max_depth': 11, 'min_child_weight': 29, 'eval_metric': 'mlogloss'}. Best is trial 461 with value: 0.96217.
start listen on 192.168.1.101:51245
@tracker All of 3 nodes getting started
@tracker All nodes finishes job
Trial 488 finished with value: 0.9617875 and parameters: {'objective': 'multi:softprob', 'num_class': 6, 'tree_method': 'gpu_hist', 'lambda': 0.01674856521515224, 'alpha': 9.596227479245597, 'colsample_bytree': 0.9654461459022193, 'subsample': 0.6271321009965172, 'learning_rate': 0.011327637552821667, 'max_depth': 20, 'min_child_weight': 16, 'eval_metric': 'mlogloss'}. Best is trial 461 with value: 0.96217.
start listen on 192.168.1.101:37903
@tracker All of 3 nodes getting started
@tracker All nodes finishes job
Trial 489 finished with value: 0.96205125 and parameters: {'objective': 'multi:softprob', 'num_class': 6, 'tree_method': 'gpu_hist', 'lambda': 3.2374860087458983, 'alpha': 1.4530048957459896, 'colsample_bytree': 0.8996272279244075, 'subsample': 0.6662397291148768, 'learning_rate': 0.01850883599569686, 'max_depth': 17, 'min_child_weight': 10, 'eval_metric': 'mlogloss'}. Best is trial 461 with value: 0.96217.
start listen on 192.168.1.101:53181
@tracker All of 3 nodes getting started
@tracker All nodes finishes job
Trial 490 finished with value: 0.96177 and parameters: {'objective': 'multi:softprob', 'num_class': 6, 'tree_method': 'gpu_hist', 'lambda': 4.847013819236009, 'alpha': 0.7854851888044734, 'colsample_bytree': 0.9903739446354836, 'subsample': 0.6373342775948354, 'learning_rate': 0.016762759851128524, 'max_depth': 20, 'min_child_weight': 1, 'eval_metric': 'mlogloss'}. Best is trial 461 with value: 0.96217.
start listen on 192.168.1.101:55357
@tracker All of 3 nodes getting started
@tracker All nodes finishes job
Trial 491 finished with value: 0.95718875 and parameters: {'objective': 'multi:softprob', 'num_class': 6, 'tree_method': 'gpu_hist', 'lambda': 8.496963098977321, 'alpha': 1.2362588429387695, 'colsample_bytree': 0.9392639659104967, 'subsample': 0.7071918244851946, 'learning_rate': 0.0026491751203460787, 'max_depth': 20, 'min_child_weight': 22, 'eval_metric': 'mlogloss'}. Best is trial 461 with value: 0.96217.
start listen on 192.168.1.101:40325
@tracker All of 3 nodes getting started
@tracker All nodes finishes job
Trial 492 finished with value: 0.96176875 and parameters: {'objective': 'multi:softprob', 'num_class': 6, 'tree_method': 'gpu_hist', 'lambda': 7.333313274196153, 'alpha': 5.138614264307375, 'colsample_bytree': 0.9472706315750803, 'subsample': 0.6837299190542454, 'learning_rate': 0.02214514954151889, 'max_depth': 13, 'min_child_weight': 34, 'eval_metric': 'mlogloss'}. Best is trial 461 with value: 0.96217.
start listen on 192.168.1.101:43841
@tracker All of 3 nodes getting started
@tracker All nodes finishes job
Trial 493 finished with value: 0.96205375 and parameters: {'objective': 'multi:softprob', 'num_class': 6, 'tree_method': 'gpu_hist', 'lambda': 5.917901242451162, 'alpha': 0.007770730571861219, 'colsample_bytree': 0.9108660480998709, 'subsample': 0.6128457799012135, 'learning_rate': 0.012746166132891942, 'max_depth': 20, 'min_child_weight': 15, 'eval_metric': 'mlogloss'}. Best is trial 461 with value: 0.96217.
start listen on 192.168.1.101:37253
@tracker All of 3 nodes getting started
@tracker All nodes finishes job
Trial 494 finished with value: 0.9609975 and parameters: {'objective': 'multi:softprob', 'num_class': 6, 'tree_method': 'gpu_hist', 'lambda': 9.990154264450684, 'alpha': 0.006322680283838027, 'colsample_bytree': 0.5012878620028031, 'subsample': 0.6555430145033208, 'learning_rate': 0.015207393709475268, 'max_depth': 20, 'min_child_weight': 7, 'eval_metric': 'mlogloss'}. Best is trial 461 with value: 0.96217.
start listen on 192.168.1.101:48157
@tracker All of 3 nodes getting started
@tracker All nodes finishes job
Trial 495 finished with value: 0.96201625 and parameters: {'objective': 'multi:softprob', 'num_class': 6, 'tree_method': 'gpu_hist', 'lambda': 7.363179405411142, 'alpha': 2.2188366749716057, 'colsample_bytree': 0.8944036502971904, 'subsample': 0.6420082032684109, 'learning_rate': 0.019568401902327837, 'max_depth': 20, 'min_child_weight': 20, 'eval_metric': 'mlogloss'}. Best is trial 461 with value: 0.96217.
start listen on 192.168.1.101:43717
@tracker All of 3 nodes getting started
@tracker All nodes finishes job
Trial 496 finished with value: 0.96201875 and parameters: {'objective': 'multi:softprob', 'num_class': 6, 'tree_method': 'gpu_hist', 'lambda': 8.454104008839609, 'alpha': 0.0035417158345703616, 'colsample_bytree': 0.9561345843031186, 'subsample': 0.6725176707993281, 'learning_rate': 0.01661042127532934, 'max_depth': 20, 'min_child_weight': 27, 'eval_metric': 'mlogloss'}. Best is trial 461 with value: 0.96217.
start listen on 192.168.1.101:37445
@tracker All of 3 nodes getting started
@tracker All nodes finishes job
Trial 497 finished with value: 0.96204125 and parameters: {'objective': 'multi:softprob', 'num_class': 6, 'tree_method': 'gpu_hist', 'lambda': 4.8457040662438065, 'alpha': 0.014661089729338645, 'colsample_bytree': 0.8812570746721397, 'subsample': 0.6228737321565462, 'learning_rate': 0.013967694138080768, 'max_depth': 20, 'min_child_weight': 14, 'eval_metric': 'mlogloss'}. Best is trial 461 with value: 0.96217.
start listen on 192.168.1.101:59035
@tracker All of 3 nodes getting started
@tracker All nodes finishes job
Trial 498 finished with value: 0.93135125 and parameters: {'objective': 'multi:softprob', 'num_class': 6, 'tree_method': 'gpu_hist', 'lambda': 6.635208296924459, 'alpha': 0.9243592187659277, 'colsample_bytree': 0.32228792194023287, 'subsample': 0.6965664734443229, 'learning_rate': 0.01882481094201635, 'max_depth': 3, 'min_child_weight': 21, 'eval_metric': 'mlogloss'}. Best is trial 461 with value: 0.96217.
start listen on 192.168.1.101:56931
@tracker All of 3 nodes getting started
@tracker All nodes finishes job
Trial 499 finished with value: 0.961875 and parameters: {'objective': 'multi:softprob', 'num_class': 6, 'tree_method': 'gpu_hist', 'lambda': 0.08369403921838987, 'alpha': 0.48657760865603067, 'colsample_bytree': 0.9256913661363789, 'subsample': 0.6505452756648487, 'learning_rate': 0.012212661064370533, 'max_depth': 20, 'min_child_weight': 9, 'eval_metric': 'mlogloss'}. Best is trial 461 with value: 0.96217.
start listen on 192.168.1.101:44881
@tracker All of 3 nodes getting started
@tracker All nodes finishes job
Trial 500 finished with value: 0.961265 and parameters: {'objective': 'multi:softprob', 'num_class': 6, 'tree_method': 'gpu_hist', 'lambda': 8.64174332218297, 'alpha': 0.00533269046216174, 'colsample_bytree': 0.9094502746946718, 'subsample': 0.6837236722501996, 'learning_rate': 0.09871539418967594, 'max_depth': 20, 'min_child_weight': 15, 'eval_metric': 'mlogloss'}. Best is trial 461 with value: 0.96217.
start listen on 192.168.1.101:47025
@tracker All of 3 nodes getting started
@tracker All nodes finishes job
Trial 501 finished with value: 0.96198375 and parameters: {'objective': 'multi:softprob', 'num_class': 6, 'tree_method': 'gpu_hist', 'lambda': 3.849977766645961, 'alpha': 0.2798738251015359, 'colsample_bytree': 0.9786866242045502, 'subsample': 0.5066338331649216, 'learning_rate': 0.015299594384807656, 'max_depth': 20, 'min_child_weight': 5, 'eval_metric': 'mlogloss'}. Best is trial 461 with value: 0.96217.
start listen on 192.168.1.101:33961
@tracker All of 3 nodes getting started
@tracker All nodes finishes job
Trial 502 finished with value: 0.9529875 and parameters: {'objective': 'multi:softprob', 'num_class': 6, 'tree_method': 'gpu_hist', 'lambda': 9.994314404087241, 'alpha': 0.36138620732434207, 'colsample_bytree': 0.938390366107066, 'subsample': 0.6681179438657624, 'learning_rate': 0.0012366912433549068, 'max_depth': 20, 'min_child_weight': 31, 'eval_metric': 'mlogloss'}. Best is trial 461 with value: 0.96217.
start listen on 192.168.1.101:59371
@tracker All of 3 nodes getting started
@tracker All nodes finishes job
Trial 503 finished with value: 0.9607675 and parameters: {'objective': 'multi:softprob', 'num_class': 6, 'tree_method': 'gpu_hist', 'lambda': 7.3014969810309935, 'alpha': 0.0030967392347741205, 'colsample_bytree': 0.9663648162890187, 'subsample': 0.637768581092342, 'learning_rate': 0.0175271306556386, 'max_depth': 9, 'min_child_weight': 24, 'eval_metric': 'mlogloss'}. Best is trial 461 with value: 0.96217.
start listen on 192.168.1.101:54549
@tracker All of 3 nodes getting started
@tracker All nodes finishes job
