Trial 378 finished with value: 0.961935 and parameters: {'objective': 'multi:softprob', 'num_class': 6, 'tree_method': 'gpu_hist', 'lambda': 9.973832430218433, 'alpha': 0.002835937020902823, 'colsample_bytree': 0.9670444681847848, 'subsample': 0.4358973648758083, 'learning_rate': 0.013029977202351746, 'max_depth': 20, 'min_child_weight': 17, 'eval_metric': 'mlogloss'}. Best is trial 195 with value: 0.9621575.
start listen on 192.168.1.101:51917
@tracker All of 3 nodes getting started
@tracker All nodes finishes job
Trial 379 finished with value: 0.96205875 and parameters: {'objective': 'multi:softprob', 'num_class': 6, 'tree_method': 'gpu_hist', 'lambda': 8.373952811111103, 'alpha': 0.0041658763599955245, 'colsample_bytree': 0.9510633014829636, 'subsample': 0.6998897561195617, 'learning_rate': 0.011780433303023504, 'max_depth': 20, 'min_child_weight': 13, 'eval_metric': 'mlogloss'}. Best is trial 195 with value: 0.9621575.
start listen on 192.168.1.101:48403
@tracker All of 3 nodes getting started
@tracker All nodes finishes job
Trial 380 finished with value: 0.96184125 and parameters: {'objective': 'multi:softprob', 'num_class': 6, 'tree_method': 'gpu_hist', 'lambda': 0.07448887096457665, 'alpha': 0.011646741420686849, 'colsample_bytree': 0.9875849601106165, 'subsample': 0.6735376414965484, 'learning_rate': 0.010341000304071925, 'max_depth': 20, 'min_child_weight': 23, 'eval_metric': 'mlogloss'}. Best is trial 195 with value: 0.9621575.
start listen on 192.168.1.101:40459
@tracker All of 3 nodes getting started
@tracker All nodes finishes job
Trial 381 finished with value: 0.9620725 and parameters: {'objective': 'multi:softprob', 'num_class': 6, 'tree_method': 'gpu_hist', 'lambda': 0.18849654891282902, 'alpha': 0.004281497987250186, 'colsample_bytree': 0.9336769385408328, 'subsample': 0.6907822331516367, 'learning_rate': 0.012814749067155613, 'max_depth': 20, 'min_child_weight': 15, 'eval_metric': 'mlogloss'}. Best is trial 195 with value: 0.9621575.
start listen on 192.168.1.101:60641
@tracker All of 3 nodes getting started
@tracker All nodes finishes job
Trial 382 finished with value: 0.9619725 and parameters: {'objective': 'multi:softprob', 'num_class': 6, 'tree_method': 'gpu_hist', 'lambda': 0.10956428852155646, 'alpha': 0.016388451957233766, 'colsample_bytree': 0.9665966645270084, 'subsample': 0.6697940976737637, 'learning_rate': 0.014861014308753723, 'max_depth': 20, 'min_child_weight': 20, 'eval_metric': 'mlogloss'}. Best is trial 195 with value: 0.9621575.
start listen on 192.168.1.101:49973
@tracker All of 3 nodes getting started
@tracker All nodes finishes job
Trial 383 finished with value: 0.95326875 and parameters: {'objective': 'multi:softprob', 'num_class': 6, 'tree_method': 'gpu_hist', 'lambda': 0.06504789284807976, 'alpha': 0.020270029781279023, 'colsample_bytree': 0.7407155129170776, 'subsample': 0.6816011375258316, 'learning_rate': 0.0034934826361550627, 'max_depth': 20, 'min_child_weight': 151, 'eval_metric': 'mlogloss'}. Best is trial 195 with value: 0.9621575.
start listen on 192.168.1.101:50271
@tracker All of 3 nodes getting started
@tracker All nodes finishes job
Trial 384 finished with value: 0.961935 and parameters: {'objective': 'multi:softprob', 'num_class': 6, 'tree_method': 'gpu_hist', 'lambda': 0.15819252744126266, 'alpha': 0.0017350078455287067, 'colsample_bytree': 0.9430272802857991, 'subsample': 0.7085932841083923, 'learning_rate': 0.011007192123573883, 'max_depth': 20, 'min_child_weight': 8, 'eval_metric': 'mlogloss'}. Best is trial 195 with value: 0.9621575.
start listen on 192.168.1.101:54653
@tracker All of 3 nodes getting started
@tracker All nodes finishes job
Trial 385 finished with value: 0.95305125 and parameters: {'objective': 'multi:softprob', 'num_class': 6, 'tree_method': 'gpu_hist', 'lambda': 6.875340623760971, 'alpha': 0.005218320248364751, 'colsample_bytree': 0.9241157385708723, 'subsample': 0.6516134434709546, 'learning_rate': 0.016161162280677713, 'max_depth': 5, 'min_child_weight': 27, 'eval_metric': 'mlogloss'}. Best is trial 195 with value: 0.9621575.
start listen on 192.168.1.101:60309
@tracker All of 3 nodes getting started
@tracker All nodes finishes job
Trial 386 finished with value: 0.9613325 and parameters: {'objective': 'multi:softprob', 'num_class': 6, 'tree_method': 'gpu_hist', 'lambda': 0.08460604887784723, 'alpha': 0.014436191618084867, 'colsample_bytree': 0.9371475117183671, 'subsample': 0.6408342109115158, 'learning_rate': 0.013810597734420444, 'max_depth': 20, 'min_child_weight': 1, 'eval_metric': 'mlogloss'}. Best is trial 195 with value: 0.9621575.
start listen on 192.168.1.101:46743
@tracker All of 3 nodes getting started
@tracker All nodes finishes job
Trial 387 finished with value: 0.96192375 and parameters: {'objective': 'multi:softprob', 'num_class': 6, 'tree_method': 'gpu_hist', 'lambda': 0.11483770721756326, 'alpha': 0.005913761176169532, 'colsample_bytree': 0.7823114562610761, 'subsample': 0.6614835196014034, 'learning_rate': 0.016604124537879014, 'max_depth': 20, 'min_child_weight': 11, 'eval_metric': 'mlogloss'}. Best is trial 195 with value: 0.9621575.
start listen on 192.168.1.101:42421
@tracker All of 3 nodes getting started
@tracker All nodes finishes job
Trial 388 finished with value: 0.9619775 and parameters: {'objective': 'multi:softprob', 'num_class': 6, 'tree_method': 'gpu_hist', 'lambda': 8.3157321220265, 'alpha': 0.002241635582165846, 'colsample_bytree': 0.9983881181400835, 'subsample': 0.6976371083414002, 'learning_rate': 0.019317519961096256, 'max_depth': 20, 'min_child_weight': 19, 'eval_metric': 'mlogloss'}. Best is trial 195 with value: 0.9621575.
start listen on 192.168.1.101:52739
@tracker All of 3 nodes getting started
@tracker All nodes finishes job
Trial 389 finished with value: 0.96144875 and parameters: {'objective': 'multi:softprob', 'num_class': 6, 'tree_method': 'gpu_hist', 'lambda': 0.09526316828319356, 'alpha': 0.010292413680361498, 'colsample_bytree': 0.9738315065902542, 'subsample': 0.6412623486394439, 'learning_rate': 0.014849712435310115, 'max_depth': 11, 'min_child_weight': 13, 'eval_metric': 'mlogloss'}. Best is trial 195 with value: 0.9621575.
start listen on 192.168.1.101:60211
@tracker All of 3 nodes getting started
@tracker All nodes finishes job
Trial 390 finished with value: 0.9608375 and parameters: {'objective': 'multi:softprob', 'num_class': 6, 'tree_method': 'gpu_hist', 'lambda': 9.97969286575462, 'alpha': 0.017253863620165052, 'colsample_bytree': 0.5436903943274746, 'subsample': 0.6796510829748836, 'learning_rate': 0.01250185320040432, 'max_depth': 20, 'min_child_weight': 30, 'eval_metric': 'mlogloss'}. Best is trial 195 with value: 0.9621575.
start listen on 192.168.1.101:42913
@tracker All of 3 nodes getting started
@tracker All nodes finishes job
Trial 391 finished with value: 0.96192875 and parameters: {'objective': 'multi:softprob', 'num_class': 6, 'tree_method': 'gpu_hist', 'lambda': 6.654784193978715, 'alpha': 0.022825213883393154, 'colsample_bytree': 0.9573447553588035, 'subsample': 0.665564304394322, 'learning_rate': 0.018225097312353753, 'max_depth': 20, 'min_child_weight': 6, 'eval_metric': 'mlogloss'}. Best is trial 195 with value: 0.9621575.
start listen on 192.168.1.101:38391
@tracker All of 3 nodes getting started
@tracker All nodes finishes job
Trial 392 finished with value: 0.96198125 and parameters: {'objective': 'multi:softprob', 'num_class': 6, 'tree_method': 'gpu_hist', 'lambda': 8.325640817142059, 'alpha': 0.0026922429792438376, 'colsample_bytree': 0.9235785871820139, 'subsample': 0.6276727925775151, 'learning_rate': 0.022024300275314004, 'max_depth': 17, 'min_child_weight': 22, 'eval_metric': 'mlogloss'}. Best is trial 195 with value: 0.9621575.
start listen on 192.168.1.101:40721
@tracker All of 3 nodes getting started
@tracker All nodes finishes job
Trial 393 finished with value: 0.9621 and parameters: {'objective': 'multi:softprob', 'num_class': 6, 'tree_method': 'gpu_hist', 'lambda': 9.95001003617955, 'alpha': 0.003315693389756526, 'colsample_bytree': 0.912719272885458, 'subsample': 0.6463235509041112, 'learning_rate': 0.015642012111002777, 'max_depth': 20, 'min_child_weight': 16, 'eval_metric': 'mlogloss'}. Best is trial 195 with value: 0.9621575.
start listen on 192.168.1.101:49111
@tracker All of 3 nodes getting started
@tracker All nodes finishes job
Trial 394 finished with value: 0.9619675 and parameters: {'objective': 'multi:softprob', 'num_class': 6, 'tree_method': 'gpu_hist', 'lambda': 0.12759502414452084, 'alpha': 0.0032192296398397676, 'colsample_bytree': 0.9135578408553986, 'subsample': 0.6467384865458577, 'learning_rate': 0.013931361790795913, 'max_depth': 20, 'min_child_weight': 12, 'eval_metric': 'mlogloss'}. Best is trial 195 with value: 0.9621575.
start listen on 192.168.1.101:55963
@tracker All of 3 nodes getting started
@tracker All nodes finishes job
Trial 395 finished with value: 0.9619375 and parameters: {'objective': 'multi:softprob', 'num_class': 6, 'tree_method': 'gpu_hist', 'lambda': 0.06032329519999367, 'alpha': 0.002091723035927342, 'colsample_bytree': 0.9409093171304724, 'subsample': 0.6580132049147676, 'learning_rate': 0.015500954445783584, 'max_depth': 20, 'min_child_weight': 16, 'eval_metric': 'mlogloss'}. Best is trial 195 with value: 0.9621575.
start listen on 192.168.1.101:38757
@tracker All of 3 nodes getting started
@tracker All nodes finishes job
Trial 396 finished with value: 0.9616425 and parameters: {'objective': 'multi:softprob', 'num_class': 6, 'tree_method': 'gpu_hist', 'lambda': 9.877703815084494, 'alpha': 0.005165055191535156, 'colsample_bytree': 0.926076864440367, 'subsample': 0.6297120349997305, 'learning_rate': 0.013560879179961093, 'max_depth': 13, 'min_child_weight': 5, 'eval_metric': 'mlogloss'}. Best is trial 195 with value: 0.9621575.
start listen on 192.168.1.101:35901
@tracker All of 3 nodes getting started
@tracker All nodes finishes job
Trial 397 finished with value: 0.96200875 and parameters: {'objective': 'multi:softprob', 'num_class': 6, 'tree_method': 'gpu_hist', 'lambda': 7.574821707680433, 'alpha': 0.003250540033916508, 'colsample_bytree': 0.9084203298758131, 'subsample': 0.651368403723947, 'learning_rate': 0.017113939154099672, 'max_depth': 20, 'min_child_weight': 10, 'eval_metric': 'mlogloss'}. Best is trial 195 with value: 0.9621575.
start listen on 192.168.1.101:48215
@tracker All of 3 nodes getting started
@tracker All nodes finishes job
Trial 398 finished with value: 0.96186 and parameters: {'objective': 'multi:softprob', 'num_class': 6, 'tree_method': 'gpu_hist', 'lambda': 5.609588931222817, 'alpha': 0.0026591241935047328, 'colsample_bytree': 0.7098244306250925, 'subsample': 0.6378056717964011, 'learning_rate': 0.015294961299792737, 'max_depth': 20, 'min_child_weight': 18, 'eval_metric': 'mlogloss'}. Best is trial 195 with value: 0.9621575.
start listen on 192.168.1.101:40053
@tracker All of 3 nodes getting started
@tracker All nodes finishes job
Trial 399 finished with value: 0.96174625 and parameters: {'objective': 'multi:softprob', 'num_class': 6, 'tree_method': 'gpu_hist', 'lambda': 9.92122728551384, 'alpha': 0.025551512413831433, 'colsample_bytree': 0.8976025030927718, 'subsample': 0.6709647100279273, 'learning_rate': 0.012097287956248768, 'max_depth': 20, 'min_child_weight': 1, 'eval_metric': 'mlogloss'}. Best is trial 195 with value: 0.9621575.
start listen on 192.168.1.101:57997
@tracker All of 3 nodes getting started
@tracker All nodes finishes job
Trial 400 finished with value: 0.96076875 and parameters: {'objective': 'multi:softprob', 'num_class': 6, 'tree_method': 'gpu_hist', 'lambda': 6.594623576007619, 'alpha': 0.001374941103055256, 'colsample_bytree': 0.946680606304836, 'subsample': 0.6543230664410988, 'learning_rate': 0.016476299165406556, 'max_depth': 20, 'min_child_weight': 287, 'eval_metric': 'mlogloss'}. Best is trial 195 with value: 0.9621575.
start listen on 192.168.1.101:55001
@tracker All of 3 nodes getting started
@tracker All nodes finishes job
Trial 401 finished with value: 0.96204625 and parameters: {'objective': 'multi:softprob', 'num_class': 6, 'tree_method': 'gpu_hist', 'lambda': 7.952640407730288, 'alpha': 0.0036316049968248133, 'colsample_bytree': 0.9279897074279182, 'subsample': 0.6387725611841885, 'learning_rate': 0.01432863817658362, 'max_depth': 20, 'min_child_weight': 12, 'eval_metric': 'mlogloss'}. Best is trial 195 with value: 0.9621575.
start listen on 192.168.1.101:38965
@tracker All of 3 nodes getting started
@tracker All nodes finishes job
Trial 402 finished with value: 0.9620475 and parameters: {'objective': 'multi:softprob', 'num_class': 6, 'tree_method': 'gpu_hist', 'lambda': 7.34804076048523, 'alpha': 0.020099126129581913, 'colsample_bytree': 0.9133185710576096, 'subsample': 0.6228961406449879, 'learning_rate': 0.01757104207882911, 'max_depth': 20, 'min_child_weight': 24, 'eval_metric': 'mlogloss'}. Best is trial 195 with value: 0.9621575.
start listen on 192.168.1.101:35041
@tracker All of 3 nodes getting started
@tracker All nodes finishes job
Trial 403 finished with value: 0.9343925 and parameters: {'objective': 'multi:softprob', 'num_class': 6, 'tree_method': 'gpu_hist', 'lambda': 9.937683268888987, 'alpha': 0.022429318675124665, 'colsample_bytree': 0.8930726459604925, 'subsample': 0.665084041740987, 'learning_rate': 0.013193797987948744, 'max_depth': 3, 'min_child_weight': 125, 'eval_metric': 'mlogloss'}. Best is trial 195 with value: 0.9621575.
start listen on 192.168.1.101:36333
@tracker All of 3 nodes getting started
@tracker All nodes finishes job
Trial 404 finished with value: 0.96209375 and parameters: {'objective': 'multi:softprob', 'num_class': 6, 'tree_method': 'gpu_hist', 'lambda': 5.5875811992169355, 'alpha': 0.003933254840407731, 'colsample_bytree': 0.9128540847689373, 'subsample': 0.6761267629589399, 'learning_rate': 0.01538408179824034, 'max_depth': 20, 'min_child_weight': 17, 'eval_metric': 'mlogloss'}. Best is trial 195 with value: 0.9621575.
start listen on 192.168.1.101:49567
@tracker All of 3 nodes getting started
@tracker All nodes finishes job
Trial 405 finished with value: 0.958655 and parameters: {'objective': 'multi:softprob', 'num_class': 6, 'tree_method': 'gpu_hist', 'lambda': 4.651243917981263, 'alpha': 0.0044334541231375564, 'colsample_bytree': 0.9337860776892654, 'subsample': 0.6808108457887219, 'learning_rate': 0.009763858541722924, 'max_depth': 9, 'min_child_weight': 19, 'eval_metric': 'mlogloss'}. Best is trial 195 with value: 0.9621575.
start listen on 192.168.1.101:55885
@tracker All of 3 nodes getting started
@tracker All nodes finishes job
Trial 406 finished with value: 0.96190875 and parameters: {'objective': 'multi:softprob', 'num_class': 6, 'tree_method': 'gpu_hist', 'lambda': 5.492490050033399, 'alpha': 0.003826810082196, 'colsample_bytree': 0.9608995426507889, 'subsample': 0.6868143158705575, 'learning_rate': 0.014736401176432145, 'max_depth': 20, 'min_child_weight': 35, 'eval_metric': 'mlogloss'}. Best is trial 195 with value: 0.9621575.
start listen on 192.168.1.101:38023
@tracker All of 3 nodes getting started
@tracker All nodes finishes job
Trial 407 finished with value: 0.9620475 and parameters: {'objective': 'multi:softprob', 'num_class': 6, 'tree_method': 'gpu_hist', 'lambda': 0.09755476947061294, 'alpha': 0.002954816071519362, 'colsample_bytree': 0.9181301809033392, 'subsample': 0.6728581392399063, 'learning_rate': 0.012613734986082958, 'max_depth': 20, 'min_child_weight': 24, 'eval_metric': 'mlogloss'}. Best is trial 195 with value: 0.9621575.
start listen on 192.168.1.101:36803
@tracker All of 3 nodes getting started
@tracker All nodes finishes job
Trial 408 finished with value: 0.96212375 and parameters: {'objective': 'multi:softprob', 'num_class': 6, 'tree_method': 'gpu_hist', 'lambda': 6.18515159211612, 'alpha': 0.005764935607922136, 'colsample_bytree': 0.9449803338575627, 'subsample': 0.6629596236358828, 'learning_rate': 0.019098173350043473, 'max_depth': 20, 'min_child_weight': 17, 'eval_metric': 'mlogloss'}. Best is trial 195 with value: 0.9621575.
start listen on 192.168.1.101:60955
@tracker All of 3 nodes getting started
@tracker All nodes finishes job
Trial 409 finished with value: 0.96196 and parameters: {'objective': 'multi:softprob', 'num_class': 6, 'tree_method': 'gpu_hist', 'lambda': 4.575728901697358, 'alpha': 0.004784975451070098, 'colsample_bytree': 0.9497743018282725, 'subsample': 0.6936934661770064, 'learning_rate': 0.02016425476407663, 'max_depth': 20, 'min_child_weight': 18, 'eval_metric': 'mlogloss'}. Best is trial 195 with value: 0.9621575.
start listen on 192.168.1.101:50687
@tracker All of 3 nodes getting started
@tracker All nodes finishes job
Trial 410 finished with value: 0.9620375 and parameters: {'objective': 'multi:softprob', 'num_class': 6, 'tree_method': 'gpu_hist', 'lambda': 5.946999957208177, 'alpha': 0.003689053549228517, 'colsample_bytree': 0.9671479739060499, 'subsample': 0.6704104093387956, 'learning_rate': 0.01884263003656385, 'max_depth': 20, 'min_child_weight': 28, 'eval_metric': 'mlogloss'}. Best is trial 195 with value: 0.9621575.
start listen on 192.168.1.101:53877
@tracker All of 3 nodes getting started
@tracker All nodes finishes job
Trial 411 finished with value: 0.96197 and parameters: {'objective': 'multi:softprob', 'num_class': 6, 'tree_method': 'gpu_hist', 'lambda': 6.566370264825367, 'alpha': 0.0054397889195353525, 'colsample_bytree': 0.9788507556671318, 'subsample': 0.6508497592714106, 'learning_rate': 0.01837814682080985, 'max_depth': 20, 'min_child_weight': 16, 'eval_metric': 'mlogloss'}. Best is trial 195 with value: 0.9621575.
start listen on 192.168.1.101:56823
@tracker All of 3 nodes getting started
@tracker All nodes finishes job
Trial 412 finished with value: 0.96204 and parameters: {'objective': 'multi:softprob', 'num_class': 6, 'tree_method': 'gpu_hist', 'lambda': 5.448635776895938, 'alpha': 0.004563118652000711, 'colsample_bytree': 0.9393366060170285, 'subsample': 0.6608008168547078, 'learning_rate': 0.01710791215281871, 'max_depth': 20, 'min_child_weight': 23, 'eval_metric': 'mlogloss'}. Best is trial 195 with value: 0.9621575.
start listen on 192.168.1.101:56865
@tracker All of 3 nodes getting started
@tracker All nodes finishes job
Trial 413 finished with value: 0.95941375 and parameters: {'objective': 'multi:softprob', 'num_class': 6, 'tree_method': 'gpu_hist', 'lambda': 8.23638531807787, 'alpha': 0.0066153947849166075, 'colsample_bytree': 0.9528630884558323, 'subsample': 0.6826545799475005, 'learning_rate': 0.019536642734275734, 'max_depth': 7, 'min_child_weight': 15, 'eval_metric': 'mlogloss'}. Best is trial 195 with value: 0.9621575.
start listen on 192.168.1.101:48085
@tracker All of 3 nodes getting started
@tracker All nodes finishes job
Trial 414 finished with value: 0.9620575 and parameters: {'objective': 'multi:softprob', 'num_class': 6, 'tree_method': 'gpu_hist', 'lambda': 7.14770381051631, 'alpha': 0.003703899893808231, 'colsample_bytree': 0.9306740849947228, 'subsample': 0.646316980320171, 'learning_rate': 0.016675636459169058, 'max_depth': 20, 'min_child_weight': 21, 'eval_metric': 'mlogloss'}. Best is trial 195 with value: 0.9621575.
start listen on 192.168.1.101:57981
@tracker All of 3 nodes getting started
@tracker All nodes finishes job
Trial 415 finished with value: 0.9616625 and parameters: {'objective': 'multi:softprob', 'num_class': 6, 'tree_method': 'gpu_hist', 'lambda': 8.471972114281892, 'alpha': 0.0062875272297398446, 'colsample_bytree': 0.6217616394658095, 'subsample': 0.673526348798673, 'learning_rate': 0.01548417603640015, 'max_depth': 20, 'min_child_weight': 33, 'eval_metric': 'mlogloss'}. Best is trial 195 with value: 0.9621575.
start listen on 192.168.1.101:52893
@tracker All of 3 nodes getting started
@tracker All nodes finishes job
Trial 416 finished with value: 0.9620725 and parameters: {'objective': 'multi:softprob', 'num_class': 6, 'tree_method': 'gpu_hist', 'lambda': 9.967408466943528, 'alpha': 0.004251940656981302, 'colsample_bytree': 0.979872733385064, 'subsample': 0.6598297793864223, 'learning_rate': 0.018214522996134172, 'max_depth': 20, 'min_child_weight': 11, 'eval_metric': 'mlogloss'}. Best is trial 195 with value: 0.9621575.
start listen on 192.168.1.101:40497
@tracker All of 3 nodes getting started
@tracker All nodes finishes job
Trial 417 finished with value: 0.96204375 and parameters: {'objective': 'multi:softprob', 'num_class': 6, 'tree_method': 'gpu_hist', 'lambda': 5.9929799298366255, 'alpha': 0.003301125798636648, 'colsample_bytree': 0.9574953107340043, 'subsample': 0.6339626756839953, 'learning_rate': 0.022628786658265242, 'max_depth': 20, 'min_child_weight': 27, 'eval_metric': 'mlogloss'}. Best is trial 195 with value: 0.9621575.
start listen on 192.168.1.101:51349
@tracker All of 3 nodes getting started
@tracker All nodes finishes job
Trial 418 finished with value: 0.9527175 and parameters: {'objective': 'multi:softprob', 'num_class': 6, 'tree_method': 'gpu_hist', 'lambda': 7.198015157212323, 'alpha': 0.007022369039929013, 'colsample_bytree': 0.9081854505909108, 'subsample': 0.6438919686320307, 'learning_rate': 0.01581482188386443, 'max_depth': 5, 'min_child_weight': 16, 'eval_metric': 'mlogloss'}. Best is trial 195 with value: 0.9621575.
start listen on 192.168.1.101:38431
@tracker All of 3 nodes getting started
@tracker All nodes finishes job
Trial 419 finished with value: 0.96063875 and parameters: {'objective': 'multi:softprob', 'num_class': 6, 'tree_method': 'gpu_hist', 'lambda': 4.808188105391222, 'alpha': 0.009907153077789586, 'colsample_bytree': 0.9236581822566434, 'subsample': 0.6656100810087021, 'learning_rate': 0.011608530932813983, 'max_depth': 11, 'min_child_weight': 8, 'eval_metric': 'mlogloss'}. Best is trial 195 with value: 0.9621575.
start listen on 192.168.1.101:53461
@tracker All of 3 nodes getting started
@tracker All nodes finishes job
