number,value,params_alpha,params_colsample_bytree,params_eval_metric,params_lambda,params_learning_rate,params_max_depth,params_min_child_weight,params_num_class,params_objective,params_subsample,params_tree_method,state
0,0.9568925,0.15475307808219427,0.9387488761332554,mlogloss,0.7796559409677352,0.0014483018582902817,20,73,6,multi:softprob,0.48302751274853584,gpu_hist,COMPLETE
1,0.9532975,0.030680752104306205,0.40686041977821025,mlogloss,8.650397171223046,0.050611495612197105,3,59,6,multi:softprob,0.738624588381732,gpu_hist,COMPLETE
2,0.92948,0.0019162918613642623,0.8682432075707367,mlogloss,0.010652563863179478,0.0013336534594400968,5,32,6,multi:softprob,0.45907142558209024,gpu_hist,COMPLETE
3,0.91346625,0.07257537017192267,0.30195583139381516,mlogloss,0.30736011836369115,0.006653300475303136,3,245,6,multi:softprob,0.9634563182995254,gpu_hist,COMPLETE
4,0.96216375,1.413603019249944,0.9044319835483761,mlogloss,0.7564845288799065,0.037432771312379653,20,190,6,multi:softprob,0.5641179546305708,gpu_hist,COMPLETE
5,0.9611075,0.00825779253628152,0.43328737747191776,mlogloss,0.7967857115228372,0.015920390114904395,9,6,6,multi:softprob,0.5923855508439361,gpu_hist,COMPLETE
6,0.9523825,7.648252886413821,0.6798006593235558,mlogloss,0.21488753719154827,0.0030299669979780377,13,218,6,multi:softprob,0.547383918211221,gpu_hist,COMPLETE
7,0.93546625,0.01824681602132818,0.48879560058039073,mlogloss,0.002212750934155235,0.0018177208828577358,11,295,6,multi:softprob,0.7316800952475286,gpu_hist,COMPLETE
8,0.9547075,0.3500907152060655,0.927752000694315,mlogloss,0.006190767516369922,0.001053069436382925,11,55,6,multi:softprob,0.4678577225376468,gpu_hist,COMPLETE
9,0.94985875,2.4189520013131225,0.41820008467662545,mlogloss,9.776712255912368,0.0068840387424061655,9,251,6,multi:softprob,0.8045023034772735,gpu_hist,COMPLETE
10,0.96195,0.8598512532412769,0.7652770328555214,mlogloss,0.045772346967534405,0.08620207617492964,17,138,6,multi:softprob,0.6228704595836465,gpu_hist,COMPLETE
11,0.96182625,0.8984600343712379,0.7572169412517885,mlogloss,0.04159775414560076,0.0965113126865357,17,147,6,multi:softprob,0.619532316245303,gpu_hist,COMPLETE
12,0.9623475,1.3756191877633317,0.7583073806406586,mlogloss,0.05395112554928704,0.03245517634860479,20,149,6,multi:softprob,0.653069645128839,gpu_hist,COMPLETE
13,0.9623175,8.11858474886276,0.593669589932198,mlogloss,1.3671358626382926,0.02600190035162293,20,185,6,multi:softprob,0.831208958014827,gpu_hist,COMPLETE
14,0.96246,9.929204962891385,0.5826178696939358,mlogloss,2.25520218149723,0.022858756860955353,20,112,6,multi:softprob,0.8714168829356719,gpu_hist,COMPLETE
15,0.95982875,3.0905479098231536,0.597585102418357,mlogloss,2.876541463655413,0.01413636365053916,7,104,6,multi:softprob,0.9622611024342433,gpu_hist,COMPLETE
16,0.96246875,9.812141325979418,0.7521070944296335,mlogloss,0.08519207058413045,0.025312091620453787,15,116,6,multi:softprob,0.8724329491136964,gpu_hist,COMPLETE
17,0.96237,9.502835026211837,0.6463488681869857,mlogloss,0.18458782999368423,0.018387120064903107,15,108,6,multi:softprob,0.8837070693971906,gpu_hist,COMPLETE
18,0.9606775,0.3716652450726449,0.5296820556124532,mlogloss,0.012827520133615454,0.009192248125121798,15,103,6,multi:softprob,0.8860806203499266,gpu_hist,COMPLETE
19,0.9623425,3.740556642032105,0.8316395385110003,mlogloss,2.936568455330113,0.051731769327192846,15,176,6,multi:softprob,0.9936361272911489,gpu_hist,COMPLETE
20,0.9437925,0.00143529442346126,0.9877570182988132,mlogloss,0.0011467577051192416,0.004837031350925312,5,113,6,multi:softprob,0.7974172022362307,gpu_hist,COMPLETE
21,0.96247,6.497122170402782,0.68078044616972,mlogloss,0.13939672279491874,0.0199998731891433,15,94,6,multi:softprob,0.8905209950037389,gpu_hist,COMPLETE
22,0.9625375,4.3722778048381805,0.6848535822600615,mlogloss,0.10493460882156214,0.020106011605549916,15,72,6,multi:softprob,0.9021526516059742,gpu_hist,COMPLETE
23,0.96224375,3.02061397946819,0.7004346185234495,mlogloss,0.07824075260150279,0.012618666109482686,15,85,6,multi:softprob,0.8809209286501072,gpu_hist,COMPLETE
24,0.9622875,4.509609020236883,0.707396400800464,mlogloss,0.021679587400783327,0.04777501167856011,15,25,6,multi:softprob,0.9323735543425267,gpu_hist,COMPLETE
25,0.96233625,0.47318510312902823,0.7902856506550197,mlogloss,0.16426671971427198,0.010137367725448791,15,47,6,multi:softprob,0.7640405998174091,gpu_hist,COMPLETE
26,0.96255375,1.725561584524143,0.8199702953335675,mlogloss,0.32651069112241726,0.023810980121767817,15,81,6,multi:softprob,0.9247919995621897,gpu_hist,COMPLETE
27,0.96126375,0.16478140346263567,0.8414252117201783,mlogloss,0.36436655172299637,0.019077094747647832,7,78,6,multi:softprob,0.9371530318844862,gpu_hist,COMPLETE
28,0.96268125,1.6812458676903157,0.6443386953740721,mlogloss,0.4288232862462681,0.03532145567495052,13,86,6,multi:softprob,0.8300816421109589,gpu_hist,COMPLETE
29,0.96204375,0.14010036939085296,0.6245781357969777,mlogloss,0.6805097072762771,0.0705625607338612,13,4,6,multi:softprob,0.8228409406804197,gpu_hist,COMPLETE
30,0.96257875,1.7216839209790258,0.5334129012290341,mlogloss,0.3823460770507901,0.037388166197361135,13,64,6,multi:softprob,0.7018143041540793,gpu_hist,COMPLETE
31,0.96253625,1.657026862988911,0.5468207930618116,mlogloss,0.49771428702902953,0.03401953430145927,13,67,6,multi:softprob,0.7063136282099584,gpu_hist,COMPLETE
32,0.96238875,0.8588835424616182,0.5272053729995918,mlogloss,1.3569231738228964,0.06550286819997114,13,36,6,multi:softprob,0.7609415598356,gpu_hist,COMPLETE
33,0.96246125,0.5391684459023499,0.4732037962712611,mlogloss,0.2911481601680846,0.03574750434123819,13,72,6,multi:softprob,0.9303599690226746,gpu_hist,COMPLETE
34,0.95257125,2.0067618014494624,0.3755046448005798,mlogloss,0.1118803320687326,0.051378530807222954,3,127,6,multi:softprob,0.4227028297556768,gpu_hist,COMPLETE
35,0.96256625,0.05688906780356337,0.8109031491999242,mlogloss,0.4479614602922117,0.025775120844761787,13,46,6,multi:softprob,0.6714521754286391,gpu_hist,COMPLETE
36,0.96238375,0.05758549759094647,0.8754525687574339,mlogloss,5.032887907963223,0.044691810903196155,13,22,6,multi:softprob,0.6787084620633829,gpu_hist,COMPLETE
37,0.96243375,0.018635549428756247,0.9848156131832891,mlogloss,0.45925998962056797,0.027465154766136538,13,50,6,multi:softprob,0.5437680145466417,gpu_hist,COMPLETE
38,0.9619025,0.004638455686742088,0.8894506755553042,mlogloss,1.1020331179044454,0.06569366085542759,13,35,6,multi:softprob,0.5127636332799752,gpu_hist,COMPLETE
39,0.954775,0.22468508853288052,0.794007319376001,mlogloss,0.26106645778174153,0.012007686408634059,5,16,6,multi:softprob,0.7022601167165732,gpu_hist,COMPLETE
40,0.9623625,0.06195041117809953,0.8269244054641606,mlogloss,0.652341622288608,0.04163636097365248,13,89,6,multi:softprob,0.6650931173540303,gpu_hist,COMPLETE
41,0.96210375,0.03278825203515714,0.7194985332802545,mlogloss,0.3392617838745021,0.01611480541583309,9,59,6,multi:softprob,0.9918472595182077,gpu_hist,COMPLETE
42,0.96254875,5.023716068062334,0.6495326934057686,mlogloss,0.2103480711447182,0.029301021303326916,11,73,6,multi:softprob,0.842694402936087,gpu_hist,COMPLETE
43,0.96262625,0.9314845438534054,0.6422226471247328,mlogloss,0.9138829765645532,0.03018746923430256,11,47,6,multi:softprob,0.8423183476924284,gpu_hist,COMPLETE
44,0.96256375,1.290141955156776,0.46293875057783296,mlogloss,0.9387426238526086,0.036710583148015105,11,42,6,multi:softprob,0.7403616550221329,gpu_hist,COMPLETE
45,0.962205,0.946760038924749,0.3333085953644258,mlogloss,0.9977489384535879,0.059335925474911205,11,36,6,multi:softprob,0.7319827587472296,gpu_hist,COMPLETE
46,0.96253,1.1917607355468371,0.4703298615762963,mlogloss,1.9083962436224877,0.042145530600475434,11,50,6,multi:softprob,0.7740342137528664,gpu_hist,COMPLETE
47,0.96219125,0.5930549364598876,0.5658902169741529,mlogloss,4.884759839074464,0.08026728672203645,11,13,6,multi:softprob,0.6408938424211805,gpu_hist,COMPLETE
48,0.96260625,0.23627802729039693,0.5043437378535273,mlogloss,0.7128561253454405,0.03622038378067312,11,60,6,multi:softprob,0.7859055955064828,gpu_hist,COMPLETE
49,0.943405,0.223014728516272,0.5156577350938082,mlogloss,0.5004460517116498,0.0023703722027268222,17,168,6,multi:softprob,0.5914643184235224,gpu_hist,COMPLETE
50,0.96266375,0.10216774975631936,0.6147036342185541,mlogloss,1.5062058987101115,0.030406181584418743,11,63,6,multi:softprob,0.8493829805429745,gpu_hist,COMPLETE
51,0.96258875,0.08894589558084494,0.5970874640723249,mlogloss,1.7581730551078503,0.031026719241407215,11,62,6,multi:softprob,0.8487620519623255,gpu_hist,COMPLETE
52,0.96259375,0.09300724927595547,0.6394047614977142,mlogloss,1.7134023749375038,0.03096973100026683,11,59,6,multi:softprob,0.8516995424983161,gpu_hist,COMPLETE
53,0.96263375,0.09035998666038744,0.6191080306411249,mlogloss,4.724058779756906,0.031911693886019867,11,58,6,multi:softprob,0.8510754690638469,gpu_hist,COMPLETE
54,0.96243875,0.12229875049629846,0.6174074848696467,mlogloss,4.21398212764184,0.05738925345955441,11,97,6,multi:softprob,0.7975929373500757,gpu_hist,COMPLETE
55,0.96262,0.038787393159737185,0.6310237237564766,mlogloss,3.2262952307779513,0.02256241367569058,11,28,6,multi:softprob,0.8143854474405614,gpu_hist,COMPLETE
56,0.96238625,0.035914098917623885,0.5638499731860448,mlogloss,3.2338793769434577,0.016728974297436763,11,25,6,multi:softprob,0.8184222712031184,gpu_hist,COMPLETE
57,0.9622775,0.008878726723762637,0.6715078209036507,mlogloss,8.431193573303894,0.02321308580717527,11,134,6,multi:softprob,0.7872609568742999,gpu_hist,COMPLETE
58,0.929765,0.26829289854629984,0.7291352536352989,mlogloss,5.742150916898247,0.007153525682753953,3,251,6,multi:softprob,0.8566986426792844,gpu_hist,COMPLETE
59,0.9624975,0.022213305352920834,0.5031875738711,mlogloss,2.477724843390986,0.0215706342340937,11,3,6,multi:softprob,0.9053601857195542,gpu_hist,COMPLETE
60,0.96229875,0.04551596499225371,0.6163107071696754,mlogloss,7.102350759570423,0.042703062854282485,11,233,6,multi:softprob,0.8126590133218439,gpu_hist,COMPLETE
61,0.96260375,0.09000914607253645,0.6467256245401268,mlogloss,3.1862435400547224,0.030369392745948427,11,58,6,multi:softprob,0.8606284828834475,gpu_hist,COMPLETE
62,0.962675,0.1829207115669069,0.6578949173697495,mlogloss,3.0792380912370896,0.02865590967975763,11,30,6,multi:softprob,0.8339189617858492,gpu_hist,COMPLETE
63,0.96263875,0.3462982527146346,0.5791809425893578,mlogloss,1.3429634545461178,0.026181288353488326,11,30,6,multi:softprob,0.779544897006345,gpu_hist,COMPLETE
64,0.96001875,0.1452897103428437,0.6691718542530534,mlogloss,3.7761349693738717,0.0130103592584558,7,16,6,multi:softprob,0.8299028269458992,gpu_hist,COMPLETE
65,0.96215,0.41020244753434254,0.5788592601004023,mlogloss,1.326573958477606,0.01812364608692283,9,28,6,multi:softprob,0.9068652627685694,gpu_hist,COMPLETE
66,0.96245,0.6748610551041638,0.6173167848224773,mlogloss,2.39478064146832,0.02664071277109849,20,38,6,multi:softprob,0.7466796983880896,gpu_hist,COMPLETE
67,0.9622925,0.3100027821694695,0.5558148582126454,mlogloss,9.867428004181788,0.014846353911176412,11,11,6,multi:softprob,0.8311634246547696,gpu_hist,COMPLETE
68,0.96259625,0.18114838650144502,0.6931957757462339,mlogloss,6.357453778982372,0.022091684856964167,17,83,6,multi:softprob,0.8705387401466951,gpu_hist,COMPLETE
69,0.96075,0.025664656017771747,0.7303653850731435,mlogloss,1.5475562438207098,0.05047900847409933,5,288,6,multi:softprob,0.8081641315578165,gpu_hist,COMPLETE
70,0.95827625,0.11958987613178136,0.6577975695881917,mlogloss,2.127260013253699,0.004236400706085625,11,29,6,multi:softprob,0.9527403500130691,gpu_hist,COMPLETE
71,0.96256,0.01219067790304594,0.5968215773307671,mlogloss,0.7556397357083602,0.03802268779242425,11,51,6,multi:softprob,0.7830717652090331,gpu_hist,COMPLETE
72,0.962615,0.19395555154457111,0.6362949130085639,mlogloss,1.241168106869711,0.03323530422493948,11,42,6,multi:softprob,0.7551263724498474,gpu_hist,COMPLETE
73,0.96267,0.17849512151466176,0.6287443030953633,mlogloss,1.1503023394664396,0.026936095938201853,11,21,6,multi:softprob,0.7601945112700135,gpu_hist,COMPLETE
74,0.96267625,0.3312343505387455,0.5768304988440244,mlogloss,4.120039119974997,0.02524988868519033,11,22,6,multi:softprob,0.7187360942476242,gpu_hist,COMPLETE
75,0.9625975,0.3551657128660482,0.6079483726518573,mlogloss,4.181517176024974,0.02541515305226775,11,20,6,multi:softprob,0.7173387391626774,gpu_hist,COMPLETE
76,0.945155,0.43905381155711753,0.5799098384649267,mlogloss,0.5792329591600124,0.01938214880979477,3,1,6,multi:softprob,0.767793847874709,gpu_hist,COMPLETE
77,0.96202,0.7317840350741285,0.6612614799112295,mlogloss,2.4578428723457884,0.02781410908990565,7,11,6,multi:softprob,0.8431942784104304,gpu_hist,COMPLETE
78,0.96227625,2.6275442585067683,0.5387226307210945,mlogloss,0.9942556464516717,0.01733836283639333,20,71,6,multi:softprob,0.7186666558729269,gpu_hist,COMPLETE
79,0.96246625,0.2918101995488344,0.7036737933258783,mlogloss,0.8256477144341239,0.04454565326972507,11,45,6,multi:softprob,0.6855743149567336,gpu_hist,COMPLETE
80,0.9413875,0.07126119728328938,0.5789859393009332,mlogloss,1.6001458218175,0.0012614414417717757,11,200,6,multi:softprob,0.8954858021865182,gpu_hist,COMPLETE
81,0.96256,0.11276324818440651,0.6398709262621897,mlogloss,3.1282922076264166,0.022523464791303294,11,31,6,multi:softprob,0.8019384911769726,gpu_hist,COMPLETE
82,0.962675,0.04236699061115943,0.6276887257470555,mlogloss,0.004043479647326972,0.02811476738037908,11,22,6,multi:softprob,0.8269174900726594,gpu_hist,COMPLETE
83,0.9625175,1.0455673466951299,0.6818181319963957,mlogloss,0.0014219702259059721,0.032471658231162805,11,43,6,multi:softprob,0.8689976162509254,gpu_hist,COMPLETE
84,0.9626225,0.04967470473953519,0.5985116477805216,mlogloss,0.0029194207468165316,0.02847719343732476,9,18,6,multi:softprob,0.8339386292036446,gpu_hist,COMPLETE
85,0.96252875,0.17266754283582883,0.5643376987259728,mlogloss,0.008359221370151012,0.039951795635029645,11,8,6,multi:softprob,0.7781934411542739,gpu_hist,COMPLETE
86,0.961595,0.515985827291658,0.6181047225902069,mlogloss,0.025684492490454174,0.057137547199031795,5,36,6,multi:softprob,0.7486315696187591,gpu_hist,COMPLETE
87,0.96252125,0.076385810455486,0.5865911504436047,mlogloss,0.0035636580849298374,0.020233217756234625,11,54,6,multi:softprob,0.8780008295957772,gpu_hist,COMPLETE
88,0.9626025,0.12513500524371549,0.5473298403755884,mlogloss,0.07058814744817885,0.024950795698483096,11,23,6,multi:softprob,0.9184552156929036,gpu_hist,COMPLETE
89,0.96255375,0.24141381162947223,0.7163273868405501,mlogloss,2.045260371970806,0.03413841049448147,17,78,6,multi:softprob,0.7938934836511665,gpu_hist,COMPLETE
90,0.96142875,0.14793403289243015,0.6644743589444764,mlogloss,1.143048332838419,0.010308099577875072,11,122,6,multi:softprob,0.8191458870253377,gpu_hist,COMPLETE
91,0.9625975,0.05063045081116581,0.6050581878513634,mlogloss,0.001554861123052847,0.028802977463572115,9,16,6,multi:softprob,0.8319887341874377,gpu_hist,COMPLETE
92,0.9625525,0.07440963324478866,0.6263457258118742,mlogloss,0.003031699788629757,0.027838017586239622,9,19,6,multi:softprob,0.840472263677557,gpu_hist,COMPLETE
93,0.96258625,0.041689485589849515,0.5931164725657386,mlogloss,0.0024294017912136184,0.037270472698472994,11,35,6,multi:softprob,0.7624247522622973,gpu_hist,COMPLETE
94,0.96243875,0.2022359834191535,0.6872195097941822,mlogloss,0.00452176469407012,0.030660918348846787,9,66,6,multi:softprob,0.8617233430088641,gpu_hist,COMPLETE
95,0.96250875,2.204997128862634,0.6504223019303509,mlogloss,5.4233282100915225,0.02506761317730744,9,6,6,multi:softprob,0.8883493965694648,gpu_hist,COMPLETE
96,0.95503875,0.06309435170388074,0.6086628301916032,mlogloss,7.614240667990757,0.049802784565531215,3,53,6,multi:softprob,0.7984648105102541,gpu_hist,COMPLETE
97,0.96254875,0.0037369381139642616,0.6313270887685872,mlogloss,0.006140049695085405,0.04644230023647285,11,23,6,multi:softprob,0.835490650658489,gpu_hist,COMPLETE
98,0.96242625,0.09076865752887808,0.5751154723269714,mlogloss,0.5838136330839155,0.03410804903837609,13,40,6,multi:softprob,0.8105519021674759,gpu_hist,COMPLETE
99,0.9622975,0.3778601224683804,0.7465123998117026,mlogloss,0.9229423784643461,0.021033508370073846,11,92,6,multi:softprob,0.8577183940336599,gpu_hist,COMPLETE
100,0.95985375,0.6676337457729439,0.5242063797291338,mlogloss,0.01777164744216172,0.014984108757514809,7,29,6,multi:softprob,0.7273085190040051,gpu_hist,COMPLETE
101,0.9626725,0.03715599706405725,0.6266127402355441,mlogloss,3.494652674998633,0.024726996928740398,11,31,6,multi:softprob,0.8206564288640948,gpu_hist,COMPLETE
102,0.96258625,0.049214392482217366,0.6557445340100495,mlogloss,4.144055227365951,0.02427905034742827,11,45,6,multi:softprob,0.8247246544119167,gpu_hist,COMPLETE
103,0.96253,0.026063974521601568,0.6719893496533969,mlogloss,1.4573395016104942,0.03968200732229242,11,50,6,multi:softprob,0.8475005769194929,gpu_hist,COMPLETE
104,0.96260875,0.01831430582114495,0.5987795166931212,mlogloss,3.675999917899245,0.028272643703128302,11,31,6,multi:softprob,0.7765113092782254,gpu_hist,COMPLETE
105,0.96218,0.11026056025863631,0.6266858198404409,mlogloss,2.609741758109606,0.03112753033227997,20,11,6,multi:softprob,0.7942165537350707,gpu_hist,COMPLETE
106,0.96250125,1.4738157274138486,0.5533695715707241,mlogloss,1.9399450996778653,0.01859520331410991,11,18,6,multi:softprob,0.8234419728591015,gpu_hist,COMPLETE
107,0.96257125,0.31059581130758235,0.6436035950031971,mlogloss,0.040869788454314354,0.03545821525307767,9,68,6,multi:softprob,0.870441144536031,gpu_hist,COMPLETE
108,0.962655,0.028482805032643707,0.5643536724375265,mlogloss,4.649294013894028,0.02673500562974787,11,25,6,multi:softprob,0.8491938096254906,gpu_hist,COMPLETE
109,0.96240375,0.03239670446638794,0.5616630561380042,mlogloss,4.920213937346136,0.023295680471079095,11,101,6,multi:softprob,0.8812727024493163,gpu_hist,COMPLETE
110,0.96206375,0.010873573867316551,0.5408736349983344,mlogloss,6.49099165878161,0.020527739560089235,11,164,6,multi:softprob,0.806188440812733,gpu_hist,COMPLETE
111,0.96269,0.014235099914502308,0.6055791828670772,mlogloss,0.00199311577817413,0.028103609029870198,11,25,6,multi:softprob,0.8473309665552905,gpu_hist,COMPLETE
112,0.96268125,0.015933651743186252,0.6123061450169708,mlogloss,3.6183513189593963,0.026380321107741377,11,34,6,multi:softprob,0.8509321454289881,gpu_hist,COMPLETE
113,0.9627275,0.014671274003689878,0.6160976692970105,mlogloss,2.8456442005893643,0.026488113795983946,11,24,6,multi:softprob,0.8521804704905841,gpu_hist,COMPLETE
114,0.96266875,0.015798709463545186,0.5763578050717235,mlogloss,2.7470101802612223,0.02606813287961295,11,23,6,multi:softprob,0.8628617490726627,gpu_hist,COMPLETE
115,0.96263375,0.013393587221327056,0.5886617052712093,mlogloss,2.7715509028383494,0.023996107685880907,11,26,6,multi:softprob,0.914131393568115,gpu_hist,COMPLETE
116,0.9626475,0.005690198063862354,0.6082655303872175,mlogloss,2.2460502340059207,0.025815529859974488,11,5,6,multi:softprob,0.8618945872900857,gpu_hist,COMPLETE
117,0.962465,0.016541108636450797,0.5711250488278191,mlogloss,0.0010881181740989103,0.01758820062337063,13,36,6,multi:softprob,0.8946585532924654,gpu_hist,COMPLETE
118,0.96245125,0.026935203469029792,0.48824840989261314,mlogloss,3.8613677856096236,0.02156093507776366,11,13,6,multi:softprob,0.6920413890293547,gpu_hist,COMPLETE
119,0.96070125,0.008257489151918089,0.6330219657572503,mlogloss,3.330393810003534,0.03951379030357971,5,24,6,multi:softprob,0.8501418352420634,gpu_hist,COMPLETE
120,0.96263125,0.02223669845763391,0.6763103342641552,mlogloss,8.424740255660696,0.033327082774094886,11,31,6,multi:softprob,0.8672552268823596,gpu_hist,COMPLETE
121,0.96267875,0.005025713287375262,0.6103242051727392,mlogloss,2.3846136691858364,0.026082600333703635,11,5,6,multi:softprob,0.8591988915875668,gpu_hist,COMPLETE
122,0.96264,0.0017797511073804231,0.6135208995031285,mlogloss,2.804976937861731,0.02664612395778068,11,7,6,multi:softprob,0.8856563597533701,gpu_hist,COMPLETE
123,0.96264875,0.01593138670008248,0.6524823993812071,mlogloss,5.596417624386194,0.029157309068911563,11,1,6,multi:softprob,0.8201112750872257,gpu_hist,COMPLETE
124,0.9626475,0.006458321575223333,0.5875044640669311,mlogloss,1.738285892790696,0.019312801486059204,11,20,6,multi:softprob,0.8456491219874416,gpu_hist,COMPLETE
125,0.962525,0.010123230400178682,0.6218686800126564,mlogloss,4.708970833880481,0.02268492730027251,15,12,6,multi:softprob,0.8706596533318084,gpu_hist,COMPLETE
126,0.96245875,0.003945532228238876,0.6034227636734794,mlogloss,3.4051348427145602,0.031535801927519085,17,39,6,multi:softprob,0.8351182872964995,gpu_hist,COMPLETE
127,0.96265625,0.0029036260700494947,0.6396557262101713,mlogloss,0.14146209108297533,0.02716760726656526,11,23,6,multi:softprob,0.8553994954288731,gpu_hist,COMPLETE
128,0.96253625,0.0020165861834846497,0.6925868105394144,mlogloss,0.13602503629984808,0.015824120723236447,11,16,6,multi:softprob,0.9020361660428711,gpu_hist,COMPLETE
129,0.962565,0.007056553484935975,0.6384551394052057,mlogloss,0.002132694486405589,0.03624591465121675,11,32,6,multi:softprob,0.9376495939580263,gpu_hist,COMPLETE
130,0.9625875,0.0023105129174646466,0.6458243527317055,mlogloss,0.1578871754017583,0.02403702568011772,13,8,6,multi:softprob,0.8786514283640936,gpu_hist,COMPLETE
131,0.9626075,0.014313574279674246,0.624119489962555,mlogloss,2.052140375817161,0.027490809534779823,11,23,6,multi:softprob,0.8563502733283861,gpu_hist,COMPLETE
132,0.9626725,0.0028474341293277146,0.6631741057503642,mlogloss,2.7855772511619703,0.03006200263364232,11,24,6,multi:softprob,0.8401845751584589,gpu_hist,COMPLETE
133,0.9626275,0.0028336148596702984,0.6607800252999907,mlogloss,2.7718795538713503,0.030047104777864975,11,40,6,multi:softprob,0.8270449027199427,gpu_hist,COMPLETE
