Trial 294 finished with value: 0.96199125 and parameters: {'objective': 'multi:softprob', 'num_class': 6, 'tree_method': 'gpu_hist', 'lambda': 7.268732685805457, 'alpha': 0.03984486285418391, 'colsample_bytree': 0.8608266972571859, 'subsample': 0.5973941801931753, 'learning_rate': 0.023544892689532894, 'max_depth': 20, 'min_child_weight': 23, 'eval_metric': 'mlogloss'}. Best is trial 195 with value: 0.9621575.
start listen on 192.168.1.101:39485
@tracker All of 3 nodes getting started
@tracker All nodes finishes job
Trial 295 finished with value: 0.96200375 and parameters: {'objective': 'multi:softprob', 'num_class': 6, 'tree_method': 'gpu_hist', 'lambda': 5.788137895609609, 'alpha': 0.029567567647899758, 'colsample_bytree': 0.8830511662641484, 'subsample': 0.6275725467762401, 'learning_rate': 0.023535366842777544, 'max_depth': 20, 'min_child_weight': 10, 'eval_metric': 'mlogloss'}. Best is trial 195 with value: 0.9621575.
start listen on 192.168.1.101:40323
@tracker All of 3 nodes getting started
@tracker All nodes finishes job
Trial 296 finished with value: 0.96178125 and parameters: {'objective': 'multi:softprob', 'num_class': 6, 'tree_method': 'gpu_hist', 'lambda': 8.67281728908206, 'alpha': 0.02393159476687024, 'colsample_bytree': 0.8961101129103441, 'subsample': 0.6345082480104001, 'learning_rate': 0.009804731936402213, 'max_depth': 20, 'min_child_weight': 18, 'eval_metric': 'mlogloss'}. Best is trial 195 with value: 0.9621575.
start listen on 192.168.1.101:37713
@tracker All of 3 nodes getting started
@tracker All nodes finishes job
Trial 297 finished with value: 0.96179875 and parameters: {'objective': 'multi:softprob', 'num_class': 6, 'tree_method': 'gpu_hist', 'lambda': 7.0073852627701365, 'alpha': 0.02130442001721326, 'colsample_bytree': 0.8802971131021514, 'subsample': 0.6143047570794519, 'learning_rate': 0.02189137978995948, 'max_depth': 20, 'min_child_weight': 1, 'eval_metric': 'mlogloss'}. Best is trial 195 with value: 0.9621575.
start listen on 192.168.1.101:55195
@tracker All of 3 nodes getting started
@tracker All nodes finishes job
Trial 298 finished with value: 0.96202 and parameters: {'objective': 'multi:softprob', 'num_class': 6, 'tree_method': 'gpu_hist', 'lambda': 4.58190077145583, 'alpha': 0.013700580219814228, 'colsample_bytree': 0.8096041463793603, 'subsample': 0.6563972978944357, 'learning_rate': 0.01929975204246117, 'max_depth': 20, 'min_child_weight': 30, 'eval_metric': 'mlogloss'}. Best is trial 195 with value: 0.9621575.
start listen on 192.168.1.101:46481
@tracker All of 3 nodes getting started
@tracker All nodes finishes job
Trial 299 finished with value: 0.961895 and parameters: {'objective': 'multi:softprob', 'num_class': 6, 'tree_method': 'gpu_hist', 'lambda': 9.954561970846864, 'alpha': 0.02745648886191628, 'colsample_bytree': 0.8948071681739308, 'subsample': 0.6765375528716139, 'learning_rate': 0.018791028700018086, 'max_depth': 13, 'min_child_weight': 13, 'eval_metric': 'mlogloss'}. Best is trial 195 with value: 0.9621575.
start listen on 192.168.1.101:48307
@tracker All of 3 nodes getting started
@tracker All nodes finishes job
Trial 300 finished with value: 0.96206875 and parameters: {'objective': 'multi:softprob', 'num_class': 6, 'tree_method': 'gpu_hist', 'lambda': 7.228214133611432, 'alpha': 0.03361117741537275, 'colsample_bytree': 0.8659173671867845, 'subsample': 0.6049273682009707, 'learning_rate': 0.014998193146173488, 'max_depth': 20, 'min_child_weight': 22, 'eval_metric': 'mlogloss'}. Best is trial 195 with value: 0.9621575.
start listen on 192.168.1.101:57193
@tracker All of 3 nodes getting started
@tracker All nodes finishes job
Trial 301 finished with value: 0.96191375 and parameters: {'objective': 'multi:softprob', 'num_class': 6, 'tree_method': 'gpu_hist', 'lambda': 5.647165522956325, 'alpha': 0.01620428848050849, 'colsample_bytree': 0.854391163683799, 'subsample': 0.6077099430260128, 'learning_rate': 0.012498688552498183, 'max_depth': 20, 'min_child_weight': 25, 'eval_metric': 'mlogloss'}. Best is trial 195 with value: 0.9621575.
start listen on 192.168.1.101:59419
@tracker All of 3 nodes getting started
@tracker All nodes finishes job
Trial 302 finished with value: 0.9619925 and parameters: {'objective': 'multi:softprob', 'num_class': 6, 'tree_method': 'gpu_hist', 'lambda': 6.932567874234037, 'alpha': 0.021850508789403547, 'colsample_bytree': 0.8704237199805767, 'subsample': 0.5894634405170441, 'learning_rate': 0.014369158508217362, 'max_depth': 20, 'min_child_weight': 21, 'eval_metric': 'mlogloss'}. Best is trial 195 with value: 0.9621575.
start listen on 192.168.1.101:37023
@tracker All of 3 nodes getting started
@tracker All nodes finishes job
Trial 303 finished with value: 0.96193125 and parameters: {'objective': 'multi:softprob', 'num_class': 6, 'tree_method': 'gpu_hist', 'lambda': 0.13166056689070124, 'alpha': 0.03147644806453259, 'colsample_bytree': 0.8760479276074031, 'subsample': 0.560323520438761, 'learning_rate': 0.010839737554713819, 'max_depth': 20, 'min_child_weight': 6, 'eval_metric': 'mlogloss'}. Best is trial 195 with value: 0.9621575.
start listen on 192.168.1.101:50523
@tracker All of 3 nodes getting started
@tracker All nodes finishes job
Trial 304 finished with value: 0.93686875 and parameters: {'objective': 'multi:softprob', 'num_class': 6, 'tree_method': 'gpu_hist', 'lambda': 9.997330806708266, 'alpha': 0.15780996020722293, 'colsample_bytree': 0.8359043891288769, 'subsample': 0.6016672545779425, 'learning_rate': 0.015401996861735585, 'max_depth': 3, 'min_child_weight': 28, 'eval_metric': 'mlogloss'}. Best is trial 195 with value: 0.9621575.
start listen on 192.168.1.101:54191
@tracker All of 3 nodes getting started
@tracker All nodes finishes job
Trial 305 finished with value: 0.96201 and parameters: {'objective': 'multi:softprob', 'num_class': 6, 'tree_method': 'gpu_hist', 'lambda': 6.117119298238352, 'alpha': 0.019479426956928447, 'colsample_bytree': 0.8555125157328932, 'subsample': 0.47799841773546414, 'learning_rate': 0.01330076143567849, 'max_depth': 20, 'min_child_weight': 17, 'eval_metric': 'mlogloss'}. Best is trial 195 with value: 0.9621575.
start listen on 192.168.1.101:46721
@tracker All of 3 nodes getting started
@tracker All nodes finishes job
Trial 306 finished with value: 0.9620775 and parameters: {'objective': 'multi:softprob', 'num_class': 6, 'tree_method': 'gpu_hist', 'lambda': 8.295937015820412, 'alpha': 0.025424730885478898, 'colsample_bytree': 0.9008086585904028, 'subsample': 0.6165483165047736, 'learning_rate': 0.015963393024808373, 'max_depth': 20, 'min_child_weight': 7, 'eval_metric': 'mlogloss'}. Best is trial 195 with value: 0.9621575.
start listen on 192.168.1.101:47865
@tracker All of 3 nodes getting started
@tracker All nodes finishes job
Trial 307 finished with value: 0.96080375 and parameters: {'objective': 'multi:softprob', 'num_class': 6, 'tree_method': 'gpu_hist', 'lambda': 4.244053714184165, 'alpha': 0.0130990625954764, 'colsample_bytree': 0.8983295255560945, 'subsample': 0.6185523969453883, 'learning_rate': 0.016758476527331388, 'max_depth': 9, 'min_child_weight': 6, 'eval_metric': 'mlogloss'}. Best is trial 195 with value: 0.9621575.
start listen on 192.168.1.101:37339
@tracker All of 3 nodes getting started
@tracker All nodes finishes job
Trial 308 finished with value: 0.96169875 and parameters: {'objective': 'multi:softprob', 'num_class': 6, 'tree_method': 'gpu_hist', 'lambda': 8.499847923593306, 'alpha': 0.02405380380703553, 'colsample_bytree': 0.8652952749200804, 'subsample': 0.6335509640379144, 'learning_rate': 0.012158343757161433, 'max_depth': 20, 'min_child_weight': 1, 'eval_metric': 'mlogloss'}. Best is trial 195 with value: 0.9621575.
start listen on 192.168.1.101:59161
@tracker All of 3 nodes getting started
@tracker All nodes finishes job
Trial 309 finished with value: 0.96183625 and parameters: {'objective': 'multi:softprob', 'num_class': 6, 'tree_method': 'gpu_hist', 'lambda': 7.744986509176038, 'alpha': 0.016049210756132536, 'colsample_bytree': 0.7637800195909946, 'subsample': 0.6230629507154652, 'learning_rate': 0.013984778757936796, 'max_depth': 20, 'min_child_weight': 21, 'eval_metric': 'mlogloss'}. Best is trial 195 with value: 0.9621575.
start listen on 192.168.1.101:37327
@tracker All of 3 nodes getting started
@tracker All nodes finishes job
Trial 310 finished with value: 0.9620875 and parameters: {'objective': 'multi:softprob', 'num_class': 6, 'tree_method': 'gpu_hist', 'lambda': 8.539087915209013, 'alpha': 0.045378837141750505, 'colsample_bytree': 0.8467328096539641, 'subsample': 0.6400063468649402, 'learning_rate': 0.01988661899425531, 'max_depth': 20, 'min_child_weight': 15, 'eval_metric': 'mlogloss'}. Best is trial 195 with value: 0.9621575.
start listen on 192.168.1.101:57569
@tracker All of 3 nodes getting started
@tracker All nodes finishes job
Trial 311 finished with value: 0.96055375 and parameters: {'objective': 'multi:softprob', 'num_class': 6, 'tree_method': 'gpu_hist', 'lambda': 7.126976365634491, 'alpha': 0.04539439059832443, 'colsample_bytree': 0.4154928978179916, 'subsample': 0.6667695013815688, 'learning_rate': 0.020779968804083622, 'max_depth': 20, 'min_child_weight': 30, 'eval_metric': 'mlogloss'}. Best is trial 195 with value: 0.9621575.
start listen on 192.168.1.101:53365
@tracker All of 3 nodes getting started
@tracker All nodes finishes job
Trial 312 finished with value: 0.961685 and parameters: {'objective': 'multi:softprob', 'num_class': 6, 'tree_method': 'gpu_hist', 'lambda': 0.3261023769952236, 'alpha': 0.039113633921378746, 'colsample_bytree': 0.843378989053537, 'subsample': 0.6442489939267095, 'learning_rate': 0.01990706837468347, 'max_depth': 20, 'min_child_weight': 110, 'eval_metric': 'mlogloss'}. Best is trial 195 with value: 0.9621575.
start listen on 192.168.1.101:40035
@tracker All of 3 nodes getting started
@tracker All nodes finishes job
Trial 313 finished with value: 0.9576675 and parameters: {'objective': 'multi:softprob', 'num_class': 6, 'tree_method': 'gpu_hist', 'lambda': 5.246672138776529, 'alpha': 0.11402529252956856, 'colsample_bytree': 0.8126585036895171, 'subsample': 0.6412525656632484, 'learning_rate': 0.018764836779393498, 'max_depth': 7, 'min_child_weight': 238, 'eval_metric': 'mlogloss'}. Best is trial 195 with value: 0.9621575.
start listen on 192.168.1.101:56883
@tracker All of 3 nodes getting started
@tracker All nodes finishes job
Trial 314 finished with value: 0.962025 and parameters: {'objective': 'multi:softprob', 'num_class': 6, 'tree_method': 'gpu_hist', 'lambda': 8.458695906041674, 'alpha': 0.05051657188775245, 'colsample_bytree': 0.8285437411712633, 'subsample': 0.6566056521929649, 'learning_rate': 0.023348087496977216, 'max_depth': 20, 'min_child_weight': 19, 'eval_metric': 'mlogloss'}. Best is trial 195 with value: 0.9621575.
start listen on 192.168.1.101:50055
@tracker All of 3 nodes getting started
@tracker All nodes finishes job
Trial 315 finished with value: 0.96195 and parameters: {'objective': 'multi:softprob', 'num_class': 6, 'tree_method': 'gpu_hist', 'lambda': 6.83762382794556, 'alpha': 0.07228767875463953, 'colsample_bytree': 0.8636126083598368, 'subsample': 0.631082949929964, 'learning_rate': 0.0173855652767002, 'max_depth': 20, 'min_child_weight': 34, 'eval_metric': 'mlogloss'}. Best is trial 195 with value: 0.9621575.
start listen on 192.168.1.101:37631
@tracker All of 3 nodes getting started
@tracker All nodes finishes job
Trial 316 finished with value: 0.95256 and parameters: {'objective': 'multi:softprob', 'num_class': 6, 'tree_method': 'gpu_hist', 'lambda': 9.972579323734328, 'alpha': 0.0322058838981289, 'colsample_bytree': 0.8494152956114696, 'subsample': 0.6971667583914176, 'learning_rate': 0.016061749891842593, 'max_depth': 5, 'min_child_weight': 9, 'eval_metric': 'mlogloss'}. Best is trial 195 with value: 0.9621575.
start listen on 192.168.1.101:58475
@tracker All of 3 nodes getting started
@tracker All nodes finishes job
Trial 317 finished with value: 0.96078375 and parameters: {'objective': 'multi:softprob', 'num_class': 6, 'tree_method': 'gpu_hist', 'lambda': 7.863065126942514, 'alpha': 0.019426876454869308, 'colsample_bytree': 0.873184603998819, 'subsample': 0.6640537978893853, 'learning_rate': 0.006271845842537584, 'max_depth': 20, 'min_child_weight': 16, 'eval_metric': 'mlogloss'}. Best is trial 195 with value: 0.9621575.
start listen on 192.168.1.101:46869
@tracker All of 3 nodes getting started
@tracker All nodes finishes job
Trial 318 finished with value: 0.96204875 and parameters: {'objective': 'multi:softprob', 'num_class': 6, 'tree_method': 'gpu_hist', 'lambda': 6.286609928416275, 'alpha': 0.014320630348217987, 'colsample_bytree': 0.8854338247309009, 'subsample': 0.8056354186489266, 'learning_rate': 0.020308180576391485, 'max_depth': 20, 'min_child_weight': 25, 'eval_metric': 'mlogloss'}. Best is trial 195 with value: 0.9621575.
start listen on 192.168.1.101:33699
@tracker All of 3 nodes getting started
@tracker All nodes finishes job
Trial 319 finished with value: 0.9620325 and parameters: {'objective': 'multi:softprob', 'num_class': 6, 'tree_method': 'gpu_hist', 'lambda': 5.25057081114914, 'alpha': 0.022463988535861838, 'colsample_bytree': 0.906499002097233, 'subsample': 0.575124836273604, 'learning_rate': 0.017746666701703797, 'max_depth': 20, 'min_child_weight': 7, 'eval_metric': 'mlogloss'}. Best is trial 195 with value: 0.9621575.
start listen on 192.168.1.101:45811
@tracker All of 3 nodes getting started
@tracker All nodes finishes job
Trial 320 finished with value: 0.96175875 and parameters: {'objective': 'multi:softprob', 'num_class': 6, 'tree_method': 'gpu_hist', 'lambda': 8.077760105838237, 'alpha': 0.028532155648582268, 'colsample_bytree': 0.8800439570180963, 'subsample': 0.6828935226638176, 'learning_rate': 0.022107617085602604, 'max_depth': 11, 'min_child_weight': 15, 'eval_metric': 'mlogloss'}. Best is trial 195 with value: 0.9621575.
start listen on 192.168.1.101:37587
@tracker All of 3 nodes getting started
@tracker All nodes finishes job
Trial 321 finished with value: 0.96204875 and parameters: {'objective': 'multi:softprob', 'num_class': 6, 'tree_method': 'gpu_hist', 'lambda': 6.973622994815163, 'alpha': 0.057442356938356906, 'colsample_bytree': 0.8547984008593155, 'subsample': 0.6410417922590468, 'learning_rate': 0.016245008040497666, 'max_depth': 20, 'min_child_weight': 22, 'eval_metric': 'mlogloss'}. Best is trial 195 with value: 0.9621575.
start listen on 192.168.1.101:37585
@tracker All of 3 nodes getting started
@tracker All nodes finishes job
Trial 322 finished with value: 0.96201875 and parameters: {'objective': 'multi:softprob', 'num_class': 6, 'tree_method': 'gpu_hist', 'lambda': 8.60856411579342, 'alpha': 0.03563119632615012, 'colsample_bytree': 0.8966150256345292, 'subsample': 0.6556522430343352, 'learning_rate': 0.01895845603610542, 'max_depth': 20, 'min_child_weight': 10, 'eval_metric': 'mlogloss'}. Best is trial 195 with value: 0.9621575.
start listen on 192.168.1.101:43897
@tracker All of 3 nodes getting started
@tracker All nodes finishes job
Trial 323 finished with value: 0.961815 and parameters: {'objective': 'multi:softprob', 'num_class': 6, 'tree_method': 'gpu_hist', 'lambda': 6.247108867118543, 'alpha': 0.011595077976358508, 'colsample_bytree': 0.839673028510145, 'subsample': 0.5201069835550587, 'learning_rate': 0.02463707207146703, 'max_depth': 17, 'min_child_weight': 1, 'eval_metric': 'mlogloss'}. Best is trial 195 with value: 0.9621575.
start listen on 192.168.1.101:41469
@tracker All of 3 nodes getting started
@tracker All nodes finishes job
Trial 324 finished with value: 0.9621325 and parameters: {'objective': 'multi:softprob', 'num_class': 6, 'tree_method': 'gpu_hist', 'lambda': 8.58001829855725, 'alpha': 0.01792993305756834, 'colsample_bytree': 0.8877818730467029, 'subsample': 0.616027787577945, 'learning_rate': 0.015424057750004234, 'max_depth': 20, 'min_child_weight': 16, 'eval_metric': 'mlogloss'}. Best is trial 195 with value: 0.9621575.
start listen on 192.168.1.101:60471
@tracker All of 3 nodes getting started
@tracker All nodes finishes job
Trial 325 finished with value: 0.96200625 and parameters: {'objective': 'multi:softprob', 'num_class': 6, 'tree_method': 'gpu_hist', 'lambda': 8.727621249788953, 'alpha': 0.01675483196213858, 'colsample_bytree': 0.9114148583500109, 'subsample': 0.5977524218210503, 'learning_rate': 0.014680678218746876, 'max_depth': 20, 'min_child_weight': 27, 'eval_metric': 'mlogloss'}. Best is trial 195 with value: 0.9621575.
start listen on 192.168.1.101:48591
@tracker All of 3 nodes getting started
@tracker All nodes finishes job
Trial 326 finished with value: 0.96200875 and parameters: {'objective': 'multi:softprob', 'num_class': 6, 'tree_method': 'gpu_hist', 'lambda': 0.6732391818375727, 'alpha': 0.019356151488155254, 'colsample_bytree': 0.8869512911624948, 'subsample': 0.6287811071716982, 'learning_rate': 0.01526723239418794, 'max_depth': 20, 'min_child_weight': 14, 'eval_metric': 'mlogloss'}. Best is trial 195 with value: 0.9621575.
start listen on 192.168.1.101:53829
@tracker All of 3 nodes getting started
@tracker All nodes finishes job
Trial 327 finished with value: 0.961735 and parameters: {'objective': 'multi:softprob', 'num_class': 6, 'tree_method': 'gpu_hist', 'lambda': 9.99202621865867, 'alpha': 0.01581592854377526, 'colsample_bytree': 0.9022203837518177, 'subsample': 0.6135819903912079, 'learning_rate': 0.01653640296166542, 'max_depth': 13, 'min_child_weight': 6, 'eval_metric': 'mlogloss'}. Best is trial 195 with value: 0.9621575.
start listen on 192.168.1.101:46207
@tracker All of 3 nodes getting started
@tracker All nodes finishes job
Trial 328 finished with value: 0.96199875 and parameters: {'objective': 'multi:softprob', 'num_class': 6, 'tree_method': 'gpu_hist', 'lambda': 4.822104062744182, 'alpha': 0.10207302690715779, 'colsample_bytree': 0.86853996369849, 'subsample': 0.5857618243484064, 'learning_rate': 0.01797881283831029, 'max_depth': 20, 'min_child_weight': 21, 'eval_metric': 'mlogloss'}. Best is trial 195 with value: 0.9621575.
start listen on 192.168.1.101:36733
@tracker All of 3 nodes getting started
@tracker All nodes finishes job
Trial 329 finished with value: 0.9619925 and parameters: {'objective': 'multi:softprob', 'num_class': 6, 'tree_method': 'gpu_hist', 'lambda': 0.00475601246004715, 'alpha': 0.01332919418010429, 'colsample_bytree': 0.9204201747091542, 'subsample': 0.6076313684110508, 'learning_rate': 0.014288842009667525, 'max_depth': 20, 'min_child_weight': 10, 'eval_metric': 'mlogloss'}. Best is trial 195 with value: 0.9621575.
start listen on 192.168.1.101:39181
@tracker All of 3 nodes getting started
@tracker All nodes finishes job
Trial 330 finished with value: 0.962045 and parameters: {'objective': 'multi:softprob', 'num_class': 6, 'tree_method': 'gpu_hist', 'lambda': 7.243512429888334, 'alpha': 0.02558503449405265, 'colsample_bytree': 0.87590396398303, 'subsample': 0.619175335639732, 'learning_rate': 0.02036952966984642, 'max_depth': 20, 'min_child_weight': 18, 'eval_metric': 'mlogloss'}. Best is trial 195 with value: 0.9621575.
start listen on 192.168.1.101:55459
@tracker All of 3 nodes getting started
@tracker All nodes finishes job
Trial 331 finished with value: 0.96189125 and parameters: {'objective': 'multi:softprob', 'num_class': 6, 'tree_method': 'gpu_hist', 'lambda': 0.0015606672443529356, 'alpha': 0.019497506247722295, 'colsample_bytree': 0.893480823590302, 'subsample': 0.6759172936931092, 'learning_rate': 0.015720819558078424, 'max_depth': 20, 'min_child_weight': 33, 'eval_metric': 'mlogloss'}. Best is trial 195 with value: 0.9621575.
start listen on 192.168.1.101:47727
@tracker All of 3 nodes getting started
@tracker All nodes finishes job
Trial 332 finished with value: 0.9619725 and parameters: {'objective': 'multi:softprob', 'num_class': 6, 'tree_method': 'gpu_hist', 'lambda': 5.681568555112261, 'alpha': 0.04507466876854158, 'colsample_bytree': 0.8514327859939917, 'subsample': 0.6329343117698347, 'learning_rate': 0.017766280380816252, 'max_depth': 20, 'min_child_weight': 25, 'eval_metric': 'mlogloss'}. Best is trial 195 with value: 0.9621575.
start listen on 192.168.1.101:50619
@tracker All of 3 nodes getting started
@tracker All nodes finishes job
Trial 333 finished with value: 0.9618925 and parameters: {'objective': 'multi:softprob', 'num_class': 6, 'tree_method': 'gpu_hist', 'lambda': 8.482791073447707, 'alpha': 0.011861799610103793, 'colsample_bytree': 0.9445379910568785, 'subsample': 0.7741867291914959, 'learning_rate': 0.012698735249302226, 'max_depth': 20, 'min_child_weight': 8, 'eval_metric': 'mlogloss'}. Best is trial 195 with value: 0.9621575.
start listen on 192.168.1.101:53191
@tracker All of 3 nodes getting started
@tracker All nodes finishes job
Trial 334 finished with value: 0.93727625 and parameters: {'objective': 'multi:softprob', 'num_class': 6, 'tree_method': 'gpu_hist', 'lambda': 9.991720104709781, 'alpha': 0.010193002234703746, 'colsample_bytree': 0.9630243044250509, 'subsample': 0.6475846014070215, 'learning_rate': 0.014795048442596529, 'max_depth': 3, 'min_child_weight': 17, 'eval_metric': 'mlogloss'}. Best is trial 195 with value: 0.9621575.
start listen on 192.168.1.101:46429
@tracker All of 3 nodes getting started
@tracker All nodes finishes job
Trial 335 finished with value: 0.95701875 and parameters: {'objective': 'multi:softprob', 'num_class': 6, 'tree_method': 'gpu_hist', 'lambda': 7.502897793236473, 'alpha': 0.01572785822458405, 'colsample_bytree': 0.9085084642150234, 'subsample': 0.5013722363511841, 'learning_rate': 0.0019504689626371413, 'max_depth': 20, 'min_child_weight': 1, 'eval_metric': 'mlogloss'}. Best is trial 195 with value: 0.9621575.
start listen on 192.168.1.101:55591
@tracker All of 3 nodes getting started
@tracker All nodes finishes job
