Trial 117 finished with value: 0.962465 and parameters: {'objective': 'multi:softprob', 'num_class': 6, 'tree_method': 'gpu_hist', 'lambda': 0.0010881181740989103, 'alpha': 0.016541108636450797, 'colsample_bytree': 0.5711250488278191, 'subsample': 0.8946585532924654, 'learning_rate': 0.01758820062337063, 'max_depth': 13, 'min_child_weight': 36, 'eval_metric': 'mlogloss'}. Best is trial 113 with value: 0.9627275.
start listen on 10.110.42.38:9091
@tracker All of 4 nodes getting started
@tracker All nodes finishes job
@tracker 247.67231678962708 secs between node start and job finish
Trial 118 finished with value: 0.96245125 and parameters: {'objective': 'multi:softprob', 'num_class': 6, 'tree_method': 'gpu_hist', 'lambda': 3.8613677856096236, 'alpha': 0.026935203469029792, 'colsample_bytree': 0.48824840989261314, 'subsample': 0.6920413890293547, 'learning_rate': 0.02156093507776366, 'max_depth': 11, 'min_child_weight': 13, 'eval_metric': 'mlogloss'}. Best is trial 113 with value: 0.9627275.
start listen on 10.110.42.38:9091
@tracker All of 4 nodes getting started
@tracker All nodes finishes job
@tracker 34.08384323120117 secs between node start and job finish
Trial 119 finished with value: 0.96070125 and parameters: {'objective': 'multi:softprob', 'num_class': 6, 'tree_method': 'gpu_hist', 'lambda': 3.330393810003534, 'alpha': 0.008257489151918089, 'colsample_bytree': 0.6330219657572503, 'subsample': 0.8501418352420634, 'learning_rate': 0.03951379030357971, 'max_depth': 5, 'min_child_weight': 24, 'eval_metric': 'mlogloss'}. Best is trial 113 with value: 0.9627275.
start listen on 10.110.42.38:9091
@tracker All of 4 nodes getting started
@tracker All nodes finishes job
@tracker 170.48048520088196 secs between node start and job finish
Trial 120 finished with value: 0.96263125 and parameters: {'objective': 'multi:softprob', 'num_class': 6, 'tree_method': 'gpu_hist', 'lambda': 8.424740255660696, 'alpha': 0.02223669845763391, 'colsample_bytree': 0.6763103342641552, 'subsample': 0.8672552268823596, 'learning_rate': 0.033327082774094886, 'max_depth': 11, 'min_child_weight': 31, 'eval_metric': 'mlogloss'}. Best is trial 113 with value: 0.9627275.
start listen on 10.110.42.38:9091
@tracker All of 4 nodes getting started
@tracker All nodes finishes job
@tracker 295.9000141620636 secs between node start and job finish
Trial 121 finished with value: 0.96267875 and parameters: {'objective': 'multi:softprob', 'num_class': 6, 'tree_method': 'gpu_hist', 'lambda': 2.3846136691858364, 'alpha': 0.005025713287375262, 'colsample_bytree': 0.6103242051727392, 'subsample': 0.8591988915875668, 'learning_rate': 0.026082600333703635, 'max_depth': 11, 'min_child_weight': 5, 'eval_metric': 'mlogloss'}. Best is trial 113 with value: 0.9627275.
start listen on 10.110.42.38:9091
@tracker All of 4 nodes getting started
@tracker All nodes finishes job
@tracker 276.5897693634033 secs between node start and job finish
Trial 122 finished with value: 0.96264 and parameters: {'objective': 'multi:softprob', 'num_class': 6, 'tree_method': 'gpu_hist', 'lambda': 2.804976937861731, 'alpha': 0.0017797511073804231, 'colsample_bytree': 0.6135208995031285, 'subsample': 0.8856563597533701, 'learning_rate': 0.02664612395778068, 'max_depth': 11, 'min_child_weight': 7, 'eval_metric': 'mlogloss'}. Best is trial 113 with value: 0.9627275.
start listen on 10.110.42.38:9091
@tracker All of 4 nodes getting started
@tracker All nodes finishes job
@tracker 371.3720223903656 secs between node start and job finish
Trial 123 finished with value: 0.96264875 and parameters: {'objective': 'multi:softprob', 'num_class': 6, 'tree_method': 'gpu_hist', 'lambda': 5.596417624386194, 'alpha': 0.01593138670008248, 'colsample_bytree': 0.6524823993812071, 'subsample': 0.8201112750872257, 'learning_rate': 0.029157309068911563, 'max_depth': 11, 'min_child_weight': 1, 'eval_metric': 'mlogloss'}. Best is trial 113 with value: 0.9627275.
start listen on 10.110.42.38:9091
@tracker All of 4 nodes getting started
@tracker All nodes finishes job
@tracker 237.88652443885803 secs between node start and job finish
Trial 124 finished with value: 0.9626475 and parameters: {'objective': 'multi:softprob', 'num_class': 6, 'tree_method': 'gpu_hist', 'lambda': 1.738285892790696, 'alpha': 0.006458321575223333, 'colsample_bytree': 0.5875044640669311, 'subsample': 0.8456491219874416, 'learning_rate': 0.019312801486059204, 'max_depth': 11, 'min_child_weight': 20, 'eval_metric': 'mlogloss'}. Best is trial 113 with value: 0.9627275.
start listen on 10.110.42.38:9091
@tracker All of 4 nodes getting started
@tracker All nodes finishes job
@tracker 685.7036263942719 secs between node start and job finish
Trial 125 finished with value: 0.962525 and parameters: {'objective': 'multi:softprob', 'num_class': 6, 'tree_method': 'gpu_hist', 'lambda': 4.708970833880481, 'alpha': 0.010123230400178682, 'colsample_bytree': 0.6218686800126564, 'subsample': 0.8706596533318084, 'learning_rate': 0.02268492730027251, 'max_depth': 15, 'min_child_weight': 12, 'eval_metric': 'mlogloss'}. Best is trial 113 with value: 0.9627275.
start listen on 10.110.42.38:9091
@tracker All of 4 nodes getting started
@tracker All nodes finishes job
@tracker 459.22533416748047 secs between node start and job finish
Trial 126 finished with value: 0.96245875 and parameters: {'objective': 'multi:softprob', 'num_class': 6, 'tree_method': 'gpu_hist', 'lambda': 3.4051348427145602, 'alpha': 0.003945532228238876, 'colsample_bytree': 0.6034227636734794, 'subsample': 0.8351182872964995, 'learning_rate': 0.031535801927519085, 'max_depth': 17, 'min_child_weight': 39, 'eval_metric': 'mlogloss'}. Best is trial 113 with value: 0.9627275.
start listen on 10.110.42.38:9091
@tracker All of 4 nodes getting started
@tracker All nodes finishes job
@tracker 211.83802604675293 secs between node start and job finish
Trial 127 finished with value: 0.96265625 and parameters: {'objective': 'multi:softprob', 'num_class': 6, 'tree_method': 'gpu_hist', 'lambda': 0.14146209108297533, 'alpha': 0.0029036260700494947, 'colsample_bytree': 0.6396557262101713, 'subsample': 0.8553994954288731, 'learning_rate': 0.02716760726656526, 'max_depth': 11, 'min_child_weight': 23, 'eval_metric': 'mlogloss'}. Best is trial 113 with value: 0.9627275.
start listen on 10.110.42.38:9091
@tracker All of 4 nodes getting started
@tracker All nodes finishes job
@tracker 270.6963531970978 secs between node start and job finish
Trial 128 finished with value: 0.96253625 and parameters: {'objective': 'multi:softprob', 'num_class': 6, 'tree_method': 'gpu_hist', 'lambda': 0.13602503629984808, 'alpha': 0.0020165861834846497, 'colsample_bytree': 0.6925868105394144, 'subsample': 0.9020361660428711, 'learning_rate': 0.015824120723236447, 'max_depth': 11, 'min_child_weight': 16, 'eval_metric': 'mlogloss'}. Best is trial 113 with value: 0.9627275.
start listen on 10.110.42.38:9091
@tracker All of 4 nodes getting started
@tracker All nodes finishes job
@tracker 184.57136583328247 secs between node start and job finish
Trial 129 finished with value: 0.962565 and parameters: {'objective': 'multi:softprob', 'num_class': 6, 'tree_method': 'gpu_hist', 'lambda': 0.002132694486405589, 'alpha': 0.007056553484935975, 'colsample_bytree': 0.6384551394052057, 'subsample': 0.9376495939580263, 'learning_rate': 0.03624591465121675, 'max_depth': 11, 'min_child_weight': 32, 'eval_metric': 'mlogloss'}. Best is trial 113 with value: 0.9627275.
start listen on 10.110.42.38:9091
@tracker All of 4 nodes getting started
@tracker All nodes finishes job
@tracker 533.9466149806976 secs between node start and job finish
Trial 130 finished with value: 0.9625875 and parameters: {'objective': 'multi:softprob', 'num_class': 6, 'tree_method': 'gpu_hist', 'lambda': 0.1578871754017583, 'alpha': 0.0023105129174646466, 'colsample_bytree': 0.6458243527317055, 'subsample': 0.8786514283640936, 'learning_rate': 0.02403702568011772, 'max_depth': 13, 'min_child_weight': 8, 'eval_metric': 'mlogloss'}. Best is trial 113 with value: 0.9627275.
start listen on 10.110.42.38:9091
@tracker All of 4 nodes getting started
@tracker All nodes finishes job
@tracker 204.04301285743713 secs between node start and job finish
Trial 131 finished with value: 0.9626075 and parameters: {'objective': 'multi:softprob', 'num_class': 6, 'tree_method': 'gpu_hist', 'lambda': 2.052140375817161, 'alpha': 0.014313574279674246, 'colsample_bytree': 0.624119489962555, 'subsample': 0.8563502733283861, 'learning_rate': 0.027490809534779823, 'max_depth': 11, 'min_child_weight': 23, 'eval_metric': 'mlogloss'}. Best is trial 113 with value: 0.9627275.
start listen on 10.110.42.38:9091
@tracker All of 4 nodes getting started
@tracker All nodes finishes job
@tracker 192.0328550338745 secs between node start and job finish
Trial 132 finished with value: 0.9626725 and parameters: {'objective': 'multi:softprob', 'num_class': 6, 'tree_method': 'gpu_hist', 'lambda': 2.7855772511619703, 'alpha': 0.0028474341293277146, 'colsample_bytree': 0.6631741057503642, 'subsample': 0.8401845751584589, 'learning_rate': 0.03006200263364232, 'max_depth': 11, 'min_child_weight': 24, 'eval_metric': 'mlogloss'}. Best is trial 113 with value: 0.9627275.
start listen on 10.110.42.38:9091
@tracker All of 4 nodes getting started
@tracker All nodes finishes job
@tracker 164.7591347694397 secs between node start and job finish
Trial 133 finished with value: 0.9626275 and parameters: {'objective': 'multi:softprob', 'num_class': 6, 'tree_method': 'gpu_hist', 'lambda': 2.7718795538713503, 'alpha': 0.0028336148596702984, 'colsample_bytree': 0.6607800252999907, 'subsample': 0.8270449027199427, 'learning_rate': 0.030047104777864975, 'max_depth': 11, 'min_child_weight': 40, 'eval_metric': 'mlogloss'}. Best is trial 113 with value: 0.9627275.
start listen on 10.110.42.38:9091
@tracker All of 4 nodes getting started
@tracker All nodes finishes job
@tracker 214.0250759124756 secs between node start and job finish
Trial 134 finished with value: 0.962515 and parameters: {'objective': 'multi:softprob', 'num_class': 6, 'tree_method': 'gpu_hist', 'lambda': 0.19918609408577032, 'alpha': 0.0030640066030792486, 'colsample_bytree': 0.6677925260089639, 'subsample': 0.813922560344253, 'learning_rate': 0.04280268575331521, 'max_depth': 11, 'min_child_weight': 13, 'eval_metric': 'mlogloss'}. Best is trial 113 with value: 0.9627275.
start listen on 10.110.42.38:9091
@tracker All of 4 nodes getting started
@tracker All nodes finishes job
@tracker 376.8977482318878 secs between node start and job finish
Trial 135 finished with value: 0.96256375 and parameters: {'objective': 'multi:softprob', 'num_class': 6, 'tree_method': 'gpu_hist', 'lambda': 2.3890507654646673, 'alpha': 0.0010414862338349094, 'colsample_bytree': 0.6081475526681521, 'subsample': 0.8382798588493618, 'learning_rate': 0.03417903256125412, 'max_depth': 11, 'min_child_weight': 1, 'eval_metric': 'mlogloss'}. Best is trial 113 with value: 0.9627275.
start listen on 10.110.42.38:9091
@tracker All of 4 nodes getting started
@tracker All nodes finishes job
@tracker 22.51014232635498 secs between node start and job finish
Trial 136 finished with value: 0.94670375 and parameters: {'objective': 'multi:softprob', 'num_class': 6, 'tree_method': 'gpu_hist', 'lambda': 1.6584939268245893, 'alpha': 0.004308236429575824, 'colsample_bytree': 0.6336084379991134, 'subsample': 0.8578592997105067, 'learning_rate': 0.020877450489424316, 'max_depth': 3, 'min_child_weight': 34, 'eval_metric': 'mlogloss'}. Best is trial 113 with value: 0.9627275.
start listen on 10.110.42.38:9091
@tracker All of 4 nodes getting started
@tracker All nodes finishes job
@tracker 214.76162433624268 secs between node start and job finish
Trial 137 finished with value: 0.96262 and parameters: {'objective': 'multi:softprob', 'num_class': 6, 'tree_method': 'gpu_hist', 'lambda': 1.1215666625142513, 'alpha': 0.0212968184878033, 'colsample_bytree': 0.6783010932242242, 'subsample': 0.8802169160323234, 'learning_rate': 0.02515860370528184, 'max_depth': 11, 'min_child_weight': 20, 'eval_metric': 'mlogloss'}. Best is trial 113 with value: 0.9627275.
start listen on 10.110.42.38:9091
@tracker All of 4 nodes getting started
@tracker All nodes finishes job
@tracker 176.94735383987427 secs between node start and job finish
Trial 138 finished with value: 0.96265625 and parameters: {'objective': 'multi:softprob', 'num_class': 6, 'tree_method': 'gpu_hist', 'lambda': 0.0017200568720298743, 'alpha': 0.0055710317107563545, 'colsample_bytree': 0.5856712035549414, 'subsample': 0.804895592332673, 'learning_rate': 0.028770565111555492, 'max_depth': 11, 'min_child_weight': 48, 'eval_metric': 'mlogloss'}. Best is trial 113 with value: 0.9627275.
start listen on 10.110.42.38:9091
@tracker All of 4 nodes getting started
@tracker All nodes finishes job
@tracker 59.81670022010803 secs between node start and job finish
Trial 139 finished with value: 0.96221 and parameters: {'objective': 'multi:softprob', 'num_class': 6, 'tree_method': 'gpu_hist', 'lambda': 0.4028262076577347, 'alpha': 0.0029048129002424592, 'colsample_bytree': 0.6165463752659462, 'subsample': 0.8383231958605002, 'learning_rate': 0.0329922267361423, 'max_depth': 7, 'min_child_weight': 27, 'eval_metric': 'mlogloss'}. Best is trial 113 with value: 0.9627275.
start listen on 10.110.42.38:9091
@tracker All of 4 nodes getting started
@tracker All nodes finishes job
@tracker 142.836421251297 secs between node start and job finish
Trial 140 finished with value: 0.96251625 and parameters: {'objective': 'multi:softprob', 'num_class': 6, 'tree_method': 'gpu_hist', 'lambda': 0.2719216787015039, 'alpha': 0.00899104612323993, 'colsample_bytree': 0.7012514464205726, 'subsample': 0.6448868924747285, 'learning_rate': 0.03787161888981826, 'max_depth': 11, 'min_child_weight': 43, 'eval_metric': 'mlogloss'}. Best is trial 113 with value: 0.9627275.
start listen on 10.110.42.38:9091
@tracker All of 4 nodes getting started
@tracker All nodes finishes job
@tracker 171.50468158721924 secs between node start and job finish
Trial 141 finished with value: 0.96257 and parameters: {'objective': 'multi:softprob', 'num_class': 6, 'tree_method': 'gpu_hist', 'lambda': 0.0015649434948697967, 'alpha': 0.005000660212574028, 'colsample_bytree': 0.5944956643693198, 'subsample': 0.80587218533407, 'learning_rate': 0.03033597831088766, 'max_depth': 11, 'min_child_weight': 49, 'eval_metric': 'mlogloss'}. Best is trial 113 with value: 0.9627275.
start listen on 10.110.42.38:9091
@tracker All of 4 nodes getting started
@tracker All nodes finishes job
@tracker 196.41482543945312 secs between node start and job finish
Trial 142 finished with value: 0.962655 and parameters: {'objective': 'multi:softprob', 'num_class': 6, 'tree_method': 'gpu_hist', 'lambda': 0.0017982948709480938, 'alpha': 0.007347644716778064, 'colsample_bytree': 0.5816467346887653, 'subsample': 0.7915771994281854, 'learning_rate': 0.02809583391407946, 'max_depth': 11, 'min_child_weight': 34, 'eval_metric': 'mlogloss'}. Best is trial 113 with value: 0.9627275.
start listen on 10.110.42.38:9091
@tracker All of 4 nodes getting started
@tracker All nodes finishes job
@tracker 223.6182839870453 secs between node start and job finish
Trial 143 finished with value: 0.9627375 and parameters: {'objective': 'multi:softprob', 'num_class': 6, 'tree_method': 'gpu_hist', 'lambda': 3.121096916886777, 'alpha': 0.005630765247240895, 'colsample_bytree': 0.6431512120820496, 'subsample': 0.822669718216357, 'learning_rate': 0.022424459153394884, 'max_depth': 11, 'min_child_weight': 17, 'eval_metric': 'mlogloss'}. Best is trial 143 with value: 0.9627375.
start listen on 10.110.42.38:9091
@tracker All of 4 nodes getting started
@tracker All nodes finishes job
@tracker 176.94249987602234 secs between node start and job finish
Trial 144 finished with value: 0.9625625 and parameters: {'objective': 'multi:softprob', 'num_class': 6, 'tree_method': 'gpu_hist', 'lambda': 3.395927600480285, 'alpha': 0.003360658624489469, 'colsample_bytree': 0.6592669519156386, 'subsample': 0.4015182572937515, 'learning_rate': 0.022932968216574135, 'max_depth': 11, 'min_child_weight': 18, 'eval_metric': 'mlogloss'}. Best is trial 143 with value: 0.9627375.
start listen on 10.110.42.38:9091
@tracker All of 4 nodes getting started
@tracker All nodes finishes job
@tracker 865.9087216854095 secs between node start and job finish
Trial 145 finished with value: 0.9623725 and parameters: {'objective': 'multi:softprob', 'num_class': 6, 'tree_method': 'gpu_hist', 'lambda': 4.004259846599068, 'alpha': 0.012480801666965054, 'colsample_bytree': 0.6439838474763828, 'subsample': 0.8299791449231873, 'learning_rate': 0.026019832701680613, 'max_depth': 20, 'min_child_weight': 24, 'eval_metric': 'mlogloss'}. Best is trial 143 with value: 0.9627375.
start listen on 10.110.42.38:9091
@tracker All of 4 nodes getting started
@tracker All nodes finishes job
@tracker 191.91837739944458 secs between node start and job finish
Trial 146 finished with value: 0.9624925 and parameters: {'objective': 'multi:softprob', 'num_class': 6, 'tree_method': 'gpu_hist', 'lambda': 2.303122600877956, 'alpha': 0.005312393761931692, 'colsample_bytree': 0.6036628629131242, 'subsample': 0.818847110375423, 'learning_rate': 0.019576400315758448, 'max_depth': 11, 'min_child_weight': 40, 'eval_metric': 'mlogloss'}. Best is trial 143 with value: 0.9627375.
start listen on 10.110.42.38:9091
@tracker All of 4 nodes getting started
@tracker All nodes finishes job
@tracker 254.83034014701843 secs between node start and job finish
Trial 147 finished with value: 0.96265125 and parameters: {'objective': 'multi:softprob', 'num_class': 6, 'tree_method': 'gpu_hist', 'lambda': 3.004993005662958, 'alpha': 0.0021925791465796664, 'colsample_bytree': 0.6306343054596576, 'subsample': 0.8642353615876986, 'learning_rate': 0.024802588373994433, 'max_depth': 11, 'min_child_weight': 10, 'eval_metric': 'mlogloss'}. Best is trial 143 with value: 0.9627375.
start listen on 10.110.42.38:9091
@tracker All of 4 nodes getting started
@tracker All nodes finishes job
@tracker 200.08232879638672 secs between node start and job finish
Trial 148 finished with value: 0.96260625 and parameters: {'objective': 'multi:softprob', 'num_class': 6, 'tree_method': 'gpu_hist', 'lambda': 6.347822284626016, 'alpha': 0.01019746127127152, 'colsample_bytree': 0.6473064505021047, 'subsample': 0.8530098920724644, 'learning_rate': 0.02182856089693511, 'max_depth': 11, 'min_child_weight': 26, 'eval_metric': 'mlogloss'}. Best is trial 143 with value: 0.9627375.
start listen on 10.110.42.38:9091
@tracker All of 4 nodes getting started
@tracker All nodes finishes job
@tracker 246.92167162895203 secs between node start and job finish
Trial 149 finished with value: 0.96259 and parameters: {'objective': 'multi:softprob', 'num_class': 6, 'tree_method': 'gpu_hist', 'lambda': 0.001230818722393474, 'alpha': 0.006268491545852576, 'colsample_bytree': 0.5877008884688361, 'subsample': 0.8057614181295588, 'learning_rate': 0.030440916399760112, 'max_depth': 13, 'min_child_weight': 54, 'eval_metric': 'mlogloss'}. Best is trial 143 with value: 0.9627375.
start listen on 10.110.42.38:9091
@tracker All of 4 nodes getting started
@tracker All nodes finishes job
@tracker 186.2837827205658 secs between node start and job finish
Trial 150 finished with value: 0.9625725 and parameters: {'objective': 'multi:softprob', 'num_class': 6, 'tree_method': 'gpu_hist', 'lambda': 0.004183465155471864, 'alpha': 0.014605185980209788, 'colsample_bytree': 0.5719227981066122, 'subsample': 0.7681662200522172, 'learning_rate': 0.0236350757330654, 'max_depth': 11, 'min_child_weight': 46, 'eval_metric': 'mlogloss'}. Best is trial 143 with value: 0.9627375.
start listen on 10.110.42.38:9091
@tracker All of 4 nodes getting started
@tracker All nodes finishes job
@tracker 236.96879291534424 secs between node start and job finish
Trial 151 finished with value: 0.9626375 and parameters: {'objective': 'multi:softprob', 'num_class': 6, 'tree_method': 'gpu_hist', 'lambda': 0.001917484089798607, 'alpha': 0.02111293960484653, 'colsample_bytree': 0.6248847822701304, 'subsample': 0.8425306669360672, 'learning_rate': 0.02790452196157147, 'max_depth': 11, 'min_child_weight': 15, 'eval_metric': 'mlogloss'}. Best is trial 143 with value: 0.9627375.
start listen on 10.110.42.38:9091
@tracker All of 4 nodes getting started
@tracker All nodes finishes job
@tracker 180.4188711643219 secs between node start and job finish
Trial 152 finished with value: 0.96262 and parameters: {'objective': 'multi:softprob', 'num_class': 6, 'tree_method': 'gpu_hist', 'lambda': 1.92651881826021, 'alpha': 0.0012926019127082048, 'colsample_bytree': 0.6114736205069383, 'subsample': 0.8205561433180122, 'learning_rate': 0.0330496656504385, 'max_depth': 11, 'min_child_weight': 31, 'eval_metric': 'mlogloss'}. Best is trial 143 with value: 0.9627375.
start listen on 10.110.42.38:9091
@tracker All of 4 nodes getting started
@tracker All nodes finishes job
@tracker 224.37184023857117 secs between node start and job finish
Trial 153 finished with value: 0.96267 and parameters: {'objective': 'multi:softprob', 'num_class': 6, 'tree_method': 'gpu_hist', 'lambda': 0.033164602578137616, 'alpha': 0.0024529048120680145, 'colsample_bytree': 0.5497134291054147, 'subsample': 0.8297469992879989, 'learning_rate': 0.028921825663870988, 'max_depth': 11, 'min_child_weight': 22, 'eval_metric': 'mlogloss'}. Best is trial 143 with value: 0.9627375.
start listen on 10.110.42.38:9091
@tracker All of 4 nodes getting started
@tracker All nodes finishes job
@tracker 208.47086906433105 secs between node start and job finish
