Trial 672 finished with value: 0.96146875 and parameters: {'objective': 'multi:softprob', 'num_class': 6, 'tree_method': 'gpu_hist', 'lambda': 9.922349752908284, 'alpha': 0.02334684192364449, 'colsample_bytree': 0.9851910160039153, 'subsample': 0.6275913205987452, 'learning_rate': 0.016549913370064975, 'max_depth': 11, 'min_child_weight': 10, 'eval_metric': 'mlogloss'}. Best is trial 461 with value: 0.96217.
start listen on 192.168.1.101:33383
@tracker All of 3 nodes getting started
@tracker All nodes finishes job
Trial 673 finished with value: 0.96187875 and parameters: {'objective': 'multi:softprob', 'num_class': 6, 'tree_method': 'gpu_hist', 'lambda': 8.456157581813173, 'alpha': 0.015086132689184456, 'colsample_bytree': 0.8955715878819918, 'subsample': 0.7583191568102926, 'learning_rate': 0.015671060563567187, 'max_depth': 15, 'min_child_weight': 25, 'eval_metric': 'mlogloss'}. Best is trial 461 with value: 0.96217.
start listen on 192.168.1.101:39287
@tracker All of 3 nodes getting started
@tracker All nodes finishes job
Trial 674 finished with value: 0.9620975 and parameters: {'objective': 'multi:softprob', 'num_class': 6, 'tree_method': 'gpu_hist', 'lambda': 6.907391135183632, 'alpha': 0.03409328639837982, 'colsample_bytree': 0.9218094653192387, 'subsample': 0.6467154902080481, 'learning_rate': 0.018331138386207764, 'max_depth': 20, 'min_child_weight': 14, 'eval_metric': 'mlogloss'}. Best is trial 461 with value: 0.96217.
start listen on 192.168.1.101:44017
@tracker All of 3 nodes getting started
@tracker All nodes finishes job
Trial 675 finished with value: 0.9612925 and parameters: {'objective': 'multi:softprob', 'num_class': 6, 'tree_method': 'gpu_hist', 'lambda': 8.29818804344425, 'alpha': 3.0493313878610264, 'colsample_bytree': 0.9518314946602013, 'subsample': 0.6633228385065295, 'learning_rate': 0.009049637178156213, 'max_depth': 20, 'min_child_weight': 43, 'eval_metric': 'mlogloss'}. Best is trial 461 with value: 0.96217.
start listen on 192.168.1.101:50901
@tracker All of 3 nodes getting started
@tracker All nodes finishes job
Trial 676 finished with value: 0.96204125 and parameters: {'objective': 'multi:softprob', 'num_class': 6, 'tree_method': 'gpu_hist', 'lambda': 6.35130396401997, 'alpha': 0.022808275263823428, 'colsample_bytree': 0.9402709283341453, 'subsample': 0.6121183331312762, 'learning_rate': 0.02083515211739276, 'max_depth': 20, 'min_child_weight': 19, 'eval_metric': 'mlogloss'}. Best is trial 461 with value: 0.96217.
start listen on 192.168.1.101:42293
@tracker All of 3 nodes getting started
@tracker All nodes finishes job
Trial 677 finished with value: 0.961865 and parameters: {'objective': 'multi:softprob', 'num_class': 6, 'tree_method': 'gpu_hist', 'lambda': 5.231788196041546, 'alpha': 0.011849721502469098, 'colsample_bytree': 0.9967788212790112, 'subsample': 0.6560077085362302, 'learning_rate': 0.014164270991938566, 'max_depth': 20, 'min_child_weight': 33, 'eval_metric': 'mlogloss'}. Best is trial 461 with value: 0.96217.
start listen on 192.168.1.101:54963
@tracker All of 3 nodes getting started
@tracker All nodes finishes job
Trial 678 finished with value: 0.96182125 and parameters: {'objective': 'multi:softprob', 'num_class': 6, 'tree_method': 'gpu_hist', 'lambda': 7.605819320339042, 'alpha': 0.32962767957496913, 'colsample_bytree': 0.8735015234397655, 'subsample': 0.6812073525883279, 'learning_rate': 0.011363313923801417, 'max_depth': 20, 'min_child_weight': 25, 'eval_metric': 'mlogloss'}. Best is trial 461 with value: 0.96217.
start listen on 192.168.1.101:36329
@tracker All of 3 nodes getting started
@tracker All nodes finishes job
Trial 679 finished with value: 0.96162125 and parameters: {'objective': 'multi:softprob', 'num_class': 6, 'tree_method': 'gpu_hist', 'lambda': 8.550856382193428, 'alpha': 3.8368145051946727, 'colsample_bytree': 0.8855228218905361, 'subsample': 0.7205456089935517, 'learning_rate': 0.014424882498095091, 'max_depth': 13, 'min_child_weight': 6, 'eval_metric': 'mlogloss'}. Best is trial 461 with value: 0.96217.
start listen on 192.168.1.101:33991
@tracker All of 3 nodes getting started
@tracker All nodes finishes job
Trial 680 finished with value: 0.96192375 and parameters: {'objective': 'multi:softprob', 'num_class': 6, 'tree_method': 'gpu_hist', 'lambda': 6.641211579286183, 'alpha': 0.015998705991796536, 'colsample_bytree': 0.9108879660535896, 'subsample': 0.6704392994153804, 'learning_rate': 0.013414477073119012, 'max_depth': 17, 'min_child_weight': 19, 'eval_metric': 'mlogloss'}. Best is trial 461 with value: 0.96217.
start listen on 192.168.1.101:35867
@tracker All of 3 nodes getting started
@tracker All nodes finishes job
Trial 681 finished with value: 0.9613775 and parameters: {'objective': 'multi:softprob', 'num_class': 6, 'tree_method': 'gpu_hist', 'lambda': 8.552796025914613, 'alpha': 0.019110219466735613, 'colsample_bytree': 0.5234693445022144, 'subsample': 0.6398151111817818, 'learning_rate': 0.016818387324915925, 'max_depth': 20, 'min_child_weight': 13, 'eval_metric': 'mlogloss'}. Best is trial 461 with value: 0.96217.
start listen on 192.168.1.101:50461
@tracker All of 3 nodes getting started
@tracker All nodes finishes job
Trial 682 finished with value: 0.96147 and parameters: {'objective': 'multi:softprob', 'num_class': 6, 'tree_method': 'gpu_hist', 'lambda': 9.91557344419123, 'alpha': 1.0111536308350506, 'colsample_bytree': 0.8434559840277258, 'subsample': 0.6558263909738025, 'learning_rate': 0.07188402245551406, 'max_depth': 20, 'min_child_weight': 27, 'eval_metric': 'mlogloss'}. Best is trial 461 with value: 0.96217.
start listen on 192.168.1.101:41091
@tracker All of 3 nodes getting started
@tracker All nodes finishes job
Trial 683 finished with value: 0.96199875 and parameters: {'objective': 'multi:softprob', 'num_class': 6, 'tree_method': 'gpu_hist', 'lambda': 5.697786349175553, 'alpha': 0.012609535877323197, 'colsample_bytree': 0.9291689272024557, 'subsample': 0.7060694690138217, 'learning_rate': 0.015219511988075907, 'max_depth': 20, 'min_child_weight': 20, 'eval_metric': 'mlogloss'}. Best is trial 461 with value: 0.96217.
start listen on 192.168.1.101:51745
@tracker All of 3 nodes getting started
@tracker All nodes finishes job
Trial 684 finished with value: 0.962085 and parameters: {'objective': 'multi:softprob', 'num_class': 6, 'tree_method': 'gpu_hist', 'lambda': 7.122093524144553, 'alpha': 0.0169722610690737, 'colsample_bytree': 0.9056887723684349, 'subsample': 0.6222578692426477, 'learning_rate': 0.017113962259660265, 'max_depth': 20, 'min_child_weight': 12, 'eval_metric': 'mlogloss'}. Best is trial 461 with value: 0.96217.
start listen on 192.168.1.101:39935
@tracker All of 3 nodes getting started
@tracker All nodes finishes job
Trial 685 finished with value: 0.96073 and parameters: {'objective': 'multi:softprob', 'num_class': 6, 'tree_method': 'gpu_hist', 'lambda': 4.883361797194769, 'alpha': 0.02606677561628197, 'colsample_bytree': 0.9594029896815618, 'subsample': 0.6063548200808444, 'learning_rate': 0.005492505274257552, 'max_depth': 20, 'min_child_weight': 6, 'eval_metric': 'mlogloss'}. Best is trial 461 with value: 0.96217.
start listen on 192.168.1.101:59777
@tracker All of 3 nodes getting started
@tracker All nodes finishes job
Trial 686 finished with value: 0.96212625 and parameters: {'objective': 'multi:softprob', 'num_class': 6, 'tree_method': 'gpu_hist', 'lambda': 8.335210663625181, 'alpha': 0.02064947042290302, 'colsample_bytree': 0.8914932537885669, 'subsample': 0.63594015727068, 'learning_rate': 0.01893435788554665, 'max_depth': 20, 'min_child_weight': 16, 'eval_metric': 'mlogloss'}. Best is trial 461 with value: 0.96217.
start listen on 192.168.1.101:47695
@tracker All of 3 nodes getting started
@tracker All nodes finishes job
Trial 687 finished with value: 0.94199625 and parameters: {'objective': 'multi:softprob', 'num_class': 6, 'tree_method': 'gpu_hist', 'lambda': 5.937988117815774, 'alpha': 0.02879059352721225, 'colsample_bytree': 0.8568451006878403, 'subsample': 0.62150191249701, 'learning_rate': 0.020303512997400328, 'max_depth': 3, 'min_child_weight': 11, 'eval_metric': 'mlogloss'}. Best is trial 461 with value: 0.96217.
start listen on 192.168.1.101:58417
@tracker All of 3 nodes getting started
@tracker All nodes finishes job
Trial 688 finished with value: 0.9619825 and parameters: {'objective': 'multi:softprob', 'num_class': 6, 'tree_method': 'gpu_hist', 'lambda': 7.105852887383178, 'alpha': 0.023754820586540572, 'colsample_bytree': 0.9369484431346786, 'subsample': 0.6302421492072205, 'learning_rate': 0.019240142888878944, 'max_depth': 20, 'min_child_weight': 23, 'eval_metric': 'mlogloss'}. Best is trial 461 with value: 0.96217.
start listen on 192.168.1.101:41935
@tracker All of 3 nodes getting started
@tracker All nodes finishes job
Trial 689 finished with value: 0.96182625 and parameters: {'objective': 'multi:softprob', 'num_class': 6, 'tree_method': 'gpu_hist', 'lambda': 6.311158519688287, 'alpha': 0.02220516808003904, 'colsample_bytree': 0.8849844898045879, 'subsample': 0.6470307452642509, 'learning_rate': 0.01900081637765675, 'max_depth': 20, 'min_child_weight': 1, 'eval_metric': 'mlogloss'}. Best is trial 461 with value: 0.96217.
start listen on 192.168.1.101:40047
@tracker All of 3 nodes getting started
@tracker All nodes finishes job
Trial 690 finished with value: 0.96194 and parameters: {'objective': 'multi:softprob', 'num_class': 6, 'tree_method': 'gpu_hist', 'lambda': 7.73327804223622, 'alpha': 0.034992352703165225, 'colsample_bytree': 0.9743406374063704, 'subsample': 0.6184599663394716, 'learning_rate': 0.021510497948205358, 'max_depth': 20, 'min_child_weight': 37, 'eval_metric': 'mlogloss'}. Best is trial 461 with value: 0.96217.
start listen on 192.168.1.101:54135
@tracker All of 3 nodes getting started
@tracker All nodes finishes job
Trial 691 finished with value: 0.96200875 and parameters: {'objective': 'multi:softprob', 'num_class': 6, 'tree_method': 'gpu_hist', 'lambda': 5.133731714940893, 'alpha': 0.014346559124999141, 'colsample_bytree': 0.9215341412210364, 'subsample': 0.633436813383044, 'learning_rate': 0.018436945337178868, 'max_depth': 20, 'min_child_weight': 16, 'eval_metric': 'mlogloss'}. Best is trial 461 with value: 0.96217.
start listen on 192.168.1.101:34375
@tracker All of 3 nodes getting started
@tracker All nodes finishes job
Trial 692 finished with value: 0.961985 and parameters: {'objective': 'multi:softprob', 'num_class': 6, 'tree_method': 'gpu_hist', 'lambda': 8.475092245036544, 'alpha': 0.010169389787408464, 'colsample_bytree': 0.8711326019412707, 'subsample': 0.6499517641724731, 'learning_rate': 0.021550407641466585, 'max_depth': 20, 'min_child_weight': 30, 'eval_metric': 'mlogloss'}. Best is trial 461 with value: 0.96217.
start listen on 192.168.1.101:55547
@tracker All of 3 nodes getting started
@tracker All nodes finishes job
Trial 693 finished with value: 0.96202625 and parameters: {'objective': 'multi:softprob', 'num_class': 6, 'tree_method': 'gpu_hist', 'lambda': 7.206267970045224, 'alpha': 0.017526537851571197, 'colsample_bytree': 0.902226496826593, 'subsample': 0.655085571705821, 'learning_rate': 0.017632092869576694, 'max_depth': 20, 'min_child_weight': 7, 'eval_metric': 'mlogloss'}. Best is trial 461 with value: 0.96217.
start listen on 192.168.1.101:50191
@tracker All of 3 nodes getting started
@tracker All nodes finishes job
Trial 694 finished with value: 0.96122625 and parameters: {'objective': 'multi:softprob', 'num_class': 6, 'tree_method': 'gpu_hist', 'lambda': 5.7944157718994935, 'alpha': 0.020560957110797678, 'colsample_bytree': 0.9156085572532038, 'subsample': 0.6059676344947452, 'learning_rate': 0.02008822089135324, 'max_depth': 20, 'min_child_weight': 196, 'eval_metric': 'mlogloss'}. Best is trial 461 with value: 0.96217.
start listen on 192.168.1.101:34199
@tracker All of 3 nodes getting started
@tracker All nodes finishes job
Trial 695 finished with value: 0.96079375 and parameters: {'objective': 'multi:softprob', 'num_class': 6, 'tree_method': 'gpu_hist', 'lambda': 8.430167952039344, 'alpha': 0.014304972492442832, 'colsample_bytree': 0.8905394713292716, 'subsample': 0.642515338529265, 'learning_rate': 0.017907770449748544, 'max_depth': 9, 'min_child_weight': 22, 'eval_metric': 'mlogloss'}. Best is trial 461 with value: 0.96217.
start listen on 192.168.1.101:52559
@tracker All of 3 nodes getting started
@tracker All nodes finishes job
Trial 696 finished with value: 0.95871625 and parameters: {'objective': 'multi:softprob', 'num_class': 6, 'tree_method': 'gpu_hist', 'lambda': 6.566994159423762, 'alpha': 2.1180106691793696, 'colsample_bytree': 0.9992328514151475, 'subsample': 0.6305129223774922, 'learning_rate': 0.0163361791994374, 'max_depth': 7, 'min_child_weight': 14, 'eval_metric': 'mlogloss'}. Best is trial 461 with value: 0.96217.
start listen on 192.168.1.101:60319
@tracker All of 3 nodes getting started
@tracker All nodes finishes job
Trial 697 finished with value: 0.96195375 and parameters: {'objective': 'multi:softprob', 'num_class': 6, 'tree_method': 'gpu_hist', 'lambda': 4.935481055590826, 'alpha': 0.026031665279656335, 'colsample_bytree': 0.9452457641956762, 'subsample': 0.658311099302554, 'learning_rate': 0.02080701678634289, 'max_depth': 20, 'min_child_weight': 9, 'eval_metric': 'mlogloss'}. Best is trial 461 with value: 0.96217.
start listen on 192.168.1.101:55549
@tracker All of 3 nodes getting started
@tracker All nodes finishes job
Trial 698 finished with value: 0.9619925 and parameters: {'objective': 'multi:softprob', 'num_class': 6, 'tree_method': 'gpu_hist', 'lambda': 0.0025575441468370214, 'alpha': 0.005821660092038986, 'colsample_bytree': 0.9657450545531077, 'subsample': 0.5939966012932317, 'learning_rate': 0.019158714059139444, 'max_depth': 20, 'min_child_weight': 19, 'eval_metric': 'mlogloss'}. Best is trial 461 with value: 0.96217.
start listen on 192.168.1.101:47429
@tracker All of 3 nodes getting started
@tracker All nodes finishes job
Trial 699 finished with value: 0.96178375 and parameters: {'objective': 'multi:softprob', 'num_class': 6, 'tree_method': 'gpu_hist', 'lambda': 0.3346003645245007, 'alpha': 0.01668291969182454, 'colsample_bytree': 0.929211498782354, 'subsample': 0.6145723241418862, 'learning_rate': 0.015329513243471872, 'max_depth': 20, 'min_child_weight': 50, 'eval_metric': 'mlogloss'}. Best is trial 461 with value: 0.96217.
start listen on 192.168.1.101:57077
@tracker All of 3 nodes getting started
@tracker All nodes finishes job
Trial 700 finished with value: 0.9620575 and parameters: {'objective': 'multi:softprob', 'num_class': 6, 'tree_method': 'gpu_hist', 'lambda': 8.552204974281656, 'alpha': 0.008712639988450094, 'colsample_bytree': 0.9127522544138494, 'subsample': 0.6375043228999947, 'learning_rate': 0.01716431690630835, 'max_depth': 20, 'min_child_weight': 29, 'eval_metric': 'mlogloss'}. Best is trial 461 with value: 0.96217.
start listen on 192.168.1.101:49931
@tracker All of 3 nodes getting started
@tracker All nodes finishes job
Trial 701 finished with value: 0.954615 and parameters: {'objective': 'multi:softprob', 'num_class': 6, 'tree_method': 'gpu_hist', 'lambda': 7.277363969235924, 'alpha': 0.020739504469845477, 'colsample_bytree': 0.9841996467649423, 'subsample': 0.6640528201191798, 'learning_rate': 0.018814268000917664, 'max_depth': 5, 'min_child_weight': 15, 'eval_metric': 'mlogloss'}. Best is trial 461 with value: 0.96217.
start listen on 192.168.1.101:43371
@tracker All of 3 nodes getting started
@tracker All nodes finishes job
Trial 702 finished with value: 0.9618725 and parameters: {'objective': 'multi:softprob', 'num_class': 6, 'tree_method': 'gpu_hist', 'lambda': 8.624682357846016, 'alpha': 0.016661484212631403, 'colsample_bytree': 0.9527806798100047, 'subsample': 0.647387024779721, 'learning_rate': 0.023164486499922782, 'max_depth': 20, 'min_child_weight': 4, 'eval_metric': 'mlogloss'}. Best is trial 461 with value: 0.96217.
start listen on 192.168.1.101:43897
@tracker All of 3 nodes getting started
@tracker All nodes finishes job
Trial 703 finished with value: 0.96134625 and parameters: {'objective': 'multi:softprob', 'num_class': 6, 'tree_method': 'gpu_hist', 'lambda': 6.486228737235584, 'alpha': 0.031847526538424334, 'colsample_bytree': 0.8791963063401536, 'subsample': 0.6204720248619962, 'learning_rate': 0.016620610386958622, 'max_depth': 11, 'min_child_weight': 24, 'eval_metric': 'mlogloss'}. Best is trial 461 with value: 0.96217.
start listen on 192.168.1.101:50321
@tracker All of 3 nodes getting started
@tracker All nodes finishes job
Trial 704 finished with value: 0.96149375 and parameters: {'objective': 'multi:softprob', 'num_class': 6, 'tree_method': 'gpu_hist', 'lambda': 9.838169302943474, 'alpha': 0.0023144657435080185, 'colsample_bytree': 0.8987006165531668, 'subsample': 0.6655579814081288, 'learning_rate': 0.007866975929758262, 'max_depth': 20, 'min_child_weight': 9, 'eval_metric': 'mlogloss'}. Best is trial 461 with value: 0.96217.
start listen on 192.168.1.101:47857
@tracker All of 3 nodes getting started
@tracker All nodes finishes job
Trial 705 finished with value: 0.962015 and parameters: {'objective': 'multi:softprob', 'num_class': 6, 'tree_method': 'gpu_hist', 'lambda': 4.572053646211448, 'alpha': 0.012424077153505323, 'colsample_bytree': 0.9300461551375295, 'subsample': 0.6527143797341616, 'learning_rate': 0.0214453758428818, 'max_depth': 15, 'min_child_weight': 19, 'eval_metric': 'mlogloss'}. Best is trial 461 with value: 0.96217.
start listen on 192.168.1.101:50227
@tracker All of 3 nodes getting started
@tracker All nodes finishes job
Trial 706 finished with value: 0.96203625 and parameters: {'objective': 'multi:softprob', 'num_class': 6, 'tree_method': 'gpu_hist', 'lambda': 0.02871300943484076, 'alpha': 0.021707781588316554, 'colsample_bytree': 0.9171459118012806, 'subsample': 0.6302248493682933, 'learning_rate': 0.014804883925871308, 'max_depth': 20, 'min_child_weight': 26, 'eval_metric': 'mlogloss'}. Best is trial 461 with value: 0.96217.
start listen on 192.168.1.101:44387
@tracker All of 3 nodes getting started
@tracker All nodes finishes job
Trial 707 finished with value: 0.962055 and parameters: {'objective': 'multi:softprob', 'num_class': 6, 'tree_method': 'gpu_hist', 'lambda': 9.970466707611951, 'alpha': 0.026994078497654537, 'colsample_bytree': 0.9412889902644678, 'subsample': 0.6471839770954554, 'learning_rate': 0.01796425859148439, 'max_depth': 20, 'min_child_weight': 13, 'eval_metric': 'mlogloss'}. Best is trial 461 with value: 0.96217.
start listen on 192.168.1.101:44633
@tracker All of 3 nodes getting started
@tracker All nodes finishes job
Trial 708 finished with value: 0.96043625 and parameters: {'objective': 'multi:softprob', 'num_class': 6, 'tree_method': 'gpu_hist', 'lambda': 7.418645909914612, 'alpha': 0.014919854040348415, 'colsample_bytree': 0.862980771081251, 'subsample': 0.6711049099583261, 'learning_rate': 0.006512419212326454, 'max_depth': 20, 'min_child_weight': 34, 'eval_metric': 'mlogloss'}. Best is trial 461 with value: 0.96217.
start listen on 192.168.1.101:53011
@tracker All of 3 nodes getting started
@tracker All nodes finishes job
Trial 709 finished with value: 0.9618825 and parameters: {'objective': 'multi:softprob', 'num_class': 6, 'tree_method': 'gpu_hist', 'lambda': 5.759724635049914, 'alpha': 6.195457714129756, 'colsample_bytree': 0.8865676590723642, 'subsample': 0.6336975659460949, 'learning_rate': 0.015787613553472114, 'max_depth': 20, 'min_child_weight': 1, 'eval_metric': 'mlogloss'}. Best is trial 461 with value: 0.96217.
start listen on 192.168.1.101:44189
@tracker All of 3 nodes getting started
@tracker All nodes finishes job
Trial 710 finished with value: 0.95886625 and parameters: {'objective': 'multi:softprob', 'num_class': 6, 'tree_method': 'gpu_hist', 'lambda': 9.958457449202335, 'alpha': 0.010971130754997041, 'colsample_bytree': 0.347953986734846, 'subsample': 0.605220788352384, 'learning_rate': 0.019788437632533854, 'max_depth': 17, 'min_child_weight': 20, 'eval_metric': 'mlogloss'}. Best is trial 461 with value: 0.96217.
start listen on 192.168.1.101:60819
@tracker All of 3 nodes getting started
@tracker All nodes finishes job
Trial 711 finished with value: 0.9620425 and parameters: {'objective': 'multi:softprob', 'num_class': 6, 'tree_method': 'gpu_hist', 'lambda': 7.574122837356665, 'alpha': 0.007196140957439057, 'colsample_bytree': 0.9053154490366595, 'subsample': 0.6572517054137791, 'learning_rate': 0.012572753526683555, 'max_depth': 20, 'min_child_weight': 13, 'eval_metric': 'mlogloss'}. Best is trial 461 with value: 0.96217.
start listen on 192.168.1.101:50729
@tracker All of 3 nodes getting started
@tracker All nodes finishes job
Trial 712 finished with value: 0.96194 and parameters: {'objective': 'multi:softprob', 'num_class': 6, 'tree_method': 'gpu_hist', 'lambda': 6.159089623221708, 'alpha': 0.02008802421081256, 'colsample_bytree': 0.9695669550123837, 'subsample': 0.6431381391108898, 'learning_rate': 0.014614907913322062, 'max_depth': 20, 'min_child_weight': 7, 'eval_metric': 'mlogloss'}. Best is trial 461 with value: 0.96217.
start listen on 192.168.1.101:37529
@tracker All of 3 nodes getting started
@tracker All nodes finishes job
Trial 713 finished with value: 0.9619675 and parameters: {'objective': 'multi:softprob', 'num_class': 6, 'tree_method': 'gpu_hist', 'lambda': 0.003672564710581996, 'alpha': 0.013109459572213896, 'colsample_bytree': 0.9211591703588977, 'subsample': 0.6694365152878436, 'learning_rate': 0.01705785398436781, 'max_depth': 13, 'min_child_weight': 26, 'eval_metric': 'mlogloss'}. Best is trial 461 with value: 0.96217.
start listen on 192.168.1.101:46193
@tracker All of 3 nodes getting started
@tracker All nodes finishes job
