Trial 43 finished with value: 0.96262625 and parameters: {'objective': 'multi:softprob', 'num_class': 6, 'tree_method': 'gpu_hist', 'lambda': 0.9138829765645532, 'alpha': 0.9314845438534054, 'colsample_bytree': 0.6422226471247328, 'subsample': 0.8423183476924284, 'learning_rate': 0.03018746923430256, 'max_depth': 11, 'min_child_weight': 47, 'eval_metric': 'mlogloss'}. Best is trial 28 with value: 0.96268125.
start listen on 10.110.42.38:9091
@tracker All of 4 nodes getting started
@tracker All nodes finishes job
@tracker 165.84935092926025 secs between node start and job finish
Trial 44 finished with value: 0.96256375 and parameters: {'objective': 'multi:softprob', 'num_class': 6, 'tree_method': 'gpu_hist', 'lambda': 0.9387426238526086, 'alpha': 1.290141955156776, 'colsample_bytree': 0.46293875057783296, 'subsample': 0.7403616550221329, 'learning_rate': 0.036710583148015105, 'max_depth': 11, 'min_child_weight': 42, 'eval_metric': 'mlogloss'}. Best is trial 28 with value: 0.96268125.
start listen on 10.110.42.38:9091
@tracker All of 4 nodes getting started
@tracker All nodes finishes job
@tracker 164.83659672737122 secs between node start and job finish
Trial 45 finished with value: 0.962205 and parameters: {'objective': 'multi:softprob', 'num_class': 6, 'tree_method': 'gpu_hist', 'lambda': 0.9977489384535879, 'alpha': 0.946760038924749, 'colsample_bytree': 0.3333085953644258, 'subsample': 0.7319827587472296, 'learning_rate': 0.059335925474911205, 'max_depth': 11, 'min_child_weight': 36, 'eval_metric': 'mlogloss'}. Best is trial 28 with value: 0.96268125.
start listen on 10.110.42.38:9091
@tracker All of 4 nodes getting started
@tracker All nodes finishes job
@tracker 153.13958501815796 secs between node start and job finish
Trial 46 finished with value: 0.96253 and parameters: {'objective': 'multi:softprob', 'num_class': 6, 'tree_method': 'gpu_hist', 'lambda': 1.9083962436224877, 'alpha': 1.1917607355468371, 'colsample_bytree': 0.4703298615762963, 'subsample': 0.7740342137528664, 'learning_rate': 0.042145530600475434, 'max_depth': 11, 'min_child_weight': 50, 'eval_metric': 'mlogloss'}. Best is trial 28 with value: 0.96268125.
start listen on 10.110.42.38:9091
@tracker All of 4 nodes getting started
@tracker All nodes finishes job
@tracker 199.80857849121094 secs between node start and job finish
Trial 47 finished with value: 0.96219125 and parameters: {'objective': 'multi:softprob', 'num_class': 6, 'tree_method': 'gpu_hist', 'lambda': 4.884759839074464, 'alpha': 0.5930549364598876, 'colsample_bytree': 0.5658902169741529, 'subsample': 0.6408938424211805, 'learning_rate': 0.08026728672203645, 'max_depth': 11, 'min_child_weight': 13, 'eval_metric': 'mlogloss'}. Best is trial 28 with value: 0.96268125.
start listen on 10.110.42.38:9091
@tracker All of 4 nodes getting started
@tracker All nodes finishes job
@tracker 149.7921462059021 secs between node start and job finish
Trial 48 finished with value: 0.96260625 and parameters: {'objective': 'multi:softprob', 'num_class': 6, 'tree_method': 'gpu_hist', 'lambda': 0.7128561253454405, 'alpha': 0.23627802729039693, 'colsample_bytree': 0.5043437378535273, 'subsample': 0.7859055955064828, 'learning_rate': 0.03622038378067312, 'max_depth': 11, 'min_child_weight': 60, 'eval_metric': 'mlogloss'}. Best is trial 28 with value: 0.96268125.
start listen on 10.110.42.38:9091
@tracker All of 4 nodes getting started
@tracker All nodes finishes job
@tracker 364.6459684371948 secs between node start and job finish
Trial 49 finished with value: 0.943405 and parameters: {'objective': 'multi:softprob', 'num_class': 6, 'tree_method': 'gpu_hist', 'lambda': 0.5004460517116498, 'alpha': 0.223014728516272, 'colsample_bytree': 0.5156577350938082, 'subsample': 0.5914643184235224, 'learning_rate': 0.0023703722027268222, 'max_depth': 17, 'min_child_weight': 168, 'eval_metric': 'mlogloss'}. Best is trial 28 with value: 0.96268125.
start listen on 10.110.42.38:9091
@tracker All of 4 nodes getting started
@tracker All nodes finishes job
@tracker 150.88280391693115 secs between node start and job finish
Trial 50 finished with value: 0.96266375 and parameters: {'objective': 'multi:softprob', 'num_class': 6, 'tree_method': 'gpu_hist', 'lambda': 1.5062058987101115, 'alpha': 0.10216774975631936, 'colsample_bytree': 0.6147036342185541, 'subsample': 0.8493829805429745, 'learning_rate': 0.030406181584418743, 'max_depth': 11, 'min_child_weight': 63, 'eval_metric': 'mlogloss'}. Best is trial 28 with value: 0.96268125.
start listen on 10.110.42.38:9091
@tracker All of 4 nodes getting started
@tracker All nodes finishes job
@tracker 151.8490812778473 secs between node start and job finish
Trial 51 finished with value: 0.96258875 and parameters: {'objective': 'multi:softprob', 'num_class': 6, 'tree_method': 'gpu_hist', 'lambda': 1.7581730551078503, 'alpha': 0.08894589558084494, 'colsample_bytree': 0.5970874640723249, 'subsample': 0.8487620519623255, 'learning_rate': 0.031026719241407215, 'max_depth': 11, 'min_child_weight': 62, 'eval_metric': 'mlogloss'}. Best is trial 28 with value: 0.96268125.
start listen on 10.110.42.38:9091
@tracker All of 4 nodes getting started
@tracker All nodes finishes job
@tracker 149.8529818058014 secs between node start and job finish
Trial 52 finished with value: 0.96259375 and parameters: {'objective': 'multi:softprob', 'num_class': 6, 'tree_method': 'gpu_hist', 'lambda': 1.7134023749375038, 'alpha': 0.09300724927595547, 'colsample_bytree': 0.6394047614977142, 'subsample': 0.8516995424983161, 'learning_rate': 0.03096973100026683, 'max_depth': 11, 'min_child_weight': 59, 'eval_metric': 'mlogloss'}. Best is trial 28 with value: 0.96268125.
start listen on 10.110.42.38:9091
@tracker All of 4 nodes getting started
@tracker All nodes finishes job
@tracker 149.73246002197266 secs between node start and job finish
Trial 53 finished with value: 0.96263375 and parameters: {'objective': 'multi:softprob', 'num_class': 6, 'tree_method': 'gpu_hist', 'lambda': 4.724058779756906, 'alpha': 0.09035998666038744, 'colsample_bytree': 0.6191080306411249, 'subsample': 0.8510754690638469, 'learning_rate': 0.031911693886019867, 'max_depth': 11, 'min_child_weight': 58, 'eval_metric': 'mlogloss'}. Best is trial 28 with value: 0.96268125.
start listen on 10.110.42.38:9091
@tracker All of 4 nodes getting started
@tracker All nodes finishes job
@tracker 108.43099522590637 secs between node start and job finish
Trial 54 finished with value: 0.96243875 and parameters: {'objective': 'multi:softprob', 'num_class': 6, 'tree_method': 'gpu_hist', 'lambda': 4.21398212764184, 'alpha': 0.12229875049629846, 'colsample_bytree': 0.6174074848696467, 'subsample': 0.7975929373500757, 'learning_rate': 0.05738925345955441, 'max_depth': 11, 'min_child_weight': 97, 'eval_metric': 'mlogloss'}. Best is trial 28 with value: 0.96268125.
start listen on 10.110.42.38:9091
@tracker All of 4 nodes getting started
@tracker All nodes finishes job
@tracker 198.421471118927 secs between node start and job finish
Trial 55 finished with value: 0.96262 and parameters: {'objective': 'multi:softprob', 'num_class': 6, 'tree_method': 'gpu_hist', 'lambda': 3.2262952307779513, 'alpha': 0.038787393159737185, 'colsample_bytree': 0.6310237237564766, 'subsample': 0.8143854474405614, 'learning_rate': 0.02256241367569058, 'max_depth': 11, 'min_child_weight': 28, 'eval_metric': 'mlogloss'}. Best is trial 28 with value: 0.96268125.
start listen on 10.110.42.38:9091
@tracker All of 4 nodes getting started
@tracker All nodes finishes job
@tracker 231.59220933914185 secs between node start and job finish
Trial 56 finished with value: 0.96238625 and parameters: {'objective': 'multi:softprob', 'num_class': 6, 'tree_method': 'gpu_hist', 'lambda': 3.2338793769434577, 'alpha': 0.035914098917623885, 'colsample_bytree': 0.5638499731860448, 'subsample': 0.8184222712031184, 'learning_rate': 0.016728974297436763, 'max_depth': 11, 'min_child_weight': 25, 'eval_metric': 'mlogloss'}. Best is trial 28 with value: 0.96268125.
start listen on 10.110.42.38:9091
@tracker All of 4 nodes getting started
@tracker All nodes finishes job
@tracker 114.72986555099487 secs between node start and job finish
Trial 57 finished with value: 0.9622775 and parameters: {'objective': 'multi:softprob', 'num_class': 6, 'tree_method': 'gpu_hist', 'lambda': 8.431193573303894, 'alpha': 0.008878726723762637, 'colsample_bytree': 0.6715078209036507, 'subsample': 0.7872609568742999, 'learning_rate': 0.02321308580717527, 'max_depth': 11, 'min_child_weight': 134, 'eval_metric': 'mlogloss'}. Best is trial 28 with value: 0.96268125.
start listen on 10.110.42.38:9091
@tracker All of 4 nodes getting started
@tracker All nodes finishes job
@tracker 21.680803060531616 secs between node start and job finish
Trial 58 finished with value: 0.929765 and parameters: {'objective': 'multi:softprob', 'num_class': 6, 'tree_method': 'gpu_hist', 'lambda': 5.742150916898247, 'alpha': 0.26829289854629984, 'colsample_bytree': 0.7291352536352989, 'subsample': 0.8566986426792844, 'learning_rate': 0.007153525682753953, 'max_depth': 3, 'min_child_weight': 251, 'eval_metric': 'mlogloss'}. Best is trial 28 with value: 0.96268125.
start listen on 10.110.42.38:9091
@tracker All of 4 nodes getting started
@tracker All nodes finishes job
@tracker 357.99066972732544 secs between node start and job finish
Trial 59 finished with value: 0.9624975 and parameters: {'objective': 'multi:softprob', 'num_class': 6, 'tree_method': 'gpu_hist', 'lambda': 2.477724843390986, 'alpha': 0.022213305352920834, 'colsample_bytree': 0.5031875738711, 'subsample': 0.9053601857195542, 'learning_rate': 0.0215706342340937, 'max_depth': 11, 'min_child_weight': 3, 'eval_metric': 'mlogloss'}. Best is trial 28 with value: 0.96268125.
start listen on 10.110.42.38:9091
@tracker All of 4 nodes getting started
@tracker All nodes finishes job
@tracker 84.71806645393372 secs between node start and job finish
Trial 60 finished with value: 0.96229875 and parameters: {'objective': 'multi:softprob', 'num_class': 6, 'tree_method': 'gpu_hist', 'lambda': 7.102350759570423, 'alpha': 0.04551596499225371, 'colsample_bytree': 0.6163107071696754, 'subsample': 0.8126590133218439, 'learning_rate': 0.042703062854282485, 'max_depth': 11, 'min_child_weight': 233, 'eval_metric': 'mlogloss'}. Best is trial 28 with value: 0.96268125.
start listen on 10.110.42.38:9091
@tracker All of 4 nodes getting started
@tracker All nodes finishes job
@tracker 150.94335842132568 secs between node start and job finish
Trial 61 finished with value: 0.96260375 and parameters: {'objective': 'multi:softprob', 'num_class': 6, 'tree_method': 'gpu_hist', 'lambda': 3.1862435400547224, 'alpha': 0.09000914607253645, 'colsample_bytree': 0.6467256245401268, 'subsample': 0.8606284828834475, 'learning_rate': 0.030369392745948427, 'max_depth': 11, 'min_child_weight': 58, 'eval_metric': 'mlogloss'}. Best is trial 28 with value: 0.96268125.
start listen on 10.110.42.38:9091
@tracker All of 4 nodes getting started
@tracker All nodes finishes job
@tracker 180.88509225845337 secs between node start and job finish
Trial 62 finished with value: 0.962675 and parameters: {'objective': 'multi:softprob', 'num_class': 6, 'tree_method': 'gpu_hist', 'lambda': 3.0792380912370896, 'alpha': 0.1829207115669069, 'colsample_bytree': 0.6578949173697495, 'subsample': 0.8339189617858492, 'learning_rate': 0.02865590967975763, 'max_depth': 11, 'min_child_weight': 30, 'eval_metric': 'mlogloss'}. Best is trial 28 with value: 0.96268125.
start listen on 10.110.42.38:9091
@tracker All of 4 nodes getting started
@tracker All nodes finishes job
@tracker 194.45957326889038 secs between node start and job finish
Trial 63 finished with value: 0.96263875 and parameters: {'objective': 'multi:softprob', 'num_class': 6, 'tree_method': 'gpu_hist', 'lambda': 1.3429634545461178, 'alpha': 0.3462982527146346, 'colsample_bytree': 0.5791809425893578, 'subsample': 0.779544897006345, 'learning_rate': 0.026181288353488326, 'max_depth': 11, 'min_child_weight': 30, 'eval_metric': 'mlogloss'}. Best is trial 28 with value: 0.96268125.
start listen on 10.110.42.38:9091
@tracker All of 4 nodes getting started
@tracker All nodes finishes job
@tracker 62.6294801235199 secs between node start and job finish
Trial 64 finished with value: 0.96001875 and parameters: {'objective': 'multi:softprob', 'num_class': 6, 'tree_method': 'gpu_hist', 'lambda': 3.7761349693738717, 'alpha': 0.1452897103428437, 'colsample_bytree': 0.6691718542530534, 'subsample': 0.8299028269458992, 'learning_rate': 0.0130103592584558, 'max_depth': 7, 'min_child_weight': 16, 'eval_metric': 'mlogloss'}. Best is trial 28 with value: 0.96268125.
start listen on 10.110.42.38:9091
@tracker All of 4 nodes getting started
@tracker All nodes finishes job
@tracker 119.70737957954407 secs between node start and job finish
Trial 65 finished with value: 0.96215 and parameters: {'objective': 'multi:softprob', 'num_class': 6, 'tree_method': 'gpu_hist', 'lambda': 1.326573958477606, 'alpha': 0.41020244753434254, 'colsample_bytree': 0.5788592601004023, 'subsample': 0.9068652627685694, 'learning_rate': 0.01812364608692283, 'max_depth': 9, 'min_child_weight': 28, 'eval_metric': 'mlogloss'}. Best is trial 28 with value: 0.96268125.
start listen on 10.110.42.38:9091
@tracker All of 4 nodes getting started
@tracker All nodes finishes job
@tracker 619.9484310150146 secs between node start and job finish
Trial 66 finished with value: 0.96245 and parameters: {'objective': 'multi:softprob', 'num_class': 6, 'tree_method': 'gpu_hist', 'lambda': 2.39478064146832, 'alpha': 0.6748610551041638, 'colsample_bytree': 0.6173167848224773, 'subsample': 0.7466796983880896, 'learning_rate': 0.02664071277109849, 'max_depth': 20, 'min_child_weight': 38, 'eval_metric': 'mlogloss'}. Best is trial 28 with value: 0.96268125.
start listen on 10.110.42.38:9091
@tracker All of 4 nodes getting started
@tracker All nodes finishes job
@tracker 266.6785213947296 secs between node start and job finish
Trial 67 finished with value: 0.9622925 and parameters: {'objective': 'multi:softprob', 'num_class': 6, 'tree_method': 'gpu_hist', 'lambda': 9.867428004181788, 'alpha': 0.3100027821694695, 'colsample_bytree': 0.5558148582126454, 'subsample': 0.8311634246547696, 'learning_rate': 0.014846353911176412, 'max_depth': 11, 'min_child_weight': 11, 'eval_metric': 'mlogloss'}. Best is trial 28 with value: 0.96268125.
start listen on 10.110.42.38:9091
@tracker All of 4 nodes getting started
@tracker All nodes finishes job
@tracker 298.2389612197876 secs between node start and job finish
Trial 68 finished with value: 0.96259625 and parameters: {'objective': 'multi:softprob', 'num_class': 6, 'tree_method': 'gpu_hist', 'lambda': 6.357453778982372, 'alpha': 0.18114838650144502, 'colsample_bytree': 0.6931957757462339, 'subsample': 0.8705387401466951, 'learning_rate': 0.022091684856964167, 'max_depth': 17, 'min_child_weight': 83, 'eval_metric': 'mlogloss'}. Best is trial 28 with value: 0.96268125.
start listen on 10.110.42.38:9091
@tracker All of 4 nodes getting started
@tracker All nodes finishes job
@tracker 30.39160943031311 secs between node start and job finish
Trial 69 finished with value: 0.96075 and parameters: {'objective': 'multi:softprob', 'num_class': 6, 'tree_method': 'gpu_hist', 'lambda': 1.5475562438207098, 'alpha': 0.025664656017771747, 'colsample_bytree': 0.7303653850731435, 'subsample': 0.8081641315578165, 'learning_rate': 0.05047900847409933, 'max_depth': 5, 'min_child_weight': 288, 'eval_metric': 'mlogloss'}. Best is trial 28 with value: 0.96268125.
start listen on 10.110.42.38:9091
@tracker All of 4 nodes getting started
@tracker All nodes finishes job
@tracker 319.8290858268738 secs between node start and job finish
Trial 70 finished with value: 0.95827625 and parameters: {'objective': 'multi:softprob', 'num_class': 6, 'tree_method': 'gpu_hist', 'lambda': 2.127260013253699, 'alpha': 0.11958987613178136, 'colsample_bytree': 0.6577975695881917, 'subsample': 0.9527403500130691, 'learning_rate': 0.004236400706085625, 'max_depth': 11, 'min_child_weight': 29, 'eval_metric': 'mlogloss'}. Best is trial 28 with value: 0.96268125.
start listen on 10.110.42.38:9091
@tracker All of 4 nodes getting started
@tracker All nodes finishes job
@tracker 150.08430433273315 secs between node start and job finish
Trial 71 finished with value: 0.96256 and parameters: {'objective': 'multi:softprob', 'num_class': 6, 'tree_method': 'gpu_hist', 'lambda': 0.7556397357083602, 'alpha': 0.01219067790304594, 'colsample_bytree': 0.5968215773307671, 'subsample': 0.7830717652090331, 'learning_rate': 0.03802268779242425, 'max_depth': 11, 'min_child_weight': 51, 'eval_metric': 'mlogloss'}. Best is trial 28 with value: 0.96268125.
start listen on 10.110.42.38:9091
@tracker All of 4 nodes getting started
@tracker All nodes finishes job
@tracker 159.0981252193451 secs between node start and job finish
Trial 72 finished with value: 0.962615 and parameters: {'objective': 'multi:softprob', 'num_class': 6, 'tree_method': 'gpu_hist', 'lambda': 1.241168106869711, 'alpha': 0.19395555154457111, 'colsample_bytree': 0.6362949130085639, 'subsample': 0.7551263724498474, 'learning_rate': 0.03323530422493948, 'max_depth': 11, 'min_child_weight': 42, 'eval_metric': 'mlogloss'}. Best is trial 28 with value: 0.96268125.
start listen on 10.110.42.38:9091
@tracker All of 4 nodes getting started
@tracker All nodes finishes job
@tracker 204.7902181148529 secs between node start and job finish
Trial 73 finished with value: 0.96267 and parameters: {'objective': 'multi:softprob', 'num_class': 6, 'tree_method': 'gpu_hist', 'lambda': 1.1503023394664396, 'alpha': 0.17849512151466176, 'colsample_bytree': 0.6287443030953633, 'subsample': 0.7601945112700135, 'learning_rate': 0.026936095938201853, 'max_depth': 11, 'min_child_weight': 21, 'eval_metric': 'mlogloss'}. Best is trial 28 with value: 0.96268125.
start listen on 10.110.42.38:9091
@tracker All of 4 nodes getting started
@tracker All nodes finishes job
@tracker 202.5993263721466 secs between node start and job finish
Trial 74 finished with value: 0.96267625 and parameters: {'objective': 'multi:softprob', 'num_class': 6, 'tree_method': 'gpu_hist', 'lambda': 4.120039119974997, 'alpha': 0.3312343505387455, 'colsample_bytree': 0.5768304988440244, 'subsample': 0.7187360942476242, 'learning_rate': 0.02524988868519033, 'max_depth': 11, 'min_child_weight': 22, 'eval_metric': 'mlogloss'}. Best is trial 28 with value: 0.96268125.
start listen on 10.110.42.38:9091
@tracker All of 4 nodes getting started
@tracker All nodes finishes job
@tracker 201.75002217292786 secs between node start and job finish
Trial 75 finished with value: 0.9625975 and parameters: {'objective': 'multi:softprob', 'num_class': 6, 'tree_method': 'gpu_hist', 'lambda': 4.181517176024974, 'alpha': 0.3551657128660482, 'colsample_bytree': 0.6079483726518573, 'subsample': 0.7173387391626774, 'learning_rate': 0.02541515305226775, 'max_depth': 11, 'min_child_weight': 20, 'eval_metric': 'mlogloss'}. Best is trial 28 with value: 0.96268125.
start listen on 10.110.42.38:9091
@tracker All of 4 nodes getting started
@tracker All nodes finishes job
@tracker 22.544041872024536 secs between node start and job finish
Trial 76 finished with value: 0.945155 and parameters: {'objective': 'multi:softprob', 'num_class': 6, 'tree_method': 'gpu_hist', 'lambda': 0.5792329591600124, 'alpha': 0.43905381155711753, 'colsample_bytree': 0.5799098384649267, 'subsample': 0.767793847874709, 'learning_rate': 0.01938214880979477, 'max_depth': 3, 'min_child_weight': 1, 'eval_metric': 'mlogloss'}. Best is trial 28 with value: 0.96268125.
start listen on 10.110.42.38:9091
@tracker All of 4 nodes getting started
@tracker All nodes finishes job
@tracker 62.17110848426819 secs between node start and job finish
Trial 77 finished with value: 0.96202 and parameters: {'objective': 'multi:softprob', 'num_class': 6, 'tree_method': 'gpu_hist', 'lambda': 2.4578428723457884, 'alpha': 0.7317840350741285, 'colsample_bytree': 0.6612614799112295, 'subsample': 0.8431942784104304, 'learning_rate': 0.02781410908990565, 'max_depth': 7, 'min_child_weight': 11, 'eval_metric': 'mlogloss'}. Best is trial 28 with value: 0.96268125.
start listen on 10.110.42.38:9091
@tracker All of 4 nodes getting started
@tracker All nodes finishes job
@tracker 406.8290820121765 secs between node start and job finish
Trial 78 finished with value: 0.96227625 and parameters: {'objective': 'multi:softprob', 'num_class': 6, 'tree_method': 'gpu_hist', 'lambda': 0.9942556464516717, 'alpha': 2.6275442585067683, 'colsample_bytree': 0.5387226307210945, 'subsample': 0.7186666558729269, 'learning_rate': 0.01733836283639333, 'max_depth': 20, 'min_child_weight': 71, 'eval_metric': 'mlogloss'}. Best is trial 28 with value: 0.96268125.
start listen on 10.110.42.38:9091
@tracker All of 4 nodes getting started
@tracker All nodes finishes job
@tracker 137.9306764602661 secs between node start and job finish
Trial 79 finished with value: 0.96246625 and parameters: {'objective': 'multi:softprob', 'num_class': 6, 'tree_method': 'gpu_hist', 'lambda': 0.8256477144341239, 'alpha': 0.2918101995488344, 'colsample_bytree': 0.7036737933258783, 'subsample': 0.6855743149567336, 'learning_rate': 0.04454565326972507, 'max_depth': 11, 'min_child_weight': 45, 'eval_metric': 'mlogloss'}. Best is trial 28 with value: 0.96268125.
start listen on 10.110.42.38:9091
@tracker All of 4 nodes getting started
@tracker All nodes finishes job
@tracker 190.97881269454956 secs between node start and job finish
