Trial 126 finished with value: 0.96181875 and parameters: {'objective': 'multi:softprob', 'num_class': 6, 'tree_method': 'gpu_hist', 'lambda': 1.663151193076364, 'alpha': 2.7396564122090403, 'colsample_bytree': 0.8915586110146597, 'subsample': 0.5523195472452825, 'learning_rate': 0.025735817971359962, 'max_depth': 20, 'min_child_weight': 43, 'eval_metric': 'mlogloss'}. Best is trial 121 with value: 0.96209625.
start listen on 192.168.1.101:43127
@tracker All of 3 nodes getting started
@tracker All nodes finishes job
Trial 127 finished with value: 0.9607575 and parameters: {'objective': 'multi:softprob', 'num_class': 6, 'tree_method': 'gpu_hist', 'lambda': 2.4801946690265435, 'alpha': 1.642768764137287, 'colsample_bytree': 0.9591663383858823, 'subsample': 0.5891352341837166, 'learning_rate': 0.013853589311565244, 'max_depth': 20, 'min_child_weight': 185, 'eval_metric': 'mlogloss'}. Best is trial 121 with value: 0.96209625.
start listen on 192.168.1.101:49105
@tracker All of 3 nodes getting started
@tracker All nodes finishes job
Trial 128 finished with value: 0.96192 and parameters: {'objective': 'multi:softprob', 'num_class': 6, 'tree_method': 'gpu_hist', 'lambda': 0.007758034569580941, 'alpha': 0.03646034535619734, 'colsample_bytree': 0.938793253048309, 'subsample': 0.5662419999930118, 'learning_rate': 0.020791594575156672, 'max_depth': 20, 'min_child_weight': 26, 'eval_metric': 'mlogloss'}. Best is trial 121 with value: 0.96209625.
start listen on 192.168.1.101:58897
@tracker All of 3 nodes getting started
@tracker All nodes finishes job
Trial 129 finished with value: 0.95226 and parameters: {'objective': 'multi:softprob', 'num_class': 6, 'tree_method': 'gpu_hist', 'lambda': 7.310618291945275, 'alpha': 0.22675419529998697, 'colsample_bytree': 0.9066070153791964, 'subsample': 0.5377659644343925, 'learning_rate': 0.015094814412213525, 'max_depth': 5, 'min_child_weight': 34, 'eval_metric': 'mlogloss'}. Best is trial 121 with value: 0.96209625.
start listen on 192.168.1.101:39989
@tracker All of 3 nodes getting started
@tracker All nodes finishes job
Trial 130 finished with value: 0.96176375 and parameters: {'objective': 'multi:softprob', 'num_class': 6, 'tree_method': 'gpu_hist', 'lambda': 1.3081765909442589, 'alpha': 0.0697561294222959, 'colsample_bytree': 0.9680808336702694, 'subsample': 0.9844156813984827, 'learning_rate': 0.03396589356757693, 'max_depth': 9, 'min_child_weight': 5, 'eval_metric': 'mlogloss'}. Best is trial 121 with value: 0.96209625.
start listen on 192.168.1.101:42241
@tracker All of 3 nodes getting started
@tracker All nodes finishes job
Trial 131 finished with value: 0.96202375 and parameters: {'objective': 'multi:softprob', 'num_class': 6, 'tree_method': 'gpu_hist', 'lambda': 4.462542459798251, 'alpha': 0.0932114231325803, 'colsample_bytree': 0.9307482033141498, 'subsample': 0.6752876616152085, 'learning_rate': 0.018389216981070124, 'max_depth': 20, 'min_child_weight': 17, 'eval_metric': 'mlogloss'}. Best is trial 121 with value: 0.96209625.
start listen on 192.168.1.101:45355
@tracker All of 3 nodes getting started
@tracker All nodes finishes job
Trial 132 finished with value: 0.96173875 and parameters: {'objective': 'multi:softprob', 'num_class': 6, 'tree_method': 'gpu_hist', 'lambda': 3.1701638764245716, 'alpha': 0.08504719367285554, 'colsample_bytree': 0.8797287818612313, 'subsample': 0.6433471181411742, 'learning_rate': 0.009087231014243833, 'max_depth': 20, 'min_child_weight': 13, 'eval_metric': 'mlogloss'}. Best is trial 121 with value: 0.96209625.
start listen on 192.168.1.101:58253
@tracker All of 3 nodes getting started
@tracker All nodes finishes job
Trial 133 finished with value: 0.96188625 and parameters: {'objective': 'multi:softprob', 'num_class': 6, 'tree_method': 'gpu_hist', 'lambda': 2.149460774475594, 'alpha': 0.054022322876887886, 'colsample_bytree': 0.9495836349253588, 'subsample': 0.6958982604756396, 'learning_rate': 0.028579209972053852, 'max_depth': 20, 'min_child_weight': 23, 'eval_metric': 'mlogloss'}. Best is trial 121 with value: 0.96209625.
start listen on 192.168.1.101:34985
@tracker All of 3 nodes getting started
@tracker All nodes finishes job
Trial 134 finished with value: 0.96187375 and parameters: {'objective': 'multi:softprob', 'num_class': 6, 'tree_method': 'gpu_hist', 'lambda': 4.5775078961375835, 'alpha': 0.9307616652497123, 'colsample_bytree': 0.9205645656324555, 'subsample': 0.5262249388864555, 'learning_rate': 0.024043405704717982, 'max_depth': 20, 'min_child_weight': 39, 'eval_metric': 'mlogloss'}. Best is trial 121 with value: 0.96209625.
start listen on 192.168.1.101:52203
@tracker All of 3 nodes getting started
@tracker All nodes finishes job
Trial 135 finished with value: 0.96195375 and parameters: {'objective': 'multi:softprob', 'num_class': 6, 'tree_method': 'gpu_hist', 'lambda': 5.962812741028924, 'alpha': 0.14583858018977774, 'colsample_bytree': 0.9450692050397913, 'subsample': 0.6653777211647096, 'learning_rate': 0.016177101851128504, 'max_depth': 15, 'min_child_weight': 31, 'eval_metric': 'mlogloss'}. Best is trial 121 with value: 0.96209625.
start listen on 192.168.1.101:52977
@tracker All of 3 nodes getting started
@tracker All nodes finishes job
Trial 136 finished with value: 0.96056375 and parameters: {'objective': 'multi:softprob', 'num_class': 6, 'tree_method': 'gpu_hist', 'lambda': 3.6388607667551094, 'alpha': 0.0634319089845196, 'colsample_bytree': 0.4500258507519729, 'subsample': 0.6225632678311043, 'learning_rate': 0.01809489495627289, 'max_depth': 20, 'min_child_weight': 46, 'eval_metric': 'mlogloss'}. Best is trial 121 with value: 0.96209625.
start listen on 192.168.1.101:59827
@tracker All of 3 nodes getting started
@tracker All nodes finishes job
Trial 137 finished with value: 0.96195 and parameters: {'objective': 'multi:softprob', 'num_class': 6, 'tree_method': 'gpu_hist', 'lambda': 2.7642709630200444, 'alpha': 0.10019172333988467, 'colsample_bytree': 0.9688701691214234, 'subsample': 0.9053865357035487, 'learning_rate': 0.02713233381938852, 'max_depth': 11, 'min_child_weight': 20, 'eval_metric': 'mlogloss'}. Best is trial 121 with value: 0.96209625.
start listen on 192.168.1.101:60443
@tracker All of 3 nodes getting started
@tracker All nodes finishes job
Trial 138 finished with value: 0.96172 and parameters: {'objective': 'multi:softprob', 'num_class': 6, 'tree_method': 'gpu_hist', 'lambda': 1.7824018058459574, 'alpha': 0.03203908055163156, 'colsample_bytree': 0.9864857476245396, 'subsample': 0.9500783508021764, 'learning_rate': 0.02084923789524512, 'max_depth': 15, 'min_child_weight': 67, 'eval_metric': 'mlogloss'}. Best is trial 121 with value: 0.96209625.
start listen on 192.168.1.101:51725
@tracker All of 3 nodes getting started
@tracker All nodes finishes job
Trial 139 finished with value: 0.9617825 and parameters: {'objective': 'multi:softprob', 'num_class': 6, 'tree_method': 'gpu_hist', 'lambda': 3.77481708210964, 'alpha': 0.04275469125706471, 'colsample_bytree': 0.9348111909431475, 'subsample': 0.7824355558292854, 'learning_rate': 0.0369108646000152, 'max_depth': 15, 'min_child_weight': 1, 'eval_metric': 'mlogloss'}. Best is trial 121 with value: 0.96209625.
start listen on 192.168.1.101:33379
@tracker All of 3 nodes getting started
@tracker All nodes finishes job
Trial 140 finished with value: 0.96194875 and parameters: {'objective': 'multi:softprob', 'num_class': 6, 'tree_method': 'gpu_hist', 'lambda': 4.816836505957525, 'alpha': 0.1340673547176395, 'colsample_bytree': 0.795119187459432, 'subsample': 0.9860542574363266, 'learning_rate': 0.022882446576352664, 'max_depth': 15, 'min_child_weight': 28, 'eval_metric': 'mlogloss'}. Best is trial 121 with value: 0.96209625.
start listen on 192.168.1.101:55545
@tracker All of 3 nodes getting started
@tracker All nodes finishes job
Trial 141 finished with value: 0.96192625 and parameters: {'objective': 'multi:softprob', 'num_class': 6, 'tree_method': 'gpu_hist', 'lambda': 4.280782512878785, 'alpha': 0.10137589226659156, 'colsample_bytree': 0.9231833140427584, 'subsample': 0.7258089948953751, 'learning_rate': 0.0186810515218298, 'max_depth': 20, 'min_child_weight': 14, 'eval_metric': 'mlogloss'}. Best is trial 121 with value: 0.96209625.
start listen on 192.168.1.101:39977
@tracker All of 3 nodes getting started
@tracker All nodes finishes job
Trial 142 finished with value: 0.96191 and parameters: {'objective': 'multi:softprob', 'num_class': 6, 'tree_method': 'gpu_hist', 'lambda': 2.521131048688221, 'alpha': 0.0840749351599224, 'colsample_bytree': 0.9326213341256099, 'subsample': 0.48656211091130575, 'learning_rate': 0.019642983818001284, 'max_depth': 20, 'min_child_weight': 17, 'eval_metric': 'mlogloss'}. Best is trial 121 with value: 0.96209625.
start listen on 192.168.1.101:37939
@tracker All of 3 nodes getting started
@tracker All nodes finishes job
Trial 143 finished with value: 0.9616525 and parameters: {'objective': 'multi:softprob', 'num_class': 6, 'tree_method': 'gpu_hist', 'lambda': 3.091084496500054, 'alpha': 0.17321779650035177, 'colsample_bytree': 0.9017430701255084, 'subsample': 0.9204973891924859, 'learning_rate': 0.01240855142608796, 'max_depth': 15, 'min_child_weight': 39, 'eval_metric': 'mlogloss'}. Best is trial 121 with value: 0.96209625.
start listen on 192.168.1.101:57191
@tracker All of 3 nodes getting started
@tracker All nodes finishes job
Trial 144 finished with value: 0.9619275 and parameters: {'objective': 'multi:softprob', 'num_class': 6, 'tree_method': 'gpu_hist', 'lambda': 6.853544202876378, 'alpha': 0.0537819981926514, 'colsample_bytree': 0.9503073172713522, 'subsample': 0.5454566136164196, 'learning_rate': 0.02578947905572902, 'max_depth': 20, 'min_child_weight': 7, 'eval_metric': 'mlogloss'}. Best is trial 121 with value: 0.96209625.
start listen on 192.168.1.101:51477
@tracker All of 3 nodes getting started
@tracker All nodes finishes job
Trial 145 finished with value: 0.9618925 and parameters: {'objective': 'multi:softprob', 'num_class': 6, 'tree_method': 'gpu_hist', 'lambda': 3.8091820906947187, 'alpha': 0.07117749904116519, 'colsample_bytree': 0.9601756559269835, 'subsample': 0.6727532823342668, 'learning_rate': 0.0317022074208309, 'max_depth': 17, 'min_child_weight': 33, 'eval_metric': 'mlogloss'}. Best is trial 121 with value: 0.96209625.
start listen on 192.168.1.101:47549
@tracker All of 3 nodes getting started
@tracker All nodes finishes job
Trial 146 finished with value: 0.9620675 and parameters: {'objective': 'multi:softprob', 'num_class': 6, 'tree_method': 'gpu_hist', 'lambda': 5.6074675588651814, 'alpha': 0.11518187760559563, 'colsample_bytree': 0.8682743841362159, 'subsample': 0.601368593659916, 'learning_rate': 0.016798788294814414, 'max_depth': 20, 'min_child_weight': 25, 'eval_metric': 'mlogloss'}. Best is trial 121 with value: 0.96209625.
start listen on 192.168.1.101:35765
@tracker All of 3 nodes getting started
@tracker All nodes finishes job
Trial 147 finished with value: 0.962 and parameters: {'objective': 'multi:softprob', 'num_class': 6, 'tree_method': 'gpu_hist', 'lambda': 5.729607416438751, 'alpha': 0.012739453361713176, 'colsample_bytree': 0.871682232393447, 'subsample': 0.5795780179341629, 'learning_rate': 0.015593251382511346, 'max_depth': 20, 'min_child_weight': 23, 'eval_metric': 'mlogloss'}. Best is trial 121 with value: 0.96209625.
start listen on 192.168.1.101:58651
@tracker All of 3 nodes getting started
@tracker All nodes finishes job
Trial 148 finished with value: 0.96179 and parameters: {'objective': 'multi:softprob', 'num_class': 6, 'tree_method': 'gpu_hist', 'lambda': 5.747909532237224, 'alpha': 0.012693197340138377, 'colsample_bytree': 0.8704440711721094, 'subsample': 0.5813684010073535, 'learning_rate': 0.015411262608564643, 'max_depth': 20, 'min_child_weight': 51, 'eval_metric': 'mlogloss'}. Best is trial 121 with value: 0.96209625.
start listen on 192.168.1.101:46815
@tracker All of 3 nodes getting started
@tracker All nodes finishes job
Trial 149 finished with value: 0.96201 and parameters: {'objective': 'multi:softprob', 'num_class': 6, 'tree_method': 'gpu_hist', 'lambda': 7.948544217833475, 'alpha': 0.0213359724844014, 'colsample_bytree': 0.8856101148934649, 'subsample': 0.5937080363487542, 'learning_rate': 0.017442956109251735, 'max_depth': 20, 'min_child_weight': 24, 'eval_metric': 'mlogloss'}. Best is trial 121 with value: 0.96209625.
start listen on 192.168.1.101:57455
@tracker All of 3 nodes getting started
@tracker All nodes finishes job
Trial 150 finished with value: 0.96173875 and parameters: {'objective': 'multi:softprob', 'num_class': 6, 'tree_method': 'gpu_hist', 'lambda': 7.486597162289831, 'alpha': 0.008934812563807406, 'colsample_bytree': 0.8439301695161103, 'subsample': 0.6009925078872929, 'learning_rate': 0.01150845688130768, 'max_depth': 20, 'min_child_weight': 24, 'eval_metric': 'mlogloss'}. Best is trial 121 with value: 0.96209625.
start listen on 192.168.1.101:36949
@tracker All of 3 nodes getting started
@tracker All nodes finishes job
Trial 151 finished with value: 0.96183125 and parameters: {'objective': 'multi:softprob', 'num_class': 6, 'tree_method': 'gpu_hist', 'lambda': 8.184407007377816, 'alpha': 0.011489268477261444, 'colsample_bytree': 0.8637955047465842, 'subsample': 0.6119199348807526, 'learning_rate': 0.013976066830304338, 'max_depth': 20, 'min_child_weight': 37, 'eval_metric': 'mlogloss'}. Best is trial 121 with value: 0.96209625.
start listen on 192.168.1.101:35115
@tracker All of 3 nodes getting started
@tracker All nodes finishes job
Trial 152 finished with value: 0.9619675 and parameters: {'objective': 'multi:softprob', 'num_class': 6, 'tree_method': 'gpu_hist', 'lambda': 5.092272528390191, 'alpha': 0.02028980029952387, 'colsample_bytree': 0.8803500186110205, 'subsample': 0.5588697149618211, 'learning_rate': 0.01666336408148489, 'max_depth': 20, 'min_child_weight': 30, 'eval_metric': 'mlogloss'}. Best is trial 121 with value: 0.96209625.
start listen on 192.168.1.101:56843
@tracker All of 3 nodes getting started
@tracker All nodes finishes job
Trial 153 finished with value: 0.9619825 and parameters: {'objective': 'multi:softprob', 'num_class': 6, 'tree_method': 'gpu_hist', 'lambda': 5.943890105979886, 'alpha': 0.025019543414647717, 'colsample_bytree': 0.8942627096240576, 'subsample': 0.5751218253664317, 'learning_rate': 0.017713269024326232, 'max_depth': 20, 'min_child_weight': 21, 'eval_metric': 'mlogloss'}. Best is trial 121 with value: 0.96209625.
start listen on 192.168.1.101:60957
@tracker All of 3 nodes getting started
@tracker All nodes finishes job
Trial 154 finished with value: 0.96196875 and parameters: {'objective': 'multi:softprob', 'num_class': 6, 'tree_method': 'gpu_hist', 'lambda': 9.081086479406155, 'alpha': 0.015257625496664734, 'colsample_bytree': 0.8426218714135751, 'subsample': 0.5953785850706339, 'learning_rate': 0.02224374083295082, 'max_depth': 20, 'min_child_weight': 42, 'eval_metric': 'mlogloss'}. Best is trial 121 with value: 0.96209625.
start listen on 192.168.1.101:39949
@tracker All of 3 nodes getting started
@tracker All nodes finishes job
Trial 155 finished with value: 0.9620125 and parameters: {'objective': 'multi:softprob', 'num_class': 6, 'tree_method': 'gpu_hist', 'lambda': 6.6051447557567675, 'alpha': 0.029896895858936914, 'colsample_bytree': 0.9149316394344998, 'subsample': 0.6400215549251105, 'learning_rate': 0.01678992420712648, 'max_depth': 20, 'min_child_weight': 10, 'eval_metric': 'mlogloss'}. Best is trial 121 with value: 0.96209625.
start listen on 192.168.1.101:41589
@tracker All of 3 nodes getting started
@tracker All nodes finishes job
Trial 156 finished with value: 0.96205625 and parameters: {'objective': 'multi:softprob', 'num_class': 6, 'tree_method': 'gpu_hist', 'lambda': 6.6068397025337235, 'alpha': 0.010237224577589101, 'colsample_bytree': 0.884822208766009, 'subsample': 0.6344319178170431, 'learning_rate': 0.015950117661770978, 'max_depth': 20, 'min_child_weight': 10, 'eval_metric': 'mlogloss'}. Best is trial 121 with value: 0.96209625.
start listen on 192.168.1.101:48825
@tracker All of 3 nodes getting started
@tracker All nodes finishes job
Trial 157 finished with value: 0.96207875 and parameters: {'objective': 'multi:softprob', 'num_class': 6, 'tree_method': 'gpu_hist', 'lambda': 7.466233135773463, 'alpha': 0.02117495180844668, 'colsample_bytree': 0.9099438972123522, 'subsample': 0.6362858074607181, 'learning_rate': 0.013214740128916672, 'max_depth': 20, 'min_child_weight': 10, 'eval_metric': 'mlogloss'}. Best is trial 121 with value: 0.96209625.
start listen on 192.168.1.101:51355
@tracker All of 3 nodes getting started
@tracker All nodes finishes job
Trial 158 finished with value: 0.9620525 and parameters: {'objective': 'multi:softprob', 'num_class': 6, 'tree_method': 'gpu_hist', 'lambda': 6.996170051392115, 'alpha': 0.018706582175079135, 'colsample_bytree': 0.9060156948345253, 'subsample': 0.619497205949233, 'learning_rate': 0.01666648224807746, 'max_depth': 20, 'min_child_weight': 9, 'eval_metric': 'mlogloss'}. Best is trial 121 with value: 0.96209625.
start listen on 192.168.1.101:40183
@tracker All of 3 nodes getting started
@tracker All nodes finishes job
Trial 159 finished with value: 0.9619775 and parameters: {'objective': 'multi:softprob', 'num_class': 6, 'tree_method': 'gpu_hist', 'lambda': 8.035680257744396, 'alpha': 0.00727099718393334, 'colsample_bytree': 0.9046028955981464, 'subsample': 0.6334291787738844, 'learning_rate': 0.012898743217949286, 'max_depth': 20, 'min_child_weight': 8, 'eval_metric': 'mlogloss'}. Best is trial 121 with value: 0.96209625.
start listen on 192.168.1.101:52555
@tracker All of 3 nodes getting started
@tracker All nodes finishes job
Trial 160 finished with value: 0.96211625 and parameters: {'objective': 'multi:softprob', 'num_class': 6, 'tree_method': 'gpu_hist', 'lambda': 9.586644272797608, 'alpha': 0.018991059962316696, 'colsample_bytree': 0.8857565668943128, 'subsample': 0.6314996730432287, 'learning_rate': 0.016759475212644898, 'max_depth': 20, 'min_child_weight': 11, 'eval_metric': 'mlogloss'}. Best is trial 160 with value: 0.96211625.
start listen on 192.168.1.101:57683
@tracker All of 3 nodes getting started
@tracker All nodes finishes job
Trial 161 finished with value: 0.96211625 and parameters: {'objective': 'multi:softprob', 'num_class': 6, 'tree_method': 'gpu_hist', 'lambda': 9.74087640644239, 'alpha': 0.016913265398893765, 'colsample_bytree': 0.8875197408486988, 'subsample': 0.6519785264901344, 'learning_rate': 0.014543377451609527, 'max_depth': 20, 'min_child_weight': 11, 'eval_metric': 'mlogloss'}. Best is trial 160 with value: 0.96211625.
start listen on 192.168.1.101:47679
@tracker All of 3 nodes getting started
@tracker All nodes finishes job
Trial 162 finished with value: 0.96204 and parameters: {'objective': 'multi:softprob', 'num_class': 6, 'tree_method': 'gpu_hist', 'lambda': 9.562560302178655, 'alpha': 0.017993337762351416, 'colsample_bytree': 0.8949772783038121, 'subsample': 0.6487370169592553, 'learning_rate': 0.014125380398461247, 'max_depth': 20, 'min_child_weight': 12, 'eval_metric': 'mlogloss'}. Best is trial 160 with value: 0.96211625.
start listen on 192.168.1.101:60215
@tracker All of 3 nodes getting started
@tracker All nodes finishes job
Trial 163 finished with value: 0.96195375 and parameters: {'objective': 'multi:softprob', 'num_class': 6, 'tree_method': 'gpu_hist', 'lambda': 9.984461392611694, 'alpha': 0.010480103633473436, 'colsample_bytree': 0.8574271943076331, 'subsample': 0.6724701032020325, 'learning_rate': 0.014005486393455158, 'max_depth': 20, 'min_child_weight': 4, 'eval_metric': 'mlogloss'}. Best is trial 160 with value: 0.96211625.
start listen on 192.168.1.101:33881
@tracker All of 3 nodes getting started
@tracker All nodes finishes job
Trial 164 finished with value: 0.96191875 and parameters: {'objective': 'multi:softprob', 'num_class': 6, 'tree_method': 'gpu_hist', 'lambda': 9.118342259914495, 'alpha': 0.017465100239965305, 'colsample_bytree': 0.8912788604039783, 'subsample': 0.646169571177138, 'learning_rate': 0.01071263277689361, 'max_depth': 20, 'min_child_weight': 15, 'eval_metric': 'mlogloss'}. Best is trial 160 with value: 0.96211625.
start listen on 192.168.1.101:56471
@tracker All of 3 nodes getting started
@tracker All nodes finishes job
Trial 165 finished with value: 0.9620775 and parameters: {'objective': 'multi:softprob', 'num_class': 6, 'tree_method': 'gpu_hist', 'lambda': 6.628585492917006, 'alpha': 0.027008029380325038, 'colsample_bytree': 0.9146242906309187, 'subsample': 0.6583648348046072, 'learning_rate': 0.014334152246633983, 'max_depth': 20, 'min_child_weight': 10, 'eval_metric': 'mlogloss'}. Best is trial 160 with value: 0.96211625.
start listen on 192.168.1.101:37257
@tracker All of 3 nodes getting started
@tracker All nodes finishes job
Trial 166 finished with value: 0.96184875 and parameters: {'objective': 'multi:softprob', 'num_class': 6, 'tree_method': 'gpu_hist', 'lambda': 6.771934829430603, 'alpha': 0.020137979668207604, 'colsample_bytree': 0.8792375850770394, 'subsample': 0.6561646505809021, 'learning_rate': 0.014400099188840589, 'max_depth': 20, 'min_child_weight': 1, 'eval_metric': 'mlogloss'}. Best is trial 160 with value: 0.96211625.
start listen on 192.168.1.101:50935
@tracker All of 3 nodes getting started
@tracker All nodes finishes job
Trial 167 finished with value: 0.96194875 and parameters: {'objective': 'multi:softprob', 'num_class': 6, 'tree_method': 'gpu_hist', 'lambda': 7.398927490231976, 'alpha': 0.014579309592437542, 'colsample_bytree': 0.8980536837485186, 'subsample': 0.6571699678183348, 'learning_rate': 0.011791171758775863, 'max_depth': 20, 'min_child_weight': 11, 'eval_metric': 'mlogloss'}. Best is trial 160 with value: 0.96211625.
start listen on 192.168.1.101:36023
@tracker All of 3 nodes getting started
@tracker All nodes finishes job
