Trial 71 finished with value: 0.9620275 and parameters: {'l2_regularization': 0.01187550068467744, 'early_stopping': 'False', 'learning_rate': 0.0326385056116852, 'max_iter': 1000, 'max_depth': 30, 'max_bins': 215, 'min_samples_leaf': 10203, 'max_leaf_nodes': 69}. Best is trial 65 with value: 0.9621.
Trial 72 finished with value: 0.96201375 and parameters: {'l2_regularization': 0.05824395477005089, 'early_stopping': 'False', 'learning_rate': 0.03618531525066644, 'max_iter': 1000, 'max_depth': 29, 'max_bins': 214, 'min_samples_leaf': 5836, 'max_leaf_nodes': 69}. Best is trial 65 with value: 0.9621.
Trial 73 finished with value: 0.9387875 and parameters: {'l2_regularization': 0.1669733100926365, 'early_stopping': 'False', 'learning_rate': 0.038397652824949086, 'max_iter': 1000, 'max_depth': 29, 'max_bins': 206, 'min_samples_leaf': 96752, 'max_leaf_nodes': 69}. Best is trial 65 with value: 0.9621.
Trial 74 finished with value: 0.96203625 and parameters: {'l2_regularization': 3.1432674931374405, 'early_stopping': 'False', 'learning_rate': 0.025838432893572322, 'max_iter': 1000, 'max_depth': 28, 'max_bins': 213, 'min_samples_leaf': 5610, 'max_leaf_nodes': 68}. Best is trial 65 with value: 0.9621.
Trial 75 finished with value: 0.96159875 and parameters: {'l2_regularization': 3.126634654180558, 'early_stopping': 'False', 'learning_rate': 0.025694683504510776, 'max_iter': 1000, 'max_depth': 28, 'max_bins': 196, 'min_samples_leaf': 14282, 'max_leaf_nodes': 63}. Best is trial 65 with value: 0.9621.
Trial 76 finished with value: 0.96160375 and parameters: {'l2_regularization': 0.5097242297838951, 'early_stopping': 'False', 'learning_rate': 0.023197309514092816, 'max_iter': 1000, 'max_depth': 9, 'max_bins': 220, 'min_samples_leaf': 2177, 'max_leaf_nodes': 55}. Best is trial 65 with value: 0.9621.
Trial 77 finished with value: 0.9614975 and parameters: {'l2_regularization': 0.0006290941022467535, 'early_stopping': 'False', 'learning_rate': 0.01717505002619277, 'max_iter': 1000, 'max_depth': 27, 'max_bins': 185, 'min_samples_leaf': 9526, 'max_leaf_nodes': 73}. Best is trial 65 with value: 0.9621.
Trial 78 finished with value: 0.96187125 and parameters: {'l2_regularization': 3.1504068253596387, 'early_stopping': 'False', 'learning_rate': 0.020923254494087534, 'max_iter': 1000, 'max_depth': 30, 'max_bins': 237, 'min_samples_leaf': 6020, 'max_leaf_nodes': 58}. Best is trial 65 with value: 0.9621.
Trial 79 finished with value: 0.96171125 and parameters: {'l2_regularization': 0.0011929008991605915, 'early_stopping': 'False', 'learning_rate': 0.030135804303582273, 'max_iter': 1000, 'max_depth': 25, 'max_bins': 228, 'min_samples_leaf': 15229, 'max_leaf_nodes': 67}. Best is trial 65 with value: 0.9621.
Trial 80 finished with value: 0.96067875 and parameters: {'l2_regularization': 0.020287892154307097, 'early_stopping': 'False', 'learning_rate': 0.041202079384354856, 'max_iter': 1000, 'max_depth': 28, 'max_bins': 205, 'min_samples_leaf': 3888, 'max_leaf_nodes': 80}. Best is trial 65 with value: 0.9621.
Trial 81 finished with value: 0.962125 and parameters: {'l2_regularization': 0.07028479959814377, 'early_stopping': 'False', 'learning_rate': 0.03459656734033643, 'max_iter': 1000, 'max_depth': 29, 'max_bins': 214, 'min_samples_leaf': 6102, 'max_leaf_nodes': 68}. Best is trial 81 with value: 0.962125.
Trial 82 finished with value: 0.96215 and parameters: {'l2_regularization': 0.23670395231113453, 'early_stopping': 'False', 'learning_rate': 0.02679861528264634, 'max_iter': 1000, 'max_depth': 29, 'max_bins': 214, 'min_samples_leaf': 6937, 'max_leaf_nodes': 77}. Best is trial 82 with value: 0.96215.
Trial 83 finished with value: 0.9617275 and parameters: {'l2_regularization': 0.20791450384111113, 'early_stopping': 'False', 'learning_rate': 0.02775910649540327, 'max_iter': 1000, 'max_depth': 27, 'max_bins': 216, 'min_samples_leaf': 13122, 'max_leaf_nodes': 68}. Best is trial 82 with value: 0.96215.
Trial 84 finished with value: 0.96201625 and parameters: {'l2_regularization': 0.5791664618298453, 'early_stopping': 'False', 'learning_rate': 0.05030492564167254, 'max_iter': 1000, 'max_depth': 30, 'max_bins': 212, 'min_samples_leaf': 8160, 'max_leaf_nodes': 65}. Best is trial 82 with value: 0.96215.
Trial 85 finished with value: 0.96212125 and parameters: {'l2_regularization': 1.0468878223508107, 'early_stopping': 'False', 'learning_rate': 0.03365142371857818, 'max_iter': 1000, 'max_depth': 26, 'max_bins': 221, 'min_samples_leaf': 6627, 'max_leaf_nodes': 60}. Best is trial 82 with value: 0.96215.
Trial 86 finished with value: 0.9612575 and parameters: {'l2_regularization': 1.3527322780641098, 'early_stopping': 'False', 'learning_rate': 0.022102453203906396, 'max_iter': 1000, 'max_depth': 26, 'max_bins': 223, 'min_samples_leaf': 21321, 'max_leaf_nodes': 60}. Best is trial 82 with value: 0.96215.
Trial 87 finished with value: 0.962045 and parameters: {'l2_regularization': 6.502883304094542, 'early_stopping': 'False', 'learning_rate': 0.04034223467958241, 'max_iter': 1000, 'max_depth': 28, 'max_bins': 200, 'min_samples_leaf': 1804, 'max_leaf_nodes': 62}. Best is trial 82 with value: 0.96215.
Trial 88 finished with value: 0.9619275 and parameters: {'l2_regularization': 2.3117431798978627, 'early_stopping': 'False', 'learning_rate': 0.049200773660296904, 'max_iter': 1000, 'max_depth': 26, 'max_bins': 198, 'min_samples_leaf': 1682, 'max_leaf_nodes': 56}. Best is trial 82 with value: 0.96215.
Trial 89 finished with value: 0.949815 and parameters: {'l2_regularization': 6.942217398274597, 'early_stopping': 'False', 'learning_rate': 0.040266403890035524, 'max_iter': 1000, 'max_depth': 29, 'max_bins': 221, 'min_samples_leaf': 63227, 'max_leaf_nodes': 63}. Best is trial 82 with value: 0.96215.
Trial 90 finished with value: 0.96200625 and parameters: {'l2_regularization': 0.9241757969725067, 'early_stopping': 'False', 'learning_rate': 0.027173261868911787, 'max_iter': 1000, 'max_depth': 27, 'max_bins': 229, 'min_samples_leaf': 6155, 'max_leaf_nodes': 62}. Best is trial 82 with value: 0.96215.
Trial 91 finished with value: 0.96189125 and parameters: {'l2_regularization': 5.5197964514694, 'early_stopping': 'False', 'learning_rate': 0.056761340696372016, 'max_iter': 1000, 'max_depth': 28, 'max_bins': 203, 'min_samples_leaf': 7406, 'max_leaf_nodes': 53}. Best is trial 82 with value: 0.96215.
Trial 92 finished with value: 0.96177125 and parameters: {'l2_regularization': 0.09823433794459471, 'early_stopping': 'False', 'learning_rate': 0.03565686079372339, 'max_iter': 1000, 'max_depth': 28, 'max_bins': 237, 'min_samples_leaf': 16106, 'max_leaf_nodes': 58}. Best is trial 82 with value: 0.96215.
Trial 93 finished with value: 0.9618225 and parameters: {'l2_regularization': 1.930004476668926, 'early_stopping': 'False', 'learning_rate': 0.03147238295589135, 'max_iter': 1000, 'max_depth': 29, 'max_bins': 209, 'min_samples_leaf': 12739, 'max_leaf_nodes': 60}. Best is trial 82 with value: 0.96215.
Trial 94 finished with value: 0.9621225 and parameters: {'l2_regularization': 0.3324652430775284, 'early_stopping': 'False', 'learning_rate': 0.04368580712407537, 'max_iter': 1000, 'max_depth': 27, 'max_bins': 253, 'min_samples_leaf': 2137, 'max_leaf_nodes': 65}. Best is trial 82 with value: 0.96215.
Trial 95 finished with value: 0.96194625 and parameters: {'l2_regularization': 0.28938203935436085, 'early_stopping': 'False', 'learning_rate': 0.04516278090415172, 'max_iter': 1000, 'max_depth': 25, 'max_bins': 245, 'min_samples_leaf': 78, 'max_leaf_nodes': 65}. Best is trial 82 with value: 0.96215.
Trial 96 finished with value: 0.96199625 and parameters: {'l2_regularization': 0.3911023908626782, 'early_stopping': 'False', 'learning_rate': 0.04220092633945325, 'max_iter': 1000, 'max_depth': 27, 'max_bins': 208, 'min_samples_leaf': 2471, 'max_leaf_nodes': 70}. Best is trial 82 with value: 0.96215.
Trial 97 finished with value: 0.96214375 and parameters: {'l2_regularization': 0.11979558230458438, 'early_stopping': 'False', 'learning_rate': 0.026828258968788547, 'max_iter': 1000, 'max_depth': 30, 'max_bins': 251, 'min_samples_leaf': 4800, 'max_leaf_nodes': 66}. Best is trial 82 with value: 0.96215.
Trial 98 finished with value: 0.95868375 and parameters: {'l2_regularization': 0.12202661230394947, 'early_stopping': 'False', 'learning_rate': 0.004211673538250558, 'max_iter': 1000, 'max_depth': 29, 'max_bins': 252, 'min_samples_leaf': 2671, 'max_leaf_nodes': 73}. Best is trial 82 with value: 0.96215.
Trial 99 finished with value: 0.94463875 and parameters: {'l2_regularization': 0.047388251501648854, 'early_stopping': 'False', 'learning_rate': 0.03630931321632707, 'max_iter': 1000, 'max_depth': 30, 'max_bins': 251, 'min_samples_leaf': 83772, 'max_leaf_nodes': 66}. Best is trial 82 with value: 0.96215.
Trial 100 finished with value: 0.9613075 and parameters: {'l2_regularization': 0.004591806122940543, 'early_stopping': 'False', 'learning_rate': 0.019676410549499278, 'max_iter': 1000, 'max_depth': 18, 'max_bins': 245, 'min_samples_leaf': 9934, 'max_leaf_nodes': 62}. Best is trial 82 with value: 0.96215.
Trial 101 finished with value: 0.96216375 and parameters: {'l2_regularization': 8.31762676496183, 'early_stopping': 'False', 'learning_rate': 0.0277004401573284, 'max_iter': 1000, 'max_depth': 28, 'max_bins': 218, 'min_samples_leaf': 5845, 'max_leaf_nodes': 67}. Best is trial 101 with value: 0.96216375.
