Trial 210 finished with value: 0.96178 and parameters: {'objective': 'multi:softprob', 'num_class': 6, 'tree_method': 'gpu_hist', 'lambda': 8.373649465165567, 'alpha': 0.018432837985745514, 'colsample_bytree': 0.9189895414254668, 'subsample': 0.6411376945839599, 'learning_rate': 0.011926507962619896, 'max_depth': 20, 'min_child_weight': 1, 'eval_metric': 'mlogloss'}. Best is trial 195 with value: 0.9621575.
start listen on 192.168.1.101:55619
@tracker All of 3 nodes getting started
@tracker All nodes finishes job
Trial 211 finished with value: 0.962045 and parameters: {'objective': 'multi:softprob', 'num_class': 6, 'tree_method': 'gpu_hist', 'lambda': 9.681091838537144, 'alpha': 0.012457179989311066, 'colsample_bytree': 0.919277421381982, 'subsample': 0.6330988970982544, 'learning_rate': 0.013441233437501537, 'max_depth': 20, 'min_child_weight': 8, 'eval_metric': 'mlogloss'}. Best is trial 195 with value: 0.9621575.
start listen on 192.168.1.101:48231
@tracker All of 3 nodes getting started
@tracker All nodes finishes job
Trial 212 finished with value: 0.9620675 and parameters: {'objective': 'multi:softprob', 'num_class': 6, 'tree_method': 'gpu_hist', 'lambda': 8.309766921310574, 'alpha': 0.013002500154142171, 'colsample_bytree': 0.8983092712396021, 'subsample': 0.6546794225748177, 'learning_rate': 0.013943616465562303, 'max_depth': 20, 'min_child_weight': 9, 'eval_metric': 'mlogloss'}. Best is trial 195 with value: 0.9621575.
start listen on 192.168.1.101:58445
@tracker All of 3 nodes getting started
@tracker All nodes finishes job
Trial 213 finished with value: 0.95795875 and parameters: {'objective': 'multi:softprob', 'num_class': 6, 'tree_method': 'gpu_hist', 'lambda': 0.013555689694926779, 'alpha': 0.010843017003563571, 'colsample_bytree': 0.8954889482696043, 'subsample': 0.6580985772280631, 'learning_rate': 0.014368021191467196, 'max_depth': 7, 'min_child_weight': 14, 'eval_metric': 'mlogloss'}. Best is trial 195 with value: 0.9621575.
start listen on 192.168.1.101:55313
@tracker All of 3 nodes getting started
@tracker All nodes finishes job
Trial 214 finished with value: 0.96194875 and parameters: {'objective': 'multi:softprob', 'num_class': 6, 'tree_method': 'gpu_hist', 'lambda': 6.731136922438069, 'alpha': 0.0158728259884516, 'colsample_bytree': 0.8812602843621004, 'subsample': 0.6159503405458334, 'learning_rate': 0.01713582794103069, 'max_depth': 20, 'min_child_weight': 7, 'eval_metric': 'mlogloss'}. Best is trial 195 with value: 0.9621575.
start listen on 192.168.1.101:50883
@tracker All of 3 nodes getting started
@tracker All nodes finishes job
Trial 215 finished with value: 0.96206 and parameters: {'objective': 'multi:softprob', 'num_class': 6, 'tree_method': 'gpu_hist', 'lambda': 5.482570631358008, 'alpha': 0.01246928151302943, 'colsample_bytree': 0.903273837003209, 'subsample': 0.686194415259556, 'learning_rate': 0.015525439707430429, 'max_depth': 20, 'min_child_weight': 20, 'eval_metric': 'mlogloss'}. Best is trial 195 with value: 0.9621575.
start listen on 192.168.1.101:57509
@tracker All of 3 nodes getting started
@tracker All nodes finishes job
Trial 216 finished with value: 0.95172 and parameters: {'objective': 'multi:softprob', 'num_class': 6, 'tree_method': 'gpu_hist', 'lambda': 4.9064824794353115, 'alpha': 0.02086792209643283, 'colsample_bytree': 0.8707385088197597, 'subsample': 0.6898583556037065, 'learning_rate': 0.014935791274228088, 'max_depth': 5, 'min_child_weight': 120, 'eval_metric': 'mlogloss'}. Best is trial 195 with value: 0.9621575.
start listen on 192.168.1.101:45505
@tracker All of 3 nodes getting started
@tracker All nodes finishes job
Trial 217 finished with value: 0.9619275 and parameters: {'objective': 'multi:softprob', 'num_class': 6, 'tree_method': 'gpu_hist', 'lambda': 5.622275488229922, 'alpha': 0.016321016260362933, 'colsample_bytree': 0.8957178455699131, 'subsample': 0.6815732908962872, 'learning_rate': 0.012377303652871142, 'max_depth': 20, 'min_child_weight': 22, 'eval_metric': 'mlogloss'}. Best is trial 195 with value: 0.9621575.
start listen on 192.168.1.101:41365
@tracker All of 3 nodes getting started
@tracker All nodes finishes job
Trial 218 finished with value: 0.96206 and parameters: {'objective': 'multi:softprob', 'num_class': 6, 'tree_method': 'gpu_hist', 'lambda': 6.084165079155018, 'alpha': 0.010818303103673089, 'colsample_bytree': 0.9049566480228695, 'subsample': 0.666034952768945, 'learning_rate': 0.01603739045779449, 'max_depth': 20, 'min_child_weight': 17, 'eval_metric': 'mlogloss'}. Best is trial 195 with value: 0.9621575.
start listen on 192.168.1.101:58933
@tracker All of 3 nodes getting started
@tracker All nodes finishes job
Trial 219 finished with value: 0.96195125 and parameters: {'objective': 'multi:softprob', 'num_class': 6, 'tree_method': 'gpu_hist', 'lambda': 4.657032646595524, 'alpha': 0.008682788581835427, 'colsample_bytree': 0.8870535485740633, 'subsample': 0.7079139859783643, 'learning_rate': 0.0141860174916398, 'max_depth': 20, 'min_child_weight': 28, 'eval_metric': 'mlogloss'}. Best is trial 195 with value: 0.9621575.
start listen on 192.168.1.101:44825
@tracker All of 3 nodes getting started
@tracker All nodes finishes job
Trial 220 finished with value: 0.96027 and parameters: {'objective': 'multi:softprob', 'num_class': 6, 'tree_method': 'gpu_hist', 'lambda': 5.707327526185681, 'alpha': 0.0068740772165771635, 'colsample_bytree': 0.9012040237790426, 'subsample': 0.6670644452671471, 'learning_rate': 0.01065592219175743, 'max_depth': 11, 'min_child_weight': 16, 'eval_metric': 'mlogloss'}. Best is trial 195 with value: 0.9621575.
start listen on 192.168.1.101:51311
@tracker All of 3 nodes getting started
@tracker All nodes finishes job
Trial 221 finished with value: 0.96202 and parameters: {'objective': 'multi:softprob', 'num_class': 6, 'tree_method': 'gpu_hist', 'lambda': 7.155527074427757, 'alpha': 0.010064815789246173, 'colsample_bytree': 0.907356329041301, 'subsample': 0.6593025241690053, 'learning_rate': 0.016100856841197834, 'max_depth': 20, 'min_child_weight': 18, 'eval_metric': 'mlogloss'}. Best is trial 195 with value: 0.9621575.
start listen on 192.168.1.101:40749
@tracker All of 3 nodes getting started
@tracker All nodes finishes job
Trial 222 finished with value: 0.96203625 and parameters: {'objective': 'multi:softprob', 'num_class': 6, 'tree_method': 'gpu_hist', 'lambda': 8.025505781674726, 'alpha': 0.005385615192877432, 'colsample_bytree': 0.9277560947019039, 'subsample': 0.6497220075408751, 'learning_rate': 0.015876035254189187, 'max_depth': 20, 'min_child_weight': 24, 'eval_metric': 'mlogloss'}. Best is trial 195 with value: 0.9621575.
start listen on 192.168.1.101:56663
@tracker All of 3 nodes getting started
@tracker All nodes finishes job
Trial 223 finished with value: 0.96204125 and parameters: {'objective': 'multi:softprob', 'num_class': 6, 'tree_method': 'gpu_hist', 'lambda': 6.6248601824859135, 'alpha': 0.01252646052877479, 'colsample_bytree': 0.8738806287059488, 'subsample': 0.5985719724050634, 'learning_rate': 0.01357372930926595, 'max_depth': 20, 'min_child_weight': 12, 'eval_metric': 'mlogloss'}. Best is trial 195 with value: 0.9621575.
start listen on 192.168.1.101:57303
@tracker All of 3 nodes getting started
@tracker All nodes finishes job
Trial 224 finished with value: 0.96193375 and parameters: {'objective': 'multi:softprob', 'num_class': 6, 'tree_method': 'gpu_hist', 'lambda': 5.804745692318191, 'alpha': 0.029726992901718284, 'colsample_bytree': 0.8964406046346007, 'subsample': 0.6773454855062462, 'learning_rate': 0.020026879321984187, 'max_depth': 20, 'min_child_weight': 6, 'eval_metric': 'mlogloss'}. Best is trial 195 with value: 0.9621575.
start listen on 192.168.1.101:46045
@tracker All of 3 nodes getting started
@tracker All nodes finishes job
Trial 225 finished with value: 0.96210125 and parameters: {'objective': 'multi:softprob', 'num_class': 6, 'tree_method': 'gpu_hist', 'lambda': 8.130531576895603, 'alpha': 0.018548747170378358, 'colsample_bytree': 0.9140864762663051, 'subsample': 0.6669176896172342, 'learning_rate': 0.014922749768075887, 'max_depth': 20, 'min_child_weight': 16, 'eval_metric': 'mlogloss'}. Best is trial 195 with value: 0.9621575.
start listen on 192.168.1.101:44323
@tracker All of 3 nodes getting started
@tracker All nodes finishes job
Trial 226 finished with value: 0.96194 and parameters: {'objective': 'multi:softprob', 'num_class': 6, 'tree_method': 'gpu_hist', 'lambda': 8.4154343122377, 'alpha': 0.011611748151824943, 'colsample_bytree': 0.8863732854136642, 'subsample': 0.6616130652324406, 'learning_rate': 0.014427046895907781, 'max_depth': 17, 'min_child_weight': 20, 'eval_metric': 'mlogloss'}. Best is trial 195 with value: 0.9621575.
start listen on 192.168.1.101:36115
@tracker All of 3 nodes getting started
@tracker All nodes finishes job
Trial 227 finished with value: 0.961965 and parameters: {'objective': 'multi:softprob', 'num_class': 6, 'tree_method': 'gpu_hist', 'lambda': 9.94340806752956, 'alpha': 0.024213762589975076, 'colsample_bytree': 0.9193811062008381, 'subsample': 0.6893161143053612, 'learning_rate': 0.01178292563188745, 'max_depth': 20, 'min_child_weight': 15, 'eval_metric': 'mlogloss'}. Best is trial 195 with value: 0.9621575.
start listen on 192.168.1.101:43639
@tracker All of 3 nodes getting started
@tracker All nodes finishes job
Trial 228 finished with value: 0.96200375 and parameters: {'objective': 'multi:softprob', 'num_class': 6, 'tree_method': 'gpu_hist', 'lambda': 0.044190989459257216, 'alpha': 0.016913319436386055, 'colsample_bytree': 0.8527076844902222, 'subsample': 0.671069031558659, 'learning_rate': 0.015316930314827, 'max_depth': 20, 'min_child_weight': 27, 'eval_metric': 'mlogloss'}. Best is trial 195 with value: 0.9621575.
start listen on 192.168.1.101:43161
@tracker All of 3 nodes getting started
@tracker All nodes finishes job
Trial 229 finished with value: 0.96153375 and parameters: {'objective': 'multi:softprob', 'num_class': 6, 'tree_method': 'gpu_hist', 'lambda': 4.943813383403165, 'alpha': 0.022066010244291463, 'colsample_bytree': 0.9413750174906247, 'subsample': 0.6506024542115824, 'learning_rate': 0.013015009435151702, 'max_depth': 13, 'min_child_weight': 20, 'eval_metric': 'mlogloss'}. Best is trial 195 with value: 0.9621575.
start listen on 192.168.1.101:56579
@tracker All of 3 nodes getting started
@tracker All nodes finishes job
Trial 230 finished with value: 0.9620625 and parameters: {'objective': 'multi:softprob', 'num_class': 6, 'tree_method': 'gpu_hist', 'lambda': 7.933393442255328, 'alpha': 0.03575506673237947, 'colsample_bytree': 0.9325557824528544, 'subsample': 0.6489785799202449, 'learning_rate': 0.018039266722662792, 'max_depth': 20, 'min_child_weight': 13, 'eval_metric': 'mlogloss'}. Best is trial 195 with value: 0.9621575.
start listen on 192.168.1.101:54581
@tracker All of 3 nodes getting started
@tracker All nodes finishes job
Trial 231 finished with value: 0.96209125 and parameters: {'objective': 'multi:softprob', 'num_class': 6, 'tree_method': 'gpu_hist', 'lambda': 7.974969734054309, 'alpha': 0.03034526331867616, 'colsample_bytree': 0.9296406041941452, 'subsample': 0.6463168787783021, 'learning_rate': 0.01790116450405878, 'max_depth': 20, 'min_child_weight': 13, 'eval_metric': 'mlogloss'}. Best is trial 195 with value: 0.9621575.
start listen on 192.168.1.101:48851
@tracker All of 3 nodes getting started
@tracker All nodes finishes job
Trial 232 finished with value: 0.9619925 and parameters: {'objective': 'multi:softprob', 'num_class': 6, 'tree_method': 'gpu_hist', 'lambda': 8.099715945814726, 'alpha': 0.03526866039317244, 'colsample_bytree': 0.9322660061458158, 'subsample': 0.6512440970454257, 'learning_rate': 0.0184515488137116, 'max_depth': 20, 'min_child_weight': 15, 'eval_metric': 'mlogloss'}. Best is trial 195 with value: 0.9621575.
start listen on 192.168.1.101:39403
@tracker All of 3 nodes getting started
@tracker All nodes finishes job
Trial 233 finished with value: 0.9619625 and parameters: {'objective': 'multi:softprob', 'num_class': 6, 'tree_method': 'gpu_hist', 'lambda': 8.173500599631197, 'alpha': 0.030570364026946354, 'colsample_bytree': 0.9169628148485327, 'subsample': 0.6749661389803375, 'learning_rate': 0.01737194926061475, 'max_depth': 20, 'min_child_weight': 24, 'eval_metric': 'mlogloss'}. Best is trial 195 with value: 0.9621575.
start listen on 192.168.1.101:47995
@tracker All of 3 nodes getting started
@tracker All nodes finishes job
Trial 234 finished with value: 0.96193375 and parameters: {'objective': 'multi:softprob', 'num_class': 6, 'tree_method': 'gpu_hist', 'lambda': 7.053806383148657, 'alpha': 0.03759929379971712, 'colsample_bytree': 0.9374816819579314, 'subsample': 0.6356292674648377, 'learning_rate': 0.0201454418385695, 'max_depth': 20, 'min_child_weight': 5, 'eval_metric': 'mlogloss'}. Best is trial 195 with value: 0.9621575.
start listen on 192.168.1.101:51419
@tracker All of 3 nodes getting started
@tracker All nodes finishes job
Trial 235 finished with value: 0.96209375 and parameters: {'objective': 'multi:softprob', 'num_class': 6, 'tree_method': 'gpu_hist', 'lambda': 8.350501255233079, 'alpha': 0.026827953759908086, 'colsample_bytree': 0.910800831856075, 'subsample': 0.6673272733981362, 'learning_rate': 0.01658424771000229, 'max_depth': 20, 'min_child_weight': 14, 'eval_metric': 'mlogloss'}. Best is trial 195 with value: 0.9621575.
start listen on 192.168.1.101:34653
@tracker All of 3 nodes getting started
@tracker All nodes finishes job
Trial 236 finished with value: 0.95379625 and parameters: {'objective': 'multi:softprob', 'num_class': 6, 'tree_method': 'gpu_hist', 'lambda': 9.975261192571994, 'alpha': 0.027555347107279308, 'colsample_bytree': 0.9232407257100427, 'subsample': 0.6656172708088844, 'learning_rate': 0.0012372248659762238, 'max_depth': 20, 'min_child_weight': 19, 'eval_metric': 'mlogloss'}. Best is trial 195 with value: 0.9621575.
start listen on 192.168.1.101:53705
@tracker All of 3 nodes getting started
@tracker All nodes finishes job
Trial 237 finished with value: 0.9620475 and parameters: {'objective': 'multi:softprob', 'num_class': 6, 'tree_method': 'gpu_hist', 'lambda': 8.380299073561478, 'alpha': 0.026632719866266787, 'colsample_bytree': 0.9073763596217884, 'subsample': 0.6852836531617201, 'learning_rate': 0.017389739212129017, 'max_depth': 20, 'min_child_weight': 14, 'eval_metric': 'mlogloss'}. Best is trial 195 with value: 0.9621575.
start listen on 192.168.1.101:35861
@tracker All of 3 nodes getting started
@tracker All nodes finishes job
Trial 238 finished with value: 0.9618525 and parameters: {'objective': 'multi:softprob', 'num_class': 6, 'tree_method': 'gpu_hist', 'lambda': 7.917139531984093, 'alpha': 0.033999323408573257, 'colsample_bytree': 0.9421123617724536, 'subsample': 0.6575943871770563, 'learning_rate': 0.018951863474836423, 'max_depth': 20, 'min_child_weight': 1, 'eval_metric': 'mlogloss'}. Best is trial 195 with value: 0.9621575.
start listen on 192.168.1.101:51509
@tracker All of 3 nodes getting started
@tracker All nodes finishes job
Trial 239 finished with value: 0.96198125 and parameters: {'objective': 'multi:softprob', 'num_class': 6, 'tree_method': 'gpu_hist', 'lambda': 6.014945510805882, 'alpha': 0.024617856406712716, 'colsample_bytree': 0.9302793046328474, 'subsample': 0.6436997588097468, 'learning_rate': 0.013903510056255626, 'max_depth': 20, 'min_child_weight': 25, 'eval_metric': 'mlogloss'}. Best is trial 195 with value: 0.9621575.
start listen on 192.168.1.101:53827
@tracker All of 3 nodes getting started
@tracker All nodes finishes job
Trial 240 finished with value: 0.938565 and parameters: {'objective': 'multi:softprob', 'num_class': 6, 'tree_method': 'gpu_hist', 'lambda': 5.317071484720955, 'alpha': 0.030430375159967413, 'colsample_bytree': 0.9102734087979277, 'subsample': 0.6655215200325435, 'learning_rate': 0.016268912325146635, 'max_depth': 3, 'min_child_weight': 13, 'eval_metric': 'mlogloss'}. Best is trial 195 with value: 0.9621575.
start listen on 192.168.1.101:39313
@tracker All of 3 nodes getting started
@tracker All nodes finishes job
Trial 241 finished with value: 0.96202375 and parameters: {'objective': 'multi:softprob', 'num_class': 6, 'tree_method': 'gpu_hist', 'lambda': 6.8487950727910745, 'alpha': 0.014561854683827057, 'colsample_bytree': 0.8973703042647719, 'subsample': 0.6295340418192107, 'learning_rate': 0.015474196295877669, 'max_depth': 20, 'min_child_weight': 9, 'eval_metric': 'mlogloss'}. Best is trial 195 with value: 0.9621575.
start listen on 192.168.1.101:45895
@tracker All of 3 nodes getting started
@tracker All nodes finishes job
Trial 242 finished with value: 0.96206125 and parameters: {'objective': 'multi:softprob', 'num_class': 6, 'tree_method': 'gpu_hist', 'lambda': 8.11128442155756, 'alpha': 0.01810953611425466, 'colsample_bytree': 0.916788648417599, 'subsample': 0.6459322290174091, 'learning_rate': 0.016480976015963576, 'max_depth': 20, 'min_child_weight': 16, 'eval_metric': 'mlogloss'}. Best is trial 195 with value: 0.9621575.
start listen on 192.168.1.101:49601
@tracker All of 3 nodes getting started
@tracker All nodes finishes job
Trial 243 finished with value: 0.96082375 and parameters: {'objective': 'multi:softprob', 'num_class': 6, 'tree_method': 'gpu_hist', 'lambda': 9.945904635889718, 'alpha': 0.01935860487250969, 'colsample_bytree': 0.9195721544632955, 'subsample': 0.650083175197244, 'learning_rate': 0.01754107535369154, 'max_depth': 20, 'min_child_weight': 295, 'eval_metric': 'mlogloss'}. Best is trial 195 with value: 0.9621575.
start listen on 192.168.1.101:40523
@tracker All of 3 nodes getting started
@tracker All nodes finishes job
Trial 244 finished with value: 0.96190125 and parameters: {'objective': 'multi:softprob', 'num_class': 6, 'tree_method': 'gpu_hist', 'lambda': 8.217368705432895, 'alpha': 0.023101795618281924, 'colsample_bytree': 0.7220056279660159, 'subsample': 0.6774880880168891, 'learning_rate': 0.014406629307360625, 'max_depth': 20, 'min_child_weight': 18, 'eval_metric': 'mlogloss'}. Best is trial 195 with value: 0.9621575.
start listen on 192.168.1.101:50403
@tracker All of 3 nodes getting started
@tracker All nodes finishes job
Trial 245 finished with value: 0.96210125 and parameters: {'objective': 'multi:softprob', 'num_class': 6, 'tree_method': 'gpu_hist', 'lambda': 7.405796064130455, 'alpha': 0.016839243519858833, 'colsample_bytree': 0.9037466412476064, 'subsample': 0.6458058334283125, 'learning_rate': 0.019047059744977585, 'max_depth': 20, 'min_child_weight': 15, 'eval_metric': 'mlogloss'}. Best is trial 195 with value: 0.9621575.
start listen on 192.168.1.101:48783
@tracker All of 3 nodes getting started
@tracker All nodes finishes job
Trial 246 finished with value: 0.9621275 and parameters: {'objective': 'multi:softprob', 'num_class': 6, 'tree_method': 'gpu_hist', 'lambda': 8.348795116722, 'alpha': 0.017385355760263326, 'colsample_bytree': 0.9078880858723604, 'subsample': 0.645796843514827, 'learning_rate': 0.02036143253200568, 'max_depth': 20, 'min_child_weight': 22, 'eval_metric': 'mlogloss'}. Best is trial 195 with value: 0.9621575.
start listen on 192.168.1.101:58403
@tracker All of 3 nodes getting started
@tracker All nodes finishes job
Trial 247 finished with value: 0.9620175 and parameters: {'objective': 'multi:softprob', 'num_class': 6, 'tree_method': 'gpu_hist', 'lambda': 9.941542919462611, 'alpha': 0.017233734858088108, 'colsample_bytree': 0.930717926808969, 'subsample': 0.6479696703544183, 'learning_rate': 0.020306472716967172, 'max_depth': 20, 'min_child_weight': 20, 'eval_metric': 'mlogloss'}. Best is trial 195 with value: 0.9621575.
start listen on 192.168.1.101:39367
@tracker All of 3 nodes getting started
@tracker All nodes finishes job
Trial 248 finished with value: 0.96194625 and parameters: {'objective': 'multi:softprob', 'num_class': 6, 'tree_method': 'gpu_hist', 'lambda': 7.459060659635467, 'alpha': 0.019147547622986663, 'colsample_bytree': 0.952008418332673, 'subsample': 0.7018845452087199, 'learning_rate': 0.019091058837481863, 'max_depth': 20, 'min_child_weight': 28, 'eval_metric': 'mlogloss'}. Best is trial 195 with value: 0.9621575.
start listen on 192.168.1.101:53279
@tracker All of 3 nodes getting started
@tracker All nodes finishes job
Trial 249 finished with value: 0.9620025 and parameters: {'objective': 'multi:softprob', 'num_class': 6, 'tree_method': 'gpu_hist', 'lambda': 4.5215927157333295, 'alpha': 0.014572629761201623, 'colsample_bytree': 0.901392002178726, 'subsample': 0.6277007631225947, 'learning_rate': 0.020830995724409097, 'max_depth': 20, 'min_child_weight': 20, 'eval_metric': 'mlogloss'}. Best is trial 195 with value: 0.9621575.
start listen on 192.168.1.101:60879
@tracker All of 3 nodes getting started
@tracker All nodes finishes job
Trial 250 finished with value: 0.9619975 and parameters: {'objective': 'multi:softprob', 'num_class': 6, 'tree_method': 'gpu_hist', 'lambda': 5.932413611246583, 'alpha': 0.040906829479604875, 'colsample_bytree': 0.9235403668813409, 'subsample': 0.6519147016256809, 'learning_rate': 0.016782554530354085, 'max_depth': 20, 'min_child_weight': 25, 'eval_metric': 'mlogloss'}. Best is trial 195 with value: 0.9621575.
start listen on 192.168.1.101:48235
@tracker All of 3 nodes getting started
@tracker All nodes finishes job
Trial 251 finished with value: 0.96071 and parameters: {'objective': 'multi:softprob', 'num_class': 6, 'tree_method': 'gpu_hist', 'lambda': 8.591316549984677, 'alpha': 0.017319379767009, 'colsample_bytree': 0.9121548701588121, 'subsample': 0.6689155524393502, 'learning_rate': 0.013317679530629548, 'max_depth': 20, 'min_child_weight': 203, 'eval_metric': 'mlogloss'}. Best is trial 195 with value: 0.9621575.
start listen on 192.168.1.101:40825
@tracker All of 3 nodes getting started
@tracker All nodes finishes job
