Trial 840 finished with value: 0.9619575 and parameters: {'objective': 'multi:softprob', 'num_class': 6, 'tree_method': 'gpu_hist', 'lambda': 6.181602760461197, 'alpha': 0.24615559820756844, 'colsample_bytree': 0.9989464266784178, 'subsample': 0.684025092473321, 'learning_rate': 0.010624475366203059, 'max_depth': 20, 'min_child_weight': 10, 'eval_metric': 'mlogloss'}. Best is trial 461 with value: 0.96217.
start listen on 192.168.1.101:55605
@tracker All of 3 nodes getting started
@tracker All nodes finishes job
Trial 841 finished with value: 0.96191875 and parameters: {'objective': 'multi:softprob', 'num_class': 6, 'tree_method': 'gpu_hist', 'lambda': 4.73795017258466, 'alpha': 0.026000306311407092, 'colsample_bytree': 0.8585373882152895, 'subsample': 0.6561653011961812, 'learning_rate': 0.013719417485310042, 'max_depth': 20, 'min_child_weight': 27, 'eval_metric': 'mlogloss'}. Best is trial 461 with value: 0.96217.
start listen on 192.168.1.101:41845
@tracker All of 3 nodes getting started
@tracker All nodes finishes job
Trial 842 finished with value: 0.96200625 and parameters: {'objective': 'multi:softprob', 'num_class': 6, 'tree_method': 'gpu_hist', 'lambda': 8.321572629880269, 'alpha': 0.012540518363114424, 'colsample_bytree': 0.9749668903497686, 'subsample': 0.6384328976257083, 'learning_rate': 0.01666013201489906, 'max_depth': 20, 'min_child_weight': 20, 'eval_metric': 'mlogloss'}. Best is trial 461 with value: 0.96217.
start listen on 192.168.1.101:38557
@tracker All of 3 nodes getting started
@tracker All nodes finishes job
Trial 843 finished with value: 0.96202875 and parameters: {'objective': 'multi:softprob', 'num_class': 6, 'tree_method': 'gpu_hist', 'lambda': 7.336766116105138, 'alpha': 0.015922124898323807, 'colsample_bytree': 0.9605592759194759, 'subsample': 0.6956988819503649, 'learning_rate': 0.014922111681776517, 'max_depth': 20, 'min_child_weight': 15, 'eval_metric': 'mlogloss'}. Best is trial 461 with value: 0.96217.
start listen on 192.168.1.101:45709
@tracker All of 3 nodes getting started
@tracker All nodes finishes job
Trial 844 finished with value: 0.96192125 and parameters: {'objective': 'multi:softprob', 'num_class': 6, 'tree_method': 'gpu_hist', 'lambda': 1.708013586006605, 'alpha': 0.02116556777708797, 'colsample_bytree': 0.8846897858928279, 'subsample': 0.6694436112072846, 'learning_rate': 0.01770205384484459, 'max_depth': 20, 'min_child_weight': 7, 'eval_metric': 'mlogloss'}. Best is trial 461 with value: 0.96217.
start listen on 192.168.1.101:56961
@tracker All of 3 nodes getting started
@tracker All nodes finishes job
Trial 845 finished with value: 0.96198125 and parameters: {'objective': 'multi:softprob', 'num_class': 6, 'tree_method': 'gpu_hist', 'lambda': 9.971066616796875, 'alpha': 0.007140730634238513, 'colsample_bytree': 0.9295248459884389, 'subsample': 0.6262611319262446, 'learning_rate': 0.0196458770679627, 'max_depth': 20, 'min_child_weight': 34, 'eval_metric': 'mlogloss'}. Best is trial 461 with value: 0.96217.
start listen on 192.168.1.101:34071
@tracker All of 3 nodes getting started
@tracker All nodes finishes job
Trial 846 finished with value: 0.9342675 and parameters: {'objective': 'multi:softprob', 'num_class': 6, 'tree_method': 'gpu_hist', 'lambda': 6.170438999539974, 'alpha': 0.004785175100941329, 'colsample_bytree': 0.9030607085778701, 'subsample': 0.6490730906486731, 'learning_rate': 0.013035599209411424, 'max_depth': 3, 'min_child_weight': 23, 'eval_metric': 'mlogloss'}. Best is trial 461 with value: 0.96217.
start listen on 192.168.1.101:35919
@tracker All of 3 nodes getting started
@tracker All nodes finishes job
Trial 847 finished with value: 0.96217375 and parameters: {'objective': 'multi:softprob', 'num_class': 6, 'tree_method': 'gpu_hist', 'lambda': 8.410165759350752, 'alpha': 0.01149255808103143, 'colsample_bytree': 0.8708222178252308, 'subsample': 0.6742697972382768, 'learning_rate': 0.015568886251140916, 'max_depth': 20, 'min_child_weight': 14, 'eval_metric': 'mlogloss'}. Best is trial 847 with value: 0.96217375.
start listen on 192.168.1.101:45669
@tracker All of 3 nodes getting started
@tracker All nodes finishes job
Trial 848 finished with value: 0.96203375 and parameters: {'objective': 'multi:softprob', 'num_class': 6, 'tree_method': 'gpu_hist', 'lambda': 8.346562940763718, 'alpha': 0.009816520808311078, 'colsample_bytree': 0.8616118979725718, 'subsample': 0.7146553242687402, 'learning_rate': 0.014662395756102816, 'max_depth': 20, 'min_child_weight': 6, 'eval_metric': 'mlogloss'}. Best is trial 847 with value: 0.96217375.
start listen on 192.168.1.101:44641
@tracker All of 3 nodes getting started
@tracker All nodes finishes job
Trial 849 finished with value: 0.96207 and parameters: {'objective': 'multi:softprob', 'num_class': 6, 'tree_method': 'gpu_hist', 'lambda': 8.420044926809275, 'alpha': 0.012098678558925343, 'colsample_bytree': 0.8363842926986614, 'subsample': 0.6944758105426994, 'learning_rate': 0.01344758974592333, 'max_depth': 20, 'min_child_weight': 12, 'eval_metric': 'mlogloss'}. Best is trial 847 with value: 0.96217375.
start listen on 192.168.1.101:54277
@tracker All of 3 nodes getting started
@tracker All nodes finishes job
Trial 850 finished with value: 0.9606425 and parameters: {'objective': 'multi:softprob', 'num_class': 6, 'tree_method': 'gpu_hist', 'lambda': 6.541412115411235, 'alpha': 0.009721042354037167, 'colsample_bytree': 0.8656398397701889, 'subsample': 0.6784381314478618, 'learning_rate': 0.016901313400948543, 'max_depth': 9, 'min_child_weight': 17, 'eval_metric': 'mlogloss'}. Best is trial 847 with value: 0.96217375.
start listen on 192.168.1.101:51869
@tracker All of 3 nodes getting started
@tracker All nodes finishes job
Trial 851 finished with value: 0.9612225 and parameters: {'objective': 'multi:softprob', 'num_class': 6, 'tree_method': 'gpu_hist', 'lambda': 8.440856819021395, 'alpha': 0.008145864165397533, 'colsample_bytree': 0.8499120195569272, 'subsample': 0.7048881940548289, 'learning_rate': 0.011667190539207574, 'max_depth': 20, 'min_child_weight': 93, 'eval_metric': 'mlogloss'}. Best is trial 847 with value: 0.96217375.
start listen on 192.168.1.101:51097
@tracker All of 3 nodes getting started
@tracker All nodes finishes job
Trial 852 finished with value: 0.96205 and parameters: {'objective': 'multi:softprob', 'num_class': 6, 'tree_method': 'gpu_hist', 'lambda': 7.185486854503049, 'alpha': 0.010658137232972592, 'colsample_bytree': 0.8730606066566265, 'subsample': 0.6778673097926669, 'learning_rate': 0.021755163767207934, 'max_depth': 20, 'min_child_weight': 10, 'eval_metric': 'mlogloss'}. Best is trial 847 with value: 0.96217375.
start listen on 192.168.1.101:56453
@tracker All of 3 nodes getting started
@tracker All nodes finishes job
Trial 853 finished with value: 0.96193 and parameters: {'objective': 'multi:softprob', 'num_class': 6, 'tree_method': 'gpu_hist', 'lambda': 8.628246097991658, 'alpha': 0.009005596964424878, 'colsample_bytree': 0.839035847616768, 'subsample': 0.6929750695758862, 'learning_rate': 0.01543998194712902, 'max_depth': 20, 'min_child_weight': 29, 'eval_metric': 'mlogloss'}. Best is trial 847 with value: 0.96217375.
start listen on 192.168.1.101:46555
@tracker All of 3 nodes getting started
@tracker All nodes finishes job
Trial 854 finished with value: 0.96212125 and parameters: {'objective': 'multi:softprob', 'num_class': 6, 'tree_method': 'gpu_hist', 'lambda': 5.204446891285678, 'alpha': 7.303803242367183, 'colsample_bytree': 0.8743223039973674, 'subsample': 0.660485418628746, 'learning_rate': 0.018078964016184147, 'max_depth': 20, 'min_child_weight': 22, 'eval_metric': 'mlogloss'}. Best is trial 847 with value: 0.96217375.
start listen on 192.168.1.101:39541
@tracker All of 3 nodes getting started
@tracker All nodes finishes job
Trial 855 finished with value: 0.9619525 and parameters: {'objective': 'multi:softprob', 'num_class': 6, 'tree_method': 'gpu_hist', 'lambda': 4.187563015472203, 'alpha': 4.051292228687074, 'colsample_bytree': 0.7802557690509513, 'subsample': 0.6682045891158434, 'learning_rate': 0.017848511845280888, 'max_depth': 20, 'min_child_weight': 38, 'eval_metric': 'mlogloss'}. Best is trial 847 with value: 0.96217375.
start listen on 192.168.1.101:43605
@tracker All of 3 nodes getting started
@tracker All nodes finishes job
Trial 856 finished with value: 0.96181625 and parameters: {'objective': 'multi:softprob', 'num_class': 6, 'tree_method': 'gpu_hist', 'lambda': 0.0474776998789701, 'alpha': 6.043077449518924, 'colsample_bytree': 0.8533774310923461, 'subsample': 0.6845780252627229, 'learning_rate': 0.01608779109791379, 'max_depth': 20, 'min_child_weight': 44, 'eval_metric': 'mlogloss'}. Best is trial 847 with value: 0.96217375.
start listen on 192.168.1.101:55627
@tracker All of 3 nodes getting started
@tracker All nodes finishes job
Trial 857 finished with value: 0.9583475 and parameters: {'objective': 'multi:softprob', 'num_class': 6, 'tree_method': 'gpu_hist', 'lambda': 4.342744349604721, 'alpha': 6.956324566215226, 'colsample_bytree': 0.8536531216276986, 'subsample': 0.6613318004916942, 'learning_rate': 0.016588723943858297, 'max_depth': 7, 'min_child_weight': 26, 'eval_metric': 'mlogloss'}. Best is trial 847 with value: 0.96217375.
start listen on 192.168.1.101:38951
@tracker All of 3 nodes getting started
@tracker All nodes finishes job
Trial 858 finished with value: 0.96199625 and parameters: {'objective': 'multi:softprob', 'num_class': 6, 'tree_method': 'gpu_hist', 'lambda': 4.959959562772819, 'alpha': 0.0072626953951531225, 'colsample_bytree': 0.8702642872439716, 'subsample': 0.4274071331811014, 'learning_rate': 0.01933202515084379, 'max_depth': 20, 'min_child_weight': 23, 'eval_metric': 'mlogloss'}. Best is trial 847 with value: 0.96217375.
start listen on 192.168.1.101:44731
@tracker All of 3 nodes getting started
@tracker All nodes finishes job
Trial 859 finished with value: 0.9619 and parameters: {'objective': 'multi:softprob', 'num_class': 6, 'tree_method': 'gpu_hist', 'lambda': 3.311146435683224, 'alpha': 3.706649122353801, 'colsample_bytree': 0.8633747679169396, 'subsample': 0.6727667586326639, 'learning_rate': 0.014534603247802362, 'max_depth': 20, 'min_child_weight': 33, 'eval_metric': 'mlogloss'}. Best is trial 847 with value: 0.96217375.
start listen on 192.168.1.101:56153
@tracker All of 3 nodes getting started
@tracker All nodes finishes job
Trial 860 finished with value: 0.95389625 and parameters: {'objective': 'multi:softprob', 'num_class': 6, 'tree_method': 'gpu_hist', 'lambda': 2.3995622751413546, 'alpha': 8.36776508627504, 'colsample_bytree': 0.8730373995893003, 'subsample': 0.6600099889856476, 'learning_rate': 0.018341705805660784, 'max_depth': 5, 'min_child_weight': 20, 'eval_metric': 'mlogloss'}. Best is trial 847 with value: 0.96217375.
start listen on 192.168.1.101:42397
@tracker All of 3 nodes getting started
@tracker All nodes finishes job
Trial 861 finished with value: 0.96195875 and parameters: {'objective': 'multi:softprob', 'num_class': 6, 'tree_method': 'gpu_hist', 'lambda': 5.035266245997973, 'alpha': 8.368253747756178, 'colsample_bytree': 0.8786197947121749, 'subsample': 0.6780532954542952, 'learning_rate': 0.015990519228204148, 'max_depth': 20, 'min_child_weight': 27, 'eval_metric': 'mlogloss'}. Best is trial 847 with value: 0.96217375.
start listen on 192.168.1.101:36107
@tracker All of 3 nodes getting started
@tracker All nodes finishes job
Trial 862 finished with value: 0.9611525 and parameters: {'objective': 'multi:softprob', 'num_class': 6, 'tree_method': 'gpu_hist', 'lambda': 5.994236144430478, 'alpha': 7.577015736648644, 'colsample_bytree': 0.8340592496760448, 'subsample': 0.6569580629159213, 'learning_rate': 0.02027302443435897, 'max_depth': 20, 'min_child_weight': 209, 'eval_metric': 'mlogloss'}. Best is trial 847 with value: 0.96217375.
start listen on 192.168.1.101:49667
@tracker All of 3 nodes getting started
@tracker All nodes finishes job
Trial 863 finished with value: 0.96172375 and parameters: {'objective': 'multi:softprob', 'num_class': 6, 'tree_method': 'gpu_hist', 'lambda': 4.006743354120328, 'alpha': 7.660729214673037, 'colsample_bytree': 0.8459186594485391, 'subsample': 0.6867391957993569, 'learning_rate': 0.014299862364744013, 'max_depth': 15, 'min_child_weight': 14, 'eval_metric': 'mlogloss'}. Best is trial 847 with value: 0.96217375.
start listen on 192.168.1.101:60847
@tracker All of 3 nodes getting started
@tracker All nodes finishes job
Trial 864 finished with value: 0.96191125 and parameters: {'objective': 'multi:softprob', 'num_class': 6, 'tree_method': 'gpu_hist', 'lambda': 5.115272212676614, 'alpha': 1.0623322303864802, 'colsample_bytree': 0.875083933384253, 'subsample': 0.612130488927987, 'learning_rate': 0.017740284029670858, 'max_depth': 20, 'min_child_weight': 1, 'eval_metric': 'mlogloss'}. Best is trial 847 with value: 0.96217375.
start listen on 192.168.1.101:45621
@tracker All of 3 nodes getting started
@tracker All nodes finishes job
Trial 865 finished with value: 0.96098375 and parameters: {'objective': 'multi:softprob', 'num_class': 6, 'tree_method': 'gpu_hist', 'lambda': 5.702759632423865, 'alpha': 5.061972012631001, 'colsample_bytree': 0.8899229846395665, 'subsample': 0.472885469731731, 'learning_rate': 0.01611262223184022, 'max_depth': 11, 'min_child_weight': 21, 'eval_metric': 'mlogloss'}. Best is trial 847 with value: 0.96217375.
start listen on 192.168.1.101:44859
@tracker All of 3 nodes getting started
@tracker All nodes finishes job
Trial 866 finished with value: 0.9616375 and parameters: {'objective': 'multi:softprob', 'num_class': 6, 'tree_method': 'gpu_hist', 'lambda': 6.782163538168874, 'alpha': 9.971650260348248, 'colsample_bytree': 0.8505563151520346, 'subsample': 0.6438304934545555, 'learning_rate': 0.012550912034760758, 'max_depth': 20, 'min_child_weight': 29, 'eval_metric': 'mlogloss'}. Best is trial 847 with value: 0.96217375.
start listen on 192.168.1.101:57215
@tracker All of 3 nodes getting started
@tracker All nodes finishes job
Trial 867 finished with value: 0.9620825 and parameters: {'objective': 'multi:softprob', 'num_class': 6, 'tree_method': 'gpu_hist', 'lambda': 7.261261760182561, 'alpha': 4.946939809967667, 'colsample_bytree': 0.8674517314700732, 'subsample': 0.66634122798726, 'learning_rate': 0.015183969286168846, 'max_depth': 20, 'min_child_weight': 16, 'eval_metric': 'mlogloss'}. Best is trial 847 with value: 0.96217375.
start listen on 192.168.1.101:51343
@tracker All of 3 nodes getting started
@tracker All nodes finishes job
Trial 868 finished with value: 0.96184625 and parameters: {'objective': 'multi:softprob', 'num_class': 6, 'tree_method': 'gpu_hist', 'lambda': 5.654702208103568, 'alpha': 0.008365304479070707, 'colsample_bytree': 0.9817500776301481, 'subsample': 0.7003279369980256, 'learning_rate': 0.017630711281235965, 'max_depth': 20, 'min_child_weight': 6, 'eval_metric': 'mlogloss'}. Best is trial 847 with value: 0.96217375.
start listen on 192.168.1.101:42749
@tracker All of 3 nodes getting started
@tracker All nodes finishes job
Trial 869 finished with value: 0.96170125 and parameters: {'objective': 'multi:softprob', 'num_class': 6, 'tree_method': 'gpu_hist', 'lambda': 8.598177337565064, 'alpha': 3.197645659254114, 'colsample_bytree': 0.8869188556222178, 'subsample': 0.43859247113873856, 'learning_rate': 0.013229556483959199, 'max_depth': 17, 'min_child_weight': 22, 'eval_metric': 'mlogloss'}. Best is trial 847 with value: 0.96217375.
start listen on 192.168.1.101:42085
@tracker All of 3 nodes getting started
@tracker All nodes finishes job
Trial 870 finished with value: 0.96155375 and parameters: {'objective': 'multi:softprob', 'num_class': 6, 'tree_method': 'gpu_hist', 'lambda': 4.588622841340028, 'alpha': 0.01089956822446227, 'colsample_bytree': 0.813594210472776, 'subsample': 0.6334158643143445, 'learning_rate': 0.02238484515859376, 'max_depth': 20, 'min_child_weight': 159, 'eval_metric': 'mlogloss'}. Best is trial 847 with value: 0.96217375.
start listen on 192.168.1.101:57311
@tracker All of 3 nodes getting started
@tracker All nodes finishes job
Trial 871 finished with value: 0.96207375 and parameters: {'objective': 'multi:softprob', 'num_class': 6, 'tree_method': 'gpu_hist', 'lambda': 6.641561281108119, 'alpha': 2.57197696053238, 'colsample_bytree': 0.8626606510255131, 'subsample': 0.6534110566022135, 'learning_rate': 0.02020247398246097, 'max_depth': 20, 'min_child_weight': 10, 'eval_metric': 'mlogloss'}. Best is trial 847 with value: 0.96217375.
start listen on 192.168.1.101:57033
@tracker All of 3 nodes getting started
@tracker All nodes finishes job
Trial 872 finished with value: 0.9620675 and parameters: {'objective': 'multi:softprob', 'num_class': 6, 'tree_method': 'gpu_hist', 'lambda': 9.934436409955063, 'alpha': 0.005952508878248219, 'colsample_bytree': 0.8822631559162158, 'subsample': 0.6725287012837597, 'learning_rate': 0.016702273489744776, 'max_depth': 20, 'min_child_weight': 17, 'eval_metric': 'mlogloss'}. Best is trial 847 with value: 0.96217375.
start listen on 192.168.1.101:57023
@tracker All of 3 nodes getting started
@tracker All nodes finishes job
Trial 873 finished with value: 0.961905 and parameters: {'objective': 'multi:softprob', 'num_class': 6, 'tree_method': 'gpu_hist', 'lambda': 9.965472752100153, 'alpha': 0.012730368372883336, 'colsample_bytree': 0.879651760449747, 'subsample': 0.5974967106268189, 'learning_rate': 0.014148893631397891, 'max_depth': 20, 'min_child_weight': 31, 'eval_metric': 'mlogloss'}. Best is trial 847 with value: 0.96217375.
start listen on 192.168.1.101:60655
@tracker All of 3 nodes getting started
@tracker All nodes finishes job
Trial 874 finished with value: 0.96187375 and parameters: {'objective': 'multi:softprob', 'num_class': 6, 'tree_method': 'gpu_hist', 'lambda': 3.4643320252186043, 'alpha': 1.4635922193609474, 'colsample_bytree': 0.9848985607279322, 'subsample': 0.6414546932555977, 'learning_rate': 0.018697498646114523, 'max_depth': 13, 'min_child_weight': 12, 'eval_metric': 'mlogloss'}. Best is trial 847 with value: 0.96217375.
start listen on 192.168.1.101:50259
@tracker All of 3 nodes getting started
@tracker All nodes finishes job
Trial 875 finished with value: 0.96185875 and parameters: {'objective': 'multi:softprob', 'num_class': 6, 'tree_method': 'gpu_hist', 'lambda': 7.656615997258901, 'alpha': 5.577079545255277, 'colsample_bytree': 0.892487251070279, 'subsample': 0.6213544624823755, 'learning_rate': 0.015484005619476205, 'max_depth': 20, 'min_child_weight': 38, 'eval_metric': 'mlogloss'}. Best is trial 847 with value: 0.96217375.
start listen on 192.168.1.101:39495
@tracker All of 3 nodes getting started
@tracker All nodes finishes job
Trial 876 finished with value: 0.96175 and parameters: {'objective': 'multi:softprob', 'num_class': 6, 'tree_method': 'gpu_hist', 'lambda': 5.955769651893274, 'alpha': 6.030346712236139, 'colsample_bytree': 0.9647208400968571, 'subsample': 0.6595341112872682, 'learning_rate': 0.011467631926496255, 'max_depth': 20, 'min_child_weight': 25, 'eval_metric': 'mlogloss'}. Best is trial 847 with value: 0.96217375.
start listen on 192.168.1.101:56337
@tracker All of 3 nodes getting started
@tracker All nodes finishes job
Trial 877 finished with value: 0.962055 and parameters: {'objective': 'multi:softprob', 'num_class': 6, 'tree_method': 'gpu_hist', 'lambda': 8.34731550197665, 'alpha': 6.751068336382954, 'colsample_bytree': 0.8549574923859726, 'subsample': 0.7800666560088155, 'learning_rate': 0.017110283242418544, 'max_depth': 20, 'min_child_weight': 17, 'eval_metric': 'mlogloss'}. Best is trial 847 with value: 0.96217375.
start listen on 192.168.1.101:37815
@tracker All of 3 nodes getting started
@tracker All nodes finishes job
Trial 878 finished with value: 0.96153125 and parameters: {'objective': 'multi:softprob', 'num_class': 6, 'tree_method': 'gpu_hist', 'lambda': 6.84429803171555, 'alpha': 0.007458702976822926, 'colsample_bytree': 0.8966239053294172, 'subsample': 0.6834098857689825, 'learning_rate': 0.06579629013542648, 'max_depth': 20, 'min_child_weight': 6, 'eval_metric': 'mlogloss'}. Best is trial 847 with value: 0.96217375.
start listen on 192.168.1.101:38873
@tracker All of 3 nodes getting started
@tracker All nodes finishes job
Trial 879 finished with value: 0.93528 and parameters: {'objective': 'multi:softprob', 'num_class': 6, 'tree_method': 'gpu_hist', 'lambda': 7.57349539423795, 'alpha': 0.014393722402954527, 'colsample_bytree': 0.8741415605200644, 'subsample': 0.6494458671308907, 'learning_rate': 0.01390553535055808, 'max_depth': 3, 'min_child_weight': 21, 'eval_metric': 'mlogloss'}. Best is trial 847 with value: 0.96217375.
start listen on 192.168.1.101:40517
@tracker All of 3 nodes getting started
@tracker All nodes finishes job
Trial 880 finished with value: 0.96207625 and parameters: {'objective': 'multi:softprob', 'num_class': 6, 'tree_method': 'gpu_hist', 'lambda': 9.964928575264036, 'alpha': 4.669253061100483, 'colsample_bytree': 0.8306532385960539, 'subsample': 0.6343410472998136, 'learning_rate': 0.01537724026125436, 'max_depth': 20, 'min_child_weight': 12, 'eval_metric': 'mlogloss'}. Best is trial 847 with value: 0.96217375.
start listen on 192.168.1.101:42109
@tracker All of 3 nodes getting started
@tracker All nodes finishes job
Trial 881 finished with value: 0.96202375 and parameters: {'objective': 'multi:softprob', 'num_class': 6, 'tree_method': 'gpu_hist', 'lambda': 5.220113015264385, 'alpha': 1.7927458163240262, 'colsample_bytree': 0.9551508504905916, 'subsample': 0.5751363615337569, 'learning_rate': 0.0205319794674716, 'max_depth': 20, 'min_child_weight': 25, 'eval_metric': 'mlogloss'}. Best is trial 847 with value: 0.96217375.
start listen on 192.168.1.101:42671
@tracker All of 3 nodes getting started
@tracker All nodes finishes job
