number,value,params_alpha,params_colsample_bytree,params_eval_metric,params_lambda,params_learning_rate,params_max_depth,params_min_child_weight,params_num_class,params_objective,params_subsample,params_tree_method,state
404,0.96209375,0.003933254840407731,0.9128540847689373,mlogloss,5.5875811992169355,0.01538408179824034,20,17,6,multi:softprob,0.6761267629589399,gpu_hist,COMPLETE
405,0.958655,0.0044334541231375564,0.9337860776892654,mlogloss,4.651243917981263,0.009763858541722924,9,19,6,multi:softprob,0.6808108457887219,gpu_hist,COMPLETE
406,0.96190875,0.003826810082196,0.9608995426507889,mlogloss,5.492490050033399,0.014736401176432145,20,35,6,multi:softprob,0.6868143158705575,gpu_hist,COMPLETE
407,0.9620475,0.002954816071519362,0.9181301809033392,mlogloss,0.09755476947061294,0.012613734986082958,20,24,6,multi:softprob,0.6728581392399063,gpu_hist,COMPLETE
408,0.96212375,0.005764935607922136,0.9449803338575627,mlogloss,6.18515159211612,0.019098173350043473,20,17,6,multi:softprob,0.6629596236358828,gpu_hist,COMPLETE
409,0.96196,0.004784975451070098,0.9497743018282725,mlogloss,4.575728901697358,0.02016425476407663,20,18,6,multi:softprob,0.6936934661770064,gpu_hist,COMPLETE
410,0.9620375,0.003689053549228517,0.9671479739060499,mlogloss,5.946999957208177,0.01884263003656385,20,28,6,multi:softprob,0.6704104093387956,gpu_hist,COMPLETE
411,0.96197,0.0054397889195353525,0.9788507556671318,mlogloss,6.566370264825367,0.01837814682080985,20,16,6,multi:softprob,0.6508497592714106,gpu_hist,COMPLETE
412,0.96204,0.004563118652000711,0.9393366060170285,mlogloss,5.448635776895938,0.01710791215281871,20,23,6,multi:softprob,0.6608008168547078,gpu_hist,COMPLETE
413,0.95941375,0.0066153947849166075,0.9528630884558323,mlogloss,8.23638531807787,0.019536642734275734,7,15,6,multi:softprob,0.6826545799475005,gpu_hist,COMPLETE
414,0.9620575,0.003703899893808231,0.9306740849947228,mlogloss,7.14770381051631,0.016675636459169058,20,21,6,multi:softprob,0.646316980320171,gpu_hist,COMPLETE
415,0.9616625,0.0062875272297398446,0.6217616394658095,mlogloss,8.471972114281892,0.01548417603640015,20,33,6,multi:softprob,0.673526348798673,gpu_hist,COMPLETE
416,0.9620725,0.004251940656981302,0.979872733385064,mlogloss,9.967408466943528,0.018214522996134172,20,11,6,multi:softprob,0.6598297793864223,gpu_hist,COMPLETE
417,0.96204375,0.003301125798636648,0.9574953107340043,mlogloss,5.9929799298366255,0.022628786658265242,20,27,6,multi:softprob,0.6339626756839953,gpu_hist,COMPLETE
418,0.9527175,0.007022369039929013,0.9081854505909108,mlogloss,7.198015157212323,0.01581482188386443,5,16,6,multi:softprob,0.6438919686320307,gpu_hist,COMPLETE
419,0.96063875,0.009907153077789586,0.9236581822566434,mlogloss,4.808188105391222,0.011608530932813983,11,8,6,multi:softprob,0.6656100810087021,gpu_hist,COMPLETE
420,0.9489125,0.0024837004905762326,0.6787413886565492,mlogloss,3.705174048598427,0.0010098081008795162,20,22,6,multi:softprob,0.6985461933282928,gpu_hist,COMPLETE
421,0.9618975,0.00518644744607642,0.5986511517153316,mlogloss,8.169672002328639,0.01994330078591971,20,15,6,multi:softprob,0.6825934715639543,gpu_hist,COMPLETE
422,0.9619275,0.003353415412725838,0.9429716698719668,mlogloss,6.5512144857038335,0.01758726555015863,20,6,6,multi:softprob,0.653076141029745,gpu_hist,COMPLETE
423,0.96146375,0.008427537442640822,0.6416043878305142,mlogloss,9.938037079000768,0.01374464940176563,20,38,6,multi:softprob,0.6366666966837948,gpu_hist,COMPLETE
424,0.961945,0.01395256571190664,0.8887074877234247,mlogloss,0.03291007319945909,0.015214839574196814,20,26,6,multi:softprob,0.6730988533721253,gpu_hist,COMPLETE
425,0.96206875,0.00687806409398659,0.906160249509572,mlogloss,8.342808822563041,0.016726815458505472,20,18,6,multi:softprob,0.657947500160558,gpu_hist,COMPLETE
426,0.9619675,0.007769551955620045,0.9863935257065435,mlogloss,0.010084629316190233,0.01884123136513285,17,11,6,multi:softprob,0.6277694518108656,gpu_hist,COMPLETE
427,0.96147375,0.004145293706171643,0.9659016533580603,mlogloss,7.13370239518537,0.014367239283972325,20,103,6,multi:softprob,0.6907079041066226,gpu_hist,COMPLETE
428,0.9619175,0.012706504502501822,0.929971917334391,mlogloss,5.584359025588928,0.021230555166974516,20,5,6,multi:softprob,0.6464885474318708,gpu_hist,COMPLETE
429,0.96101,0.0055731818911973156,0.9166815237766619,mlogloss,9.963494792065523,0.010831639873751636,13,21,6,multi:softprob,0.6752605075268857,gpu_hist,COMPLETE
430,0.96212625,0.016957304216351315,0.9995741033168035,mlogloss,8.162797841240536,0.012975077423961978,20,13,6,multi:softprob,0.6647585799387791,gpu_hist,COMPLETE
431,0.9619875,0.011744892526947378,0.9606289816574836,mlogloss,8.106634032127214,0.016611342599161905,20,31,6,multi:softprob,0.6630521305605914,gpu_hist,COMPLETE
432,0.9619875,0.01694512047138125,0.985150021091986,mlogloss,6.384925308794554,0.012866093966542416,20,14,6,multi:softprob,0.6841579675175976,gpu_hist,COMPLETE
433,0.961985,0.010034343571272043,0.9845813383801403,mlogloss,8.16953828579013,0.018290165483708216,20,23,6,multi:softprob,0.6644035101392296,gpu_hist,COMPLETE
434,0.96203,0.014335636915854459,0.9991367531740359,mlogloss,8.48717830862275,0.014882026457701794,20,18,6,multi:softprob,0.6507793764365694,gpu_hist,COMPLETE
435,0.9606675,0.016026161639292553,0.9980117808232202,mlogloss,5.092569430496979,0.008429335657967411,20,78,6,multi:softprob,0.6981996448830455,gpu_hist,COMPLETE
436,0.96043875,0.004657621797353717,0.9731427260471899,mlogloss,9.94085238318884,0.01588713335982255,9,12,6,multi:softprob,0.6753751312597471,gpu_hist,COMPLETE
437,0.96203625,0.01855422222199609,0.9703555442864928,mlogloss,6.867039526627766,0.019414235038884037,20,27,6,multi:softprob,0.6567239340005274,gpu_hist,COMPLETE
438,0.93338125,0.012495718681738294,0.9889210087000522,mlogloss,8.44120991043892,0.012002218996549342,3,7,6,multi:softprob,0.6676814318044345,gpu_hist,COMPLETE
439,0.96181375,0.003124915464071965,0.945156670896953,mlogloss,6.2145459531951435,0.023202342085476432,20,1,6,multi:softprob,0.47151819824821634,gpu_hist,COMPLETE
440,0.9620975,0.4968050988623516,0.8950839996181769,mlogloss,9.961192503885364,0.013656129057342105,20,17,6,multi:softprob,0.6835964592594295,gpu_hist,COMPLETE
441,0.96197,1.9311421607493573,0.9993835724730952,mlogloss,7.375382012039203,0.01716218628417937,20,22,6,multi:softprob,0.6905103054161543,gpu_hist,COMPLETE
442,0.96186875,0.22549786384672935,0.8891665666947679,mlogloss,9.99497552599211,0.014450513046464653,20,33,6,multi:softprob,0.7118477372513928,gpu_hist,COMPLETE
443,0.96200125,0.05693367474732835,0.8929626987132496,mlogloss,7.346176289849861,0.020022151790449846,20,18,6,multi:softprob,0.6840388872414038,gpu_hist,COMPLETE
444,0.96202,0.2959931394156279,0.9559761202622484,mlogloss,0.002770032461485674,0.01753203981171407,20,28,6,multi:softprob,0.6428218054220928,gpu_hist,COMPLETE
445,0.9620275,0.008122087104686359,0.9774839997892285,mlogloss,8.4846017079746,0.015670882916593545,20,14,6,multi:softprob,0.706026167518024,gpu_hist,COMPLETE
446,0.9621,0.5497942079364867,0.9378401495873842,mlogloss,4.4557109077657655,0.021080681721431772,20,23,6,multi:softprob,0.6239195475512445,gpu_hist,COMPLETE
447,0.95763375,0.6479294204554442,0.928567437574851,mlogloss,4.177091891231484,0.0138646848174638,7,36,6,multi:softprob,0.6192300027015719,gpu_hist,COMPLETE
448,0.95598625,0.4764479417694715,0.9411179993163468,mlogloss,3.8156177377577896,0.02245800032863804,5,25,6,multi:softprob,0.6277639874293436,gpu_hist,COMPLETE
449,0.96206,0.6252378771833005,0.9502388409870991,mlogloss,4.585771240302892,0.015823658207922968,20,21,6,multi:softprob,0.6113376160989984,gpu_hist,COMPLETE
450,0.95777,0.3874854447149786,0.3612917432942337,mlogloss,5.131851209953604,0.017375001504776375,20,29,6,multi:softprob,0.49530869158601665,gpu_hist,COMPLETE
451,0.96072,0.003931931889712028,0.9351119595913167,mlogloss,5.655460446451514,0.01231147570407094,11,21,6,multi:softprob,0.6525017152535628,gpu_hist,COMPLETE
452,0.961845,0.7933962296632853,0.9658003564801164,mlogloss,5.92408423004993,0.014838836863053411,20,42,6,multi:softprob,0.6799516444025726,gpu_hist,COMPLETE
453,0.96014625,2.677299553718795,0.9206494335474075,mlogloss,3.474903416700932,0.011004026644000338,20,219,6,multi:softprob,0.6269023190080769,gpu_hist,COMPLETE
454,0.96120625,0.3172501072973418,0.9022325781806715,mlogloss,4.623505772693207,0.021488479784190332,20,248,6,multi:softprob,0.6656136867377058,gpu_hist,COMPLETE
455,0.96205875,0.6094369176439234,0.944124201035099,mlogloss,6.779531743267046,0.018501010180159042,17,16,6,multi:softprob,0.6435255404170824,gpu_hist,COMPLETE
456,0.9619775,0.39270870072847486,0.9212351356678308,mlogloss,5.297841409839107,0.013517131504498863,20,25,6,multi:softprob,0.5690343233725823,gpu_hist,COMPLETE
457,0.9620225,0.010475823904036093,0.955861321591318,mlogloss,0.3922171674101065,0.016389272654341903,20,12,6,multi:softprob,0.689953045989131,gpu_hist,COMPLETE
458,0.961475,0.012590838344999963,0.9751010735813888,mlogloss,6.872038540966565,0.007439926832397965,20,17,6,multi:softprob,0.6567728349106816,gpu_hist,COMPLETE
459,0.96197125,0.014663062282568003,0.9012319355867296,mlogloss,9.993536227186013,0.024622416712887882,20,11,6,multi:softprob,0.6761291250011703,gpu_hist,COMPLETE
460,0.9615725,1.001538164766804,0.9334880748634723,mlogloss,9.995119149278061,0.014607286160677715,13,28,6,multi:softprob,0.7005453257629422,gpu_hist,COMPLETE
461,0.96217,4.357864960939451,0.9182977656032046,mlogloss,7.49591937734163,0.018165383204504608,20,20,6,multi:softprob,0.6325831294540261,gpu_hist,COMPLETE
462,0.96165875,3.7125604997365658,0.5762836047666321,mlogloss,4.336929280333771,0.021169071383878045,20,37,6,multi:softprob,0.6203013628137686,gpu_hist,COMPLETE
463,0.962025,6.623276773565038,0.9214033078120258,mlogloss,5.591690521660657,0.020311850698163134,20,32,6,multi:softprob,0.6130301702480396,gpu_hist,COMPLETE
464,0.96189625,0.24710111171752605,0.9490084637291584,mlogloss,6.403333284373527,0.018589481396777525,20,23,6,multi:softprob,0.6330349774624645,gpu_hist,COMPLETE
465,0.96197875,6.351676835631117,0.9680513951508718,mlogloss,7.439802746012817,0.01815557550592097,20,20,6,multi:softprob,0.5908487102993485,gpu_hist,COMPLETE
466,0.93934625,2.805432390450248,0.9349129320643766,mlogloss,7.612692240656801,0.016922644535927372,3,20,6,multi:softprob,0.6288644348438296,gpu_hist,COMPLETE
467,0.962005,0.00944100223407466,0.9158378236798802,mlogloss,0.05488134726507506,0.02312244746585573,20,31,6,multi:softprob,0.6066822631502421,gpu_hist,COMPLETE
468,0.96114875,0.00445040663489266,0.9872682316394163,mlogloss,6.1012009944367716,0.019459212269194906,9,10,6,multi:softprob,0.6381876144999465,gpu_hist,COMPLETE
469,0.96193375,4.091128587876048,0.888908088243963,mlogloss,5.091053144553794,0.013054763235600017,20,26,6,multi:softprob,0.6656585856374108,gpu_hist,COMPLETE
470,0.96202875,5.549473025925608,0.9045517352994951,mlogloss,0.0943903375403656,0.016122469931629222,20,17,6,multi:softprob,0.6459644377573353,gpu_hist,COMPLETE
471,0.96190125,0.0059155545222559155,0.9345426070044186,mlogloss,8.325268499613893,0.010110939994128468,20,6,6,multi:softprob,0.6181376206093548,gpu_hist,COMPLETE
472,0.96196,0.16733815322731138,0.9570321858566466,mlogloss,4.080157721830922,0.017902673008890525,20,14,6,multi:softprob,0.6873575294222851,gpu_hist,COMPLETE
473,0.96195125,1.029533852211572,0.9180066886305696,mlogloss,0.5851988776934927,0.021005457185755402,20,24,6,multi:softprob,0.6564381574273072,gpu_hist,COMPLETE
474,0.962035,2.040464207733988,0.8851497560165617,mlogloss,6.7426144858180255,0.014990312127296982,20,19,6,multi:softprob,0.6730019143260194,gpu_hist,COMPLETE
475,0.9565325,0.0025149345057566496,0.898040383300485,mlogloss,8.205747287958102,0.011733531745868364,7,10,6,multi:softprob,0.6340331263098544,gpu_hist,COMPLETE
476,0.962,4.431827799663968,0.9445372449333835,mlogloss,6.066202442179392,0.016688698729703844,20,16,6,multi:softprob,0.6487505567042245,gpu_hist,COMPLETE
477,0.9619775,8.65659878010916,0.977949077674874,mlogloss,0.1442726359655864,0.019244103251480366,20,29,6,multi:softprob,0.6981951418156206,gpu_hist,COMPLETE
478,0.961995,0.020535959259826996,0.9128170995618918,mlogloss,8.282680460079135,0.01439485061177141,20,5,6,multi:softprob,0.6818521976087841,gpu_hist,COMPLETE
479,0.9511075,1.4530540197930137,0.9259655821281659,mlogloss,7.495612379198045,0.013617236563806787,5,11,6,multi:softprob,0.6001465321424134,gpu_hist,COMPLETE
480,0.96210625,1.3408580929137819,0.960973249023167,mlogloss,8.473250386165,0.017513914466082227,20,21,6,multi:softprob,0.6625693525464661,gpu_hist,COMPLETE
481,0.9619125,0.6992804888269323,0.9993674122696651,mlogloss,9.942148043766233,0.01569479231713559,20,41,6,multi:softprob,0.6659453507263087,gpu_hist,COMPLETE
482,0.96185875,3.4036756964449513,0.962704334260101,mlogloss,6.450595536492977,0.012870962243354007,20,25,6,multi:softprob,0.6741186685692305,gpu_hist,COMPLETE
483,0.96193625,7.612018507813007,0.9802562294224249,mlogloss,5.540598131185425,0.017517074889894475,20,34,6,multi:softprob,0.6911416974292822,gpu_hist,COMPLETE
484,0.962,0.4728468392633063,0.9672244555483168,mlogloss,8.590759844763934,0.02020764296646659,20,21,6,multi:softprob,0.6614017553904994,gpu_hist,COMPLETE
485,0.96199,1.7842952991488665,0.9520783198082237,mlogloss,0.8482100280947713,0.024055829276449312,20,25,6,multi:softprob,0.6780454880753867,gpu_hist,COMPLETE
486,0.9619875,2.5773879546046974,0.9801692434445292,mlogloss,9.98837100811802,0.015746175409290915,20,19,6,multi:softprob,0.5797253972984681,gpu_hist,COMPLETE
487,0.96091,1.1479934399597378,0.8832285403579689,mlogloss,6.941482043636533,0.014266481130353904,11,29,6,multi:softprob,0.6562236549635866,gpu_hist,COMPLETE
488,0.9617875,9.596227479245597,0.9654461459022193,mlogloss,0.01674856521515224,0.011327637552821667,20,16,6,multi:softprob,0.6271321009965172,gpu_hist,COMPLETE
489,0.96205125,1.4530048957459896,0.8996272279244075,mlogloss,3.2374860087458983,0.01850883599569686,17,10,6,multi:softprob,0.6662397291148768,gpu_hist,COMPLETE
490,0.96177,0.7854851888044734,0.9903739446354836,mlogloss,4.847013819236009,0.016762759851128524,20,1,6,multi:softprob,0.6373342775948354,gpu_hist,COMPLETE
491,0.95718875,1.2362588429387695,0.9392639659104967,mlogloss,8.496963098977321,0.0026491751203460787,20,22,6,multi:softprob,0.7071918244851946,gpu_hist,COMPLETE
492,0.96176875,5.138614264307375,0.9472706315750803,mlogloss,7.333313274196153,0.02214514954151889,13,34,6,multi:softprob,0.6837299190542454,gpu_hist,COMPLETE
493,0.96205375,0.007770730571861219,0.9108660480998709,mlogloss,5.917901242451162,0.012746166132891942,20,15,6,multi:softprob,0.6128457799012135,gpu_hist,COMPLETE
494,0.9609975,0.006322680283838027,0.5012878620028031,mlogloss,9.990154264450684,0.015207393709475268,20,7,6,multi:softprob,0.6555430145033208,gpu_hist,COMPLETE
495,0.96201625,2.2188366749716057,0.8944036502971904,mlogloss,7.363179405411142,0.019568401902327837,20,20,6,multi:softprob,0.6420082032684109,gpu_hist,COMPLETE
496,0.96201875,0.0035417158345703616,0.9561345843031186,mlogloss,8.454104008839609,0.01661042127532934,20,27,6,multi:softprob,0.6725176707993281,gpu_hist,COMPLETE
497,0.96204125,0.014661089729338645,0.8812570746721397,mlogloss,4.8457040662438065,0.013967694138080768,20,14,6,multi:softprob,0.6228737321565462,gpu_hist,COMPLETE
498,0.93135125,0.9243592187659277,0.32228792194023287,mlogloss,6.635208296924459,0.01882481094201635,3,21,6,multi:softprob,0.6965664734443229,gpu_hist,COMPLETE
499,0.961875,0.48657760865603067,0.9256913661363789,mlogloss,0.08369403921838987,0.012212661064370533,20,9,6,multi:softprob,0.6505452756648487,gpu_hist,COMPLETE
500,0.961265,0.00533269046216174,0.9094502746946718,mlogloss,8.64174332218297,0.09871539418967594,20,15,6,multi:softprob,0.6837236722501996,gpu_hist,COMPLETE
501,0.96198375,0.2798738251015359,0.9786866242045502,mlogloss,3.849977766645961,0.015299594384807656,20,5,6,multi:softprob,0.5066338331649216,gpu_hist,COMPLETE
502,0.9529875,0.36138620732434207,0.938390366107066,mlogloss,9.994314404087241,0.0012366912433549068,20,31,6,multi:softprob,0.6681179438657624,gpu_hist,COMPLETE
503,0.9607675,0.0030967392347741205,0.9663648162890187,mlogloss,7.3014969810309935,0.0175271306556386,9,24,6,multi:softprob,0.637768581092342,gpu_hist,COMPLETE
504,0.9620825,0.010811042138596605,0.9007395199270433,mlogloss,5.6786984170089525,0.02155813452519322,20,17,6,multi:softprob,0.406765396288501,gpu_hist,COMPLETE
505,0.96189375,0.0019954255231479003,0.9213212345229943,mlogloss,8.403481473979847,0.02613297220824102,20,10,6,multi:softprob,0.6569522606541381,gpu_hist,COMPLETE
506,0.961815,0.016062570552143447,0.9896298794979285,mlogloss,6.231354784701934,0.013728507388426365,20,37,6,multi:softprob,0.5938593971302959,gpu_hist,COMPLETE
507,0.96045875,0.19279054329753206,0.9995132720465689,mlogloss,7.429877936708963,0.004869422087155984,20,1,6,multi:softprob,0.6215134021072268,gpu_hist,COMPLETE
508,0.95801375,0.013375817797037105,0.8798472793469642,mlogloss,8.502060635958815,0.016753458692704292,7,114,6,multi:softprob,0.6433994620735761,gpu_hist,COMPLETE
509,0.96210375,0.017630967848274105,0.9482531507355134,mlogloss,5.136576124016958,0.015126666516316724,20,20,6,multi:softprob,0.6736760443307251,gpu_hist,COMPLETE
510,0.96202875,0.017736088233403117,0.9351280812230558,mlogloss,4.399515416219762,0.015537004557995168,20,25,6,multi:softprob,0.6061647666123231,gpu_hist,COMPLETE
511,0.95414875,0.01830492015008386,0.9137240689805998,mlogloss,3.5008948688798847,0.01821559707025423,5,12,6,multi:softprob,0.6615450137617558,gpu_hist,COMPLETE
512,0.96156,0.011956498141337708,0.895527743057168,mlogloss,5.104538669968127,0.020610435880794732,20,152,6,multi:softprob,0.6937074572844699,gpu_hist,COMPLETE
513,0.96205375,0.020910293662123516,0.9258464890425446,mlogloss,5.315417817822473,0.01644335028647161,20,21,6,multi:softprob,0.627368868059917,gpu_hist,COMPLETE
514,0.95974375,0.015816017138790373,0.9511906086566735,mlogloss,5.839459010470663,0.015057097412905762,11,190,6,multi:softprob,0.6487103895186738,gpu_hist,COMPLETE
515,0.96141125,0.013619629835896518,0.9084412871380081,mlogloss,4.712440725623862,0.018424939363998086,20,170,6,multi:softprob,0.6647948294351462,gpu_hist,COMPLETE
516,0.96198375,0.008666310767018784,0.8909549798874726,mlogloss,6.729755430591897,0.017010955797486807,20,30,6,multi:softprob,0.6357274323817594,gpu_hist,COMPLETE
517,0.9620725,0.022168673941056115,0.9371010505212293,mlogloss,4.379464614783249,0.019811525466015216,17,15,6,multi:softprob,0.441939955435811,gpu_hist,COMPLETE
518,0.96192,0.01757735252998403,0.9172718876162266,mlogloss,7.008657699252596,0.014875114441494,20,6,6,multi:softprob,0.6781415781597524,gpu_hist,COMPLETE
519,0.96208125,0.020337591971987957,0.8786786278027983,mlogloss,9.9420975023327,0.017463513902055666,20,23,6,multi:softprob,0.6527221408858158,gpu_hist,COMPLETE
520,0.96199125,3.3042961964759643,0.9484152051511087,mlogloss,8.416540248981237,0.022047841914907926,20,9,6,multi:softprob,0.7137028702164141,gpu_hist,COMPLETE
521,0.96166125,0.010894686167048803,0.9029992995605999,mlogloss,6.099196972720966,0.014314783208171396,13,18,6,multi:softprob,0.6156799723808527,gpu_hist,COMPLETE
522,0.96208375,0.014883227123206897,0.9299473059655952,mlogloss,7.328371173511422,0.016038483650563606,20,13,6,multi:softprob,0.6896374081612651,gpu_hist,COMPLETE
523,0.961975,0.023433443090226453,0.9713439119445232,mlogloss,8.485922645944019,0.019171312718806004,20,31,6,multi:softprob,0.6700301805257655,gpu_hist,COMPLETE
524,0.96199,0.01787293452126045,0.8943180809140022,mlogloss,3.9639052376859993,0.013918249757516677,20,24,6,multi:softprob,0.6349993388609211,gpu_hist,COMPLETE
525,0.96209625,0.568440253387838,0.9223284973907387,mlogloss,9.971144334036085,0.024222747288035806,20,17,6,multi:softprob,0.6466331082499823,gpu_hist,COMPLETE
526,0.96180875,0.387393498912697,0.9449184692928545,mlogloss,9.830307486678736,0.025054110400063185,20,38,6,multi:softprob,0.6256956203716099,gpu_hist,COMPLETE
527,0.9621125,0.48687396679901485,0.9250597109121059,mlogloss,9.948419709787204,0.022857603466114,20,27,6,multi:softprob,0.6459638933337629,gpu_hist,COMPLETE
528,0.96205875,0.7581684710928194,0.9217818731014539,mlogloss,7.280390868519096,0.024918142971447524,20,28,6,multi:softprob,0.6470514427656684,gpu_hist,COMPLETE
529,0.93847875,0.6007257655167733,0.3017185279496838,mlogloss,8.567996989351967,0.027944517224551626,3,5,6,multi:softprob,0.6385277921958068,gpu_hist,COMPLETE
530,0.96195,0.5586908183086393,0.9574454429667728,mlogloss,9.972518176382481,0.025835576374290365,20,45,6,multi:softprob,0.6278748574786239,gpu_hist,COMPLETE
531,0.96198375,0.5409325820825049,0.9387015401565153,mlogloss,9.87524407613351,0.024267136906824884,20,34,6,multi:softprob,0.6161986183253751,gpu_hist,COMPLETE
532,0.96147875,0.58414901775375,0.924167917915858,mlogloss,8.197988674190292,0.02778576839496101,9,25,6,multi:softprob,0.6419250913415671,gpu_hist,COMPLETE
533,0.96123375,0.6829569382738012,0.9146425158859905,mlogloss,5.611315230601775,0.023538265711360463,20,211,6,multi:softprob,0.6047583418706308,gpu_hist,COMPLETE
534,0.9619525,0.4953913096268322,0.9346907360765438,mlogloss,6.650691575276644,0.023291170269468746,20,19,6,multi:softprob,0.6525999262435974,gpu_hist,COMPLETE
535,0.9619575,0.4612498058145475,0.910727387509501,mlogloss,5.246365775267734,0.021105246574358257,20,12,6,multi:softprob,0.6315918082760849,gpu_hist,COMPLETE
536,0.96129125,0.3818118417789449,0.8873537057057305,mlogloss,8.274695608244816,0.022362227702956844,20,234,6,multi:softprob,0.6475745466129921,gpu_hist,COMPLETE
537,0.96161,0.5634500590839272,0.9556343608100645,mlogloss,8.733492963129,0.02143888580780169,20,131,6,multi:softprob,0.6210730473307081,gpu_hist,COMPLETE
538,0.96177125,0.748637191966396,0.9671807318470768,mlogloss,7.38950974108397,0.07992754608805452,7,28,6,multi:softprob,0.5886093886083964,gpu_hist,COMPLETE
