Start optimization.
start listen on 10.110.42.38:9091
@tracker All of 4 nodes getting started
@tracker All nodes finishes job
@tracker 132.3332016468048 secs between node start and job finish
Trial 6 finished with value: 0.9523825 and parameters: {'objective': 'multi:softprob', 'num_class': 6, 'tree_method': 'gpu_hist', 'lambda': 0.21488753719154827, 'alpha': 7.648252886413821, 'colsample_bytree': 0.6798006593235558, 'subsample': 0.547383918211221, 'learning_rate': 0.0030299669979780377, 'max_depth': 13, 'min_child_weight': 218, 'eval_metric': 'mlogloss'}. Best is trial 4 with value: 0.96216375.
start listen on 10.110.42.38:9091
@tracker All of 4 nodes getting started
@tracker All nodes finishes job
@tracker 180.17519688606262 secs between node start and job finish
Trial 7 finished with value: 0.93546625 and parameters: {'objective': 'multi:softprob', 'num_class': 6, 'tree_method': 'gpu_hist', 'lambda': 0.002212750934155235, 'alpha': 0.01824681602132818, 'colsample_bytree': 0.48879560058039073, 'subsample': 0.7316800952475286, 'learning_rate': 0.0018177208828577358, 'max_depth': 11, 'min_child_weight': 295, 'eval_metric': 'mlogloss'}. Best is trial 4 with value: 0.96216375.
start listen on 10.110.42.38:9091
@tracker All of 4 nodes getting started
@tracker All nodes finishes job
@tracker 259.3674063682556 secs between node start and job finish
Trial 8 finished with value: 0.9547075 and parameters: {'objective': 'multi:softprob', 'num_class': 6, 'tree_method': 'gpu_hist', 'lambda': 0.006190767516369922, 'alpha': 0.3500907152060655, 'colsample_bytree': 0.927752000694315, 'subsample': 0.4678577225376468, 'learning_rate': 0.001053069436382925, 'max_depth': 11, 'min_child_weight': 55, 'eval_metric': 'mlogloss'}. Best is trial 4 with value: 0.96216375.
start listen on 10.110.42.38:9091
@tracker All of 4 nodes getting started
@tracker All nodes finishes job
@tracker 79.85046482086182 secs between node start and job finish
Trial 9 finished with value: 0.94985875 and parameters: {'objective': 'multi:softprob', 'num_class': 6, 'tree_method': 'gpu_hist', 'lambda': 9.776712255912368, 'alpha': 2.4189520013131225, 'colsample_bytree': 0.41820008467662545, 'subsample': 0.8045023034772735, 'learning_rate': 0.0068840387424061655, 'max_depth': 9, 'min_child_weight': 251, 'eval_metric': 'mlogloss'}. Best is trial 4 with value: 0.96216375.
start listen on 10.110.42.38:9091
@tracker All of 4 nodes getting started
@tracker All nodes finishes job
@tracker 143.68306469917297 secs between node start and job finish
Trial 10 finished with value: 0.96195 and parameters: {'objective': 'multi:softprob', 'num_class': 6, 'tree_method': 'gpu_hist', 'lambda': 0.045772346967534405, 'alpha': 0.8598512532412769, 'colsample_bytree': 0.7652770328555214, 'subsample': 0.6228704595836465, 'learning_rate': 0.08620207617492964, 'max_depth': 17, 'min_child_weight': 138, 'eval_metric': 'mlogloss'}. Best is trial 4 with value: 0.96216375.
start listen on 10.110.42.38:9091
@tracker All of 4 nodes getting started
@tracker All nodes finishes job
@tracker 137.2181212902069 secs between node start and job finish
Trial 11 finished with value: 0.96182625 and parameters: {'objective': 'multi:softprob', 'num_class': 6, 'tree_method': 'gpu_hist', 'lambda': 0.04159775414560076, 'alpha': 0.8984600343712379, 'colsample_bytree': 0.7572169412517885, 'subsample': 0.619532316245303, 'learning_rate': 0.0965113126865357, 'max_depth': 17, 'min_child_weight': 147, 'eval_metric': 'mlogloss'}. Best is trial 4 with value: 0.96216375.
start listen on 10.110.42.38:9091
@tracker All of 4 nodes getting started
@tracker All nodes finishes job
@tracker 217.529456615448 secs between node start and job finish
Trial 12 finished with value: 0.9623475 and parameters: {'objective': 'multi:softprob', 'num_class': 6, 'tree_method': 'gpu_hist', 'lambda': 0.05395112554928704, 'alpha': 1.3756191877633317, 'colsample_bytree': 0.7583073806406586, 'subsample': 0.653069645128839, 'learning_rate': 0.03245517634860479, 'max_depth': 20, 'min_child_weight': 149, 'eval_metric': 'mlogloss'}. Best is trial 12 with value: 0.9623475.
start listen on 10.110.42.38:9091
@tracker All of 4 nodes getting started
@tracker All nodes finishes job
@tracker 208.48637676239014 secs between node start and job finish
Trial 13 finished with value: 0.9623175 and parameters: {'objective': 'multi:softprob', 'num_class': 6, 'tree_method': 'gpu_hist', 'lambda': 1.3671358626382926, 'alpha': 8.11858474886276, 'colsample_bytree': 0.593669589932198, 'subsample': 0.831208958014827, 'learning_rate': 0.02600190035162293, 'max_depth': 20, 'min_child_weight': 185, 'eval_metric': 'mlogloss'}. Best is trial 12 with value: 0.9623475.
start listen on 10.110.42.38:9091
@tracker All of 4 nodes getting started
@tracker All nodes finishes job
@tracker 263.99127650260925 secs between node start and job finish
Trial 14 finished with value: 0.96246 and parameters: {'objective': 'multi:softprob', 'num_class': 6, 'tree_method': 'gpu_hist', 'lambda': 2.25520218149723, 'alpha': 9.929204962891385, 'colsample_bytree': 0.5826178696939358, 'subsample': 0.8714168829356719, 'learning_rate': 0.022858756860955353, 'max_depth': 20, 'min_child_weight': 112, 'eval_metric': 'mlogloss'}. Best is trial 14 with value: 0.96246.
start listen on 10.110.42.38:9091
@tracker All of 4 nodes getting started
@tracker All nodes finishes job
@tracker 54.16797614097595 secs between node start and job finish
Trial 15 finished with value: 0.95982875 and parameters: {'objective': 'multi:softprob', 'num_class': 6, 'tree_method': 'gpu_hist', 'lambda': 2.876541463655413, 'alpha': 3.0905479098231536, 'colsample_bytree': 0.597585102418357, 'subsample': 0.9622611024342433, 'learning_rate': 0.01413636365053916, 'max_depth': 7, 'min_child_weight': 104, 'eval_metric': 'mlogloss'}. Best is trial 14 with value: 0.96246.
start listen on 10.110.42.38:9091
@tracker All of 4 nodes getting started
@tracker All nodes finishes job
@tracker 173.25149059295654 secs between node start and job finish
Trial 16 finished with value: 0.96246875 and parameters: {'objective': 'multi:softprob', 'num_class': 6, 'tree_method': 'gpu_hist', 'lambda': 0.08519207058413045, 'alpha': 9.812141325979418, 'colsample_bytree': 0.7521070944296335, 'subsample': 0.8724329491136964, 'learning_rate': 0.025312091620453787, 'max_depth': 15, 'min_child_weight': 116, 'eval_metric': 'mlogloss'}. Best is trial 16 with value: 0.96246875.
start listen on 10.110.42.38:9091
@tracker All of 4 nodes getting started
@tracker All nodes finishes job
@tracker 192.76262784004211 secs between node start and job finish
Trial 17 finished with value: 0.96237 and parameters: {'objective': 'multi:softprob', 'num_class': 6, 'tree_method': 'gpu_hist', 'lambda': 0.18458782999368423, 'alpha': 9.502835026211837, 'colsample_bytree': 0.6463488681869857, 'subsample': 0.8837070693971906, 'learning_rate': 0.018387120064903107, 'max_depth': 15, 'min_child_weight': 108, 'eval_metric': 'mlogloss'}. Best is trial 16 with value: 0.96246875.
start listen on 10.110.42.38:9091
@tracker All of 4 nodes getting started
@tracker All nodes finishes job
@tracker 396.84107756614685 secs between node start and job finish
Trial 18 finished with value: 0.9606775 and parameters: {'objective': 'multi:softprob', 'num_class': 6, 'tree_method': 'gpu_hist', 'lambda': 0.012827520133615454, 'alpha': 0.3716652450726449, 'colsample_bytree': 0.5296820556124532, 'subsample': 0.8860806203499266, 'learning_rate': 0.009192248125121798, 'max_depth': 15, 'min_child_weight': 103, 'eval_metric': 'mlogloss'}. Best is trial 16 with value: 0.96246875.
start listen on 10.110.42.38:9091
@tracker All of 4 nodes getting started
@tracker All nodes finishes job
@tracker 133.8180069923401 secs between node start and job finish
Trial 19 finished with value: 0.9623425 and parameters: {'objective': 'multi:softprob', 'num_class': 6, 'tree_method': 'gpu_hist', 'lambda': 2.936568455330113, 'alpha': 3.740556642032105, 'colsample_bytree': 0.8316395385110003, 'subsample': 0.9936361272911489, 'learning_rate': 0.051731769327192846, 'max_depth': 15, 'min_child_weight': 176, 'eval_metric': 'mlogloss'}. Best is trial 16 with value: 0.96246875.
start listen on 10.110.42.38:9091
@tracker All of 4 nodes getting started
@tracker All nodes finishes job
@tracker 36.28237962722778 secs between node start and job finish
Trial 20 finished with value: 0.9437925 and parameters: {'objective': 'multi:softprob', 'num_class': 6, 'tree_method': 'gpu_hist', 'lambda': 0.0011467577051192416, 'alpha': 0.00143529442346126, 'colsample_bytree': 0.9877570182988132, 'subsample': 0.7974172022362307, 'learning_rate': 0.004837031350925312, 'max_depth': 5, 'min_child_weight': 113, 'eval_metric': 'mlogloss'}. Best is trial 16 with value: 0.96246875.
start listen on 10.110.42.38:9091
@tracker All of 4 nodes getting started
@tracker All nodes finishes job
@tracker 216.18468475341797 secs between node start and job finish
Trial 21 finished with value: 0.96247 and parameters: {'objective': 'multi:softprob', 'num_class': 6, 'tree_method': 'gpu_hist', 'lambda': 0.13939672279491874, 'alpha': 6.497122170402782, 'colsample_bytree': 0.68078044616972, 'subsample': 0.8905209950037389, 'learning_rate': 0.0199998731891433, 'max_depth': 15, 'min_child_weight': 94, 'eval_metric': 'mlogloss'}. Best is trial 21 with value: 0.96247.
start listen on 10.110.42.38:9091
@tracker All of 4 nodes getting started
@tracker All nodes finishes job
@tracker 261.4250919818878 secs between node start and job finish
Trial 22 finished with value: 0.9625375 and parameters: {'objective': 'multi:softprob', 'num_class': 6, 'tree_method': 'gpu_hist', 'lambda': 0.10493460882156214, 'alpha': 4.3722778048381805, 'colsample_bytree': 0.6848535822600615, 'subsample': 0.9021526516059742, 'learning_rate': 0.020106011605549916, 'max_depth': 15, 'min_child_weight': 72, 'eval_metric': 'mlogloss'}. Best is trial 22 with value: 0.9625375.
start listen on 10.110.42.38:9091
@tracker All of 4 nodes getting started
@tracker All nodes finishes job
@tracker 282.3772859573364 secs between node start and job finish
Trial 23 finished with value: 0.96224375 and parameters: {'objective': 'multi:softprob', 'num_class': 6, 'tree_method': 'gpu_hist', 'lambda': 0.07824075260150279, 'alpha': 3.02061397946819, 'colsample_bytree': 0.7004346185234495, 'subsample': 0.8809209286501072, 'learning_rate': 0.012618666109482686, 'max_depth': 15, 'min_child_weight': 85, 'eval_metric': 'mlogloss'}. Best is trial 22 with value: 0.9625375.
start listen on 10.110.42.38:9091
@tracker All of 4 nodes getting started
@tracker All nodes finishes job
@tracker 402.08214354515076 secs between node start and job finish
Trial 24 finished with value: 0.9622875 and parameters: {'objective': 'multi:softprob', 'num_class': 6, 'tree_method': 'gpu_hist', 'lambda': 0.021679587400783327, 'alpha': 4.509609020236883, 'colsample_bytree': 0.707396400800464, 'subsample': 0.9323735543425267, 'learning_rate': 0.04777501167856011, 'max_depth': 15, 'min_child_weight': 25, 'eval_metric': 'mlogloss'}. Best is trial 22 with value: 0.9625375.
start listen on 10.110.42.38:9091
@tracker All of 4 nodes getting started
@tracker All nodes finishes job
@tracker 444.68896770477295 secs between node start and job finish
Trial 25 finished with value: 0.96233625 and parameters: {'objective': 'multi:softprob', 'num_class': 6, 'tree_method': 'gpu_hist', 'lambda': 0.16426671971427198, 'alpha': 0.47318510312902823, 'colsample_bytree': 0.7902856506550197, 'subsample': 0.7640405998174091, 'learning_rate': 0.010137367725448791, 'max_depth': 15, 'min_child_weight': 47, 'eval_metric': 'mlogloss'}. Best is trial 22 with value: 0.9625375.
start listen on 10.110.42.38:9091
@tracker All of 4 nodes getting started
@tracker All nodes finishes job
@tracker 236.51421809196472 secs between node start and job finish
Trial 26 finished with value: 0.96255375 and parameters: {'objective': 'multi:softprob', 'num_class': 6, 'tree_method': 'gpu_hist', 'lambda': 0.32651069112241726, 'alpha': 1.725561584524143, 'colsample_bytree': 0.8199702953335675, 'subsample': 0.9247919995621897, 'learning_rate': 0.023810980121767817, 'max_depth': 15, 'min_child_weight': 81, 'eval_metric': 'mlogloss'}. Best is trial 26 with value: 0.96255375.
start listen on 10.110.42.38:9091
@tracker All of 4 nodes getting started
@tracker All nodes finishes job
@tracker 55.31885004043579 secs between node start and job finish
Trial 27 finished with value: 0.96126375 and parameters: {'objective': 'multi:softprob', 'num_class': 6, 'tree_method': 'gpu_hist', 'lambda': 0.36436655172299637, 'alpha': 0.16478140346263567, 'colsample_bytree': 0.8414252117201783, 'subsample': 0.9371530318844862, 'learning_rate': 0.019077094747647832, 'max_depth': 7, 'min_child_weight': 78, 'eval_metric': 'mlogloss'}. Best is trial 26 with value: 0.96255375.
start listen on 10.110.42.38:9091
@tracker All of 4 nodes getting started
@tracker All nodes finishes job
@tracker 173.33109188079834 secs between node start and job finish
Trial 28 finished with value: 0.96268125 and parameters: {'objective': 'multi:softprob', 'num_class': 6, 'tree_method': 'gpu_hist', 'lambda': 0.4288232862462681, 'alpha': 1.6812458676903157, 'colsample_bytree': 0.6443386953740721, 'subsample': 0.8300816421109589, 'learning_rate': 0.03532145567495052, 'max_depth': 13, 'min_child_weight': 86, 'eval_metric': 'mlogloss'}. Best is trial 28 with value: 0.96268125.
start listen on 10.110.42.38:9091
@tracker All of 4 nodes getting started
@tracker All nodes finishes job
@tracker 507.2327857017517 secs between node start and job finish
Trial 29 finished with value: 0.96204375 and parameters: {'objective': 'multi:softprob', 'num_class': 6, 'tree_method': 'gpu_hist', 'lambda': 0.6805097072762771, 'alpha': 0.14010036939085296, 'colsample_bytree': 0.6245781357969777, 'subsample': 0.8228409406804197, 'learning_rate': 0.0705625607338612, 'max_depth': 13, 'min_child_weight': 4, 'eval_metric': 'mlogloss'}. Best is trial 28 with value: 0.96268125.
start listen on 10.110.42.38:9091
@tracker All of 4 nodes getting started
@tracker All nodes finishes job
@tracker 193.39734625816345 secs between node start and job finish
Trial 30 finished with value: 0.96257875 and parameters: {'objective': 'multi:softprob', 'num_class': 6, 'tree_method': 'gpu_hist', 'lambda': 0.3823460770507901, 'alpha': 1.7216839209790258, 'colsample_bytree': 0.5334129012290341, 'subsample': 0.7018143041540793, 'learning_rate': 0.037388166197361135, 'max_depth': 13, 'min_child_weight': 64, 'eval_metric': 'mlogloss'}. Best is trial 28 with value: 0.96268125.
start listen on 10.110.42.38:9091
@tracker All of 4 nodes getting started
@tracker All nodes finishes job
@tracker 192.3527865409851 secs between node start and job finish
Trial 31 finished with value: 0.96253625 and parameters: {'objective': 'multi:softprob', 'num_class': 6, 'tree_method': 'gpu_hist', 'lambda': 0.49771428702902953, 'alpha': 1.657026862988911, 'colsample_bytree': 0.5468207930618116, 'subsample': 0.7063136282099584, 'learning_rate': 0.03401953430145927, 'max_depth': 13, 'min_child_weight': 67, 'eval_metric': 'mlogloss'}. Best is trial 28 with value: 0.96268125.
start listen on 10.110.42.38:9091
@tracker All of 4 nodes getting started
@tracker All nodes finishes job
@tracker 229.23859095573425 secs between node start and job finish
Trial 32 finished with value: 0.96238875 and parameters: {'objective': 'multi:softprob', 'num_class': 6, 'tree_method': 'gpu_hist', 'lambda': 1.3569231738228964, 'alpha': 0.8588835424616182, 'colsample_bytree': 0.5272053729995918, 'subsample': 0.7609415598356, 'learning_rate': 0.06550286819997114, 'max_depth': 13, 'min_child_weight': 36, 'eval_metric': 'mlogloss'}. Best is trial 28 with value: 0.96268125.
start listen on 10.110.42.38:9091
@tracker All of 4 nodes getting started
@tracker All nodes finishes job
@tracker 222.90380883216858 secs between node start and job finish
Trial 33 finished with value: 0.96246125 and parameters: {'objective': 'multi:softprob', 'num_class': 6, 'tree_method': 'gpu_hist', 'lambda': 0.2911481601680846, 'alpha': 0.5391684459023499, 'colsample_bytree': 0.4732037962712611, 'subsample': 0.9303599690226746, 'learning_rate': 0.03574750434123819, 'max_depth': 13, 'min_child_weight': 72, 'eval_metric': 'mlogloss'}. Best is trial 28 with value: 0.96268125.
start listen on 10.110.42.38:9091
@tracker All of 4 nodes getting started
@tracker All nodes finishes job
@tracker 21.271145820617676 secs between node start and job finish
Trial 34 finished with value: 0.95257125 and parameters: {'objective': 'multi:softprob', 'num_class': 6, 'tree_method': 'gpu_hist', 'lambda': 0.1118803320687326, 'alpha': 2.0067618014494624, 'colsample_bytree': 0.3755046448005798, 'subsample': 0.4227028297556768, 'learning_rate': 0.051378530807222954, 'max_depth': 3, 'min_child_weight': 127, 'eval_metric': 'mlogloss'}. Best is trial 28 with value: 0.96268125.
start listen on 10.110.42.38:9091
@tracker All of 4 nodes getting started
@tracker All nodes finishes job
@tracker 214.14111137390137 secs between node start and job finish
Trial 35 finished with value: 0.96256625 and parameters: {'objective': 'multi:softprob', 'num_class': 6, 'tree_method': 'gpu_hist', 'lambda': 0.4479614602922117, 'alpha': 0.05688906780356337, 'colsample_bytree': 0.8109031491999242, 'subsample': 0.6714521754286391, 'learning_rate': 0.025775120844761787, 'max_depth': 13, 'min_child_weight': 46, 'eval_metric': 'mlogloss'}. Best is trial 28 with value: 0.96268125.
start listen on 10.110.42.38:9091
@tracker All of 4 nodes getting started
@tracker All nodes finishes job
@tracker 246.75421977043152 secs between node start and job finish
Trial 36 finished with value: 0.96238375 and parameters: {'objective': 'multi:softprob', 'num_class': 6, 'tree_method': 'gpu_hist', 'lambda': 5.032887907963223, 'alpha': 0.05758549759094647, 'colsample_bytree': 0.8754525687574339, 'subsample': 0.6787084620633829, 'learning_rate': 0.044691810903196155, 'max_depth': 13, 'min_child_weight': 22, 'eval_metric': 'mlogloss'}. Best is trial 28 with value: 0.96268125.
start listen on 10.110.42.38:9091
@tracker All of 4 nodes getting started
@tracker All nodes finishes job
@tracker 180.2327597141266 secs between node start and job finish
Trial 37 finished with value: 0.96243375 and parameters: {'objective': 'multi:softprob', 'num_class': 6, 'tree_method': 'gpu_hist', 'lambda': 0.45925998962056797, 'alpha': 0.018635549428756247, 'colsample_bytree': 0.9848156131832891, 'subsample': 0.5437680145466417, 'learning_rate': 0.027465154766136538, 'max_depth': 13, 'min_child_weight': 50, 'eval_metric': 'mlogloss'}. Best is trial 28 with value: 0.96268125.
start listen on 10.110.42.38:9091
@tracker All of 4 nodes getting started
@tracker All nodes finishes job
@tracker 176.1693913936615 secs between node start and job finish
Trial 38 finished with value: 0.9619025 and parameters: {'objective': 'multi:softprob', 'num_class': 6, 'tree_method': 'gpu_hist', 'lambda': 1.1020331179044454, 'alpha': 0.004638455686742088, 'colsample_bytree': 0.8894506755553042, 'subsample': 0.5127636332799752, 'learning_rate': 0.06569366085542759, 'max_depth': 13, 'min_child_weight': 35, 'eval_metric': 'mlogloss'}. Best is trial 28 with value: 0.96268125.
start listen on 10.110.42.38:9091
@tracker All of 4 nodes getting started
@tracker All nodes finishes job
@tracker 34.28555464744568 secs between node start and job finish
Trial 39 finished with value: 0.954775 and parameters: {'objective': 'multi:softprob', 'num_class': 6, 'tree_method': 'gpu_hist', 'lambda': 0.26106645778174153, 'alpha': 0.22468508853288052, 'colsample_bytree': 0.794007319376001, 'subsample': 0.7022601167165732, 'learning_rate': 0.012007686408634059, 'max_depth': 5, 'min_child_weight': 16, 'eval_metric': 'mlogloss'}. Best is trial 28 with value: 0.96268125.
start listen on 10.110.42.38:9091
@tracker All of 4 nodes getting started
@tracker All nodes finishes job
@tracker 140.17983078956604 secs between node start and job finish
Trial 40 finished with value: 0.9623625 and parameters: {'objective': 'multi:softprob', 'num_class': 6, 'tree_method': 'gpu_hist', 'lambda': 0.652341622288608, 'alpha': 0.06195041117809953, 'colsample_bytree': 0.8269244054641606, 'subsample': 0.6650931173540303, 'learning_rate': 0.04163636097365248, 'max_depth': 13, 'min_child_weight': 89, 'eval_metric': 'mlogloss'}. Best is trial 28 with value: 0.96268125.
start listen on 10.110.42.38:9091
@tracker All of 4 nodes getting started
@tracker All nodes finishes job
@tracker 109.03980922698975 secs between node start and job finish
Trial 41 finished with value: 0.96210375 and parameters: {'objective': 'multi:softprob', 'num_class': 6, 'tree_method': 'gpu_hist', 'lambda': 0.3392617838745021, 'alpha': 0.03278825203515714, 'colsample_bytree': 0.7194985332802545, 'subsample': 0.9918472595182077, 'learning_rate': 0.01611480541583309, 'max_depth': 9, 'min_child_weight': 59, 'eval_metric': 'mlogloss'}. Best is trial 28 with value: 0.96268125.
start listen on 10.110.42.38:9091
@tracker All of 4 nodes getting started
@tracker All nodes finishes job
@tracker 133.465505361557 secs between node start and job finish
Trial 42 finished with value: 0.96254875 and parameters: {'objective': 'multi:softprob', 'num_class': 6, 'tree_method': 'gpu_hist', 'lambda': 0.2103480711447182, 'alpha': 5.023716068062334, 'colsample_bytree': 0.6495326934057686, 'subsample': 0.842694402936087, 'learning_rate': 0.029301021303326916, 'max_depth': 11, 'min_child_weight': 73, 'eval_metric': 'mlogloss'}. Best is trial 28 with value: 0.96268125.
start listen on 10.110.42.38:9091
@tracker All of 4 nodes getting started
@tracker All nodes finishes job
@tracker 160.21584272384644 secs between node start and job finish
